[2023-07-15T16:36:30.560+0000] {processor.py:157} INFO - Started process (PID=31) to work on /home/airflow/.local/lib/python3.7/site-packages/airflow/example_dags/example_branch_python_dop_operator_3.py
[2023-07-15T16:36:30.562+0000] {processor.py:826} INFO - Processing file /home/airflow/.local/lib/python3.7/site-packages/airflow/example_dags/example_branch_python_dop_operator_3.py for tasks to queue
[2023-07-15T16:36:30.564+0000] {logging_mixin.py:150} INFO - [2023-07-15T16:36:30.563+0000] {dagbag.py:541} INFO - Filling up the DagBag from /home/airflow/.local/lib/python3.7/site-packages/airflow/example_dags/example_branch_python_dop_operator_3.py
[2023-07-15T16:36:30.585+0000] {processor.py:836} INFO - DAG(s) dict_keys(['example_branch_dop_operator_v3']) retrieved from /home/airflow/.local/lib/python3.7/site-packages/airflow/example_dags/example_branch_python_dop_operator_3.py
[2023-07-15T16:36:30.616+0000] {logging_mixin.py:150} INFO - [2023-07-15T16:36:30.616+0000] {dag.py:2742} INFO - Sync 1 DAGs
[2023-07-15T16:36:30.649+0000] {logging_mixin.py:150} INFO - [2023-07-15T16:36:30.649+0000] {dag.py:3508} INFO - Setting next_dagrun for example_branch_dop_operator_v3 to 2023-07-15T16:35:00+00:00, run_after=2023-07-15T16:36:00+00:00
[2023-07-15T16:36:30.670+0000] {processor.py:179} INFO - Processing /home/airflow/.local/lib/python3.7/site-packages/airflow/example_dags/example_branch_python_dop_operator_3.py took 0.115 seconds
[2023-07-15T16:37:00.703+0000] {processor.py:157} INFO - Started process (PID=96) to work on /home/airflow/.local/lib/python3.7/site-packages/airflow/example_dags/example_branch_python_dop_operator_3.py
[2023-07-15T16:37:00.705+0000] {processor.py:826} INFO - Processing file /home/airflow/.local/lib/python3.7/site-packages/airflow/example_dags/example_branch_python_dop_operator_3.py for tasks to queue
[2023-07-15T16:37:00.706+0000] {logging_mixin.py:150} INFO - [2023-07-15T16:37:00.705+0000] {dagbag.py:541} INFO - Filling up the DagBag from /home/airflow/.local/lib/python3.7/site-packages/airflow/example_dags/example_branch_python_dop_operator_3.py
[2023-07-15T16:37:00.715+0000] {processor.py:836} INFO - DAG(s) dict_keys(['example_branch_dop_operator_v3']) retrieved from /home/airflow/.local/lib/python3.7/site-packages/airflow/example_dags/example_branch_python_dop_operator_3.py
[2023-07-15T16:37:00.747+0000] {logging_mixin.py:150} INFO - [2023-07-15T16:37:00.747+0000] {dag.py:2742} INFO - Sync 1 DAGs
[2023-07-15T16:37:00.778+0000] {logging_mixin.py:150} INFO - [2023-07-15T16:37:00.777+0000] {dag.py:3508} INFO - Setting next_dagrun for example_branch_dop_operator_v3 to 2023-07-15T16:36:00+00:00, run_after=2023-07-15T16:37:00+00:00
[2023-07-15T16:37:00.798+0000] {processor.py:179} INFO - Processing /home/airflow/.local/lib/python3.7/site-packages/airflow/example_dags/example_branch_python_dop_operator_3.py took 0.098 seconds
[2023-07-15T16:37:31.343+0000] {processor.py:157} INFO - Started process (PID=161) to work on /home/airflow/.local/lib/python3.7/site-packages/airflow/example_dags/example_branch_python_dop_operator_3.py
[2023-07-15T16:37:31.344+0000] {processor.py:826} INFO - Processing file /home/airflow/.local/lib/python3.7/site-packages/airflow/example_dags/example_branch_python_dop_operator_3.py for tasks to queue
[2023-07-15T16:37:31.345+0000] {logging_mixin.py:150} INFO - [2023-07-15T16:37:31.344+0000] {dagbag.py:541} INFO - Filling up the DagBag from /home/airflow/.local/lib/python3.7/site-packages/airflow/example_dags/example_branch_python_dop_operator_3.py
[2023-07-15T16:37:31.352+0000] {processor.py:836} INFO - DAG(s) dict_keys(['example_branch_dop_operator_v3']) retrieved from /home/airflow/.local/lib/python3.7/site-packages/airflow/example_dags/example_branch_python_dop_operator_3.py
[2023-07-15T16:37:31.375+0000] {logging_mixin.py:150} INFO - [2023-07-15T16:37:31.375+0000] {dag.py:2742} INFO - Sync 1 DAGs
[2023-07-15T16:37:31.403+0000] {logging_mixin.py:150} INFO - [2023-07-15T16:37:31.403+0000] {dag.py:3508} INFO - Setting next_dagrun for example_branch_dop_operator_v3 to 2023-07-15T16:36:00+00:00, run_after=2023-07-15T16:37:00+00:00
[2023-07-15T16:37:31.421+0000] {processor.py:179} INFO - Processing /home/airflow/.local/lib/python3.7/site-packages/airflow/example_dags/example_branch_python_dop_operator_3.py took 0.081 seconds
