[2023-07-15T16:36:32.371+0000] {processor.py:157} INFO - Started process (PID=59) to work on /home/airflow/.local/lib/python3.7/site-packages/airflow/example_dags/example_task_group_decorator.py
[2023-07-15T16:36:32.372+0000] {processor.py:826} INFO - Processing file /home/airflow/.local/lib/python3.7/site-packages/airflow/example_dags/example_task_group_decorator.py for tasks to queue
[2023-07-15T16:36:32.373+0000] {logging_mixin.py:150} INFO - [2023-07-15T16:36:32.373+0000] {dagbag.py:541} INFO - Filling up the DagBag from /home/airflow/.local/lib/python3.7/site-packages/airflow/example_dags/example_task_group_decorator.py
[2023-07-15T16:36:32.395+0000] {processor.py:836} INFO - DAG(s) dict_keys(['example_task_group_decorator']) retrieved from /home/airflow/.local/lib/python3.7/site-packages/airflow/example_dags/example_task_group_decorator.py
[2023-07-15T16:36:32.408+0000] {logging_mixin.py:150} INFO - [2023-07-15T16:36:32.408+0000] {dag.py:2742} INFO - Sync 1 DAGs
[2023-07-15T16:36:32.437+0000] {logging_mixin.py:150} INFO - [2023-07-15T16:36:32.436+0000] {dag.py:3508} INFO - Setting next_dagrun for example_task_group_decorator to 2023-07-14T16:36:32.436721+00:00, run_after=2023-07-15T16:36:32.436721+00:00
[2023-07-15T16:36:32.465+0000] {processor.py:179} INFO - Processing /home/airflow/.local/lib/python3.7/site-packages/airflow/example_dags/example_task_group_decorator.py took 0.098 seconds
[2023-07-15T16:37:02.748+0000] {processor.py:157} INFO - Started process (PID=123) to work on /home/airflow/.local/lib/python3.7/site-packages/airflow/example_dags/example_task_group_decorator.py
[2023-07-15T16:37:02.749+0000] {processor.py:826} INFO - Processing file /home/airflow/.local/lib/python3.7/site-packages/airflow/example_dags/example_task_group_decorator.py for tasks to queue
[2023-07-15T16:37:02.751+0000] {logging_mixin.py:150} INFO - [2023-07-15T16:37:02.750+0000] {dagbag.py:541} INFO - Filling up the DagBag from /home/airflow/.local/lib/python3.7/site-packages/airflow/example_dags/example_task_group_decorator.py
[2023-07-15T16:37:02.778+0000] {processor.py:836} INFO - DAG(s) dict_keys(['example_task_group_decorator']) retrieved from /home/airflow/.local/lib/python3.7/site-packages/airflow/example_dags/example_task_group_decorator.py
[2023-07-15T16:37:02.832+0000] {logging_mixin.py:150} INFO - [2023-07-15T16:37:02.832+0000] {dag.py:2742} INFO - Sync 1 DAGs
[2023-07-15T16:37:02.865+0000] {logging_mixin.py:150} INFO - [2023-07-15T16:37:02.865+0000] {dag.py:3508} INFO - Setting next_dagrun for example_task_group_decorator to 2023-07-14T16:37:02.865369+00:00, run_after=2023-07-15T16:37:02.865369+00:00
[2023-07-15T16:37:02.889+0000] {processor.py:179} INFO - Processing /home/airflow/.local/lib/python3.7/site-packages/airflow/example_dags/example_task_group_decorator.py took 0.147 seconds
[2023-07-15T16:37:33.947+0000] {processor.py:157} INFO - Started process (PID=189) to work on /home/airflow/.local/lib/python3.7/site-packages/airflow/example_dags/example_task_group_decorator.py
[2023-07-15T16:37:33.948+0000] {processor.py:826} INFO - Processing file /home/airflow/.local/lib/python3.7/site-packages/airflow/example_dags/example_task_group_decorator.py for tasks to queue
[2023-07-15T16:37:33.949+0000] {logging_mixin.py:150} INFO - [2023-07-15T16:37:33.948+0000] {dagbag.py:541} INFO - Filling up the DagBag from /home/airflow/.local/lib/python3.7/site-packages/airflow/example_dags/example_task_group_decorator.py
[2023-07-15T16:37:33.965+0000] {processor.py:836} INFO - DAG(s) dict_keys(['example_task_group_decorator']) retrieved from /home/airflow/.local/lib/python3.7/site-packages/airflow/example_dags/example_task_group_decorator.py
[2023-07-15T16:37:33.996+0000] {logging_mixin.py:150} INFO - [2023-07-15T16:37:33.995+0000] {dag.py:2742} INFO - Sync 1 DAGs
[2023-07-15T16:37:34.023+0000] {logging_mixin.py:150} INFO - [2023-07-15T16:37:34.023+0000] {dag.py:3508} INFO - Setting next_dagrun for example_task_group_decorator to 2023-07-14T16:37:34.022756+00:00, run_after=2023-07-15T16:37:34.022756+00:00
[2023-07-15T16:37:34.046+0000] {processor.py:179} INFO - Processing /home/airflow/.local/lib/python3.7/site-packages/airflow/example_dags/example_task_group_decorator.py took 0.101 seconds
