[2023-07-15T16:36:31.304+0000] {processor.py:157} INFO - Started process (PID=44) to work on /home/airflow/.local/lib/python3.7/site-packages/airflow/example_dags/example_branch_operator.py
[2023-07-15T16:36:31.304+0000] {processor.py:826} INFO - Processing file /home/airflow/.local/lib/python3.7/site-packages/airflow/example_dags/example_branch_operator.py for tasks to queue
[2023-07-15T16:36:31.305+0000] {logging_mixin.py:150} INFO - [2023-07-15T16:36:31.305+0000] {dagbag.py:541} INFO - Filling up the DagBag from /home/airflow/.local/lib/python3.7/site-packages/airflow/example_dags/example_branch_operator.py
[2023-07-15T16:36:31.317+0000] {processor.py:836} INFO - DAG(s) dict_keys(['example_branch_operator']) retrieved from /home/airflow/.local/lib/python3.7/site-packages/airflow/example_dags/example_branch_operator.py
[2023-07-15T16:36:31.329+0000] {logging_mixin.py:150} INFO - [2023-07-15T16:36:31.329+0000] {dag.py:2742} INFO - Sync 1 DAGs
[2023-07-15T16:36:31.357+0000] {logging_mixin.py:150} INFO - [2023-07-15T16:36:31.357+0000] {dag.py:3508} INFO - Setting next_dagrun for example_branch_operator to 2023-07-14T00:00:00+00:00, run_after=2023-07-15T00:00:00+00:00
[2023-07-15T16:36:31.378+0000] {processor.py:179} INFO - Processing /home/airflow/.local/lib/python3.7/site-packages/airflow/example_dags/example_branch_operator.py took 0.078 seconds
[2023-07-15T16:37:01.755+0000] {processor.py:157} INFO - Started process (PID=109) to work on /home/airflow/.local/lib/python3.7/site-packages/airflow/example_dags/example_branch_operator.py
[2023-07-15T16:37:01.756+0000] {processor.py:826} INFO - Processing file /home/airflow/.local/lib/python3.7/site-packages/airflow/example_dags/example_branch_operator.py for tasks to queue
[2023-07-15T16:37:01.757+0000] {logging_mixin.py:150} INFO - [2023-07-15T16:37:01.757+0000] {dagbag.py:541} INFO - Filling up the DagBag from /home/airflow/.local/lib/python3.7/site-packages/airflow/example_dags/example_branch_operator.py
[2023-07-15T16:37:01.767+0000] {processor.py:836} INFO - DAG(s) dict_keys(['example_branch_operator']) retrieved from /home/airflow/.local/lib/python3.7/site-packages/airflow/example_dags/example_branch_operator.py
[2023-07-15T16:37:01.800+0000] {logging_mixin.py:150} INFO - [2023-07-15T16:37:01.800+0000] {dag.py:2742} INFO - Sync 1 DAGs
[2023-07-15T16:37:01.836+0000] {logging_mixin.py:150} INFO - [2023-07-15T16:37:01.836+0000] {dag.py:3508} INFO - Setting next_dagrun for example_branch_operator to 2023-07-14T00:00:00+00:00, run_after=2023-07-15T00:00:00+00:00
[2023-07-15T16:37:01.868+0000] {processor.py:179} INFO - Processing /home/airflow/.local/lib/python3.7/site-packages/airflow/example_dags/example_branch_operator.py took 0.117 seconds
[2023-07-15T16:37:32.150+0000] {processor.py:157} INFO - Started process (PID=174) to work on /home/airflow/.local/lib/python3.7/site-packages/airflow/example_dags/example_branch_operator.py
[2023-07-15T16:37:32.151+0000] {processor.py:826} INFO - Processing file /home/airflow/.local/lib/python3.7/site-packages/airflow/example_dags/example_branch_operator.py for tasks to queue
[2023-07-15T16:37:32.152+0000] {logging_mixin.py:150} INFO - [2023-07-15T16:37:32.152+0000] {dagbag.py:541} INFO - Filling up the DagBag from /home/airflow/.local/lib/python3.7/site-packages/airflow/example_dags/example_branch_operator.py
[2023-07-15T16:37:32.160+0000] {processor.py:836} INFO - DAG(s) dict_keys(['example_branch_operator']) retrieved from /home/airflow/.local/lib/python3.7/site-packages/airflow/example_dags/example_branch_operator.py
[2023-07-15T16:37:32.188+0000] {logging_mixin.py:150} INFO - [2023-07-15T16:37:32.188+0000] {dag.py:2742} INFO - Sync 1 DAGs
[2023-07-15T16:37:32.215+0000] {logging_mixin.py:150} INFO - [2023-07-15T16:37:32.215+0000] {dag.py:3508} INFO - Setting next_dagrun for example_branch_operator to 2023-07-14T00:00:00+00:00, run_after=2023-07-15T00:00:00+00:00
[2023-07-15T16:37:32.233+0000] {processor.py:179} INFO - Processing /home/airflow/.local/lib/python3.7/site-packages/airflow/example_dags/example_branch_operator.py took 0.086 seconds
