[2023-07-15T16:36:32.863+0000] {processor.py:157} INFO - Started process (PID=65) to work on /home/airflow/.local/lib/python3.7/site-packages/airflow/example_dags/example_dynamic_task_mapping_with_no_taskflow_operators.py
[2023-07-15T16:36:32.864+0000] {processor.py:826} INFO - Processing file /home/airflow/.local/lib/python3.7/site-packages/airflow/example_dags/example_dynamic_task_mapping_with_no_taskflow_operators.py for tasks to queue
[2023-07-15T16:36:32.865+0000] {logging_mixin.py:150} INFO - [2023-07-15T16:36:32.865+0000] {dagbag.py:541} INFO - Filling up the DagBag from /home/airflow/.local/lib/python3.7/site-packages/airflow/example_dags/example_dynamic_task_mapping_with_no_taskflow_operators.py
[2023-07-15T16:36:32.876+0000] {processor.py:836} INFO - DAG(s) dict_keys(['example_dynamic_task_mapping_with_no_taskflow_operators']) retrieved from /home/airflow/.local/lib/python3.7/site-packages/airflow/example_dags/example_dynamic_task_mapping_with_no_taskflow_operators.py
[2023-07-15T16:36:32.888+0000] {logging_mixin.py:150} INFO - [2023-07-15T16:36:32.888+0000] {dag.py:2742} INFO - Sync 1 DAGs
[2023-07-15T16:36:32.921+0000] {logging_mixin.py:150} INFO - [2023-07-15T16:36:32.921+0000] {dag.py:3508} INFO - Setting next_dagrun for example_dynamic_task_mapping_with_no_taskflow_operators to 2023-07-14T16:36:32.921278+00:00, run_after=2023-07-15T16:36:32.921278+00:00
[2023-07-15T16:36:32.944+0000] {processor.py:179} INFO - Processing /home/airflow/.local/lib/python3.7/site-packages/airflow/example_dags/example_dynamic_task_mapping_with_no_taskflow_operators.py took 0.084 seconds
[2023-07-15T16:37:03.360+0000] {processor.py:157} INFO - Started process (PID=130) to work on /home/airflow/.local/lib/python3.7/site-packages/airflow/example_dags/example_dynamic_task_mapping_with_no_taskflow_operators.py
[2023-07-15T16:37:03.361+0000] {processor.py:826} INFO - Processing file /home/airflow/.local/lib/python3.7/site-packages/airflow/example_dags/example_dynamic_task_mapping_with_no_taskflow_operators.py for tasks to queue
[2023-07-15T16:37:03.362+0000] {logging_mixin.py:150} INFO - [2023-07-15T16:37:03.362+0000] {dagbag.py:541} INFO - Filling up the DagBag from /home/airflow/.local/lib/python3.7/site-packages/airflow/example_dags/example_dynamic_task_mapping_with_no_taskflow_operators.py
[2023-07-15T16:37:03.369+0000] {processor.py:836} INFO - DAG(s) dict_keys(['example_dynamic_task_mapping_with_no_taskflow_operators']) retrieved from /home/airflow/.local/lib/python3.7/site-packages/airflow/example_dags/example_dynamic_task_mapping_with_no_taskflow_operators.py
[2023-07-15T16:37:03.392+0000] {logging_mixin.py:150} INFO - [2023-07-15T16:37:03.392+0000] {dag.py:2742} INFO - Sync 1 DAGs
[2023-07-15T16:37:03.417+0000] {logging_mixin.py:150} INFO - [2023-07-15T16:37:03.417+0000] {dag.py:3508} INFO - Setting next_dagrun for example_dynamic_task_mapping_with_no_taskflow_operators to 2023-07-14T16:37:03.416926+00:00, run_after=2023-07-15T16:37:03.416926+00:00
[2023-07-15T16:37:03.437+0000] {processor.py:179} INFO - Processing /home/airflow/.local/lib/python3.7/site-packages/airflow/example_dags/example_dynamic_task_mapping_with_no_taskflow_operators.py took 0.080 seconds
[2023-07-15T16:37:34.316+0000] {processor.py:157} INFO - Started process (PID=195) to work on /home/airflow/.local/lib/python3.7/site-packages/airflow/example_dags/example_dynamic_task_mapping_with_no_taskflow_operators.py
[2023-07-15T16:37:34.316+0000] {processor.py:826} INFO - Processing file /home/airflow/.local/lib/python3.7/site-packages/airflow/example_dags/example_dynamic_task_mapping_with_no_taskflow_operators.py for tasks to queue
[2023-07-15T16:37:34.317+0000] {logging_mixin.py:150} INFO - [2023-07-15T16:37:34.317+0000] {dagbag.py:541} INFO - Filling up the DagBag from /home/airflow/.local/lib/python3.7/site-packages/airflow/example_dags/example_dynamic_task_mapping_with_no_taskflow_operators.py
[2023-07-15T16:37:34.325+0000] {processor.py:836} INFO - DAG(s) dict_keys(['example_dynamic_task_mapping_with_no_taskflow_operators']) retrieved from /home/airflow/.local/lib/python3.7/site-packages/airflow/example_dags/example_dynamic_task_mapping_with_no_taskflow_operators.py
[2023-07-15T16:37:34.348+0000] {logging_mixin.py:150} INFO - [2023-07-15T16:37:34.348+0000] {dag.py:2742} INFO - Sync 1 DAGs
[2023-07-15T16:37:34.375+0000] {logging_mixin.py:150} INFO - [2023-07-15T16:37:34.374+0000] {dag.py:3508} INFO - Setting next_dagrun for example_dynamic_task_mapping_with_no_taskflow_operators to 2023-07-14T16:37:34.374636+00:00, run_after=2023-07-15T16:37:34.374636+00:00
[2023-07-15T16:37:34.395+0000] {processor.py:179} INFO - Processing /home/airflow/.local/lib/python3.7/site-packages/airflow/example_dags/example_dynamic_task_mapping_with_no_taskflow_operators.py took 0.082 seconds
