[2023-07-15T16:36:30.782+0000] {processor.py:157} INFO - Started process (PID=35) to work on /home/airflow/.local/lib/python3.7/site-packages/airflow/example_dags/example_params_trigger_ui.py
[2023-07-15T16:36:30.782+0000] {processor.py:826} INFO - Processing file /home/airflow/.local/lib/python3.7/site-packages/airflow/example_dags/example_params_trigger_ui.py for tasks to queue
[2023-07-15T16:36:30.783+0000] {logging_mixin.py:150} INFO - [2023-07-15T16:36:30.783+0000] {dagbag.py:541} INFO - Filling up the DagBag from /home/airflow/.local/lib/python3.7/site-packages/airflow/example_dags/example_params_trigger_ui.py
[2023-07-15T16:36:30.814+0000] {processor.py:836} INFO - DAG(s) dict_keys(['example_params_trigger_ui']) retrieved from /home/airflow/.local/lib/python3.7/site-packages/airflow/example_dags/example_params_trigger_ui.py
[2023-07-15T16:36:30.829+0000] {logging_mixin.py:150} INFO - [2023-07-15T16:36:30.828+0000] {dag.py:2742} INFO - Sync 1 DAGs
[2023-07-15T16:36:30.860+0000] {logging_mixin.py:150} INFO - [2023-07-15T16:36:30.860+0000] {dag.py:3508} INFO - Setting next_dagrun for example_params_trigger_ui to None, run_after=None
[2023-07-15T16:36:30.883+0000] {processor.py:179} INFO - Processing /home/airflow/.local/lib/python3.7/site-packages/airflow/example_dags/example_params_trigger_ui.py took 0.105 seconds
[2023-07-15T16:37:00.919+0000] {processor.py:157} INFO - Started process (PID=100) to work on /home/airflow/.local/lib/python3.7/site-packages/airflow/example_dags/example_params_trigger_ui.py
[2023-07-15T16:37:00.921+0000] {processor.py:826} INFO - Processing file /home/airflow/.local/lib/python3.7/site-packages/airflow/example_dags/example_params_trigger_ui.py for tasks to queue
[2023-07-15T16:37:00.921+0000] {logging_mixin.py:150} INFO - [2023-07-15T16:37:00.921+0000] {dagbag.py:541} INFO - Filling up the DagBag from /home/airflow/.local/lib/python3.7/site-packages/airflow/example_dags/example_params_trigger_ui.py
[2023-07-15T16:37:00.944+0000] {processor.py:836} INFO - DAG(s) dict_keys(['example_params_trigger_ui']) retrieved from /home/airflow/.local/lib/python3.7/site-packages/airflow/example_dags/example_params_trigger_ui.py
[2023-07-15T16:37:01.034+0000] {logging_mixin.py:150} INFO - [2023-07-15T16:37:01.034+0000] {dag.py:2742} INFO - Sync 1 DAGs
[2023-07-15T16:37:01.060+0000] {logging_mixin.py:150} INFO - [2023-07-15T16:37:01.060+0000] {dag.py:3508} INFO - Setting next_dagrun for example_params_trigger_ui to None, run_after=None
[2023-07-15T16:37:01.077+0000] {processor.py:179} INFO - Processing /home/airflow/.local/lib/python3.7/site-packages/airflow/example_dags/example_params_trigger_ui.py took 0.161 seconds
[2023-07-15T16:37:31.531+0000] {processor.py:157} INFO - Started process (PID=165) to work on /home/airflow/.local/lib/python3.7/site-packages/airflow/example_dags/example_params_trigger_ui.py
[2023-07-15T16:37:31.532+0000] {processor.py:826} INFO - Processing file /home/airflow/.local/lib/python3.7/site-packages/airflow/example_dags/example_params_trigger_ui.py for tasks to queue
[2023-07-15T16:37:31.533+0000] {logging_mixin.py:150} INFO - [2023-07-15T16:37:31.532+0000] {dagbag.py:541} INFO - Filling up the DagBag from /home/airflow/.local/lib/python3.7/site-packages/airflow/example_dags/example_params_trigger_ui.py
[2023-07-15T16:37:31.553+0000] {processor.py:836} INFO - DAG(s) dict_keys(['example_params_trigger_ui']) retrieved from /home/airflow/.local/lib/python3.7/site-packages/airflow/example_dags/example_params_trigger_ui.py
[2023-07-15T16:37:31.640+0000] {logging_mixin.py:150} INFO - [2023-07-15T16:37:31.639+0000] {dag.py:2742} INFO - Sync 1 DAGs
[2023-07-15T16:37:31.663+0000] {logging_mixin.py:150} INFO - [2023-07-15T16:37:31.663+0000] {dag.py:3508} INFO - Setting next_dagrun for example_params_trigger_ui to None, run_after=None
[2023-07-15T16:37:31.682+0000] {processor.py:179} INFO - Processing /home/airflow/.local/lib/python3.7/site-packages/airflow/example_dags/example_params_trigger_ui.py took 0.154 seconds
