[2023-07-15T16:36:31.997+0000] {processor.py:157} INFO - Started process (PID=55) to work on /home/airflow/.local/lib/python3.7/site-packages/airflow/example_dags/example_external_task_marker_dag.py
[2023-07-15T16:36:31.998+0000] {processor.py:826} INFO - Processing file /home/airflow/.local/lib/python3.7/site-packages/airflow/example_dags/example_external_task_marker_dag.py for tasks to queue
[2023-07-15T16:36:31.999+0000] {logging_mixin.py:150} INFO - [2023-07-15T16:36:31.999+0000] {dagbag.py:541} INFO - Filling up the DagBag from /home/airflow/.local/lib/python3.7/site-packages/airflow/example_dags/example_external_task_marker_dag.py
[2023-07-15T16:36:32.007+0000] {processor.py:836} INFO - DAG(s) dict_keys(['example_external_task_marker_parent', 'example_external_task_marker_child']) retrieved from /home/airflow/.local/lib/python3.7/site-packages/airflow/example_dags/example_external_task_marker_dag.py
[2023-07-15T16:36:32.022+0000] {logging_mixin.py:150} INFO - [2023-07-15T16:36:32.022+0000] {dag.py:2742} INFO - Sync 2 DAGs
[2023-07-15T16:36:32.049+0000] {logging_mixin.py:150} INFO - [2023-07-15T16:36:32.049+0000] {dag.py:3508} INFO - Setting next_dagrun for example_external_task_marker_child to None, run_after=None
[2023-07-15T16:36:32.053+0000] {logging_mixin.py:150} INFO - [2023-07-15T16:36:32.052+0000] {dag.py:3508} INFO - Setting next_dagrun for example_external_task_marker_parent to None, run_after=None
[2023-07-15T16:36:32.072+0000] {processor.py:179} INFO - Processing /home/airflow/.local/lib/python3.7/site-packages/airflow/example_dags/example_external_task_marker_dag.py took 0.078 seconds
[2023-07-15T16:37:02.437+0000] {processor.py:157} INFO - Started process (PID=119) to work on /home/airflow/.local/lib/python3.7/site-packages/airflow/example_dags/example_external_task_marker_dag.py
[2023-07-15T16:37:02.439+0000] {processor.py:826} INFO - Processing file /home/airflow/.local/lib/python3.7/site-packages/airflow/example_dags/example_external_task_marker_dag.py for tasks to queue
[2023-07-15T16:37:02.440+0000] {logging_mixin.py:150} INFO - [2023-07-15T16:37:02.440+0000] {dagbag.py:541} INFO - Filling up the DagBag from /home/airflow/.local/lib/python3.7/site-packages/airflow/example_dags/example_external_task_marker_dag.py
[2023-07-15T16:37:02.449+0000] {processor.py:836} INFO - DAG(s) dict_keys(['example_external_task_marker_parent', 'example_external_task_marker_child']) retrieved from /home/airflow/.local/lib/python3.7/site-packages/airflow/example_dags/example_external_task_marker_dag.py
[2023-07-15T16:37:02.486+0000] {logging_mixin.py:150} INFO - [2023-07-15T16:37:02.486+0000] {dag.py:2742} INFO - Sync 2 DAGs
[2023-07-15T16:37:02.523+0000] {logging_mixin.py:150} INFO - [2023-07-15T16:37:02.523+0000] {dag.py:3508} INFO - Setting next_dagrun for example_external_task_marker_child to None, run_after=None
[2023-07-15T16:37:02.529+0000] {logging_mixin.py:150} INFO - [2023-07-15T16:37:02.529+0000] {dag.py:3508} INFO - Setting next_dagrun for example_external_task_marker_parent to None, run_after=None
[2023-07-15T16:37:02.555+0000] {processor.py:179} INFO - Processing /home/airflow/.local/lib/python3.7/site-packages/airflow/example_dags/example_external_task_marker_dag.py took 0.122 seconds
[2023-07-15T16:37:32.661+0000] {processor.py:157} INFO - Started process (PID=184) to work on /home/airflow/.local/lib/python3.7/site-packages/airflow/example_dags/example_external_task_marker_dag.py
[2023-07-15T16:37:32.662+0000] {processor.py:826} INFO - Processing file /home/airflow/.local/lib/python3.7/site-packages/airflow/example_dags/example_external_task_marker_dag.py for tasks to queue
[2023-07-15T16:37:32.662+0000] {logging_mixin.py:150} INFO - [2023-07-15T16:37:32.662+0000] {dagbag.py:541} INFO - Filling up the DagBag from /home/airflow/.local/lib/python3.7/site-packages/airflow/example_dags/example_external_task_marker_dag.py
[2023-07-15T16:37:32.668+0000] {processor.py:836} INFO - DAG(s) dict_keys(['example_external_task_marker_child', 'example_external_task_marker_parent']) retrieved from /home/airflow/.local/lib/python3.7/site-packages/airflow/example_dags/example_external_task_marker_dag.py
[2023-07-15T16:37:32.695+0000] {logging_mixin.py:150} INFO - [2023-07-15T16:37:32.695+0000] {dag.py:2742} INFO - Sync 2 DAGs
[2023-07-15T16:37:32.718+0000] {logging_mixin.py:150} INFO - [2023-07-15T16:37:32.718+0000] {dag.py:3508} INFO - Setting next_dagrun for example_external_task_marker_child to None, run_after=None
[2023-07-15T16:37:32.721+0000] {logging_mixin.py:150} INFO - [2023-07-15T16:37:32.721+0000] {dag.py:3508} INFO - Setting next_dagrun for example_external_task_marker_parent to None, run_after=None
[2023-07-15T16:37:32.739+0000] {processor.py:179} INFO - Processing /home/airflow/.local/lib/python3.7/site-packages/airflow/example_dags/example_external_task_marker_dag.py took 0.080 seconds
