[2023-07-15T16:36:31.112+0000] {processor.py:157} INFO - Started process (PID=40) to work on /home/airflow/.local/lib/python3.7/site-packages/airflow/example_dags/example_dag_decorator.py
[2023-07-15T16:36:31.113+0000] {processor.py:826} INFO - Processing file /home/airflow/.local/lib/python3.7/site-packages/airflow/example_dags/example_dag_decorator.py for tasks to queue
[2023-07-15T16:36:31.114+0000] {logging_mixin.py:150} INFO - [2023-07-15T16:36:31.113+0000] {dagbag.py:541} INFO - Filling up the DagBag from /home/airflow/.local/lib/python3.7/site-packages/airflow/example_dags/example_dag_decorator.py
[2023-07-15T16:36:31.132+0000] {processor.py:836} INFO - DAG(s) dict_keys(['example_dag_decorator']) retrieved from /home/airflow/.local/lib/python3.7/site-packages/airflow/example_dags/example_dag_decorator.py
[2023-07-15T16:36:31.144+0000] {logging_mixin.py:150} INFO - [2023-07-15T16:36:31.144+0000] {dag.py:2742} INFO - Sync 1 DAGs
[2023-07-15T16:36:31.172+0000] {logging_mixin.py:150} INFO - [2023-07-15T16:36:31.172+0000] {dag.py:3508} INFO - Setting next_dagrun for example_dag_decorator to None, run_after=None
[2023-07-15T16:36:31.193+0000] {processor.py:179} INFO - Processing /home/airflow/.local/lib/python3.7/site-packages/airflow/example_dags/example_dag_decorator.py took 0.084 seconds
[2023-07-15T16:37:01.288+0000] {processor.py:157} INFO - Started process (PID=105) to work on /home/airflow/.local/lib/python3.7/site-packages/airflow/example_dags/example_dag_decorator.py
[2023-07-15T16:37:01.289+0000] {processor.py:826} INFO - Processing file /home/airflow/.local/lib/python3.7/site-packages/airflow/example_dags/example_dag_decorator.py for tasks to queue
[2023-07-15T16:37:01.290+0000] {logging_mixin.py:150} INFO - [2023-07-15T16:37:01.290+0000] {dagbag.py:541} INFO - Filling up the DagBag from /home/airflow/.local/lib/python3.7/site-packages/airflow/example_dags/example_dag_decorator.py
[2023-07-15T16:37:01.306+0000] {processor.py:836} INFO - DAG(s) dict_keys(['example_dag_decorator']) retrieved from /home/airflow/.local/lib/python3.7/site-packages/airflow/example_dags/example_dag_decorator.py
[2023-07-15T16:37:01.554+0000] {logging_mixin.py:150} INFO - [2023-07-15T16:37:01.554+0000] {dag.py:2742} INFO - Sync 1 DAGs
[2023-07-15T16:37:01.589+0000] {logging_mixin.py:150} INFO - [2023-07-15T16:37:01.589+0000] {dag.py:3508} INFO - Setting next_dagrun for example_dag_decorator to None, run_after=None
[2023-07-15T16:37:01.614+0000] {processor.py:179} INFO - Processing /home/airflow/.local/lib/python3.7/site-packages/airflow/example_dags/example_dag_decorator.py took 0.329 seconds
[2023-07-15T16:37:31.874+0000] {processor.py:157} INFO - Started process (PID=170) to work on /home/airflow/.local/lib/python3.7/site-packages/airflow/example_dags/example_dag_decorator.py
[2023-07-15T16:37:31.875+0000] {processor.py:826} INFO - Processing file /home/airflow/.local/lib/python3.7/site-packages/airflow/example_dags/example_dag_decorator.py for tasks to queue
[2023-07-15T16:37:31.875+0000] {logging_mixin.py:150} INFO - [2023-07-15T16:37:31.875+0000] {dagbag.py:541} INFO - Filling up the DagBag from /home/airflow/.local/lib/python3.7/site-packages/airflow/example_dags/example_dag_decorator.py
[2023-07-15T16:37:31.888+0000] {processor.py:836} INFO - DAG(s) dict_keys(['example_dag_decorator']) retrieved from /home/airflow/.local/lib/python3.7/site-packages/airflow/example_dags/example_dag_decorator.py
[2023-07-15T16:37:32.003+0000] {logging_mixin.py:150} INFO - [2023-07-15T16:37:32.002+0000] {dag.py:2742} INFO - Sync 1 DAGs
[2023-07-15T16:37:32.027+0000] {logging_mixin.py:150} INFO - [2023-07-15T16:37:32.027+0000] {dag.py:3508} INFO - Setting next_dagrun for example_dag_decorator to None, run_after=None
[2023-07-15T16:37:32.047+0000] {processor.py:179} INFO - Processing /home/airflow/.local/lib/python3.7/site-packages/airflow/example_dags/example_dag_decorator.py took 0.176 seconds
