[2023-07-15T16:36:31.137+0000] {processor.py:157} INFO - Started process (PID=41) to work on /home/airflow/.local/lib/python3.7/site-packages/airflow/example_dags/example_dynamic_task_mapping.py
[2023-07-15T16:36:31.138+0000] {processor.py:826} INFO - Processing file /home/airflow/.local/lib/python3.7/site-packages/airflow/example_dags/example_dynamic_task_mapping.py for tasks to queue
[2023-07-15T16:36:31.138+0000] {logging_mixin.py:150} INFO - [2023-07-15T16:36:31.138+0000] {dagbag.py:541} INFO - Filling up the DagBag from /home/airflow/.local/lib/python3.7/site-packages/airflow/example_dags/example_dynamic_task_mapping.py
[2023-07-15T16:36:31.148+0000] {processor.py:836} INFO - DAG(s) dict_keys(['example_dynamic_task_mapping']) retrieved from /home/airflow/.local/lib/python3.7/site-packages/airflow/example_dags/example_dynamic_task_mapping.py
[2023-07-15T16:36:31.161+0000] {logging_mixin.py:150} INFO - [2023-07-15T16:36:31.161+0000] {dag.py:2742} INFO - Sync 1 DAGs
[2023-07-15T16:36:31.188+0000] {logging_mixin.py:150} INFO - [2023-07-15T16:36:31.188+0000] {dag.py:3508} INFO - Setting next_dagrun for example_dynamic_task_mapping to 2022-03-04T00:00:00+00:00, run_after=2022-03-05T00:00:00+00:00
[2023-07-15T16:36:31.211+0000] {processor.py:179} INFO - Processing /home/airflow/.local/lib/python3.7/site-packages/airflow/example_dags/example_dynamic_task_mapping.py took 0.078 seconds
[2023-07-15T16:37:01.303+0000] {processor.py:157} INFO - Started process (PID=106) to work on /home/airflow/.local/lib/python3.7/site-packages/airflow/example_dags/example_dynamic_task_mapping.py
[2023-07-15T16:37:01.304+0000] {processor.py:826} INFO - Processing file /home/airflow/.local/lib/python3.7/site-packages/airflow/example_dags/example_dynamic_task_mapping.py for tasks to queue
[2023-07-15T16:37:01.305+0000] {logging_mixin.py:150} INFO - [2023-07-15T16:37:01.304+0000] {dagbag.py:541} INFO - Filling up the DagBag from /home/airflow/.local/lib/python3.7/site-packages/airflow/example_dags/example_dynamic_task_mapping.py
[2023-07-15T16:37:01.314+0000] {processor.py:836} INFO - DAG(s) dict_keys(['example_dynamic_task_mapping']) retrieved from /home/airflow/.local/lib/python3.7/site-packages/airflow/example_dags/example_dynamic_task_mapping.py
[2023-07-15T16:37:01.342+0000] {logging_mixin.py:150} INFO - [2023-07-15T16:37:01.341+0000] {dag.py:2742} INFO - Sync 1 DAGs
[2023-07-15T16:37:01.375+0000] {logging_mixin.py:150} INFO - [2023-07-15T16:37:01.375+0000] {dag.py:3508} INFO - Setting next_dagrun for example_dynamic_task_mapping to 2022-03-04T00:00:00+00:00, run_after=2022-03-05T00:00:00+00:00
[2023-07-15T16:37:01.411+0000] {processor.py:179} INFO - Processing /home/airflow/.local/lib/python3.7/site-packages/airflow/example_dags/example_dynamic_task_mapping.py took 0.112 seconds
[2023-07-15T16:37:31.884+0000] {processor.py:157} INFO - Started process (PID=171) to work on /home/airflow/.local/lib/python3.7/site-packages/airflow/example_dags/example_dynamic_task_mapping.py
[2023-07-15T16:37:31.884+0000] {processor.py:826} INFO - Processing file /home/airflow/.local/lib/python3.7/site-packages/airflow/example_dags/example_dynamic_task_mapping.py for tasks to queue
[2023-07-15T16:37:31.885+0000] {logging_mixin.py:150} INFO - [2023-07-15T16:37:31.885+0000] {dagbag.py:541} INFO - Filling up the DagBag from /home/airflow/.local/lib/python3.7/site-packages/airflow/example_dags/example_dynamic_task_mapping.py
[2023-07-15T16:37:31.893+0000] {processor.py:836} INFO - DAG(s) dict_keys(['example_dynamic_task_mapping']) retrieved from /home/airflow/.local/lib/python3.7/site-packages/airflow/example_dags/example_dynamic_task_mapping.py
[2023-07-15T16:37:31.915+0000] {logging_mixin.py:150} INFO - [2023-07-15T16:37:31.915+0000] {dag.py:2742} INFO - Sync 1 DAGs
[2023-07-15T16:37:31.940+0000] {logging_mixin.py:150} INFO - [2023-07-15T16:37:31.939+0000] {dag.py:3508} INFO - Setting next_dagrun for example_dynamic_task_mapping to 2022-03-04T00:00:00+00:00, run_after=2022-03-05T00:00:00+00:00
[2023-07-15T16:37:31.957+0000] {processor.py:179} INFO - Processing /home/airflow/.local/lib/python3.7/site-packages/airflow/example_dags/example_dynamic_task_mapping.py took 0.077 seconds
