[2023-07-15T16:36:33.323+0000] {processor.py:157} INFO - Started process (PID=71) to work on /home/airflow/.local/lib/python3.7/site-packages/airflow/example_dags/example_complex.py
[2023-07-15T16:36:33.325+0000] {processor.py:826} INFO - Processing file /home/airflow/.local/lib/python3.7/site-packages/airflow/example_dags/example_complex.py for tasks to queue
[2023-07-15T16:36:33.326+0000] {logging_mixin.py:150} INFO - [2023-07-15T16:36:33.325+0000] {dagbag.py:541} INFO - Filling up the DagBag from /home/airflow/.local/lib/python3.7/site-packages/airflow/example_dags/example_complex.py
[2023-07-15T16:36:33.343+0000] {processor.py:836} INFO - DAG(s) dict_keys(['example_complex']) retrieved from /home/airflow/.local/lib/python3.7/site-packages/airflow/example_dags/example_complex.py
[2023-07-15T16:36:33.359+0000] {logging_mixin.py:150} INFO - [2023-07-15T16:36:33.359+0000] {dag.py:2742} INFO - Sync 1 DAGs
[2023-07-15T16:36:33.386+0000] {logging_mixin.py:150} INFO - [2023-07-15T16:36:33.386+0000] {dag.py:3508} INFO - Setting next_dagrun for example_complex to None, run_after=None
[2023-07-15T16:36:33.407+0000] {processor.py:179} INFO - Processing /home/airflow/.local/lib/python3.7/site-packages/airflow/example_dags/example_complex.py took 0.088 seconds
[2023-07-15T16:37:03.909+0000] {processor.py:157} INFO - Started process (PID=136) to work on /home/airflow/.local/lib/python3.7/site-packages/airflow/example_dags/example_complex.py
[2023-07-15T16:37:03.910+0000] {processor.py:826} INFO - Processing file /home/airflow/.local/lib/python3.7/site-packages/airflow/example_dags/example_complex.py for tasks to queue
[2023-07-15T16:37:03.912+0000] {logging_mixin.py:150} INFO - [2023-07-15T16:37:03.911+0000] {dagbag.py:541} INFO - Filling up the DagBag from /home/airflow/.local/lib/python3.7/site-packages/airflow/example_dags/example_complex.py
[2023-07-15T16:37:03.925+0000] {processor.py:836} INFO - DAG(s) dict_keys(['example_complex']) retrieved from /home/airflow/.local/lib/python3.7/site-packages/airflow/example_dags/example_complex.py
[2023-07-15T16:37:03.976+0000] {logging_mixin.py:150} INFO - [2023-07-15T16:37:03.976+0000] {dag.py:2742} INFO - Sync 1 DAGs
[2023-07-15T16:37:04.009+0000] {logging_mixin.py:150} INFO - [2023-07-15T16:37:04.009+0000] {dag.py:3508} INFO - Setting next_dagrun for example_complex to None, run_after=None
[2023-07-15T16:37:04.035+0000] {processor.py:179} INFO - Processing /home/airflow/.local/lib/python3.7/site-packages/airflow/example_dags/example_complex.py took 0.130 seconds
[2023-07-15T16:37:34.876+0000] {processor.py:157} INFO - Started process (PID=201) to work on /home/airflow/.local/lib/python3.7/site-packages/airflow/example_dags/example_complex.py
[2023-07-15T16:37:34.877+0000] {processor.py:826} INFO - Processing file /home/airflow/.local/lib/python3.7/site-packages/airflow/example_dags/example_complex.py for tasks to queue
[2023-07-15T16:37:34.879+0000] {logging_mixin.py:150} INFO - [2023-07-15T16:37:34.878+0000] {dagbag.py:541} INFO - Filling up the DagBag from /home/airflow/.local/lib/python3.7/site-packages/airflow/example_dags/example_complex.py
[2023-07-15T16:37:34.895+0000] {processor.py:836} INFO - DAG(s) dict_keys(['example_complex']) retrieved from /home/airflow/.local/lib/python3.7/site-packages/airflow/example_dags/example_complex.py
[2023-07-15T16:37:34.935+0000] {logging_mixin.py:150} INFO - [2023-07-15T16:37:34.934+0000] {dag.py:2742} INFO - Sync 1 DAGs
[2023-07-15T16:37:34.964+0000] {logging_mixin.py:150} INFO - [2023-07-15T16:37:34.963+0000] {dag.py:3508} INFO - Setting next_dagrun for example_complex to None, run_after=None
[2023-07-15T16:37:34.986+0000] {processor.py:179} INFO - Processing /home/airflow/.local/lib/python3.7/site-packages/airflow/example_dags/example_complex.py took 0.115 seconds
