[2023-07-15T16:36:31.318+0000] {processor.py:157} INFO - Started process (PID=45) to work on /home/airflow/.local/lib/python3.7/site-packages/airflow/example_dags/example_python_operator.py
[2023-07-15T16:36:31.319+0000] {processor.py:826} INFO - Processing file /home/airflow/.local/lib/python3.7/site-packages/airflow/example_dags/example_python_operator.py for tasks to queue
[2023-07-15T16:36:31.320+0000] {logging_mixin.py:150} INFO - [2023-07-15T16:36:31.319+0000] {dagbag.py:541} INFO - Filling up the DagBag from /home/airflow/.local/lib/python3.7/site-packages/airflow/example_dags/example_python_operator.py
[2023-07-15T16:36:31.333+0000] {processor.py:836} INFO - DAG(s) dict_keys(['example_python_operator']) retrieved from /home/airflow/.local/lib/python3.7/site-packages/airflow/example_dags/example_python_operator.py
[2023-07-15T16:36:31.345+0000] {logging_mixin.py:150} INFO - [2023-07-15T16:36:31.345+0000] {dag.py:2742} INFO - Sync 1 DAGs
[2023-07-15T16:36:31.372+0000] {logging_mixin.py:150} INFO - [2023-07-15T16:36:31.372+0000] {dag.py:3508} INFO - Setting next_dagrun for example_python_operator to None, run_after=None
[2023-07-15T16:36:31.391+0000] {processor.py:179} INFO - Processing /home/airflow/.local/lib/python3.7/site-packages/airflow/example_dags/example_python_operator.py took 0.077 seconds
[2023-07-15T16:37:01.763+0000] {processor.py:157} INFO - Started process (PID=110) to work on /home/airflow/.local/lib/python3.7/site-packages/airflow/example_dags/example_python_operator.py
[2023-07-15T16:37:01.764+0000] {processor.py:826} INFO - Processing file /home/airflow/.local/lib/python3.7/site-packages/airflow/example_dags/example_python_operator.py for tasks to queue
[2023-07-15T16:37:01.765+0000] {logging_mixin.py:150} INFO - [2023-07-15T16:37:01.765+0000] {dagbag.py:541} INFO - Filling up the DagBag from /home/airflow/.local/lib/python3.7/site-packages/airflow/example_dags/example_python_operator.py
[2023-07-15T16:37:01.778+0000] {processor.py:836} INFO - DAG(s) dict_keys(['example_python_operator']) retrieved from /home/airflow/.local/lib/python3.7/site-packages/airflow/example_dags/example_python_operator.py
[2023-07-15T16:37:01.943+0000] {logging_mixin.py:150} INFO - [2023-07-15T16:37:01.943+0000] {dag.py:2742} INFO - Sync 1 DAGs
[2023-07-15T16:37:01.978+0000] {logging_mixin.py:150} INFO - [2023-07-15T16:37:01.978+0000] {dag.py:3508} INFO - Setting next_dagrun for example_python_operator to None, run_after=None
[2023-07-15T16:37:02.012+0000] {processor.py:179} INFO - Processing /home/airflow/.local/lib/python3.7/site-packages/airflow/example_dags/example_python_operator.py took 0.253 seconds
[2023-07-15T16:37:32.155+0000] {processor.py:157} INFO - Started process (PID=175) to work on /home/airflow/.local/lib/python3.7/site-packages/airflow/example_dags/example_python_operator.py
[2023-07-15T16:37:32.156+0000] {processor.py:826} INFO - Processing file /home/airflow/.local/lib/python3.7/site-packages/airflow/example_dags/example_python_operator.py for tasks to queue
[2023-07-15T16:37:32.157+0000] {logging_mixin.py:150} INFO - [2023-07-15T16:37:32.157+0000] {dagbag.py:541} INFO - Filling up the DagBag from /home/airflow/.local/lib/python3.7/site-packages/airflow/example_dags/example_python_operator.py
[2023-07-15T16:37:32.167+0000] {processor.py:836} INFO - DAG(s) dict_keys(['example_python_operator']) retrieved from /home/airflow/.local/lib/python3.7/site-packages/airflow/example_dags/example_python_operator.py
[2023-07-15T16:37:32.195+0000] {logging_mixin.py:150} INFO - [2023-07-15T16:37:32.195+0000] {dag.py:2742} INFO - Sync 1 DAGs
[2023-07-15T16:37:32.219+0000] {logging_mixin.py:150} INFO - [2023-07-15T16:37:32.219+0000] {dag.py:3508} INFO - Setting next_dagrun for example_python_operator to None, run_after=None
[2023-07-15T16:37:32.240+0000] {processor.py:179} INFO - Processing /home/airflow/.local/lib/python3.7/site-packages/airflow/example_dags/example_python_operator.py took 0.087 seconds
