[2023-07-15T16:36:30.776+0000] {processor.py:157} INFO - Started process (PID=34) to work on /home/airflow/.local/lib/python3.7/site-packages/airflow/example_dags/example_xcomargs.py
[2023-07-15T16:36:30.777+0000] {processor.py:826} INFO - Processing file /home/airflow/.local/lib/python3.7/site-packages/airflow/example_dags/example_xcomargs.py for tasks to queue
[2023-07-15T16:36:30.778+0000] {logging_mixin.py:150} INFO - [2023-07-15T16:36:30.777+0000] {dagbag.py:541} INFO - Filling up the DagBag from /home/airflow/.local/lib/python3.7/site-packages/airflow/example_dags/example_xcomargs.py
[2023-07-15T16:36:30.788+0000] {processor.py:836} INFO - DAG(s) dict_keys(['example_xcom_args_with_operators', 'example_xcom_args']) retrieved from /home/airflow/.local/lib/python3.7/site-packages/airflow/example_dags/example_xcomargs.py
[2023-07-15T16:36:30.802+0000] {logging_mixin.py:150} INFO - [2023-07-15T16:36:30.801+0000] {dag.py:2742} INFO - Sync 2 DAGs
[2023-07-15T16:36:30.833+0000] {logging_mixin.py:150} INFO - [2023-07-15T16:36:30.833+0000] {dag.py:3508} INFO - Setting next_dagrun for example_xcom_args to None, run_after=None
[2023-07-15T16:36:30.837+0000] {logging_mixin.py:150} INFO - [2023-07-15T16:36:30.837+0000] {dag.py:3508} INFO - Setting next_dagrun for example_xcom_args_with_operators to None, run_after=None
[2023-07-15T16:36:30.859+0000] {processor.py:179} INFO - Processing /home/airflow/.local/lib/python3.7/site-packages/airflow/example_dags/example_xcomargs.py took 0.087 seconds
[2023-07-15T16:37:00.914+0000] {processor.py:157} INFO - Started process (PID=99) to work on /home/airflow/.local/lib/python3.7/site-packages/airflow/example_dags/example_xcomargs.py
[2023-07-15T16:37:00.915+0000] {processor.py:826} INFO - Processing file /home/airflow/.local/lib/python3.7/site-packages/airflow/example_dags/example_xcomargs.py for tasks to queue
[2023-07-15T16:37:00.916+0000] {logging_mixin.py:150} INFO - [2023-07-15T16:37:00.916+0000] {dagbag.py:541} INFO - Filling up the DagBag from /home/airflow/.local/lib/python3.7/site-packages/airflow/example_dags/example_xcomargs.py
[2023-07-15T16:37:00.924+0000] {processor.py:836} INFO - DAG(s) dict_keys(['example_xcom_args_with_operators', 'example_xcom_args']) retrieved from /home/airflow/.local/lib/python3.7/site-packages/airflow/example_dags/example_xcomargs.py
[2023-07-15T16:37:00.952+0000] {logging_mixin.py:150} INFO - [2023-07-15T16:37:00.952+0000] {dag.py:2742} INFO - Sync 2 DAGs
[2023-07-15T16:37:00.977+0000] {logging_mixin.py:150} INFO - [2023-07-15T16:37:00.977+0000] {dag.py:3508} INFO - Setting next_dagrun for example_xcom_args to None, run_after=None
[2023-07-15T16:37:00.981+0000] {logging_mixin.py:150} INFO - [2023-07-15T16:37:00.981+0000] {dag.py:3508} INFO - Setting next_dagrun for example_xcom_args_with_operators to None, run_after=None
[2023-07-15T16:37:00.998+0000] {processor.py:179} INFO - Processing /home/airflow/.local/lib/python3.7/site-packages/airflow/example_dags/example_xcomargs.py took 0.087 seconds
[2023-07-15T16:37:31.526+0000] {processor.py:157} INFO - Started process (PID=164) to work on /home/airflow/.local/lib/python3.7/site-packages/airflow/example_dags/example_xcomargs.py
[2023-07-15T16:37:31.527+0000] {processor.py:826} INFO - Processing file /home/airflow/.local/lib/python3.7/site-packages/airflow/example_dags/example_xcomargs.py for tasks to queue
[2023-07-15T16:37:31.527+0000] {logging_mixin.py:150} INFO - [2023-07-15T16:37:31.527+0000] {dagbag.py:541} INFO - Filling up the DagBag from /home/airflow/.local/lib/python3.7/site-packages/airflow/example_dags/example_xcomargs.py
[2023-07-15T16:37:31.535+0000] {processor.py:836} INFO - DAG(s) dict_keys(['example_xcom_args_with_operators', 'example_xcom_args']) retrieved from /home/airflow/.local/lib/python3.7/site-packages/airflow/example_dags/example_xcomargs.py
[2023-07-15T16:37:31.563+0000] {logging_mixin.py:150} INFO - [2023-07-15T16:37:31.563+0000] {dag.py:2742} INFO - Sync 2 DAGs
[2023-07-15T16:37:31.586+0000] {logging_mixin.py:150} INFO - [2023-07-15T16:37:31.586+0000] {dag.py:3508} INFO - Setting next_dagrun for example_xcom_args to None, run_after=None
[2023-07-15T16:37:31.589+0000] {logging_mixin.py:150} INFO - [2023-07-15T16:37:31.589+0000] {dag.py:3508} INFO - Setting next_dagrun for example_xcom_args_with_operators to None, run_after=None
[2023-07-15T16:37:31.605+0000] {processor.py:179} INFO - Processing /home/airflow/.local/lib/python3.7/site-packages/airflow/example_dags/example_xcomargs.py took 0.082 seconds
