[2023-07-15T16:36:32.941+0000] {processor.py:157} INFO - Started process (PID=66) to work on /home/airflow/.local/lib/python3.7/site-packages/airflow/example_dags/example_nested_branch_dag.py
[2023-07-15T16:36:32.942+0000] {processor.py:826} INFO - Processing file /home/airflow/.local/lib/python3.7/site-packages/airflow/example_dags/example_nested_branch_dag.py for tasks to queue
[2023-07-15T16:36:32.943+0000] {logging_mixin.py:150} INFO - [2023-07-15T16:36:32.943+0000] {dagbag.py:541} INFO - Filling up the DagBag from /home/airflow/.local/lib/python3.7/site-packages/airflow/example_dags/example_nested_branch_dag.py
[2023-07-15T16:36:32.956+0000] {processor.py:836} INFO - DAG(s) dict_keys(['example_nested_branch_dag']) retrieved from /home/airflow/.local/lib/python3.7/site-packages/airflow/example_dags/example_nested_branch_dag.py
[2023-07-15T16:36:32.969+0000] {logging_mixin.py:150} INFO - [2023-07-15T16:36:32.969+0000] {dag.py:2742} INFO - Sync 1 DAGs
[2023-07-15T16:36:32.999+0000] {logging_mixin.py:150} INFO - [2023-07-15T16:36:32.999+0000] {dag.py:3508} INFO - Setting next_dagrun for example_nested_branch_dag to 2023-07-14T00:00:00+00:00, run_after=2023-07-15T00:00:00+00:00
[2023-07-15T16:36:33.025+0000] {processor.py:179} INFO - Processing /home/airflow/.local/lib/python3.7/site-packages/airflow/example_dags/example_nested_branch_dag.py took 0.088 seconds
[2023-07-15T16:37:03.455+0000] {processor.py:157} INFO - Started process (PID=131) to work on /home/airflow/.local/lib/python3.7/site-packages/airflow/example_dags/example_nested_branch_dag.py
[2023-07-15T16:37:03.456+0000] {processor.py:826} INFO - Processing file /home/airflow/.local/lib/python3.7/site-packages/airflow/example_dags/example_nested_branch_dag.py for tasks to queue
[2023-07-15T16:37:03.457+0000] {logging_mixin.py:150} INFO - [2023-07-15T16:37:03.457+0000] {dagbag.py:541} INFO - Filling up the DagBag from /home/airflow/.local/lib/python3.7/site-packages/airflow/example_dags/example_nested_branch_dag.py
[2023-07-15T16:37:03.469+0000] {processor.py:836} INFO - DAG(s) dict_keys(['example_nested_branch_dag']) retrieved from /home/airflow/.local/lib/python3.7/site-packages/airflow/example_dags/example_nested_branch_dag.py
[2023-07-15T16:37:03.498+0000] {logging_mixin.py:150} INFO - [2023-07-15T16:37:03.498+0000] {dag.py:2742} INFO - Sync 1 DAGs
[2023-07-15T16:37:03.532+0000] {logging_mixin.py:150} INFO - [2023-07-15T16:37:03.532+0000] {dag.py:3508} INFO - Setting next_dagrun for example_nested_branch_dag to 2023-07-14T00:00:00+00:00, run_after=2023-07-15T00:00:00+00:00
[2023-07-15T16:37:03.554+0000] {processor.py:179} INFO - Processing /home/airflow/.local/lib/python3.7/site-packages/airflow/example_dags/example_nested_branch_dag.py took 0.104 seconds
[2023-07-15T16:37:34.364+0000] {processor.py:157} INFO - Started process (PID=196) to work on /home/airflow/.local/lib/python3.7/site-packages/airflow/example_dags/example_nested_branch_dag.py
[2023-07-15T16:37:34.365+0000] {processor.py:826} INFO - Processing file /home/airflow/.local/lib/python3.7/site-packages/airflow/example_dags/example_nested_branch_dag.py for tasks to queue
[2023-07-15T16:37:34.365+0000] {logging_mixin.py:150} INFO - [2023-07-15T16:37:34.365+0000] {dagbag.py:541} INFO - Filling up the DagBag from /home/airflow/.local/lib/python3.7/site-packages/airflow/example_dags/example_nested_branch_dag.py
[2023-07-15T16:37:34.376+0000] {processor.py:836} INFO - DAG(s) dict_keys(['example_nested_branch_dag']) retrieved from /home/airflow/.local/lib/python3.7/site-packages/airflow/example_dags/example_nested_branch_dag.py
[2023-07-15T16:37:34.402+0000] {logging_mixin.py:150} INFO - [2023-07-15T16:37:34.402+0000] {dag.py:2742} INFO - Sync 1 DAGs
[2023-07-15T16:37:34.429+0000] {logging_mixin.py:150} INFO - [2023-07-15T16:37:34.429+0000] {dag.py:3508} INFO - Setting next_dagrun for example_nested_branch_dag to 2023-07-14T00:00:00+00:00, run_after=2023-07-15T00:00:00+00:00
[2023-07-15T16:37:34.451+0000] {processor.py:179} INFO - Processing /home/airflow/.local/lib/python3.7/site-packages/airflow/example_dags/example_nested_branch_dag.py took 0.090 seconds
