[2023-07-15T16:36:32.638+0000] {processor.py:157} INFO - Started process (PID=62) to work on /home/airflow/.local/lib/python3.7/site-packages/airflow/example_dags/example_short_circuit_operator.py
[2023-07-15T16:36:32.639+0000] {processor.py:826} INFO - Processing file /home/airflow/.local/lib/python3.7/site-packages/airflow/example_dags/example_short_circuit_operator.py for tasks to queue
[2023-07-15T16:36:32.640+0000] {logging_mixin.py:150} INFO - [2023-07-15T16:36:32.640+0000] {dagbag.py:541} INFO - Filling up the DagBag from /home/airflow/.local/lib/python3.7/site-packages/airflow/example_dags/example_short_circuit_operator.py
[2023-07-15T16:36:32.655+0000] {processor.py:836} INFO - DAG(s) dict_keys(['example_short_circuit_operator']) retrieved from /home/airflow/.local/lib/python3.7/site-packages/airflow/example_dags/example_short_circuit_operator.py
[2023-07-15T16:36:32.672+0000] {logging_mixin.py:150} INFO - [2023-07-15T16:36:32.671+0000] {dag.py:2742} INFO - Sync 1 DAGs
[2023-07-15T16:36:32.700+0000] {logging_mixin.py:150} INFO - [2023-07-15T16:36:32.700+0000] {dag.py:3508} INFO - Setting next_dagrun for example_short_circuit_operator to 2023-07-14T16:36:32.699938+00:00, run_after=2023-07-15T16:36:32.699938+00:00
[2023-07-15T16:36:32.720+0000] {processor.py:179} INFO - Processing /home/airflow/.local/lib/python3.7/site-packages/airflow/example_dags/example_short_circuit_operator.py took 0.087 seconds
[2023-07-15T16:37:03.012+0000] {processor.py:157} INFO - Started process (PID=127) to work on /home/airflow/.local/lib/python3.7/site-packages/airflow/example_dags/example_short_circuit_operator.py
[2023-07-15T16:37:03.013+0000] {processor.py:826} INFO - Processing file /home/airflow/.local/lib/python3.7/site-packages/airflow/example_dags/example_short_circuit_operator.py for tasks to queue
[2023-07-15T16:37:03.013+0000] {logging_mixin.py:150} INFO - [2023-07-15T16:37:03.013+0000] {dagbag.py:541} INFO - Filling up the DagBag from /home/airflow/.local/lib/python3.7/site-packages/airflow/example_dags/example_short_circuit_operator.py
[2023-07-15T16:37:03.023+0000] {processor.py:836} INFO - DAG(s) dict_keys(['example_short_circuit_operator']) retrieved from /home/airflow/.local/lib/python3.7/site-packages/airflow/example_dags/example_short_circuit_operator.py
[2023-07-15T16:37:03.055+0000] {logging_mixin.py:150} INFO - [2023-07-15T16:37:03.055+0000] {dag.py:2742} INFO - Sync 1 DAGs
[2023-07-15T16:37:03.082+0000] {logging_mixin.py:150} INFO - [2023-07-15T16:37:03.082+0000] {dag.py:3508} INFO - Setting next_dagrun for example_short_circuit_operator to 2023-07-14T16:37:03.082053+00:00, run_after=2023-07-15T16:37:03.082053+00:00
[2023-07-15T16:37:03.105+0000] {processor.py:179} INFO - Processing /home/airflow/.local/lib/python3.7/site-packages/airflow/example_dags/example_short_circuit_operator.py took 0.097 seconds
[2023-07-15T16:37:34.162+0000] {processor.py:157} INFO - Started process (PID=192) to work on /home/airflow/.local/lib/python3.7/site-packages/airflow/example_dags/example_short_circuit_operator.py
[2023-07-15T16:37:34.163+0000] {processor.py:826} INFO - Processing file /home/airflow/.local/lib/python3.7/site-packages/airflow/example_dags/example_short_circuit_operator.py for tasks to queue
[2023-07-15T16:37:34.164+0000] {logging_mixin.py:150} INFO - [2023-07-15T16:37:34.164+0000] {dagbag.py:541} INFO - Filling up the DagBag from /home/airflow/.local/lib/python3.7/site-packages/airflow/example_dags/example_short_circuit_operator.py
[2023-07-15T16:37:34.172+0000] {processor.py:836} INFO - DAG(s) dict_keys(['example_short_circuit_operator']) retrieved from /home/airflow/.local/lib/python3.7/site-packages/airflow/example_dags/example_short_circuit_operator.py
[2023-07-15T16:37:34.200+0000] {logging_mixin.py:150} INFO - [2023-07-15T16:37:34.200+0000] {dag.py:2742} INFO - Sync 1 DAGs
[2023-07-15T16:37:34.226+0000] {logging_mixin.py:150} INFO - [2023-07-15T16:37:34.225+0000] {dag.py:3508} INFO - Setting next_dagrun for example_short_circuit_operator to 2023-07-14T16:37:34.225586+00:00, run_after=2023-07-15T16:37:34.225586+00:00
[2023-07-15T16:37:34.245+0000] {processor.py:179} INFO - Processing /home/airflow/.local/lib/python3.7/site-packages/airflow/example_dags/example_short_circuit_operator.py took 0.087 seconds
