[2023-07-15T16:36:30.876+0000] {processor.py:157} INFO - Started process (PID=36) to work on /home/airflow/.local/lib/python3.7/site-packages/airflow/example_dags/example_bash_operator.py
[2023-07-15T16:36:30.877+0000] {processor.py:826} INFO - Processing file /home/airflow/.local/lib/python3.7/site-packages/airflow/example_dags/example_bash_operator.py for tasks to queue
[2023-07-15T16:36:30.878+0000] {logging_mixin.py:150} INFO - [2023-07-15T16:36:30.878+0000] {dagbag.py:541} INFO - Filling up the DagBag from /home/airflow/.local/lib/python3.7/site-packages/airflow/example_dags/example_bash_operator.py
[2023-07-15T16:36:30.895+0000] {processor.py:836} INFO - DAG(s) dict_keys(['example_bash_operator']) retrieved from /home/airflow/.local/lib/python3.7/site-packages/airflow/example_dags/example_bash_operator.py
[2023-07-15T16:36:30.907+0000] {logging_mixin.py:150} INFO - [2023-07-15T16:36:30.907+0000] {dag.py:2742} INFO - Sync 1 DAGs
[2023-07-15T16:36:30.941+0000] {logging_mixin.py:150} INFO - [2023-07-15T16:36:30.941+0000] {dag.py:3508} INFO - Setting next_dagrun for example_bash_operator to 2023-07-14T00:00:00+00:00, run_after=2023-07-15T00:00:00+00:00
[2023-07-15T16:36:30.974+0000] {processor.py:179} INFO - Processing /home/airflow/.local/lib/python3.7/site-packages/airflow/example_dags/example_bash_operator.py took 0.102 seconds
[2023-07-15T16:37:01.014+0000] {processor.py:157} INFO - Started process (PID=101) to work on /home/airflow/.local/lib/python3.7/site-packages/airflow/example_dags/example_bash_operator.py
[2023-07-15T16:37:01.015+0000] {processor.py:826} INFO - Processing file /home/airflow/.local/lib/python3.7/site-packages/airflow/example_dags/example_bash_operator.py for tasks to queue
[2023-07-15T16:37:01.016+0000] {logging_mixin.py:150} INFO - [2023-07-15T16:37:01.016+0000] {dagbag.py:541} INFO - Filling up the DagBag from /home/airflow/.local/lib/python3.7/site-packages/airflow/example_dags/example_bash_operator.py
[2023-07-15T16:37:01.030+0000] {processor.py:836} INFO - DAG(s) dict_keys(['example_bash_operator']) retrieved from /home/airflow/.local/lib/python3.7/site-packages/airflow/example_dags/example_bash_operator.py
[2023-07-15T16:37:01.069+0000] {logging_mixin.py:150} INFO - [2023-07-15T16:37:01.069+0000] {dag.py:2742} INFO - Sync 1 DAGs
[2023-07-15T16:37:01.097+0000] {logging_mixin.py:150} INFO - [2023-07-15T16:37:01.097+0000] {dag.py:3508} INFO - Setting next_dagrun for example_bash_operator to 2023-07-14T00:00:00+00:00, run_after=2023-07-15T00:00:00+00:00
[2023-07-15T16:37:01.118+0000] {processor.py:179} INFO - Processing /home/airflow/.local/lib/python3.7/site-packages/airflow/example_dags/example_bash_operator.py took 0.107 seconds
[2023-07-15T16:37:31.623+0000] {processor.py:157} INFO - Started process (PID=166) to work on /home/airflow/.local/lib/python3.7/site-packages/airflow/example_dags/example_bash_operator.py
[2023-07-15T16:37:31.624+0000] {processor.py:826} INFO - Processing file /home/airflow/.local/lib/python3.7/site-packages/airflow/example_dags/example_bash_operator.py for tasks to queue
[2023-07-15T16:37:31.624+0000] {logging_mixin.py:150} INFO - [2023-07-15T16:37:31.624+0000] {dagbag.py:541} INFO - Filling up the DagBag from /home/airflow/.local/lib/python3.7/site-packages/airflow/example_dags/example_bash_operator.py
[2023-07-15T16:37:31.638+0000] {processor.py:836} INFO - DAG(s) dict_keys(['example_bash_operator']) retrieved from /home/airflow/.local/lib/python3.7/site-packages/airflow/example_dags/example_bash_operator.py
[2023-07-15T16:37:31.676+0000] {logging_mixin.py:150} INFO - [2023-07-15T16:37:31.676+0000] {dag.py:2742} INFO - Sync 1 DAGs
[2023-07-15T16:37:31.701+0000] {logging_mixin.py:150} INFO - [2023-07-15T16:37:31.701+0000] {dag.py:3508} INFO - Setting next_dagrun for example_bash_operator to 2023-07-14T00:00:00+00:00, run_after=2023-07-15T00:00:00+00:00
[2023-07-15T16:37:31.723+0000] {processor.py:179} INFO - Processing /home/airflow/.local/lib/python3.7/site-packages/airflow/example_dags/example_bash_operator.py took 0.105 seconds
