[2023-07-15T16:36:30.567+0000] {processor.py:157} INFO - Started process (PID=32) to work on /home/airflow/.local/lib/python3.7/site-packages/airflow/example_dags/example_skip_dag.py
[2023-07-15T16:36:30.569+0000] {processor.py:826} INFO - Processing file /home/airflow/.local/lib/python3.7/site-packages/airflow/example_dags/example_skip_dag.py for tasks to queue
[2023-07-15T16:36:30.569+0000] {logging_mixin.py:150} INFO - [2023-07-15T16:36:30.569+0000] {dagbag.py:541} INFO - Filling up the DagBag from /home/airflow/.local/lib/python3.7/site-packages/airflow/example_dags/example_skip_dag.py
[2023-07-15T16:36:30.585+0000] {processor.py:836} INFO - DAG(s) dict_keys(['example_skip_dag']) retrieved from /home/airflow/.local/lib/python3.7/site-packages/airflow/example_dags/example_skip_dag.py
[2023-07-15T16:36:30.616+0000] {logging_mixin.py:150} INFO - [2023-07-15T16:36:30.616+0000] {dag.py:2742} INFO - Sync 1 DAGs
[2023-07-15T16:36:30.644+0000] {logging_mixin.py:150} INFO - [2023-07-15T16:36:30.644+0000] {dag.py:3508} INFO - Setting next_dagrun for example_skip_dag to 2023-07-14T16:36:30.644235+00:00, run_after=2023-07-15T16:36:30.644235+00:00
[2023-07-15T16:36:30.664+0000] {processor.py:179} INFO - Processing /home/airflow/.local/lib/python3.7/site-packages/airflow/example_dags/example_skip_dag.py took 0.102 seconds
[2023-07-15T16:37:00.709+0000] {processor.py:157} INFO - Started process (PID=97) to work on /home/airflow/.local/lib/python3.7/site-packages/airflow/example_dags/example_skip_dag.py
[2023-07-15T16:37:00.710+0000] {processor.py:826} INFO - Processing file /home/airflow/.local/lib/python3.7/site-packages/airflow/example_dags/example_skip_dag.py for tasks to queue
[2023-07-15T16:37:00.711+0000] {logging_mixin.py:150} INFO - [2023-07-15T16:37:00.711+0000] {dagbag.py:541} INFO - Filling up the DagBag from /home/airflow/.local/lib/python3.7/site-packages/airflow/example_dags/example_skip_dag.py
[2023-07-15T16:37:00.718+0000] {processor.py:836} INFO - DAG(s) dict_keys(['example_skip_dag']) retrieved from /home/airflow/.local/lib/python3.7/site-packages/airflow/example_dags/example_skip_dag.py
[2023-07-15T16:37:00.749+0000] {logging_mixin.py:150} INFO - [2023-07-15T16:37:00.749+0000] {dag.py:2742} INFO - Sync 1 DAGs
[2023-07-15T16:37:00.774+0000] {logging_mixin.py:150} INFO - [2023-07-15T16:37:00.774+0000] {dag.py:3508} INFO - Setting next_dagrun for example_skip_dag to 2023-07-14T16:37:00.774116+00:00, run_after=2023-07-15T16:37:00.774116+00:00
[2023-07-15T16:37:00.795+0000] {processor.py:179} INFO - Processing /home/airflow/.local/lib/python3.7/site-packages/airflow/example_dags/example_skip_dag.py took 0.090 seconds
[2023-07-15T16:37:31.347+0000] {processor.py:157} INFO - Started process (PID=162) to work on /home/airflow/.local/lib/python3.7/site-packages/airflow/example_dags/example_skip_dag.py
[2023-07-15T16:37:31.348+0000] {processor.py:826} INFO - Processing file /home/airflow/.local/lib/python3.7/site-packages/airflow/example_dags/example_skip_dag.py for tasks to queue
[2023-07-15T16:37:31.349+0000] {logging_mixin.py:150} INFO - [2023-07-15T16:37:31.349+0000] {dagbag.py:541} INFO - Filling up the DagBag from /home/airflow/.local/lib/python3.7/site-packages/airflow/example_dags/example_skip_dag.py
[2023-07-15T16:37:31.356+0000] {processor.py:836} INFO - DAG(s) dict_keys(['example_skip_dag']) retrieved from /home/airflow/.local/lib/python3.7/site-packages/airflow/example_dags/example_skip_dag.py
[2023-07-15T16:37:31.377+0000] {logging_mixin.py:150} INFO - [2023-07-15T16:37:31.377+0000] {dag.py:2742} INFO - Sync 1 DAGs
[2023-07-15T16:37:31.401+0000] {logging_mixin.py:150} INFO - [2023-07-15T16:37:31.401+0000] {dag.py:3508} INFO - Setting next_dagrun for example_skip_dag to 2023-07-14T16:37:31.401283+00:00, run_after=2023-07-15T16:37:31.401283+00:00
[2023-07-15T16:37:31.419+0000] {processor.py:179} INFO - Processing /home/airflow/.local/lib/python3.7/site-packages/airflow/example_dags/example_skip_dag.py took 0.075 seconds
