[2023-07-15T16:36:31.804+0000] {processor.py:157} INFO - Started process (PID=53) to work on /home/airflow/.local/lib/python3.7/site-packages/airflow/example_dags/example_branch_day_of_week_operator.py
[2023-07-15T16:36:31.805+0000] {processor.py:826} INFO - Processing file /home/airflow/.local/lib/python3.7/site-packages/airflow/example_dags/example_branch_day_of_week_operator.py for tasks to queue
[2023-07-15T16:36:31.806+0000] {logging_mixin.py:150} INFO - [2023-07-15T16:36:31.806+0000] {dagbag.py:541} INFO - Filling up the DagBag from /home/airflow/.local/lib/python3.7/site-packages/airflow/example_dags/example_branch_day_of_week_operator.py
[2023-07-15T16:36:31.820+0000] {processor.py:836} INFO - DAG(s) dict_keys(['example_weekday_branch_operator']) retrieved from /home/airflow/.local/lib/python3.7/site-packages/airflow/example_dags/example_branch_day_of_week_operator.py
[2023-07-15T16:36:31.837+0000] {logging_mixin.py:150} INFO - [2023-07-15T16:36:31.837+0000] {dag.py:2742} INFO - Sync 1 DAGs
[2023-07-15T16:36:31.867+0000] {logging_mixin.py:150} INFO - [2023-07-15T16:36:31.866+0000] {dag.py:3508} INFO - Setting next_dagrun for example_weekday_branch_operator to 2023-07-14T00:00:00+00:00, run_after=2023-07-15T00:00:00+00:00
[2023-07-15T16:36:31.887+0000] {processor.py:179} INFO - Processing /home/airflow/.local/lib/python3.7/site-packages/airflow/example_dags/example_branch_day_of_week_operator.py took 0.086 seconds
[2023-07-15T16:37:02.284+0000] {processor.py:157} INFO - Started process (PID=117) to work on /home/airflow/.local/lib/python3.7/site-packages/airflow/example_dags/example_branch_day_of_week_operator.py
[2023-07-15T16:37:02.286+0000] {processor.py:826} INFO - Processing file /home/airflow/.local/lib/python3.7/site-packages/airflow/example_dags/example_branch_day_of_week_operator.py for tasks to queue
[2023-07-15T16:37:02.287+0000] {logging_mixin.py:150} INFO - [2023-07-15T16:37:02.287+0000] {dagbag.py:541} INFO - Filling up the DagBag from /home/airflow/.local/lib/python3.7/site-packages/airflow/example_dags/example_branch_day_of_week_operator.py
[2023-07-15T16:37:02.302+0000] {processor.py:836} INFO - DAG(s) dict_keys(['example_weekday_branch_operator']) retrieved from /home/airflow/.local/lib/python3.7/site-packages/airflow/example_dags/example_branch_day_of_week_operator.py
[2023-07-15T16:37:02.348+0000] {logging_mixin.py:150} INFO - [2023-07-15T16:37:02.348+0000] {dag.py:2742} INFO - Sync 1 DAGs
[2023-07-15T16:37:02.383+0000] {logging_mixin.py:150} INFO - [2023-07-15T16:37:02.383+0000] {dag.py:3508} INFO - Setting next_dagrun for example_weekday_branch_operator to 2023-07-14T00:00:00+00:00, run_after=2023-07-15T00:00:00+00:00
[2023-07-15T16:37:02.415+0000] {processor.py:179} INFO - Processing /home/airflow/.local/lib/python3.7/site-packages/airflow/example_dags/example_branch_day_of_week_operator.py took 0.136 seconds
[2023-07-15T16:37:32.565+0000] {processor.py:157} INFO - Started process (PID=182) to work on /home/airflow/.local/lib/python3.7/site-packages/airflow/example_dags/example_branch_day_of_week_operator.py
[2023-07-15T16:37:32.566+0000] {processor.py:826} INFO - Processing file /home/airflow/.local/lib/python3.7/site-packages/airflow/example_dags/example_branch_day_of_week_operator.py for tasks to queue
[2023-07-15T16:37:32.567+0000] {logging_mixin.py:150} INFO - [2023-07-15T16:37:32.567+0000] {dagbag.py:541} INFO - Filling up the DagBag from /home/airflow/.local/lib/python3.7/site-packages/airflow/example_dags/example_branch_day_of_week_operator.py
[2023-07-15T16:37:32.574+0000] {processor.py:836} INFO - DAG(s) dict_keys(['example_weekday_branch_operator']) retrieved from /home/airflow/.local/lib/python3.7/site-packages/airflow/example_dags/example_branch_day_of_week_operator.py
[2023-07-15T16:37:32.600+0000] {logging_mixin.py:150} INFO - [2023-07-15T16:37:32.599+0000] {dag.py:2742} INFO - Sync 1 DAGs
[2023-07-15T16:37:32.626+0000] {logging_mixin.py:150} INFO - [2023-07-15T16:37:32.626+0000] {dag.py:3508} INFO - Setting next_dagrun for example_weekday_branch_operator to 2023-07-14T00:00:00+00:00, run_after=2023-07-15T00:00:00+00:00
[2023-07-15T16:37:32.646+0000] {processor.py:179} INFO - Processing /home/airflow/.local/lib/python3.7/site-packages/airflow/example_dags/example_branch_day_of_week_operator.py took 0.084 seconds
