[2023-07-15T16:36:32.277+0000] {processor.py:157} INFO - Started process (PID=58) to work on /home/airflow/.local/lib/python3.7/site-packages/airflow/example_dags/example_sensor_decorator.py
[2023-07-15T16:36:32.278+0000] {processor.py:826} INFO - Processing file /home/airflow/.local/lib/python3.7/site-packages/airflow/example_dags/example_sensor_decorator.py for tasks to queue
[2023-07-15T16:36:32.279+0000] {logging_mixin.py:150} INFO - [2023-07-15T16:36:32.279+0000] {dagbag.py:541} INFO - Filling up the DagBag from /home/airflow/.local/lib/python3.7/site-packages/airflow/example_dags/example_sensor_decorator.py
[2023-07-15T16:36:32.286+0000] {processor.py:836} INFO - DAG(s) dict_keys(['example_sensor_decorator']) retrieved from /home/airflow/.local/lib/python3.7/site-packages/airflow/example_dags/example_sensor_decorator.py
[2023-07-15T16:36:32.301+0000] {logging_mixin.py:150} INFO - [2023-07-15T16:36:32.300+0000] {dag.py:2742} INFO - Sync 1 DAGs
[2023-07-15T16:36:32.330+0000] {logging_mixin.py:150} INFO - [2023-07-15T16:36:32.330+0000] {dag.py:3508} INFO - Setting next_dagrun for example_sensor_decorator to None, run_after=None
[2023-07-15T16:36:32.353+0000] {processor.py:179} INFO - Processing /home/airflow/.local/lib/python3.7/site-packages/airflow/example_dags/example_sensor_decorator.py took 0.079 seconds
[2023-07-15T16:37:02.730+0000] {processor.py:157} INFO - Started process (PID=122) to work on /home/airflow/.local/lib/python3.7/site-packages/airflow/example_dags/example_sensor_decorator.py
[2023-07-15T16:37:02.732+0000] {processor.py:826} INFO - Processing file /home/airflow/.local/lib/python3.7/site-packages/airflow/example_dags/example_sensor_decorator.py for tasks to queue
[2023-07-15T16:37:02.733+0000] {logging_mixin.py:150} INFO - [2023-07-15T16:37:02.732+0000] {dagbag.py:541} INFO - Filling up the DagBag from /home/airflow/.local/lib/python3.7/site-packages/airflow/example_dags/example_sensor_decorator.py
[2023-07-15T16:37:02.742+0000] {processor.py:836} INFO - DAG(s) dict_keys(['example_sensor_decorator']) retrieved from /home/airflow/.local/lib/python3.7/site-packages/airflow/example_dags/example_sensor_decorator.py
[2023-07-15T16:37:02.776+0000] {logging_mixin.py:150} INFO - [2023-07-15T16:37:02.776+0000] {dag.py:2742} INFO - Sync 1 DAGs
[2023-07-15T16:37:02.823+0000] {logging_mixin.py:150} INFO - [2023-07-15T16:37:02.822+0000] {dag.py:3508} INFO - Setting next_dagrun for example_sensor_decorator to None, run_after=None
[2023-07-15T16:37:02.854+0000] {processor.py:179} INFO - Processing /home/airflow/.local/lib/python3.7/site-packages/airflow/example_dags/example_sensor_decorator.py took 0.127 seconds
[2023-07-15T16:37:33.852+0000] {processor.py:157} INFO - Started process (PID=188) to work on /home/airflow/.local/lib/python3.7/site-packages/airflow/example_dags/example_sensor_decorator.py
[2023-07-15T16:37:33.853+0000] {processor.py:826} INFO - Processing file /home/airflow/.local/lib/python3.7/site-packages/airflow/example_dags/example_sensor_decorator.py for tasks to queue
[2023-07-15T16:37:33.854+0000] {logging_mixin.py:150} INFO - [2023-07-15T16:37:33.854+0000] {dagbag.py:541} INFO - Filling up the DagBag from /home/airflow/.local/lib/python3.7/site-packages/airflow/example_dags/example_sensor_decorator.py
[2023-07-15T16:37:33.860+0000] {processor.py:836} INFO - DAG(s) dict_keys(['example_sensor_decorator']) retrieved from /home/airflow/.local/lib/python3.7/site-packages/airflow/example_dags/example_sensor_decorator.py
[2023-07-15T16:37:33.884+0000] {logging_mixin.py:150} INFO - [2023-07-15T16:37:33.884+0000] {dag.py:2742} INFO - Sync 1 DAGs
[2023-07-15T16:37:33.909+0000] {logging_mixin.py:150} INFO - [2023-07-15T16:37:33.909+0000] {dag.py:3508} INFO - Setting next_dagrun for example_sensor_decorator to None, run_after=None
[2023-07-15T16:37:33.932+0000] {processor.py:179} INFO - Processing /home/airflow/.local/lib/python3.7/site-packages/airflow/example_dags/example_sensor_decorator.py took 0.082 seconds
