[2023-07-15T16:36:31.229+0000] {processor.py:157} INFO - Started process (PID=43) to work on /home/airflow/.local/lib/python3.7/site-packages/airflow/example_dags/example_xcom.py
[2023-07-15T16:36:31.230+0000] {processor.py:826} INFO - Processing file /home/airflow/.local/lib/python3.7/site-packages/airflow/example_dags/example_xcom.py for tasks to queue
[2023-07-15T16:36:31.230+0000] {logging_mixin.py:150} INFO - [2023-07-15T16:36:31.230+0000] {dagbag.py:541} INFO - Filling up the DagBag from /home/airflow/.local/lib/python3.7/site-packages/airflow/example_dags/example_xcom.py
[2023-07-15T16:36:31.240+0000] {processor.py:836} INFO - DAG(s) dict_keys(['example_xcom']) retrieved from /home/airflow/.local/lib/python3.7/site-packages/airflow/example_dags/example_xcom.py
[2023-07-15T16:36:31.253+0000] {logging_mixin.py:150} INFO - [2023-07-15T16:36:31.253+0000] {dag.py:2742} INFO - Sync 1 DAGs
[2023-07-15T16:36:31.278+0000] {logging_mixin.py:150} INFO - [2023-07-15T16:36:31.278+0000] {dag.py:3508} INFO - Setting next_dagrun for example_xcom to 2021-01-01T00:00:00+00:00, run_after=2021-01-01T00:00:00+00:00
[2023-07-15T16:36:31.300+0000] {processor.py:179} INFO - Processing /home/airflow/.local/lib/python3.7/site-packages/airflow/example_dags/example_xcom.py took 0.074 seconds
[2023-07-15T16:37:01.629+0000] {processor.py:157} INFO - Started process (PID=108) to work on /home/airflow/.local/lib/python3.7/site-packages/airflow/example_dags/example_xcom.py
[2023-07-15T16:37:01.630+0000] {processor.py:826} INFO - Processing file /home/airflow/.local/lib/python3.7/site-packages/airflow/example_dags/example_xcom.py for tasks to queue
[2023-07-15T16:37:01.631+0000] {logging_mixin.py:150} INFO - [2023-07-15T16:37:01.631+0000] {dagbag.py:541} INFO - Filling up the DagBag from /home/airflow/.local/lib/python3.7/site-packages/airflow/example_dags/example_xcom.py
[2023-07-15T16:37:01.639+0000] {processor.py:836} INFO - DAG(s) dict_keys(['example_xcom']) retrieved from /home/airflow/.local/lib/python3.7/site-packages/airflow/example_dags/example_xcom.py
[2023-07-15T16:37:01.666+0000] {logging_mixin.py:150} INFO - [2023-07-15T16:37:01.666+0000] {dag.py:2742} INFO - Sync 1 DAGs
[2023-07-15T16:37:01.703+0000] {logging_mixin.py:150} INFO - [2023-07-15T16:37:01.703+0000] {dag.py:3508} INFO - Setting next_dagrun for example_xcom to 2021-01-01T00:00:00+00:00, run_after=2021-01-01T00:00:00+00:00
[2023-07-15T16:37:01.734+0000] {processor.py:179} INFO - Processing /home/airflow/.local/lib/python3.7/site-packages/airflow/example_dags/example_xcom.py took 0.109 seconds
[2023-07-15T16:37:32.063+0000] {processor.py:157} INFO - Started process (PID=173) to work on /home/airflow/.local/lib/python3.7/site-packages/airflow/example_dags/example_xcom.py
[2023-07-15T16:37:32.064+0000] {processor.py:826} INFO - Processing file /home/airflow/.local/lib/python3.7/site-packages/airflow/example_dags/example_xcom.py for tasks to queue
[2023-07-15T16:37:32.064+0000] {logging_mixin.py:150} INFO - [2023-07-15T16:37:32.064+0000] {dagbag.py:541} INFO - Filling up the DagBag from /home/airflow/.local/lib/python3.7/site-packages/airflow/example_dags/example_xcom.py
[2023-07-15T16:37:32.072+0000] {processor.py:836} INFO - DAG(s) dict_keys(['example_xcom']) retrieved from /home/airflow/.local/lib/python3.7/site-packages/airflow/example_dags/example_xcom.py
[2023-07-15T16:37:32.095+0000] {logging_mixin.py:150} INFO - [2023-07-15T16:37:32.095+0000] {dag.py:2742} INFO - Sync 1 DAGs
[2023-07-15T16:37:32.117+0000] {logging_mixin.py:150} INFO - [2023-07-15T16:37:32.117+0000] {dag.py:3508} INFO - Setting next_dagrun for example_xcom to 2021-01-01T00:00:00+00:00, run_after=2021-01-01T00:00:00+00:00
[2023-07-15T16:37:32.135+0000] {processor.py:179} INFO - Processing /home/airflow/.local/lib/python3.7/site-packages/airflow/example_dags/example_xcom.py took 0.076 seconds
