[2023-07-15T16:36:31.509+0000] {processor.py:157} INFO - Started process (PID=49) to work on /home/airflow/.local/lib/python3.7/site-packages/airflow/example_dags/example_task_group.py
[2023-07-15T16:36:31.510+0000] {processor.py:826} INFO - Processing file /home/airflow/.local/lib/python3.7/site-packages/airflow/example_dags/example_task_group.py for tasks to queue
[2023-07-15T16:36:31.511+0000] {logging_mixin.py:150} INFO - [2023-07-15T16:36:31.511+0000] {dagbag.py:541} INFO - Filling up the DagBag from /home/airflow/.local/lib/python3.7/site-packages/airflow/example_dags/example_task_group.py
[2023-07-15T16:36:31.522+0000] {processor.py:836} INFO - DAG(s) dict_keys(['example_task_group']) retrieved from /home/airflow/.local/lib/python3.7/site-packages/airflow/example_dags/example_task_group.py
[2023-07-15T16:36:31.535+0000] {logging_mixin.py:150} INFO - [2023-07-15T16:36:31.535+0000] {dag.py:2742} INFO - Sync 1 DAGs
[2023-07-15T16:36:31.560+0000] {logging_mixin.py:150} INFO - [2023-07-15T16:36:31.560+0000] {dag.py:3508} INFO - Setting next_dagrun for example_task_group to 2023-07-14T16:36:31.560382+00:00, run_after=2023-07-15T16:36:31.560382+00:00
[2023-07-15T16:36:31.581+0000] {processor.py:179} INFO - Processing /home/airflow/.local/lib/python3.7/site-packages/airflow/example_dags/example_task_group.py took 0.075 seconds
[2023-07-15T16:37:02.064+0000] {processor.py:157} INFO - Started process (PID=114) to work on /home/airflow/.local/lib/python3.7/site-packages/airflow/example_dags/example_task_group.py
[2023-07-15T16:37:02.065+0000] {processor.py:826} INFO - Processing file /home/airflow/.local/lib/python3.7/site-packages/airflow/example_dags/example_task_group.py for tasks to queue
[2023-07-15T16:37:02.066+0000] {logging_mixin.py:150} INFO - [2023-07-15T16:37:02.066+0000] {dagbag.py:541} INFO - Filling up the DagBag from /home/airflow/.local/lib/python3.7/site-packages/airflow/example_dags/example_task_group.py
[2023-07-15T16:37:02.077+0000] {processor.py:836} INFO - DAG(s) dict_keys(['example_task_group']) retrieved from /home/airflow/.local/lib/python3.7/site-packages/airflow/example_dags/example_task_group.py
[2023-07-15T16:37:02.104+0000] {logging_mixin.py:150} INFO - [2023-07-15T16:37:02.103+0000] {dag.py:2742} INFO - Sync 1 DAGs
[2023-07-15T16:37:02.133+0000] {logging_mixin.py:150} INFO - [2023-07-15T16:37:02.133+0000] {dag.py:3508} INFO - Setting next_dagrun for example_task_group to 2023-07-14T16:37:02.133337+00:00, run_after=2023-07-15T16:37:02.133337+00:00
[2023-07-15T16:37:02.157+0000] {processor.py:179} INFO - Processing /home/airflow/.local/lib/python3.7/site-packages/airflow/example_dags/example_task_group.py took 0.097 seconds
[2023-07-15T16:37:32.368+0000] {processor.py:157} INFO - Started process (PID=179) to work on /home/airflow/.local/lib/python3.7/site-packages/airflow/example_dags/example_task_group.py
[2023-07-15T16:37:32.368+0000] {processor.py:826} INFO - Processing file /home/airflow/.local/lib/python3.7/site-packages/airflow/example_dags/example_task_group.py for tasks to queue
[2023-07-15T16:37:32.369+0000] {logging_mixin.py:150} INFO - [2023-07-15T16:37:32.369+0000] {dagbag.py:541} INFO - Filling up the DagBag from /home/airflow/.local/lib/python3.7/site-packages/airflow/example_dags/example_task_group.py
[2023-07-15T16:37:32.377+0000] {processor.py:836} INFO - DAG(s) dict_keys(['example_task_group']) retrieved from /home/airflow/.local/lib/python3.7/site-packages/airflow/example_dags/example_task_group.py
[2023-07-15T16:37:32.399+0000] {logging_mixin.py:150} INFO - [2023-07-15T16:37:32.399+0000] {dag.py:2742} INFO - Sync 1 DAGs
[2023-07-15T16:37:32.422+0000] {logging_mixin.py:150} INFO - [2023-07-15T16:37:32.422+0000] {dag.py:3508} INFO - Setting next_dagrun for example_task_group to 2023-07-14T16:37:32.421798+00:00, run_after=2023-07-15T16:37:32.421798+00:00
[2023-07-15T16:37:32.441+0000] {processor.py:179} INFO - Processing /home/airflow/.local/lib/python3.7/site-packages/airflow/example_dags/example_task_group.py took 0.076 seconds
