[2023-07-15T16:36:31.006+0000] {processor.py:157} INFO - Started process (PID=38) to work on /home/airflow/.local/lib/python3.7/site-packages/airflow/example_dags/example_datasets.py
[2023-07-15T16:36:31.006+0000] {processor.py:826} INFO - Processing file /home/airflow/.local/lib/python3.7/site-packages/airflow/example_dags/example_datasets.py for tasks to queue
[2023-07-15T16:36:31.007+0000] {logging_mixin.py:150} INFO - [2023-07-15T16:36:31.007+0000] {dagbag.py:541} INFO - Filling up the DagBag from /home/airflow/.local/lib/python3.7/site-packages/airflow/example_dags/example_datasets.py
[2023-07-15T16:36:31.021+0000] {processor.py:836} INFO - DAG(s) dict_keys(['dataset_produces_1', 'dataset_consumes_1', 'dataset_produces_2', 'dataset_consumes_unknown_never_scheduled', 'dataset_consumes_1_never_scheduled', 'dataset_consumes_1_and_2']) retrieved from /home/airflow/.local/lib/python3.7/site-packages/airflow/example_dags/example_datasets.py
[2023-07-15T16:36:31.040+0000] {logging_mixin.py:150} INFO - [2023-07-15T16:36:31.040+0000] {dag.py:2742} INFO - Sync 6 DAGs
[2023-07-15T16:36:31.070+0000] {logging_mixin.py:150} INFO - [2023-07-15T16:36:31.070+0000] {dag.py:3508} INFO - Setting next_dagrun for dataset_consumes_1 to None, run_after=None
[2023-07-15T16:36:31.074+0000] {logging_mixin.py:150} INFO - [2023-07-15T16:36:31.074+0000] {dag.py:3508} INFO - Setting next_dagrun for dataset_consumes_1_and_2 to None, run_after=None
[2023-07-15T16:36:31.077+0000] {logging_mixin.py:150} INFO - [2023-07-15T16:36:31.076+0000] {dag.py:3508} INFO - Setting next_dagrun for dataset_consumes_1_never_scheduled to None, run_after=None
[2023-07-15T16:36:31.078+0000] {logging_mixin.py:150} INFO - [2023-07-15T16:36:31.078+0000] {dag.py:3508} INFO - Setting next_dagrun for dataset_consumes_unknown_never_scheduled to None, run_after=None
[2023-07-15T16:36:31.081+0000] {logging_mixin.py:150} INFO - [2023-07-15T16:36:31.081+0000] {dag.py:3508} INFO - Setting next_dagrun for dataset_produces_1 to 2023-07-14T00:00:00+00:00, run_after=2023-07-15T00:00:00+00:00
[2023-07-15T16:36:31.082+0000] {logging_mixin.py:150} INFO - [2023-07-15T16:36:31.082+0000] {dag.py:3508} INFO - Setting next_dagrun for dataset_produces_2 to None, run_after=None
[2023-07-15T16:36:31.117+0000] {processor.py:179} INFO - Processing /home/airflow/.local/lib/python3.7/site-packages/airflow/example_dags/example_datasets.py took 0.115 seconds
[2023-07-15T16:37:01.138+0000] {processor.py:157} INFO - Started process (PID=103) to work on /home/airflow/.local/lib/python3.7/site-packages/airflow/example_dags/example_datasets.py
[2023-07-15T16:37:01.139+0000] {processor.py:826} INFO - Processing file /home/airflow/.local/lib/python3.7/site-packages/airflow/example_dags/example_datasets.py for tasks to queue
[2023-07-15T16:37:01.140+0000] {logging_mixin.py:150} INFO - [2023-07-15T16:37:01.140+0000] {dagbag.py:541} INFO - Filling up the DagBag from /home/airflow/.local/lib/python3.7/site-packages/airflow/example_dags/example_datasets.py
[2023-07-15T16:37:01.149+0000] {processor.py:836} INFO - DAG(s) dict_keys(['dataset_consumes_1', 'dataset_produces_1', 'dataset_produces_2', 'dataset_consumes_unknown_never_scheduled', 'dataset_consumes_1_never_scheduled', 'dataset_consumes_1_and_2']) retrieved from /home/airflow/.local/lib/python3.7/site-packages/airflow/example_dags/example_datasets.py
[2023-07-15T16:37:01.191+0000] {logging_mixin.py:150} INFO - [2023-07-15T16:37:01.191+0000] {dag.py:2742} INFO - Sync 6 DAGs
[2023-07-15T16:37:01.218+0000] {logging_mixin.py:150} INFO - [2023-07-15T16:37:01.218+0000] {dag.py:3508} INFO - Setting next_dagrun for dataset_consumes_1 to None, run_after=None
[2023-07-15T16:37:01.222+0000] {logging_mixin.py:150} INFO - [2023-07-15T16:37:01.222+0000] {dag.py:3508} INFO - Setting next_dagrun for dataset_consumes_1_and_2 to None, run_after=None
[2023-07-15T16:37:01.223+0000] {logging_mixin.py:150} INFO - [2023-07-15T16:37:01.223+0000] {dag.py:3508} INFO - Setting next_dagrun for dataset_consumes_1_never_scheduled to None, run_after=None
[2023-07-15T16:37:01.224+0000] {logging_mixin.py:150} INFO - [2023-07-15T16:37:01.224+0000] {dag.py:3508} INFO - Setting next_dagrun for dataset_consumes_unknown_never_scheduled to None, run_after=None
[2023-07-15T16:37:01.227+0000] {logging_mixin.py:150} INFO - [2023-07-15T16:37:01.227+0000] {dag.py:3508} INFO - Setting next_dagrun for dataset_produces_1 to 2023-07-14T00:00:00+00:00, run_after=2023-07-15T00:00:00+00:00
[2023-07-15T16:37:01.228+0000] {logging_mixin.py:150} INFO - [2023-07-15T16:37:01.228+0000] {dag.py:3508} INFO - Setting next_dagrun for dataset_produces_2 to None, run_after=None
[2023-07-15T16:37:01.267+0000] {processor.py:179} INFO - Processing /home/airflow/.local/lib/python3.7/site-packages/airflow/example_dags/example_datasets.py took 0.132 seconds
[2023-07-15T16:37:31.740+0000] {processor.py:157} INFO - Started process (PID=168) to work on /home/airflow/.local/lib/python3.7/site-packages/airflow/example_dags/example_datasets.py
[2023-07-15T16:37:31.741+0000] {processor.py:826} INFO - Processing file /home/airflow/.local/lib/python3.7/site-packages/airflow/example_dags/example_datasets.py for tasks to queue
[2023-07-15T16:37:31.742+0000] {logging_mixin.py:150} INFO - [2023-07-15T16:37:31.742+0000] {dagbag.py:541} INFO - Filling up the DagBag from /home/airflow/.local/lib/python3.7/site-packages/airflow/example_dags/example_datasets.py
[2023-07-15T16:37:31.750+0000] {processor.py:836} INFO - DAG(s) dict_keys(['dataset_consumes_1_never_scheduled', 'dataset_consumes_unknown_never_scheduled', 'dataset_consumes_1_and_2', 'dataset_produces_2', 'dataset_produces_1', 'dataset_consumes_1']) retrieved from /home/airflow/.local/lib/python3.7/site-packages/airflow/example_dags/example_datasets.py
[2023-07-15T16:37:31.789+0000] {logging_mixin.py:150} INFO - [2023-07-15T16:37:31.789+0000] {dag.py:2742} INFO - Sync 6 DAGs
[2023-07-15T16:37:31.815+0000] {logging_mixin.py:150} INFO - [2023-07-15T16:37:31.815+0000] {dag.py:3508} INFO - Setting next_dagrun for dataset_consumes_1 to None, run_after=None
[2023-07-15T16:37:31.818+0000] {logging_mixin.py:150} INFO - [2023-07-15T16:37:31.818+0000] {dag.py:3508} INFO - Setting next_dagrun for dataset_consumes_1_and_2 to None, run_after=None
[2023-07-15T16:37:31.819+0000] {logging_mixin.py:150} INFO - [2023-07-15T16:37:31.819+0000] {dag.py:3508} INFO - Setting next_dagrun for dataset_consumes_1_never_scheduled to None, run_after=None
[2023-07-15T16:37:31.821+0000] {logging_mixin.py:150} INFO - [2023-07-15T16:37:31.821+0000] {dag.py:3508} INFO - Setting next_dagrun for dataset_consumes_unknown_never_scheduled to None, run_after=None
[2023-07-15T16:37:31.824+0000] {logging_mixin.py:150} INFO - [2023-07-15T16:37:31.824+0000] {dag.py:3508} INFO - Setting next_dagrun for dataset_produces_1 to 2023-07-14T00:00:00+00:00, run_after=2023-07-15T00:00:00+00:00
[2023-07-15T16:37:31.825+0000] {logging_mixin.py:150} INFO - [2023-07-15T16:37:31.825+0000] {dag.py:3508} INFO - Setting next_dagrun for dataset_produces_2 to None, run_after=None
[2023-07-15T16:37:31.858+0000] {processor.py:179} INFO - Processing /home/airflow/.local/lib/python3.7/site-packages/airflow/example_dags/example_datasets.py took 0.121 seconds
