[2023-07-15T16:36:31.008+0000] {processor.py:157} INFO - Started process (PID=39) to work on /home/airflow/.local/lib/python3.7/site-packages/airflow/example_dags/example_branch_labels.py
[2023-07-15T16:36:31.009+0000] {processor.py:826} INFO - Processing file /home/airflow/.local/lib/python3.7/site-packages/airflow/example_dags/example_branch_labels.py for tasks to queue
[2023-07-15T16:36:31.010+0000] {logging_mixin.py:150} INFO - [2023-07-15T16:36:31.010+0000] {dagbag.py:541} INFO - Filling up the DagBag from /home/airflow/.local/lib/python3.7/site-packages/airflow/example_dags/example_branch_labels.py
[2023-07-15T16:36:31.023+0000] {processor.py:836} INFO - DAG(s) dict_keys(['example_branch_labels']) retrieved from /home/airflow/.local/lib/python3.7/site-packages/airflow/example_dags/example_branch_labels.py
[2023-07-15T16:36:31.039+0000] {logging_mixin.py:150} INFO - [2023-07-15T16:36:31.039+0000] {dag.py:2742} INFO - Sync 1 DAGs
[2023-07-15T16:36:31.072+0000] {logging_mixin.py:150} INFO - [2023-07-15T16:36:31.072+0000] {dag.py:3508} INFO - Setting next_dagrun for example_branch_labels to 2023-07-14T00:00:00+00:00, run_after=2023-07-15T00:00:00+00:00
[2023-07-15T16:36:31.094+0000] {processor.py:179} INFO - Processing /home/airflow/.local/lib/python3.7/site-packages/airflow/example_dags/example_branch_labels.py took 0.090 seconds
[2023-07-15T16:37:01.195+0000] {processor.py:157} INFO - Started process (PID=104) to work on /home/airflow/.local/lib/python3.7/site-packages/airflow/example_dags/example_branch_labels.py
[2023-07-15T16:37:01.196+0000] {processor.py:826} INFO - Processing file /home/airflow/.local/lib/python3.7/site-packages/airflow/example_dags/example_branch_labels.py for tasks to queue
[2023-07-15T16:37:01.197+0000] {logging_mixin.py:150} INFO - [2023-07-15T16:37:01.196+0000] {dagbag.py:541} INFO - Filling up the DagBag from /home/airflow/.local/lib/python3.7/site-packages/airflow/example_dags/example_branch_labels.py
[2023-07-15T16:37:01.204+0000] {processor.py:836} INFO - DAG(s) dict_keys(['example_branch_labels']) retrieved from /home/airflow/.local/lib/python3.7/site-packages/airflow/example_dags/example_branch_labels.py
[2023-07-15T16:37:01.231+0000] {logging_mixin.py:150} INFO - [2023-07-15T16:37:01.230+0000] {dag.py:2742} INFO - Sync 1 DAGs
[2023-07-15T16:37:01.259+0000] {logging_mixin.py:150} INFO - [2023-07-15T16:37:01.259+0000] {dag.py:3508} INFO - Setting next_dagrun for example_branch_labels to 2023-07-14T00:00:00+00:00, run_after=2023-07-15T00:00:00+00:00
[2023-07-15T16:37:01.283+0000] {processor.py:179} INFO - Processing /home/airflow/.local/lib/python3.7/site-packages/airflow/example_dags/example_branch_labels.py took 0.091 seconds
[2023-07-15T16:37:31.791+0000] {processor.py:157} INFO - Started process (PID=169) to work on /home/airflow/.local/lib/python3.7/site-packages/airflow/example_dags/example_branch_labels.py
[2023-07-15T16:37:31.791+0000] {processor.py:826} INFO - Processing file /home/airflow/.local/lib/python3.7/site-packages/airflow/example_dags/example_branch_labels.py for tasks to queue
[2023-07-15T16:37:31.792+0000] {logging_mixin.py:150} INFO - [2023-07-15T16:37:31.792+0000] {dagbag.py:541} INFO - Filling up the DagBag from /home/airflow/.local/lib/python3.7/site-packages/airflow/example_dags/example_branch_labels.py
[2023-07-15T16:37:31.799+0000] {processor.py:836} INFO - DAG(s) dict_keys(['example_branch_labels']) retrieved from /home/airflow/.local/lib/python3.7/site-packages/airflow/example_dags/example_branch_labels.py
[2023-07-15T16:37:31.825+0000] {logging_mixin.py:150} INFO - [2023-07-15T16:37:31.825+0000] {dag.py:2742} INFO - Sync 1 DAGs
[2023-07-15T16:37:31.849+0000] {logging_mixin.py:150} INFO - [2023-07-15T16:37:31.849+0000] {dag.py:3508} INFO - Setting next_dagrun for example_branch_labels to 2023-07-14T00:00:00+00:00, run_after=2023-07-15T00:00:00+00:00
[2023-07-15T16:37:31.866+0000] {processor.py:179} INFO - Processing /home/airflow/.local/lib/python3.7/site-packages/airflow/example_dags/example_branch_labels.py took 0.079 seconds
