[2023-07-15T16:36:30.688+0000] {processor.py:157} INFO - Started process (PID=33) to work on /home/airflow/.local/lib/python3.7/site-packages/airflow/example_dags/example_sensors.py
[2023-07-15T16:36:30.689+0000] {processor.py:826} INFO - Processing file /home/airflow/.local/lib/python3.7/site-packages/airflow/example_dags/example_sensors.py for tasks to queue
[2023-07-15T16:36:30.690+0000] {logging_mixin.py:150} INFO - [2023-07-15T16:36:30.690+0000] {dagbag.py:541} INFO - Filling up the DagBag from /home/airflow/.local/lib/python3.7/site-packages/airflow/example_dags/example_sensors.py
[2023-07-15T16:36:30.702+0000] {processor.py:836} INFO - DAG(s) dict_keys(['example_sensors']) retrieved from /home/airflow/.local/lib/python3.7/site-packages/airflow/example_dags/example_sensors.py
[2023-07-15T16:36:30.715+0000] {logging_mixin.py:150} INFO - [2023-07-15T16:36:30.715+0000] {dag.py:2742} INFO - Sync 1 DAGs
[2023-07-15T16:36:30.740+0000] {logging_mixin.py:150} INFO - [2023-07-15T16:36:30.739+0000] {dag.py:3508} INFO - Setting next_dagrun for example_sensors to None, run_after=None
[2023-07-15T16:36:30.761+0000] {processor.py:179} INFO - Processing /home/airflow/.local/lib/python3.7/site-packages/airflow/example_dags/example_sensors.py took 0.075 seconds
[2023-07-15T16:37:00.813+0000] {processor.py:157} INFO - Started process (PID=98) to work on /home/airflow/.local/lib/python3.7/site-packages/airflow/example_dags/example_sensors.py
[2023-07-15T16:37:00.814+0000] {processor.py:826} INFO - Processing file /home/airflow/.local/lib/python3.7/site-packages/airflow/example_dags/example_sensors.py for tasks to queue
[2023-07-15T16:37:00.815+0000] {logging_mixin.py:150} INFO - [2023-07-15T16:37:00.815+0000] {dagbag.py:541} INFO - Filling up the DagBag from /home/airflow/.local/lib/python3.7/site-packages/airflow/example_dags/example_sensors.py
[2023-07-15T16:37:00.826+0000] {processor.py:836} INFO - DAG(s) dict_keys(['example_sensors']) retrieved from /home/airflow/.local/lib/python3.7/site-packages/airflow/example_dags/example_sensors.py
[2023-07-15T16:37:00.852+0000] {logging_mixin.py:150} INFO - [2023-07-15T16:37:00.852+0000] {dag.py:2742} INFO - Sync 1 DAGs
[2023-07-15T16:37:00.878+0000] {logging_mixin.py:150} INFO - [2023-07-15T16:37:00.878+0000] {dag.py:3508} INFO - Setting next_dagrun for example_sensors to None, run_after=None
[2023-07-15T16:37:00.899+0000] {processor.py:179} INFO - Processing /home/airflow/.local/lib/python3.7/site-packages/airflow/example_dags/example_sensors.py took 0.090 seconds
[2023-07-15T16:37:31.435+0000] {processor.py:157} INFO - Started process (PID=163) to work on /home/airflow/.local/lib/python3.7/site-packages/airflow/example_dags/example_sensors.py
[2023-07-15T16:37:31.436+0000] {processor.py:826} INFO - Processing file /home/airflow/.local/lib/python3.7/site-packages/airflow/example_dags/example_sensors.py for tasks to queue
[2023-07-15T16:37:31.437+0000] {logging_mixin.py:150} INFO - [2023-07-15T16:37:31.436+0000] {dagbag.py:541} INFO - Filling up the DagBag from /home/airflow/.local/lib/python3.7/site-packages/airflow/example_dags/example_sensors.py
[2023-07-15T16:37:31.446+0000] {processor.py:836} INFO - DAG(s) dict_keys(['example_sensors']) retrieved from /home/airflow/.local/lib/python3.7/site-packages/airflow/example_dags/example_sensors.py
[2023-07-15T16:37:31.472+0000] {logging_mixin.py:150} INFO - [2023-07-15T16:37:31.472+0000] {dag.py:2742} INFO - Sync 1 DAGs
[2023-07-15T16:37:31.495+0000] {logging_mixin.py:150} INFO - [2023-07-15T16:37:31.495+0000] {dag.py:3508} INFO - Setting next_dagrun for example_sensors to None, run_after=None
[2023-07-15T16:37:31.512+0000] {processor.py:179} INFO - Processing /home/airflow/.local/lib/python3.7/site-packages/airflow/example_dags/example_sensors.py took 0.080 seconds
