[2023-07-15T16:36:33.372+0000] {processor.py:157} INFO - Started process (PID=72) to work on /home/airflow/.local/lib/python3.7/site-packages/airflow/example_dags/tutorial.py
[2023-07-15T16:36:33.373+0000] {processor.py:826} INFO - Processing file /home/airflow/.local/lib/python3.7/site-packages/airflow/example_dags/tutorial.py for tasks to queue
[2023-07-15T16:36:33.374+0000] {logging_mixin.py:150} INFO - [2023-07-15T16:36:33.374+0000] {dagbag.py:541} INFO - Filling up the DagBag from /home/airflow/.local/lib/python3.7/site-packages/airflow/example_dags/tutorial.py
[2023-07-15T16:36:33.380+0000] {processor.py:836} INFO - DAG(s) dict_keys(['tutorial']) retrieved from /home/airflow/.local/lib/python3.7/site-packages/airflow/example_dags/tutorial.py
[2023-07-15T16:36:33.394+0000] {logging_mixin.py:150} INFO - [2023-07-15T16:36:33.394+0000] {dag.py:2742} INFO - Sync 1 DAGs
[2023-07-15T16:36:33.424+0000] {logging_mixin.py:150} INFO - [2023-07-15T16:36:33.424+0000] {dag.py:3508} INFO - Setting next_dagrun for tutorial to 2023-07-14T16:36:33.424438+00:00, run_after=2023-07-15T16:36:33.424438+00:00
[2023-07-15T16:36:33.448+0000] {processor.py:179} INFO - Processing /home/airflow/.local/lib/python3.7/site-packages/airflow/example_dags/tutorial.py took 0.079 seconds
[2023-07-15T16:37:04.042+0000] {processor.py:157} INFO - Started process (PID=137) to work on /home/airflow/.local/lib/python3.7/site-packages/airflow/example_dags/tutorial.py
[2023-07-15T16:37:04.043+0000] {processor.py:826} INFO - Processing file /home/airflow/.local/lib/python3.7/site-packages/airflow/example_dags/tutorial.py for tasks to queue
[2023-07-15T16:37:04.044+0000] {logging_mixin.py:150} INFO - [2023-07-15T16:37:04.044+0000] {dagbag.py:541} INFO - Filling up the DagBag from /home/airflow/.local/lib/python3.7/site-packages/airflow/example_dags/tutorial.py
[2023-07-15T16:37:04.051+0000] {processor.py:836} INFO - DAG(s) dict_keys(['tutorial']) retrieved from /home/airflow/.local/lib/python3.7/site-packages/airflow/example_dags/tutorial.py
[2023-07-15T16:37:04.078+0000] {logging_mixin.py:150} INFO - [2023-07-15T16:37:04.078+0000] {dag.py:2742} INFO - Sync 1 DAGs
[2023-07-15T16:37:04.104+0000] {logging_mixin.py:150} INFO - [2023-07-15T16:37:04.104+0000] {dag.py:3508} INFO - Setting next_dagrun for tutorial to 2023-07-14T16:37:04.104193+00:00, run_after=2023-07-15T16:37:04.104193+00:00
[2023-07-15T16:37:04.123+0000] {processor.py:179} INFO - Processing /home/airflow/.local/lib/python3.7/site-packages/airflow/example_dags/tutorial.py took 0.085 seconds
[2023-07-15T16:37:34.912+0000] {processor.py:157} INFO - Started process (PID=202) to work on /home/airflow/.local/lib/python3.7/site-packages/airflow/example_dags/tutorial.py
[2023-07-15T16:37:34.913+0000] {processor.py:826} INFO - Processing file /home/airflow/.local/lib/python3.7/site-packages/airflow/example_dags/tutorial.py for tasks to queue
[2023-07-15T16:37:34.914+0000] {logging_mixin.py:150} INFO - [2023-07-15T16:37:34.914+0000] {dagbag.py:541} INFO - Filling up the DagBag from /home/airflow/.local/lib/python3.7/site-packages/airflow/example_dags/tutorial.py
[2023-07-15T16:37:34.921+0000] {processor.py:836} INFO - DAG(s) dict_keys(['tutorial']) retrieved from /home/airflow/.local/lib/python3.7/site-packages/airflow/example_dags/tutorial.py
[2023-07-15T16:37:34.947+0000] {logging_mixin.py:150} INFO - [2023-07-15T16:37:34.946+0000] {dag.py:2742} INFO - Sync 1 DAGs
[2023-07-15T16:37:34.975+0000] {logging_mixin.py:150} INFO - [2023-07-15T16:37:34.974+0000] {dag.py:3508} INFO - Setting next_dagrun for tutorial to 2023-07-14T16:37:34.974435+00:00, run_after=2023-07-15T16:37:34.974435+00:00
[2023-07-15T16:37:34.998+0000] {processor.py:179} INFO - Processing /home/airflow/.local/lib/python3.7/site-packages/airflow/example_dags/tutorial.py took 0.091 seconds
