[2023-07-15T16:36:31.505+0000] {processor.py:157} INFO - Started process (PID=48) to work on /home/airflow/.local/lib/python3.7/site-packages/airflow/example_dags/tutorial_dag.py
[2023-07-15T16:36:31.505+0000] {processor.py:826} INFO - Processing file /home/airflow/.local/lib/python3.7/site-packages/airflow/example_dags/tutorial_dag.py for tasks to queue
[2023-07-15T16:36:31.506+0000] {logging_mixin.py:150} INFO - [2023-07-15T16:36:31.506+0000] {dagbag.py:541} INFO - Filling up the DagBag from /home/airflow/.local/lib/python3.7/site-packages/airflow/example_dags/tutorial_dag.py
[2023-07-15T16:36:31.514+0000] {processor.py:836} INFO - DAG(s) dict_keys(['tutorial_dag']) retrieved from /home/airflow/.local/lib/python3.7/site-packages/airflow/example_dags/tutorial_dag.py
[2023-07-15T16:36:31.527+0000] {logging_mixin.py:150} INFO - [2023-07-15T16:36:31.527+0000] {dag.py:2742} INFO - Sync 1 DAGs
[2023-07-15T16:36:31.554+0000] {logging_mixin.py:150} INFO - [2023-07-15T16:36:31.554+0000] {dag.py:3508} INFO - Setting next_dagrun for tutorial_dag to None, run_after=None
[2023-07-15T16:36:31.575+0000] {processor.py:179} INFO - Processing /home/airflow/.local/lib/python3.7/site-packages/airflow/example_dags/tutorial_dag.py took 0.074 seconds
[2023-07-15T16:37:02.035+0000] {processor.py:157} INFO - Started process (PID=113) to work on /home/airflow/.local/lib/python3.7/site-packages/airflow/example_dags/tutorial_dag.py
[2023-07-15T16:37:02.037+0000] {processor.py:826} INFO - Processing file /home/airflow/.local/lib/python3.7/site-packages/airflow/example_dags/tutorial_dag.py for tasks to queue
[2023-07-15T16:37:02.038+0000] {logging_mixin.py:150} INFO - [2023-07-15T16:37:02.038+0000] {dagbag.py:541} INFO - Filling up the DagBag from /home/airflow/.local/lib/python3.7/site-packages/airflow/example_dags/tutorial_dag.py
[2023-07-15T16:37:02.046+0000] {processor.py:836} INFO - DAG(s) dict_keys(['tutorial_dag']) retrieved from /home/airflow/.local/lib/python3.7/site-packages/airflow/example_dags/tutorial_dag.py
[2023-07-15T16:37:02.075+0000] {logging_mixin.py:150} INFO - [2023-07-15T16:37:02.075+0000] {dag.py:2742} INFO - Sync 1 DAGs
[2023-07-15T16:37:02.104+0000] {logging_mixin.py:150} INFO - [2023-07-15T16:37:02.104+0000] {dag.py:3508} INFO - Setting next_dagrun for tutorial_dag to None, run_after=None
[2023-07-15T16:37:02.127+0000] {processor.py:179} INFO - Processing /home/airflow/.local/lib/python3.7/site-packages/airflow/example_dags/tutorial_dag.py took 0.096 seconds
[2023-07-15T16:37:32.285+0000] {processor.py:157} INFO - Started process (PID=178) to work on /home/airflow/.local/lib/python3.7/site-packages/airflow/example_dags/tutorial_dag.py
[2023-07-15T16:37:32.286+0000] {processor.py:826} INFO - Processing file /home/airflow/.local/lib/python3.7/site-packages/airflow/example_dags/tutorial_dag.py for tasks to queue
[2023-07-15T16:37:32.286+0000] {logging_mixin.py:150} INFO - [2023-07-15T16:37:32.286+0000] {dagbag.py:541} INFO - Filling up the DagBag from /home/airflow/.local/lib/python3.7/site-packages/airflow/example_dags/tutorial_dag.py
[2023-07-15T16:37:32.291+0000] {processor.py:836} INFO - DAG(s) dict_keys(['tutorial_dag']) retrieved from /home/airflow/.local/lib/python3.7/site-packages/airflow/example_dags/tutorial_dag.py
[2023-07-15T16:37:32.313+0000] {logging_mixin.py:150} INFO - [2023-07-15T16:37:32.313+0000] {dag.py:2742} INFO - Sync 1 DAGs
[2023-07-15T16:37:32.336+0000] {logging_mixin.py:150} INFO - [2023-07-15T16:37:32.336+0000] {dag.py:3508} INFO - Setting next_dagrun for tutorial_dag to None, run_after=None
[2023-07-15T16:37:32.354+0000] {processor.py:179} INFO - Processing /home/airflow/.local/lib/python3.7/site-packages/airflow/example_dags/tutorial_dag.py took 0.072 seconds
