[2023-07-15T19:35:57.916+0000] {processor.py:157} INFO - Started process (PID=36) to work on /opt/airflow/dags/dag_kmens_spark.py
[2023-07-15T19:35:57.917+0000] {processor.py:826} INFO - Processing file /opt/airflow/dags/dag_kmens_spark.py for tasks to queue
[2023-07-15T19:35:57.918+0000] {logging_mixin.py:150} INFO - [2023-07-15T19:35:57.918+0000] {dagbag.py:541} INFO - Filling up the DagBag from /opt/airflow/dags/dag_kmens_spark.py
[2023-07-15T19:35:57.930+0000] {processor.py:836} INFO - DAG(s) dict_keys(['algoritmo_kmeans_pyspark']) retrieved from /opt/airflow/dags/dag_kmens_spark.py
[2023-07-15T19:35:58.055+0000] {logging_mixin.py:150} INFO - [2023-07-15T19:35:58.054+0000] {manager.py:504} INFO - Created Permission View: can edit on DAG:algoritmo_kmeans_pyspark
[2023-07-15T19:35:58.069+0000] {logging_mixin.py:150} INFO - [2023-07-15T19:35:58.068+0000] {manager.py:504} INFO - Created Permission View: can delete on DAG:algoritmo_kmeans_pyspark
[2023-07-15T19:35:58.076+0000] {logging_mixin.py:150} INFO - [2023-07-15T19:35:58.076+0000] {manager.py:504} INFO - Created Permission View: can read on DAG:algoritmo_kmeans_pyspark
[2023-07-15T19:35:58.091+0000] {logging_mixin.py:150} INFO - [2023-07-15T19:35:58.091+0000] {dag.py:2742} INFO - Sync 1 DAGs
[2023-07-15T19:35:58.106+0000] {logging_mixin.py:150} INFO - [2023-07-15T19:35:58.105+0000] {dag.py:2763} INFO - Creating ORM DAG for algoritmo_kmeans_pyspark
[2023-07-15T19:35:58.117+0000] {logging_mixin.py:150} INFO - [2023-07-15T19:35:58.117+0000] {dag.py:3508} INFO - Setting next_dagrun for algoritmo_kmeans_pyspark to None, run_after=None
[2023-07-15T19:35:58.133+0000] {processor.py:179} INFO - Processing /opt/airflow/dags/dag_kmens_spark.py took 0.220 seconds
[2023-07-15T19:36:28.774+0000] {processor.py:157} INFO - Started process (PID=106) to work on /opt/airflow/dags/dag_kmens_spark.py
[2023-07-15T19:36:28.775+0000] {processor.py:826} INFO - Processing file /opt/airflow/dags/dag_kmens_spark.py for tasks to queue
[2023-07-15T19:36:28.776+0000] {logging_mixin.py:150} INFO - [2023-07-15T19:36:28.776+0000] {dagbag.py:541} INFO - Filling up the DagBag from /opt/airflow/dags/dag_kmens_spark.py
[2023-07-15T19:36:28.784+0000] {processor.py:836} INFO - DAG(s) dict_keys(['algoritmo_kmeans_pyspark']) retrieved from /opt/airflow/dags/dag_kmens_spark.py
[2023-07-15T19:36:28.811+0000] {logging_mixin.py:150} INFO - [2023-07-15T19:36:28.810+0000] {dag.py:2742} INFO - Sync 1 DAGs
[2023-07-15T19:36:28.834+0000] {logging_mixin.py:150} INFO - [2023-07-15T19:36:28.834+0000] {dag.py:3508} INFO - Setting next_dagrun for algoritmo_kmeans_pyspark to None, run_after=None
[2023-07-15T19:36:28.851+0000] {processor.py:179} INFO - Processing /opt/airflow/dags/dag_kmens_spark.py took 0.080 seconds
[2023-07-15T19:36:59.277+0000] {processor.py:157} INFO - Started process (PID=144) to work on /opt/airflow/dags/dag_kmens_spark.py
[2023-07-15T19:36:59.277+0000] {processor.py:826} INFO - Processing file /opt/airflow/dags/dag_kmens_spark.py for tasks to queue
[2023-07-15T19:36:59.278+0000] {logging_mixin.py:150} INFO - [2023-07-15T19:36:59.278+0000] {dagbag.py:541} INFO - Filling up the DagBag from /opt/airflow/dags/dag_kmens_spark.py
[2023-07-15T19:36:59.287+0000] {processor.py:836} INFO - DAG(s) dict_keys(['algoritmo_kmeans_pyspark']) retrieved from /opt/airflow/dags/dag_kmens_spark.py
[2023-07-15T19:36:59.312+0000] {logging_mixin.py:150} INFO - [2023-07-15T19:36:59.311+0000] {dag.py:2742} INFO - Sync 1 DAGs
[2023-07-15T19:36:59.335+0000] {logging_mixin.py:150} INFO - [2023-07-15T19:36:59.335+0000] {dag.py:3508} INFO - Setting next_dagrun for algoritmo_kmeans_pyspark to None, run_after=None
[2023-07-15T19:36:59.354+0000] {processor.py:179} INFO - Processing /opt/airflow/dags/dag_kmens_spark.py took 0.081 seconds
[2023-07-15T19:37:29.527+0000] {processor.py:157} INFO - Started process (PID=188) to work on /opt/airflow/dags/dag_kmens_spark.py
[2023-07-15T19:37:29.529+0000] {processor.py:826} INFO - Processing file /opt/airflow/dags/dag_kmens_spark.py for tasks to queue
[2023-07-15T19:37:29.529+0000] {logging_mixin.py:150} INFO - [2023-07-15T19:37:29.529+0000] {dagbag.py:541} INFO - Filling up the DagBag from /opt/airflow/dags/dag_kmens_spark.py
[2023-07-15T19:37:29.539+0000] {processor.py:836} INFO - DAG(s) dict_keys(['algoritmo_kmeans_pyspark']) retrieved from /opt/airflow/dags/dag_kmens_spark.py
[2023-07-15T19:37:29.565+0000] {logging_mixin.py:150} INFO - [2023-07-15T19:37:29.564+0000] {dag.py:2742} INFO - Sync 1 DAGs
[2023-07-15T19:37:29.590+0000] {logging_mixin.py:150} INFO - [2023-07-15T19:37:29.590+0000] {dag.py:3508} INFO - Setting next_dagrun for algoritmo_kmeans_pyspark to None, run_after=None
[2023-07-15T19:37:29.609+0000] {processor.py:179} INFO - Processing /opt/airflow/dags/dag_kmens_spark.py took 0.085 seconds
[2023-07-15T19:37:59.811+0000] {processor.py:157} INFO - Started process (PID=226) to work on /opt/airflow/dags/dag_kmens_spark.py
[2023-07-15T19:37:59.812+0000] {processor.py:826} INFO - Processing file /opt/airflow/dags/dag_kmens_spark.py for tasks to queue
[2023-07-15T19:37:59.813+0000] {logging_mixin.py:150} INFO - [2023-07-15T19:37:59.813+0000] {dagbag.py:541} INFO - Filling up the DagBag from /opt/airflow/dags/dag_kmens_spark.py
[2023-07-15T19:37:59.822+0000] {processor.py:836} INFO - DAG(s) dict_keys(['algoritmo_kmeans_pyspark']) retrieved from /opt/airflow/dags/dag_kmens_spark.py
[2023-07-15T19:37:59.845+0000] {logging_mixin.py:150} INFO - [2023-07-15T19:37:59.845+0000] {dag.py:2742} INFO - Sync 1 DAGs
[2023-07-15T19:37:59.869+0000] {logging_mixin.py:150} INFO - [2023-07-15T19:37:59.869+0000] {dag.py:3508} INFO - Setting next_dagrun for algoritmo_kmeans_pyspark to None, run_after=None
[2023-07-15T19:37:59.886+0000] {processor.py:179} INFO - Processing /opt/airflow/dags/dag_kmens_spark.py took 0.079 seconds
[2023-07-15T19:38:30.017+0000] {processor.py:157} INFO - Started process (PID=270) to work on /opt/airflow/dags/dag_kmens_spark.py
[2023-07-15T19:38:30.018+0000] {processor.py:826} INFO - Processing file /opt/airflow/dags/dag_kmens_spark.py for tasks to queue
[2023-07-15T19:38:30.019+0000] {logging_mixin.py:150} INFO - [2023-07-15T19:38:30.019+0000] {dagbag.py:541} INFO - Filling up the DagBag from /opt/airflow/dags/dag_kmens_spark.py
[2023-07-15T19:38:30.029+0000] {processor.py:836} INFO - DAG(s) dict_keys(['algoritmo_kmeans_pyspark']) retrieved from /opt/airflow/dags/dag_kmens_spark.py
[2023-07-15T19:38:30.054+0000] {logging_mixin.py:150} INFO - [2023-07-15T19:38:30.053+0000] {dag.py:2742} INFO - Sync 1 DAGs
[2023-07-15T19:38:30.078+0000] {logging_mixin.py:150} INFO - [2023-07-15T19:38:30.077+0000] {dag.py:3508} INFO - Setting next_dagrun for algoritmo_kmeans_pyspark to None, run_after=None
[2023-07-15T19:38:30.095+0000] {processor.py:179} INFO - Processing /opt/airflow/dags/dag_kmens_spark.py took 0.081 seconds
[2023-07-15T19:39:00.188+0000] {processor.py:157} INFO - Started process (PID=308) to work on /opt/airflow/dags/dag_kmens_spark.py
[2023-07-15T19:39:00.189+0000] {processor.py:826} INFO - Processing file /opt/airflow/dags/dag_kmens_spark.py for tasks to queue
[2023-07-15T19:39:00.190+0000] {logging_mixin.py:150} INFO - [2023-07-15T19:39:00.190+0000] {dagbag.py:541} INFO - Filling up the DagBag from /opt/airflow/dags/dag_kmens_spark.py
[2023-07-15T19:39:00.200+0000] {processor.py:836} INFO - DAG(s) dict_keys(['algoritmo_kmeans_pyspark']) retrieved from /opt/airflow/dags/dag_kmens_spark.py
[2023-07-15T19:39:00.228+0000] {logging_mixin.py:150} INFO - [2023-07-15T19:39:00.228+0000] {dag.py:2742} INFO - Sync 1 DAGs
[2023-07-15T19:39:00.253+0000] {logging_mixin.py:150} INFO - [2023-07-15T19:39:00.253+0000] {dag.py:3508} INFO - Setting next_dagrun for algoritmo_kmeans_pyspark to None, run_after=None
[2023-07-15T19:39:00.271+0000] {processor.py:179} INFO - Processing /opt/airflow/dags/dag_kmens_spark.py took 0.087 seconds
[2023-07-15T19:39:30.381+0000] {processor.py:157} INFO - Started process (PID=346) to work on /opt/airflow/dags/dag_kmens_spark.py
[2023-07-15T19:39:30.383+0000] {processor.py:826} INFO - Processing file /opt/airflow/dags/dag_kmens_spark.py for tasks to queue
[2023-07-15T19:39:30.384+0000] {logging_mixin.py:150} INFO - [2023-07-15T19:39:30.384+0000] {dagbag.py:541} INFO - Filling up the DagBag from /opt/airflow/dags/dag_kmens_spark.py
[2023-07-15T19:39:30.396+0000] {processor.py:836} INFO - DAG(s) dict_keys(['algoritmo_kmeans_pyspark']) retrieved from /opt/airflow/dags/dag_kmens_spark.py
[2023-07-15T19:39:30.424+0000] {logging_mixin.py:150} INFO - [2023-07-15T19:39:30.423+0000] {dag.py:2742} INFO - Sync 1 DAGs
[2023-07-15T19:39:30.452+0000] {logging_mixin.py:150} INFO - [2023-07-15T19:39:30.452+0000] {dag.py:3508} INFO - Setting next_dagrun for algoritmo_kmeans_pyspark to None, run_after=None
[2023-07-15T19:39:30.473+0000] {processor.py:179} INFO - Processing /opt/airflow/dags/dag_kmens_spark.py took 0.095 seconds
[2023-07-15T20:21:26.539+0000] {processor.py:157} INFO - Started process (PID=36) to work on /opt/airflow/dags/dag_kmens_spark.py
[2023-07-15T20:21:26.540+0000] {processor.py:826} INFO - Processing file /opt/airflow/dags/dag_kmens_spark.py for tasks to queue
[2023-07-15T20:21:26.541+0000] {logging_mixin.py:150} INFO - [2023-07-15T20:21:26.541+0000] {dagbag.py:541} INFO - Filling up the DagBag from /opt/airflow/dags/dag_kmens_spark.py
[2023-07-15T20:21:26.550+0000] {processor.py:836} INFO - DAG(s) dict_keys(['algoritmo_kmeans_pyspark']) retrieved from /opt/airflow/dags/dag_kmens_spark.py
[2023-07-15T20:21:26.678+0000] {logging_mixin.py:150} INFO - [2023-07-15T20:21:26.677+0000] {dag.py:2742} INFO - Sync 1 DAGs
[2023-07-15T20:21:26.700+0000] {logging_mixin.py:150} INFO - [2023-07-15T20:21:26.700+0000] {dag.py:3508} INFO - Setting next_dagrun for algoritmo_kmeans_pyspark to None, run_after=None
[2023-07-15T20:21:26.723+0000] {processor.py:179} INFO - Processing /opt/airflow/dags/dag_kmens_spark.py took 0.187 seconds
[2023-07-15T20:21:57.559+0000] {processor.py:157} INFO - Started process (PID=106) to work on /opt/airflow/dags/dag_kmens_spark.py
[2023-07-15T20:21:57.560+0000] {processor.py:826} INFO - Processing file /opt/airflow/dags/dag_kmens_spark.py for tasks to queue
[2023-07-15T20:21:57.561+0000] {logging_mixin.py:150} INFO - [2023-07-15T20:21:57.561+0000] {dagbag.py:541} INFO - Filling up the DagBag from /opt/airflow/dags/dag_kmens_spark.py
[2023-07-15T20:21:57.569+0000] {processor.py:836} INFO - DAG(s) dict_keys(['algoritmo_kmeans_pyspark']) retrieved from /opt/airflow/dags/dag_kmens_spark.py
[2023-07-15T20:21:57.592+0000] {logging_mixin.py:150} INFO - [2023-07-15T20:21:57.592+0000] {dag.py:2742} INFO - Sync 1 DAGs
[2023-07-15T20:21:57.615+0000] {logging_mixin.py:150} INFO - [2023-07-15T20:21:57.614+0000] {dag.py:3508} INFO - Setting next_dagrun for algoritmo_kmeans_pyspark to None, run_after=None
[2023-07-15T20:21:57.631+0000] {processor.py:179} INFO - Processing /opt/airflow/dags/dag_kmens_spark.py took 0.075 seconds
[2023-07-15T20:22:28.207+0000] {processor.py:157} INFO - Started process (PID=150) to work on /opt/airflow/dags/dag_kmens_spark.py
[2023-07-15T20:22:28.207+0000] {processor.py:826} INFO - Processing file /opt/airflow/dags/dag_kmens_spark.py for tasks to queue
[2023-07-15T20:22:28.208+0000] {logging_mixin.py:150} INFO - [2023-07-15T20:22:28.208+0000] {dagbag.py:541} INFO - Filling up the DagBag from /opt/airflow/dags/dag_kmens_spark.py
[2023-07-15T20:22:28.216+0000] {processor.py:836} INFO - DAG(s) dict_keys(['algoritmo_kmeans_pyspark']) retrieved from /opt/airflow/dags/dag_kmens_spark.py
[2023-07-15T20:22:28.239+0000] {logging_mixin.py:150} INFO - [2023-07-15T20:22:28.239+0000] {dag.py:2742} INFO - Sync 1 DAGs
[2023-07-15T20:22:28.261+0000] {logging_mixin.py:150} INFO - [2023-07-15T20:22:28.261+0000] {dag.py:3508} INFO - Setting next_dagrun for algoritmo_kmeans_pyspark to None, run_after=None
[2023-07-15T20:22:28.279+0000] {processor.py:179} INFO - Processing /opt/airflow/dags/dag_kmens_spark.py took 0.075 seconds
[2023-07-15T20:22:58.464+0000] {processor.py:157} INFO - Started process (PID=188) to work on /opt/airflow/dags/dag_kmens_spark.py
[2023-07-15T20:22:58.465+0000] {processor.py:826} INFO - Processing file /opt/airflow/dags/dag_kmens_spark.py for tasks to queue
[2023-07-15T20:22:58.466+0000] {logging_mixin.py:150} INFO - [2023-07-15T20:22:58.466+0000] {dagbag.py:541} INFO - Filling up the DagBag from /opt/airflow/dags/dag_kmens_spark.py
[2023-07-15T20:22:58.475+0000] {processor.py:836} INFO - DAG(s) dict_keys(['algoritmo_kmeans_pyspark']) retrieved from /opt/airflow/dags/dag_kmens_spark.py
[2023-07-15T20:22:58.499+0000] {logging_mixin.py:150} INFO - [2023-07-15T20:22:58.499+0000] {dag.py:2742} INFO - Sync 1 DAGs
[2023-07-15T20:22:58.524+0000] {logging_mixin.py:150} INFO - [2023-07-15T20:22:58.524+0000] {dag.py:3508} INFO - Setting next_dagrun for algoritmo_kmeans_pyspark to None, run_after=None
[2023-07-15T20:22:58.542+0000] {processor.py:179} INFO - Processing /opt/airflow/dags/dag_kmens_spark.py took 0.081 seconds
[2023-07-15T20:23:28.793+0000] {processor.py:157} INFO - Started process (PID=232) to work on /opt/airflow/dags/dag_kmens_spark.py
[2023-07-15T20:23:28.794+0000] {processor.py:826} INFO - Processing file /opt/airflow/dags/dag_kmens_spark.py for tasks to queue
[2023-07-15T20:23:28.794+0000] {logging_mixin.py:150} INFO - [2023-07-15T20:23:28.794+0000] {dagbag.py:541} INFO - Filling up the DagBag from /opt/airflow/dags/dag_kmens_spark.py
[2023-07-15T20:23:28.803+0000] {processor.py:836} INFO - DAG(s) dict_keys(['algoritmo_kmeans_pyspark']) retrieved from /opt/airflow/dags/dag_kmens_spark.py
[2023-07-15T20:23:28.830+0000] {logging_mixin.py:150} INFO - [2023-07-15T20:23:28.830+0000] {dag.py:2742} INFO - Sync 1 DAGs
[2023-07-15T20:23:28.855+0000] {logging_mixin.py:150} INFO - [2023-07-15T20:23:28.855+0000] {dag.py:3508} INFO - Setting next_dagrun for algoritmo_kmeans_pyspark to None, run_after=None
[2023-07-15T20:23:28.872+0000] {processor.py:179} INFO - Processing /opt/airflow/dags/dag_kmens_spark.py took 0.082 seconds
[2023-07-15T20:23:59.231+0000] {processor.py:157} INFO - Started process (PID=270) to work on /opt/airflow/dags/dag_kmens_spark.py
[2023-07-15T20:23:59.232+0000] {processor.py:826} INFO - Processing file /opt/airflow/dags/dag_kmens_spark.py for tasks to queue
[2023-07-15T20:23:59.233+0000] {logging_mixin.py:150} INFO - [2023-07-15T20:23:59.233+0000] {dagbag.py:541} INFO - Filling up the DagBag from /opt/airflow/dags/dag_kmens_spark.py
[2023-07-15T20:23:59.241+0000] {processor.py:836} INFO - DAG(s) dict_keys(['algoritmo_kmeans_pyspark']) retrieved from /opt/airflow/dags/dag_kmens_spark.py
[2023-07-15T20:23:59.265+0000] {logging_mixin.py:150} INFO - [2023-07-15T20:23:59.265+0000] {dag.py:2742} INFO - Sync 1 DAGs
[2023-07-15T20:23:59.288+0000] {logging_mixin.py:150} INFO - [2023-07-15T20:23:59.288+0000] {dag.py:3508} INFO - Setting next_dagrun for algoritmo_kmeans_pyspark to None, run_after=None
[2023-07-15T20:23:59.306+0000] {processor.py:179} INFO - Processing /opt/airflow/dags/dag_kmens_spark.py took 0.078 seconds
[2023-07-15T20:24:29.556+0000] {processor.py:157} INFO - Started process (PID=308) to work on /opt/airflow/dags/dag_kmens_spark.py
[2023-07-15T20:24:29.557+0000] {processor.py:826} INFO - Processing file /opt/airflow/dags/dag_kmens_spark.py for tasks to queue
[2023-07-15T20:24:29.558+0000] {logging_mixin.py:150} INFO - [2023-07-15T20:24:29.557+0000] {dagbag.py:541} INFO - Filling up the DagBag from /opt/airflow/dags/dag_kmens_spark.py
[2023-07-15T20:24:29.567+0000] {processor.py:836} INFO - DAG(s) dict_keys(['algoritmo_kmeans_pyspark']) retrieved from /opt/airflow/dags/dag_kmens_spark.py
[2023-07-15T20:24:29.590+0000] {logging_mixin.py:150} INFO - [2023-07-15T20:24:29.590+0000] {dag.py:2742} INFO - Sync 1 DAGs
[2023-07-15T20:24:29.614+0000] {logging_mixin.py:150} INFO - [2023-07-15T20:24:29.614+0000] {dag.py:3508} INFO - Setting next_dagrun for algoritmo_kmeans_pyspark to None, run_after=None
[2023-07-15T20:24:29.632+0000] {processor.py:179} INFO - Processing /opt/airflow/dags/dag_kmens_spark.py took 0.079 seconds
[2023-07-15T20:24:59.854+0000] {processor.py:157} INFO - Started process (PID=346) to work on /opt/airflow/dags/dag_kmens_spark.py
[2023-07-15T20:24:59.855+0000] {processor.py:826} INFO - Processing file /opt/airflow/dags/dag_kmens_spark.py for tasks to queue
[2023-07-15T20:24:59.856+0000] {logging_mixin.py:150} INFO - [2023-07-15T20:24:59.856+0000] {dagbag.py:541} INFO - Filling up the DagBag from /opt/airflow/dags/dag_kmens_spark.py
[2023-07-15T20:24:59.865+0000] {processor.py:836} INFO - DAG(s) dict_keys(['algoritmo_kmeans_pyspark']) retrieved from /opt/airflow/dags/dag_kmens_spark.py
[2023-07-15T20:24:59.889+0000] {logging_mixin.py:150} INFO - [2023-07-15T20:24:59.889+0000] {dag.py:2742} INFO - Sync 1 DAGs
[2023-07-15T20:24:59.913+0000] {logging_mixin.py:150} INFO - [2023-07-15T20:24:59.913+0000] {dag.py:3508} INFO - Setting next_dagrun for algoritmo_kmeans_pyspark to None, run_after=None
[2023-07-15T20:24:59.931+0000] {processor.py:179} INFO - Processing /opt/airflow/dags/dag_kmens_spark.py took 0.080 seconds
[2023-07-15T20:25:30.381+0000] {processor.py:157} INFO - Started process (PID=384) to work on /opt/airflow/dags/dag_kmens_spark.py
[2023-07-15T20:25:30.382+0000] {processor.py:826} INFO - Processing file /opt/airflow/dags/dag_kmens_spark.py for tasks to queue
[2023-07-15T20:25:30.383+0000] {logging_mixin.py:150} INFO - [2023-07-15T20:25:30.382+0000] {dagbag.py:541} INFO - Filling up the DagBag from /opt/airflow/dags/dag_kmens_spark.py
[2023-07-15T20:25:30.391+0000] {processor.py:836} INFO - DAG(s) dict_keys(['algoritmo_kmeans_pyspark']) retrieved from /opt/airflow/dags/dag_kmens_spark.py
[2023-07-15T20:25:30.419+0000] {logging_mixin.py:150} INFO - [2023-07-15T20:25:30.419+0000] {dag.py:2742} INFO - Sync 1 DAGs
[2023-07-15T20:25:30.447+0000] {logging_mixin.py:150} INFO - [2023-07-15T20:25:30.447+0000] {dag.py:3508} INFO - Setting next_dagrun for algoritmo_kmeans_pyspark to None, run_after=None
[2023-07-15T20:25:30.468+0000] {processor.py:179} INFO - Processing /opt/airflow/dags/dag_kmens_spark.py took 0.090 seconds
[2023-07-15T20:26:00.885+0000] {processor.py:157} INFO - Started process (PID=422) to work on /opt/airflow/dags/dag_kmens_spark.py
[2023-07-15T20:26:00.886+0000] {processor.py:826} INFO - Processing file /opt/airflow/dags/dag_kmens_spark.py for tasks to queue
[2023-07-15T20:26:00.887+0000] {logging_mixin.py:150} INFO - [2023-07-15T20:26:00.887+0000] {dagbag.py:541} INFO - Filling up the DagBag from /opt/airflow/dags/dag_kmens_spark.py
[2023-07-15T20:26:00.897+0000] {processor.py:836} INFO - DAG(s) dict_keys(['algoritmo_kmeans_pyspark']) retrieved from /opt/airflow/dags/dag_kmens_spark.py
[2023-07-15T20:26:00.921+0000] {logging_mixin.py:150} INFO - [2023-07-15T20:26:00.921+0000] {dag.py:2742} INFO - Sync 1 DAGs
[2023-07-15T20:26:00.945+0000] {logging_mixin.py:150} INFO - [2023-07-15T20:26:00.945+0000] {dag.py:3508} INFO - Setting next_dagrun for algoritmo_kmeans_pyspark to None, run_after=None
[2023-07-15T20:26:00.962+0000] {processor.py:179} INFO - Processing /opt/airflow/dags/dag_kmens_spark.py took 0.079 seconds
[2023-07-15T20:26:31.187+0000] {processor.py:157} INFO - Started process (PID=460) to work on /opt/airflow/dags/dag_kmens_spark.py
[2023-07-15T20:26:31.188+0000] {processor.py:826} INFO - Processing file /opt/airflow/dags/dag_kmens_spark.py for tasks to queue
[2023-07-15T20:26:31.189+0000] {logging_mixin.py:150} INFO - [2023-07-15T20:26:31.189+0000] {dagbag.py:541} INFO - Filling up the DagBag from /opt/airflow/dags/dag_kmens_spark.py
[2023-07-15T20:26:31.198+0000] {processor.py:836} INFO - DAG(s) dict_keys(['algoritmo_kmeans_pyspark']) retrieved from /opt/airflow/dags/dag_kmens_spark.py
[2023-07-15T20:26:31.225+0000] {logging_mixin.py:150} INFO - [2023-07-15T20:26:31.224+0000] {dag.py:2742} INFO - Sync 1 DAGs
[2023-07-15T20:26:31.250+0000] {logging_mixin.py:150} INFO - [2023-07-15T20:26:31.249+0000] {dag.py:3508} INFO - Setting next_dagrun for algoritmo_kmeans_pyspark to None, run_after=None
[2023-07-15T20:26:31.267+0000] {processor.py:179} INFO - Processing /opt/airflow/dags/dag_kmens_spark.py took 0.083 seconds
[2023-07-15T20:27:01.399+0000] {processor.py:157} INFO - Started process (PID=498) to work on /opt/airflow/dags/dag_kmens_spark.py
[2023-07-15T20:27:01.400+0000] {processor.py:826} INFO - Processing file /opt/airflow/dags/dag_kmens_spark.py for tasks to queue
[2023-07-15T20:27:01.401+0000] {logging_mixin.py:150} INFO - [2023-07-15T20:27:01.401+0000] {dagbag.py:541} INFO - Filling up the DagBag from /opt/airflow/dags/dag_kmens_spark.py
[2023-07-15T20:27:01.410+0000] {processor.py:836} INFO - DAG(s) dict_keys(['algoritmo_kmeans_pyspark']) retrieved from /opt/airflow/dags/dag_kmens_spark.py
[2023-07-15T20:27:01.435+0000] {logging_mixin.py:150} INFO - [2023-07-15T20:27:01.434+0000] {dag.py:2742} INFO - Sync 1 DAGs
[2023-07-15T20:27:01.459+0000] {logging_mixin.py:150} INFO - [2023-07-15T20:27:01.459+0000] {dag.py:3508} INFO - Setting next_dagrun for algoritmo_kmeans_pyspark to None, run_after=None
[2023-07-15T20:27:01.476+0000] {processor.py:179} INFO - Processing /opt/airflow/dags/dag_kmens_spark.py took 0.080 seconds
[2023-07-15T20:27:31.895+0000] {processor.py:157} INFO - Started process (PID=536) to work on /opt/airflow/dags/dag_kmens_spark.py
[2023-07-15T20:27:31.896+0000] {processor.py:826} INFO - Processing file /opt/airflow/dags/dag_kmens_spark.py for tasks to queue
[2023-07-15T20:27:31.897+0000] {logging_mixin.py:150} INFO - [2023-07-15T20:27:31.897+0000] {dagbag.py:541} INFO - Filling up the DagBag from /opt/airflow/dags/dag_kmens_spark.py
[2023-07-15T20:27:31.913+0000] {processor.py:836} INFO - DAG(s) dict_keys(['algoritmo_kmeans_pyspark']) retrieved from /opt/airflow/dags/dag_kmens_spark.py
[2023-07-15T20:27:31.944+0000] {logging_mixin.py:150} INFO - [2023-07-15T20:27:31.944+0000] {dag.py:2742} INFO - Sync 1 DAGs
[2023-07-15T20:27:31.970+0000] {logging_mixin.py:150} INFO - [2023-07-15T20:27:31.969+0000] {dag.py:3508} INFO - Setting next_dagrun for algoritmo_kmeans_pyspark to None, run_after=None
[2023-07-15T20:27:31.990+0000] {processor.py:179} INFO - Processing /opt/airflow/dags/dag_kmens_spark.py took 0.099 seconds
[2023-07-15T20:28:02.466+0000] {processor.py:157} INFO - Started process (PID=574) to work on /opt/airflow/dags/dag_kmens_spark.py
[2023-07-15T20:28:02.467+0000] {processor.py:826} INFO - Processing file /opt/airflow/dags/dag_kmens_spark.py for tasks to queue
[2023-07-15T20:28:02.468+0000] {logging_mixin.py:150} INFO - [2023-07-15T20:28:02.468+0000] {dagbag.py:541} INFO - Filling up the DagBag from /opt/airflow/dags/dag_kmens_spark.py
[2023-07-15T20:28:02.478+0000] {processor.py:836} INFO - DAG(s) dict_keys(['algoritmo_kmeans_pyspark']) retrieved from /opt/airflow/dags/dag_kmens_spark.py
[2023-07-15T20:28:02.503+0000] {logging_mixin.py:150} INFO - [2023-07-15T20:28:02.503+0000] {dag.py:2742} INFO - Sync 1 DAGs
[2023-07-15T20:28:02.527+0000] {logging_mixin.py:150} INFO - [2023-07-15T20:28:02.527+0000] {dag.py:3508} INFO - Setting next_dagrun for algoritmo_kmeans_pyspark to None, run_after=None
[2023-07-15T20:28:02.544+0000] {processor.py:179} INFO - Processing /opt/airflow/dags/dag_kmens_spark.py took 0.082 seconds
[2023-07-15T20:28:33.405+0000] {processor.py:157} INFO - Started process (PID=599) to work on /opt/airflow/dags/dag_kmens_spark.py
[2023-07-15T20:28:33.406+0000] {processor.py:826} INFO - Processing file /opt/airflow/dags/dag_kmens_spark.py for tasks to queue
[2023-07-15T20:28:33.407+0000] {logging_mixin.py:150} INFO - [2023-07-15T20:28:33.407+0000] {dagbag.py:541} INFO - Filling up the DagBag from /opt/airflow/dags/dag_kmens_spark.py
[2023-07-15T20:28:33.420+0000] {processor.py:836} INFO - DAG(s) dict_keys(['algoritmo_kmeans_pyspark']) retrieved from /opt/airflow/dags/dag_kmens_spark.py
[2023-07-15T20:28:33.445+0000] {logging_mixin.py:150} INFO - [2023-07-15T20:28:33.445+0000] {dag.py:2742} INFO - Sync 1 DAGs
[2023-07-15T20:28:33.469+0000] {logging_mixin.py:150} INFO - [2023-07-15T20:28:33.469+0000] {dag.py:3508} INFO - Setting next_dagrun for algoritmo_kmeans_pyspark to None, run_after=None
[2023-07-15T20:28:33.488+0000] {processor.py:179} INFO - Processing /opt/airflow/dags/dag_kmens_spark.py took 0.086 seconds
[2023-07-15T20:29:03.653+0000] {processor.py:157} INFO - Started process (PID=637) to work on /opt/airflow/dags/dag_kmens_spark.py
[2023-07-15T20:29:03.654+0000] {processor.py:826} INFO - Processing file /opt/airflow/dags/dag_kmens_spark.py for tasks to queue
[2023-07-15T20:29:03.655+0000] {logging_mixin.py:150} INFO - [2023-07-15T20:29:03.655+0000] {dagbag.py:541} INFO - Filling up the DagBag from /opt/airflow/dags/dag_kmens_spark.py
[2023-07-15T20:29:03.665+0000] {processor.py:836} INFO - DAG(s) dict_keys(['algoritmo_kmeans_pyspark']) retrieved from /opt/airflow/dags/dag_kmens_spark.py
[2023-07-15T20:29:03.691+0000] {logging_mixin.py:150} INFO - [2023-07-15T20:29:03.690+0000] {dag.py:2742} INFO - Sync 1 DAGs
[2023-07-15T20:29:03.717+0000] {logging_mixin.py:150} INFO - [2023-07-15T20:29:03.716+0000] {dag.py:3508} INFO - Setting next_dagrun for algoritmo_kmeans_pyspark to None, run_after=None
[2023-07-15T20:29:03.736+0000] {processor.py:179} INFO - Processing /opt/airflow/dags/dag_kmens_spark.py took 0.086 seconds
[2023-07-15T20:29:33.979+0000] {processor.py:157} INFO - Started process (PID=675) to work on /opt/airflow/dags/dag_kmens_spark.py
[2023-07-15T20:29:33.980+0000] {processor.py:826} INFO - Processing file /opt/airflow/dags/dag_kmens_spark.py for tasks to queue
[2023-07-15T20:29:33.980+0000] {logging_mixin.py:150} INFO - [2023-07-15T20:29:33.980+0000] {dagbag.py:541} INFO - Filling up the DagBag from /opt/airflow/dags/dag_kmens_spark.py
[2023-07-15T20:29:33.989+0000] {processor.py:836} INFO - DAG(s) dict_keys(['algoritmo_kmeans_pyspark']) retrieved from /opt/airflow/dags/dag_kmens_spark.py
[2023-07-15T20:29:34.015+0000] {logging_mixin.py:150} INFO - [2023-07-15T20:29:34.015+0000] {dag.py:2742} INFO - Sync 1 DAGs
[2023-07-15T20:29:34.040+0000] {logging_mixin.py:150} INFO - [2023-07-15T20:29:34.040+0000] {dag.py:3508} INFO - Setting next_dagrun for algoritmo_kmeans_pyspark to None, run_after=None
[2023-07-15T20:29:34.062+0000] {processor.py:179} INFO - Processing /opt/airflow/dags/dag_kmens_spark.py took 0.087 seconds
[2023-07-15T20:30:04.548+0000] {processor.py:157} INFO - Started process (PID=713) to work on /opt/airflow/dags/dag_kmens_spark.py
[2023-07-15T20:30:04.549+0000] {processor.py:826} INFO - Processing file /opt/airflow/dags/dag_kmens_spark.py for tasks to queue
[2023-07-15T20:30:04.550+0000] {logging_mixin.py:150} INFO - [2023-07-15T20:30:04.550+0000] {dagbag.py:541} INFO - Filling up the DagBag from /opt/airflow/dags/dag_kmens_spark.py
[2023-07-15T20:30:04.559+0000] {processor.py:836} INFO - DAG(s) dict_keys(['algoritmo_kmeans_pyspark']) retrieved from /opt/airflow/dags/dag_kmens_spark.py
[2023-07-15T20:30:04.583+0000] {logging_mixin.py:150} INFO - [2023-07-15T20:30:04.583+0000] {dag.py:2742} INFO - Sync 1 DAGs
[2023-07-15T20:30:04.608+0000] {logging_mixin.py:150} INFO - [2023-07-15T20:30:04.608+0000] {dag.py:3508} INFO - Setting next_dagrun for algoritmo_kmeans_pyspark to None, run_after=None
[2023-07-15T20:30:04.625+0000] {processor.py:179} INFO - Processing /opt/airflow/dags/dag_kmens_spark.py took 0.079 seconds
[2023-07-15T20:30:34.845+0000] {processor.py:157} INFO - Started process (PID=751) to work on /opt/airflow/dags/dag_kmens_spark.py
[2023-07-15T20:30:34.846+0000] {processor.py:826} INFO - Processing file /opt/airflow/dags/dag_kmens_spark.py for tasks to queue
[2023-07-15T20:30:34.847+0000] {logging_mixin.py:150} INFO - [2023-07-15T20:30:34.847+0000] {dagbag.py:541} INFO - Filling up the DagBag from /opt/airflow/dags/dag_kmens_spark.py
[2023-07-15T20:30:34.856+0000] {processor.py:836} INFO - DAG(s) dict_keys(['algoritmo_kmeans_pyspark']) retrieved from /opt/airflow/dags/dag_kmens_spark.py
[2023-07-15T20:30:34.879+0000] {logging_mixin.py:150} INFO - [2023-07-15T20:30:34.879+0000] {dag.py:2742} INFO - Sync 1 DAGs
[2023-07-15T20:30:34.902+0000] {logging_mixin.py:150} INFO - [2023-07-15T20:30:34.902+0000] {dag.py:3508} INFO - Setting next_dagrun for algoritmo_kmeans_pyspark to None, run_after=None
[2023-07-15T20:30:34.920+0000] {processor.py:179} INFO - Processing /opt/airflow/dags/dag_kmens_spark.py took 0.078 seconds
[2023-07-15T20:31:05.156+0000] {processor.py:157} INFO - Started process (PID=789) to work on /opt/airflow/dags/dag_kmens_spark.py
[2023-07-15T20:31:05.157+0000] {processor.py:826} INFO - Processing file /opt/airflow/dags/dag_kmens_spark.py for tasks to queue
[2023-07-15T20:31:05.158+0000] {logging_mixin.py:150} INFO - [2023-07-15T20:31:05.158+0000] {dagbag.py:541} INFO - Filling up the DagBag from /opt/airflow/dags/dag_kmens_spark.py
[2023-07-15T20:31:05.168+0000] {processor.py:836} INFO - DAG(s) dict_keys(['algoritmo_kmeans_pyspark']) retrieved from /opt/airflow/dags/dag_kmens_spark.py
[2023-07-15T20:31:05.196+0000] {logging_mixin.py:150} INFO - [2023-07-15T20:31:05.195+0000] {dag.py:2742} INFO - Sync 1 DAGs
[2023-07-15T20:31:05.223+0000] {logging_mixin.py:150} INFO - [2023-07-15T20:31:05.223+0000] {dag.py:3508} INFO - Setting next_dagrun for algoritmo_kmeans_pyspark to None, run_after=None
[2023-07-15T20:31:05.242+0000] {processor.py:179} INFO - Processing /opt/airflow/dags/dag_kmens_spark.py took 0.090 seconds
[2023-07-15T20:31:35.484+0000] {processor.py:157} INFO - Started process (PID=827) to work on /opt/airflow/dags/dag_kmens_spark.py
[2023-07-15T20:31:35.486+0000] {processor.py:826} INFO - Processing file /opt/airflow/dags/dag_kmens_spark.py for tasks to queue
[2023-07-15T20:31:35.488+0000] {logging_mixin.py:150} INFO - [2023-07-15T20:31:35.487+0000] {dagbag.py:541} INFO - Filling up the DagBag from /opt/airflow/dags/dag_kmens_spark.py
[2023-07-15T20:31:35.498+0000] {processor.py:836} INFO - DAG(s) dict_keys(['algoritmo_kmeans_pyspark']) retrieved from /opt/airflow/dags/dag_kmens_spark.py
[2023-07-15T20:31:35.525+0000] {logging_mixin.py:150} INFO - [2023-07-15T20:31:35.525+0000] {dag.py:2742} INFO - Sync 1 DAGs
[2023-07-15T20:31:35.551+0000] {logging_mixin.py:150} INFO - [2023-07-15T20:31:35.551+0000] {dag.py:3508} INFO - Setting next_dagrun for algoritmo_kmeans_pyspark to None, run_after=None
[2023-07-15T20:31:35.571+0000] {processor.py:179} INFO - Processing /opt/airflow/dags/dag_kmens_spark.py took 0.091 seconds
[2023-07-15T20:32:05.861+0000] {processor.py:157} INFO - Started process (PID=865) to work on /opt/airflow/dags/dag_kmens_spark.py
[2023-07-15T20:32:05.862+0000] {processor.py:826} INFO - Processing file /opt/airflow/dags/dag_kmens_spark.py for tasks to queue
[2023-07-15T20:32:05.863+0000] {logging_mixin.py:150} INFO - [2023-07-15T20:32:05.863+0000] {dagbag.py:541} INFO - Filling up the DagBag from /opt/airflow/dags/dag_kmens_spark.py
[2023-07-15T20:32:05.872+0000] {processor.py:836} INFO - DAG(s) dict_keys(['algoritmo_kmeans_pyspark']) retrieved from /opt/airflow/dags/dag_kmens_spark.py
[2023-07-15T20:32:05.896+0000] {logging_mixin.py:150} INFO - [2023-07-15T20:32:05.896+0000] {dag.py:2742} INFO - Sync 1 DAGs
[2023-07-15T20:32:05.919+0000] {logging_mixin.py:150} INFO - [2023-07-15T20:32:05.919+0000] {dag.py:3508} INFO - Setting next_dagrun for algoritmo_kmeans_pyspark to None, run_after=None
[2023-07-15T20:32:05.938+0000] {processor.py:179} INFO - Processing /opt/airflow/dags/dag_kmens_spark.py took 0.079 seconds
[2023-07-15T20:32:36.152+0000] {processor.py:157} INFO - Started process (PID=903) to work on /opt/airflow/dags/dag_kmens_spark.py
[2023-07-15T20:32:36.153+0000] {processor.py:826} INFO - Processing file /opt/airflow/dags/dag_kmens_spark.py for tasks to queue
[2023-07-15T20:32:36.154+0000] {logging_mixin.py:150} INFO - [2023-07-15T20:32:36.154+0000] {dagbag.py:541} INFO - Filling up the DagBag from /opt/airflow/dags/dag_kmens_spark.py
[2023-07-15T20:32:36.163+0000] {processor.py:836} INFO - DAG(s) dict_keys(['algoritmo_kmeans_pyspark']) retrieved from /opt/airflow/dags/dag_kmens_spark.py
[2023-07-15T20:32:36.187+0000] {logging_mixin.py:150} INFO - [2023-07-15T20:32:36.187+0000] {dag.py:2742} INFO - Sync 1 DAGs
[2023-07-15T20:32:36.211+0000] {logging_mixin.py:150} INFO - [2023-07-15T20:32:36.211+0000] {dag.py:3508} INFO - Setting next_dagrun for algoritmo_kmeans_pyspark to None, run_after=None
[2023-07-15T20:32:36.228+0000] {processor.py:179} INFO - Processing /opt/airflow/dags/dag_kmens_spark.py took 0.080 seconds
[2023-07-15T20:33:06.449+0000] {processor.py:157} INFO - Started process (PID=941) to work on /opt/airflow/dags/dag_kmens_spark.py
[2023-07-15T20:33:06.451+0000] {processor.py:826} INFO - Processing file /opt/airflow/dags/dag_kmens_spark.py for tasks to queue
[2023-07-15T20:33:06.453+0000] {logging_mixin.py:150} INFO - [2023-07-15T20:33:06.452+0000] {dagbag.py:541} INFO - Filling up the DagBag from /opt/airflow/dags/dag_kmens_spark.py
[2023-07-15T20:33:06.463+0000] {processor.py:836} INFO - DAG(s) dict_keys(['algoritmo_kmeans_pyspark']) retrieved from /opt/airflow/dags/dag_kmens_spark.py
[2023-07-15T20:33:06.494+0000] {logging_mixin.py:150} INFO - [2023-07-15T20:33:06.494+0000] {dag.py:2742} INFO - Sync 1 DAGs
[2023-07-15T20:33:06.520+0000] {logging_mixin.py:150} INFO - [2023-07-15T20:33:06.520+0000] {dag.py:3508} INFO - Setting next_dagrun for algoritmo_kmeans_pyspark to None, run_after=None
[2023-07-15T20:33:06.540+0000] {processor.py:179} INFO - Processing /opt/airflow/dags/dag_kmens_spark.py took 0.095 seconds
[2023-07-15T20:33:36.835+0000] {processor.py:157} INFO - Started process (PID=979) to work on /opt/airflow/dags/dag_kmens_spark.py
[2023-07-15T20:33:36.836+0000] {processor.py:826} INFO - Processing file /opt/airflow/dags/dag_kmens_spark.py for tasks to queue
[2023-07-15T20:33:36.837+0000] {logging_mixin.py:150} INFO - [2023-07-15T20:33:36.837+0000] {dagbag.py:541} INFO - Filling up the DagBag from /opt/airflow/dags/dag_kmens_spark.py
[2023-07-15T20:33:36.847+0000] {processor.py:836} INFO - DAG(s) dict_keys(['algoritmo_kmeans_pyspark']) retrieved from /opt/airflow/dags/dag_kmens_spark.py
[2023-07-15T20:33:36.874+0000] {logging_mixin.py:150} INFO - [2023-07-15T20:33:36.874+0000] {dag.py:2742} INFO - Sync 1 DAGs
[2023-07-15T20:33:36.900+0000] {logging_mixin.py:150} INFO - [2023-07-15T20:33:36.899+0000] {dag.py:3508} INFO - Setting next_dagrun for algoritmo_kmeans_pyspark to None, run_after=None
[2023-07-15T20:33:36.937+0000] {processor.py:179} INFO - Processing /opt/airflow/dags/dag_kmens_spark.py took 0.106 seconds
[2023-07-15T20:34:07.301+0000] {processor.py:157} INFO - Started process (PID=1017) to work on /opt/airflow/dags/dag_kmens_spark.py
[2023-07-15T20:34:07.302+0000] {processor.py:826} INFO - Processing file /opt/airflow/dags/dag_kmens_spark.py for tasks to queue
[2023-07-15T20:34:07.303+0000] {logging_mixin.py:150} INFO - [2023-07-15T20:34:07.303+0000] {dagbag.py:541} INFO - Filling up the DagBag from /opt/airflow/dags/dag_kmens_spark.py
[2023-07-15T20:34:07.312+0000] {processor.py:836} INFO - DAG(s) dict_keys(['algoritmo_kmeans_pyspark']) retrieved from /opt/airflow/dags/dag_kmens_spark.py
[2023-07-15T20:34:07.339+0000] {logging_mixin.py:150} INFO - [2023-07-15T20:34:07.339+0000] {dag.py:2742} INFO - Sync 1 DAGs
[2023-07-15T20:34:07.368+0000] {logging_mixin.py:150} INFO - [2023-07-15T20:34:07.367+0000] {dag.py:3508} INFO - Setting next_dagrun for algoritmo_kmeans_pyspark to None, run_after=None
[2023-07-15T20:34:07.389+0000] {processor.py:179} INFO - Processing /opt/airflow/dags/dag_kmens_spark.py took 0.091 seconds
[2023-07-15T20:34:37.853+0000] {processor.py:157} INFO - Started process (PID=1055) to work on /opt/airflow/dags/dag_kmens_spark.py
[2023-07-15T20:34:37.855+0000] {processor.py:826} INFO - Processing file /opt/airflow/dags/dag_kmens_spark.py for tasks to queue
[2023-07-15T20:34:37.856+0000] {logging_mixin.py:150} INFO - [2023-07-15T20:34:37.855+0000] {dagbag.py:541} INFO - Filling up the DagBag from /opt/airflow/dags/dag_kmens_spark.py
[2023-07-15T20:34:37.864+0000] {processor.py:836} INFO - DAG(s) dict_keys(['algoritmo_kmeans_pyspark']) retrieved from /opt/airflow/dags/dag_kmens_spark.py
[2023-07-15T20:34:37.891+0000] {logging_mixin.py:150} INFO - [2023-07-15T20:34:37.891+0000] {dag.py:2742} INFO - Sync 1 DAGs
[2023-07-15T20:34:37.919+0000] {logging_mixin.py:150} INFO - [2023-07-15T20:34:37.919+0000] {dag.py:3508} INFO - Setting next_dagrun for algoritmo_kmeans_pyspark to None, run_after=None
[2023-07-15T20:34:37.944+0000] {processor.py:179} INFO - Processing /opt/airflow/dags/dag_kmens_spark.py took 0.096 seconds
[2023-07-15T20:35:08.231+0000] {processor.py:157} INFO - Started process (PID=1093) to work on /opt/airflow/dags/dag_kmens_spark.py
[2023-07-15T20:35:08.232+0000] {processor.py:826} INFO - Processing file /opt/airflow/dags/dag_kmens_spark.py for tasks to queue
[2023-07-15T20:35:08.233+0000] {logging_mixin.py:150} INFO - [2023-07-15T20:35:08.233+0000] {dagbag.py:541} INFO - Filling up the DagBag from /opt/airflow/dags/dag_kmens_spark.py
[2023-07-15T20:35:08.241+0000] {processor.py:836} INFO - DAG(s) dict_keys(['algoritmo_kmeans_pyspark']) retrieved from /opt/airflow/dags/dag_kmens_spark.py
[2023-07-15T20:35:08.266+0000] {logging_mixin.py:150} INFO - [2023-07-15T20:35:08.265+0000] {dag.py:2742} INFO - Sync 1 DAGs
[2023-07-15T20:35:08.290+0000] {logging_mixin.py:150} INFO - [2023-07-15T20:35:08.289+0000] {dag.py:3508} INFO - Setting next_dagrun for algoritmo_kmeans_pyspark to None, run_after=None
[2023-07-15T20:35:08.306+0000] {processor.py:179} INFO - Processing /opt/airflow/dags/dag_kmens_spark.py took 0.078 seconds
