[2023-07-15T17:54:23.856+0000] {processor.py:157} INFO - Started process (PID=31) to work on /opt/airflow/dags/dag_spider_call_rpa_ui.py
[2023-07-15T17:54:23.856+0000] {processor.py:826} INFO - Processing file /opt/airflow/dags/dag_spider_call_rpa_ui.py for tasks to queue
[2023-07-15T17:54:23.857+0000] {logging_mixin.py:150} INFO - [2023-07-15T17:54:23.857+0000] {dagbag.py:541} INFO - Filling up the DagBag from /opt/airflow/dags/dag_spider_call_rpa_ui.py
[2023-07-15T17:54:23.876+0000] {processor.py:836} INFO - DAG(s) dict_keys(['api_dag_executando_rpa_pyautogui_UI_taskflow']) retrieved from /opt/airflow/dags/dag_spider_call_rpa_ui.py
[2023-07-15T17:54:24.084+0000] {logging_mixin.py:150} INFO - [2023-07-15T17:54:24.084+0000] {manager.py:504} INFO - Created Permission View: can delete on DAG:api_dag_executando_rpa_pyautogui_UI_taskflow
[2023-07-15T17:54:24.095+0000] {logging_mixin.py:150} INFO - [2023-07-15T17:54:24.095+0000] {manager.py:504} INFO - Created Permission View: can read on DAG:api_dag_executando_rpa_pyautogui_UI_taskflow
[2023-07-15T17:54:24.103+0000] {logging_mixin.py:150} INFO - [2023-07-15T17:54:24.102+0000] {manager.py:504} INFO - Created Permission View: can edit on DAG:api_dag_executando_rpa_pyautogui_UI_taskflow
[2023-07-15T17:54:24.116+0000] {logging_mixin.py:150} INFO - [2023-07-15T17:54:24.116+0000] {dag.py:2742} INFO - Sync 1 DAGs
[2023-07-15T17:54:24.130+0000] {logging_mixin.py:150} INFO - [2023-07-15T17:54:24.130+0000] {dag.py:2763} INFO - Creating ORM DAG for api_dag_executando_rpa_pyautogui_UI_taskflow
[2023-07-15T17:54:24.144+0000] {logging_mixin.py:150} INFO - [2023-07-15T17:54:24.144+0000] {dag.py:3508} INFO - Setting next_dagrun for api_dag_executando_rpa_pyautogui_UI_taskflow to 2023-07-14T00:00:00+00:00, run_after=2023-07-15T00:00:00+00:00
[2023-07-15T17:54:24.167+0000] {processor.py:179} INFO - Processing /opt/airflow/dags/dag_spider_call_rpa_ui.py took 0.316 seconds
[2023-07-15T17:54:54.232+0000] {processor.py:157} INFO - Started process (PID=54) to work on /opt/airflow/dags/dag_spider_call_rpa_ui.py
[2023-07-15T17:54:54.235+0000] {processor.py:826} INFO - Processing file /opt/airflow/dags/dag_spider_call_rpa_ui.py for tasks to queue
[2023-07-15T17:54:54.236+0000] {logging_mixin.py:150} INFO - [2023-07-15T17:54:54.236+0000] {dagbag.py:541} INFO - Filling up the DagBag from /opt/airflow/dags/dag_spider_call_rpa_ui.py
[2023-07-15T17:54:54.248+0000] {processor.py:836} INFO - DAG(s) dict_keys(['api_dag_executando_rpa_pyautogui_UI_taskflow']) retrieved from /opt/airflow/dags/dag_spider_call_rpa_ui.py
[2023-07-15T17:54:54.276+0000] {logging_mixin.py:150} INFO - [2023-07-15T17:54:54.276+0000] {dag.py:2742} INFO - Sync 1 DAGs
[2023-07-15T17:54:54.310+0000] {logging_mixin.py:150} INFO - [2023-07-15T17:54:54.310+0000] {dag.py:3508} INFO - Setting next_dagrun for api_dag_executando_rpa_pyautogui_UI_taskflow to 2023-07-14T00:00:00+00:00, run_after=2023-07-15T00:00:00+00:00
[2023-07-15T17:54:54.333+0000] {processor.py:179} INFO - Processing /opt/airflow/dags/dag_spider_call_rpa_ui.py took 0.105 seconds
[2023-07-15T17:55:24.527+0000] {processor.py:157} INFO - Started process (PID=75) to work on /opt/airflow/dags/dag_spider_call_rpa_ui.py
[2023-07-15T17:55:24.528+0000] {processor.py:826} INFO - Processing file /opt/airflow/dags/dag_spider_call_rpa_ui.py for tasks to queue
[2023-07-15T17:55:24.529+0000] {logging_mixin.py:150} INFO - [2023-07-15T17:55:24.529+0000] {dagbag.py:541} INFO - Filling up the DagBag from /opt/airflow/dags/dag_spider_call_rpa_ui.py
[2023-07-15T17:55:24.540+0000] {processor.py:836} INFO - DAG(s) dict_keys(['api_dag_executando_rpa_pyautogui_UI_taskflow']) retrieved from /opt/airflow/dags/dag_spider_call_rpa_ui.py
[2023-07-15T17:55:24.565+0000] {logging_mixin.py:150} INFO - [2023-07-15T17:55:24.565+0000] {dag.py:2742} INFO - Sync 1 DAGs
[2023-07-15T17:55:24.591+0000] {logging_mixin.py:150} INFO - [2023-07-15T17:55:24.591+0000] {dag.py:3508} INFO - Setting next_dagrun for api_dag_executando_rpa_pyautogui_UI_taskflow to 2023-07-14T00:00:00+00:00, run_after=2023-07-15T00:00:00+00:00
[2023-07-15T17:55:24.608+0000] {processor.py:179} INFO - Processing /opt/airflow/dags/dag_spider_call_rpa_ui.py took 0.084 seconds
[2023-07-15T17:55:54.816+0000] {processor.py:157} INFO - Started process (PID=96) to work on /opt/airflow/dags/dag_spider_call_rpa_ui.py
[2023-07-15T17:55:54.820+0000] {processor.py:826} INFO - Processing file /opt/airflow/dags/dag_spider_call_rpa_ui.py for tasks to queue
[2023-07-15T17:55:54.822+0000] {logging_mixin.py:150} INFO - [2023-07-15T17:55:54.821+0000] {dagbag.py:541} INFO - Filling up the DagBag from /opt/airflow/dags/dag_spider_call_rpa_ui.py
[2023-07-15T17:55:54.841+0000] {processor.py:836} INFO - DAG(s) dict_keys(['api_dag_executando_rpa_pyautogui_UI_taskflow']) retrieved from /opt/airflow/dags/dag_spider_call_rpa_ui.py
[2023-07-15T17:55:54.866+0000] {logging_mixin.py:150} INFO - [2023-07-15T17:55:54.866+0000] {dag.py:2742} INFO - Sync 1 DAGs
[2023-07-15T17:55:54.890+0000] {logging_mixin.py:150} INFO - [2023-07-15T17:55:54.890+0000] {dag.py:3508} INFO - Setting next_dagrun for api_dag_executando_rpa_pyautogui_UI_taskflow to 2023-07-14T00:00:00+00:00, run_after=2023-07-15T00:00:00+00:00
[2023-07-15T17:55:54.908+0000] {processor.py:179} INFO - Processing /opt/airflow/dags/dag_spider_call_rpa_ui.py took 0.098 seconds
[2023-07-15T17:56:25.094+0000] {processor.py:157} INFO - Started process (PID=117) to work on /opt/airflow/dags/dag_spider_call_rpa_ui.py
[2023-07-15T17:56:25.095+0000] {processor.py:826} INFO - Processing file /opt/airflow/dags/dag_spider_call_rpa_ui.py for tasks to queue
[2023-07-15T17:56:25.096+0000] {logging_mixin.py:150} INFO - [2023-07-15T17:56:25.095+0000] {dagbag.py:541} INFO - Filling up the DagBag from /opt/airflow/dags/dag_spider_call_rpa_ui.py
[2023-07-15T17:56:25.108+0000] {processor.py:836} INFO - DAG(s) dict_keys(['api_dag_executando_rpa_pyautogui_UI_taskflow']) retrieved from /opt/airflow/dags/dag_spider_call_rpa_ui.py
[2023-07-15T17:56:25.134+0000] {logging_mixin.py:150} INFO - [2023-07-15T17:56:25.133+0000] {dag.py:2742} INFO - Sync 1 DAGs
[2023-07-15T17:56:25.163+0000] {logging_mixin.py:150} INFO - [2023-07-15T17:56:25.163+0000] {dag.py:3508} INFO - Setting next_dagrun for api_dag_executando_rpa_pyautogui_UI_taskflow to 2023-07-14T00:00:00+00:00, run_after=2023-07-15T00:00:00+00:00
[2023-07-15T17:56:25.184+0000] {processor.py:179} INFO - Processing /opt/airflow/dags/dag_spider_call_rpa_ui.py took 0.096 seconds
[2023-07-15T17:56:55.361+0000] {processor.py:157} INFO - Started process (PID=138) to work on /opt/airflow/dags/dag_spider_call_rpa_ui.py
[2023-07-15T17:56:55.363+0000] {processor.py:826} INFO - Processing file /opt/airflow/dags/dag_spider_call_rpa_ui.py for tasks to queue
[2023-07-15T17:56:55.364+0000] {logging_mixin.py:150} INFO - [2023-07-15T17:56:55.364+0000] {dagbag.py:541} INFO - Filling up the DagBag from /opt/airflow/dags/dag_spider_call_rpa_ui.py
[2023-07-15T17:56:55.374+0000] {processor.py:836} INFO - DAG(s) dict_keys(['api_dag_executando_rpa_pyautogui_UI_taskflow']) retrieved from /opt/airflow/dags/dag_spider_call_rpa_ui.py
[2023-07-15T17:56:55.399+0000] {logging_mixin.py:150} INFO - [2023-07-15T17:56:55.399+0000] {dag.py:2742} INFO - Sync 1 DAGs
[2023-07-15T17:56:55.426+0000] {logging_mixin.py:150} INFO - [2023-07-15T17:56:55.426+0000] {dag.py:3508} INFO - Setting next_dagrun for api_dag_executando_rpa_pyautogui_UI_taskflow to 2023-07-14T00:00:00+00:00, run_after=2023-07-15T00:00:00+00:00
[2023-07-15T17:56:55.447+0000] {processor.py:179} INFO - Processing /opt/airflow/dags/dag_spider_call_rpa_ui.py took 0.090 seconds
[2023-07-15T17:57:25.651+0000] {processor.py:157} INFO - Started process (PID=159) to work on /opt/airflow/dags/dag_spider_call_rpa_ui.py
[2023-07-15T17:57:25.655+0000] {processor.py:826} INFO - Processing file /opt/airflow/dags/dag_spider_call_rpa_ui.py for tasks to queue
[2023-07-15T17:57:25.656+0000] {logging_mixin.py:150} INFO - [2023-07-15T17:57:25.656+0000] {dagbag.py:541} INFO - Filling up the DagBag from /opt/airflow/dags/dag_spider_call_rpa_ui.py
[2023-07-15T17:57:25.668+0000] {processor.py:836} INFO - DAG(s) dict_keys(['api_dag_executando_rpa_pyautogui_UI_taskflow']) retrieved from /opt/airflow/dags/dag_spider_call_rpa_ui.py
[2023-07-15T17:57:25.691+0000] {logging_mixin.py:150} INFO - [2023-07-15T17:57:25.691+0000] {dag.py:2742} INFO - Sync 1 DAGs
[2023-07-15T17:57:25.717+0000] {logging_mixin.py:150} INFO - [2023-07-15T17:57:25.717+0000] {dag.py:3508} INFO - Setting next_dagrun for api_dag_executando_rpa_pyautogui_UI_taskflow to 2023-07-14T00:00:00+00:00, run_after=2023-07-15T00:00:00+00:00
[2023-07-15T17:57:25.737+0000] {processor.py:179} INFO - Processing /opt/airflow/dags/dag_spider_call_rpa_ui.py took 0.092 seconds
[2023-07-15T17:57:55.913+0000] {processor.py:157} INFO - Started process (PID=180) to work on /opt/airflow/dags/dag_spider_call_rpa_ui.py
[2023-07-15T17:57:55.914+0000] {processor.py:826} INFO - Processing file /opt/airflow/dags/dag_spider_call_rpa_ui.py for tasks to queue
[2023-07-15T17:57:55.914+0000] {logging_mixin.py:150} INFO - [2023-07-15T17:57:55.914+0000] {dagbag.py:541} INFO - Filling up the DagBag from /opt/airflow/dags/dag_spider_call_rpa_ui.py
[2023-07-15T17:57:55.924+0000] {processor.py:836} INFO - DAG(s) dict_keys(['api_dag_executando_rpa_pyautogui_UI_taskflow']) retrieved from /opt/airflow/dags/dag_spider_call_rpa_ui.py
[2023-07-15T17:57:55.948+0000] {logging_mixin.py:150} INFO - [2023-07-15T17:57:55.947+0000] {dag.py:2742} INFO - Sync 1 DAGs
[2023-07-15T17:57:55.971+0000] {logging_mixin.py:150} INFO - [2023-07-15T17:57:55.971+0000] {dag.py:3508} INFO - Setting next_dagrun for api_dag_executando_rpa_pyautogui_UI_taskflow to 2023-07-14T00:00:00+00:00, run_after=2023-07-15T00:00:00+00:00
[2023-07-15T17:57:55.988+0000] {processor.py:179} INFO - Processing /opt/airflow/dags/dag_spider_call_rpa_ui.py took 0.078 seconds
[2023-07-15T17:58:26.204+0000] {processor.py:157} INFO - Started process (PID=201) to work on /opt/airflow/dags/dag_spider_call_rpa_ui.py
[2023-07-15T17:58:26.208+0000] {processor.py:826} INFO - Processing file /opt/airflow/dags/dag_spider_call_rpa_ui.py for tasks to queue
[2023-07-15T17:58:26.209+0000] {logging_mixin.py:150} INFO - [2023-07-15T17:58:26.209+0000] {dagbag.py:541} INFO - Filling up the DagBag from /opt/airflow/dags/dag_spider_call_rpa_ui.py
[2023-07-15T17:58:26.220+0000] {processor.py:836} INFO - DAG(s) dict_keys(['api_dag_executando_rpa_pyautogui_UI_taskflow']) retrieved from /opt/airflow/dags/dag_spider_call_rpa_ui.py
[2023-07-15T17:58:26.245+0000] {logging_mixin.py:150} INFO - [2023-07-15T17:58:26.245+0000] {dag.py:2742} INFO - Sync 1 DAGs
[2023-07-15T17:58:26.270+0000] {logging_mixin.py:150} INFO - [2023-07-15T17:58:26.270+0000] {dag.py:3508} INFO - Setting next_dagrun for api_dag_executando_rpa_pyautogui_UI_taskflow to 2023-07-14T00:00:00+00:00, run_after=2023-07-15T00:00:00+00:00
[2023-07-15T17:58:26.290+0000] {processor.py:179} INFO - Processing /opt/airflow/dags/dag_spider_call_rpa_ui.py took 0.089 seconds
[2023-07-15T17:58:56.468+0000] {processor.py:157} INFO - Started process (PID=222) to work on /opt/airflow/dags/dag_spider_call_rpa_ui.py
[2023-07-15T17:58:56.469+0000] {processor.py:826} INFO - Processing file /opt/airflow/dags/dag_spider_call_rpa_ui.py for tasks to queue
[2023-07-15T17:58:56.470+0000] {logging_mixin.py:150} INFO - [2023-07-15T17:58:56.470+0000] {dagbag.py:541} INFO - Filling up the DagBag from /opt/airflow/dags/dag_spider_call_rpa_ui.py
[2023-07-15T17:58:56.481+0000] {processor.py:836} INFO - DAG(s) dict_keys(['api_dag_executando_rpa_pyautogui_UI_taskflow']) retrieved from /opt/airflow/dags/dag_spider_call_rpa_ui.py
[2023-07-15T17:58:56.504+0000] {logging_mixin.py:150} INFO - [2023-07-15T17:58:56.503+0000] {dag.py:2742} INFO - Sync 1 DAGs
[2023-07-15T17:58:56.527+0000] {logging_mixin.py:150} INFO - [2023-07-15T17:58:56.527+0000] {dag.py:3508} INFO - Setting next_dagrun for api_dag_executando_rpa_pyautogui_UI_taskflow to 2023-07-14T00:00:00+00:00, run_after=2023-07-15T00:00:00+00:00
[2023-07-15T17:58:56.544+0000] {processor.py:179} INFO - Processing /opt/airflow/dags/dag_spider_call_rpa_ui.py took 0.079 seconds
[2023-07-15T17:59:26.744+0000] {processor.py:157} INFO - Started process (PID=250) to work on /opt/airflow/dags/dag_spider_call_rpa_ui.py
[2023-07-15T17:59:26.745+0000] {processor.py:826} INFO - Processing file /opt/airflow/dags/dag_spider_call_rpa_ui.py for tasks to queue
[2023-07-15T17:59:26.746+0000] {logging_mixin.py:150} INFO - [2023-07-15T17:59:26.745+0000] {dagbag.py:541} INFO - Filling up the DagBag from /opt/airflow/dags/dag_spider_call_rpa_ui.py
[2023-07-15T17:59:26.756+0000] {processor.py:836} INFO - DAG(s) dict_keys(['api_dag_executando_rpa_pyautogui_UI_taskflow']) retrieved from /opt/airflow/dags/dag_spider_call_rpa_ui.py
[2023-07-15T17:59:26.779+0000] {logging_mixin.py:150} INFO - [2023-07-15T17:59:26.779+0000] {dag.py:2742} INFO - Sync 1 DAGs
[2023-07-15T17:59:26.805+0000] {logging_mixin.py:150} INFO - [2023-07-15T17:59:26.805+0000] {dag.py:3508} INFO - Setting next_dagrun for api_dag_executando_rpa_pyautogui_UI_taskflow to 2023-07-15T00:00:00+00:00, run_after=2023-07-16T00:00:00+00:00
[2023-07-15T17:59:26.822+0000] {processor.py:179} INFO - Processing /opt/airflow/dags/dag_spider_call_rpa_ui.py took 0.081 seconds
[2023-07-15T17:59:57.006+0000] {processor.py:157} INFO - Started process (PID=271) to work on /opt/airflow/dags/dag_spider_call_rpa_ui.py
[2023-07-15T17:59:57.009+0000] {processor.py:826} INFO - Processing file /opt/airflow/dags/dag_spider_call_rpa_ui.py for tasks to queue
[2023-07-15T17:59:57.010+0000] {logging_mixin.py:150} INFO - [2023-07-15T17:59:57.010+0000] {dagbag.py:541} INFO - Filling up the DagBag from /opt/airflow/dags/dag_spider_call_rpa_ui.py
[2023-07-15T17:59:57.024+0000] {processor.py:836} INFO - DAG(s) dict_keys(['api_dag_executando_rpa_pyautogui_UI_taskflow']) retrieved from /opt/airflow/dags/dag_spider_call_rpa_ui.py
[2023-07-15T17:59:57.048+0000] {logging_mixin.py:150} INFO - [2023-07-15T17:59:57.048+0000] {dag.py:2742} INFO - Sync 1 DAGs
[2023-07-15T17:59:57.073+0000] {logging_mixin.py:150} INFO - [2023-07-15T17:59:57.073+0000] {dag.py:3508} INFO - Setting next_dagrun for api_dag_executando_rpa_pyautogui_UI_taskflow to 2023-07-15T00:00:00+00:00, run_after=2023-07-16T00:00:00+00:00
[2023-07-15T17:59:57.090+0000] {processor.py:179} INFO - Processing /opt/airflow/dags/dag_spider_call_rpa_ui.py took 0.087 seconds
[2023-07-15T18:00:27.272+0000] {processor.py:157} INFO - Started process (PID=298) to work on /opt/airflow/dags/dag_spider_call_rpa_ui.py
[2023-07-15T18:00:27.275+0000] {processor.py:826} INFO - Processing file /opt/airflow/dags/dag_spider_call_rpa_ui.py for tasks to queue
[2023-07-15T18:00:27.276+0000] {logging_mixin.py:150} INFO - [2023-07-15T18:00:27.276+0000] {dagbag.py:541} INFO - Filling up the DagBag from /opt/airflow/dags/dag_spider_call_rpa_ui.py
[2023-07-15T18:00:27.290+0000] {processor.py:836} INFO - DAG(s) dict_keys(['api_dag_executando_rpa_pyautogui_UI_taskflow']) retrieved from /opt/airflow/dags/dag_spider_call_rpa_ui.py
[2023-07-15T18:00:27.316+0000] {logging_mixin.py:150} INFO - [2023-07-15T18:00:27.316+0000] {dag.py:2742} INFO - Sync 1 DAGs
[2023-07-15T18:00:27.341+0000] {logging_mixin.py:150} INFO - [2023-07-15T18:00:27.341+0000] {dag.py:3508} INFO - Setting next_dagrun for api_dag_executando_rpa_pyautogui_UI_taskflow to 2023-07-15T00:00:00+00:00, run_after=2023-07-16T00:00:00+00:00
[2023-07-15T18:00:27.359+0000] {processor.py:179} INFO - Processing /opt/airflow/dags/dag_spider_call_rpa_ui.py took 0.090 seconds
[2023-07-15T18:01:24.257+0000] {processor.py:157} INFO - Started process (PID=43) to work on /opt/airflow/dags/dag_spider_call_rpa_ui.py
[2023-07-15T18:01:24.259+0000] {processor.py:826} INFO - Processing file /opt/airflow/dags/dag_spider_call_rpa_ui.py for tasks to queue
[2023-07-15T18:01:24.261+0000] {logging_mixin.py:150} INFO - [2023-07-15T18:01:24.261+0000] {dagbag.py:541} INFO - Filling up the DagBag from /opt/airflow/dags/dag_spider_call_rpa_ui.py
[2023-07-15T18:01:24.292+0000] {processor.py:836} INFO - DAG(s) dict_keys(['api_dag_executando_rpa_pyautogui_UI_taskflow']) retrieved from /opt/airflow/dags/dag_spider_call_rpa_ui.py
[2023-07-15T18:01:24.497+0000] {logging_mixin.py:150} INFO - [2023-07-15T18:01:24.496+0000] {dag.py:2742} INFO - Sync 1 DAGs
[2023-07-15T18:01:24.546+0000] {logging_mixin.py:150} INFO - [2023-07-15T18:01:24.546+0000] {dag.py:3508} INFO - Setting next_dagrun for api_dag_executando_rpa_pyautogui_UI_taskflow to 2023-07-15T00:00:00+00:00, run_after=2023-07-16T00:00:00+00:00
[2023-07-15T18:01:24.570+0000] {processor.py:179} INFO - Processing /opt/airflow/dags/dag_spider_call_rpa_ui.py took 0.322 seconds
[2023-07-15T18:01:54.729+0000] {processor.py:157} INFO - Started process (PID=58) to work on /opt/airflow/dags/dag_spider_call_rpa_ui.py
[2023-07-15T18:01:54.730+0000] {processor.py:826} INFO - Processing file /opt/airflow/dags/dag_spider_call_rpa_ui.py for tasks to queue
[2023-07-15T18:01:54.731+0000] {logging_mixin.py:150} INFO - [2023-07-15T18:01:54.731+0000] {dagbag.py:541} INFO - Filling up the DagBag from /opt/airflow/dags/dag_spider_call_rpa_ui.py
[2023-07-15T18:01:54.741+0000] {processor.py:836} INFO - DAG(s) dict_keys(['api_dag_executando_rpa_pyautogui_UI_taskflow']) retrieved from /opt/airflow/dags/dag_spider_call_rpa_ui.py
[2023-07-15T18:01:54.764+0000] {logging_mixin.py:150} INFO - [2023-07-15T18:01:54.763+0000] {dag.py:2742} INFO - Sync 1 DAGs
[2023-07-15T18:01:54.790+0000] {logging_mixin.py:150} INFO - [2023-07-15T18:01:54.790+0000] {dag.py:3508} INFO - Setting next_dagrun for api_dag_executando_rpa_pyautogui_UI_taskflow to 2023-07-15T00:00:00+00:00, run_after=2023-07-16T00:00:00+00:00
[2023-07-15T18:01:54.810+0000] {processor.py:179} INFO - Processing /opt/airflow/dags/dag_spider_call_rpa_ui.py took 0.084 seconds
[2023-07-15T18:02:25.005+0000] {processor.py:157} INFO - Started process (PID=79) to work on /opt/airflow/dags/dag_spider_call_rpa_ui.py
[2023-07-15T18:02:25.008+0000] {processor.py:826} INFO - Processing file /opt/airflow/dags/dag_spider_call_rpa_ui.py for tasks to queue
[2023-07-15T18:02:25.009+0000] {logging_mixin.py:150} INFO - [2023-07-15T18:02:25.009+0000] {dagbag.py:541} INFO - Filling up the DagBag from /opt/airflow/dags/dag_spider_call_rpa_ui.py
[2023-07-15T18:02:25.022+0000] {processor.py:836} INFO - DAG(s) dict_keys(['api_dag_executando_rpa_pyautogui_UI_taskflow']) retrieved from /opt/airflow/dags/dag_spider_call_rpa_ui.py
[2023-07-15T18:02:25.048+0000] {logging_mixin.py:150} INFO - [2023-07-15T18:02:25.048+0000] {dag.py:2742} INFO - Sync 1 DAGs
[2023-07-15T18:02:25.075+0000] {logging_mixin.py:150} INFO - [2023-07-15T18:02:25.075+0000] {dag.py:3508} INFO - Setting next_dagrun for api_dag_executando_rpa_pyautogui_UI_taskflow to 2023-07-15T00:00:00+00:00, run_after=2023-07-16T00:00:00+00:00
[2023-07-15T18:02:25.092+0000] {processor.py:179} INFO - Processing /opt/airflow/dags/dag_spider_call_rpa_ui.py took 0.089 seconds
[2023-07-15T18:02:55.315+0000] {processor.py:157} INFO - Started process (PID=100) to work on /opt/airflow/dags/dag_spider_call_rpa_ui.py
[2023-07-15T18:02:55.315+0000] {processor.py:826} INFO - Processing file /opt/airflow/dags/dag_spider_call_rpa_ui.py for tasks to queue
[2023-07-15T18:02:55.316+0000] {logging_mixin.py:150} INFO - [2023-07-15T18:02:55.316+0000] {dagbag.py:541} INFO - Filling up the DagBag from /opt/airflow/dags/dag_spider_call_rpa_ui.py
[2023-07-15T18:02:55.326+0000] {processor.py:836} INFO - DAG(s) dict_keys(['api_dag_executando_rpa_pyautogui_UI_taskflow']) retrieved from /opt/airflow/dags/dag_spider_call_rpa_ui.py
[2023-07-15T18:02:55.348+0000] {logging_mixin.py:150} INFO - [2023-07-15T18:02:55.348+0000] {dag.py:2742} INFO - Sync 1 DAGs
[2023-07-15T18:02:55.374+0000] {logging_mixin.py:150} INFO - [2023-07-15T18:02:55.373+0000] {dag.py:3508} INFO - Setting next_dagrun for api_dag_executando_rpa_pyautogui_UI_taskflow to 2023-07-15T00:00:00+00:00, run_after=2023-07-16T00:00:00+00:00
[2023-07-15T18:02:55.393+0000] {processor.py:179} INFO - Processing /opt/airflow/dags/dag_spider_call_rpa_ui.py took 0.081 seconds
[2023-07-15T18:03:25.627+0000] {processor.py:157} INFO - Started process (PID=121) to work on /opt/airflow/dags/dag_spider_call_rpa_ui.py
[2023-07-15T18:03:25.631+0000] {processor.py:826} INFO - Processing file /opt/airflow/dags/dag_spider_call_rpa_ui.py for tasks to queue
[2023-07-15T18:03:25.634+0000] {logging_mixin.py:150} INFO - [2023-07-15T18:03:25.633+0000] {dagbag.py:541} INFO - Filling up the DagBag from /opt/airflow/dags/dag_spider_call_rpa_ui.py
[2023-07-15T18:03:25.657+0000] {processor.py:836} INFO - DAG(s) dict_keys(['api_dag_executando_rpa_pyautogui_UI_taskflow']) retrieved from /opt/airflow/dags/dag_spider_call_rpa_ui.py
[2023-07-15T18:03:25.684+0000] {logging_mixin.py:150} INFO - [2023-07-15T18:03:25.684+0000] {dag.py:2742} INFO - Sync 1 DAGs
[2023-07-15T18:03:25.711+0000] {logging_mixin.py:150} INFO - [2023-07-15T18:03:25.710+0000] {dag.py:3508} INFO - Setting next_dagrun for api_dag_executando_rpa_pyautogui_UI_taskflow to 2023-07-15T00:00:00+00:00, run_after=2023-07-16T00:00:00+00:00
[2023-07-15T18:03:25.731+0000] {processor.py:179} INFO - Processing /opt/airflow/dags/dag_spider_call_rpa_ui.py took 0.117 seconds
[2023-07-15T18:03:55.929+0000] {processor.py:157} INFO - Started process (PID=142) to work on /opt/airflow/dags/dag_spider_call_rpa_ui.py
[2023-07-15T18:03:55.929+0000] {processor.py:826} INFO - Processing file /opt/airflow/dags/dag_spider_call_rpa_ui.py for tasks to queue
[2023-07-15T18:03:55.930+0000] {logging_mixin.py:150} INFO - [2023-07-15T18:03:55.930+0000] {dagbag.py:541} INFO - Filling up the DagBag from /opt/airflow/dags/dag_spider_call_rpa_ui.py
[2023-07-15T18:03:55.941+0000] {processor.py:836} INFO - DAG(s) dict_keys(['api_dag_executando_rpa_pyautogui_UI_taskflow']) retrieved from /opt/airflow/dags/dag_spider_call_rpa_ui.py
[2023-07-15T18:03:55.966+0000] {logging_mixin.py:150} INFO - [2023-07-15T18:03:55.966+0000] {dag.py:2742} INFO - Sync 1 DAGs
[2023-07-15T18:03:55.992+0000] {logging_mixin.py:150} INFO - [2023-07-15T18:03:55.992+0000] {dag.py:3508} INFO - Setting next_dagrun for api_dag_executando_rpa_pyautogui_UI_taskflow to 2023-07-15T00:00:00+00:00, run_after=2023-07-16T00:00:00+00:00
[2023-07-15T18:03:56.011+0000] {processor.py:179} INFO - Processing /opt/airflow/dags/dag_spider_call_rpa_ui.py took 0.085 seconds
[2023-07-15T18:04:26.202+0000] {processor.py:157} INFO - Started process (PID=163) to work on /opt/airflow/dags/dag_spider_call_rpa_ui.py
[2023-07-15T18:04:26.205+0000] {processor.py:826} INFO - Processing file /opt/airflow/dags/dag_spider_call_rpa_ui.py for tasks to queue
[2023-07-15T18:04:26.206+0000] {logging_mixin.py:150} INFO - [2023-07-15T18:04:26.206+0000] {dagbag.py:541} INFO - Filling up the DagBag from /opt/airflow/dags/dag_spider_call_rpa_ui.py
[2023-07-15T18:04:26.217+0000] {processor.py:836} INFO - DAG(s) dict_keys(['api_dag_executando_rpa_pyautogui_UI_taskflow']) retrieved from /opt/airflow/dags/dag_spider_call_rpa_ui.py
[2023-07-15T18:04:26.243+0000] {logging_mixin.py:150} INFO - [2023-07-15T18:04:26.243+0000] {dag.py:2742} INFO - Sync 1 DAGs
[2023-07-15T18:04:26.271+0000] {logging_mixin.py:150} INFO - [2023-07-15T18:04:26.271+0000] {dag.py:3508} INFO - Setting next_dagrun for api_dag_executando_rpa_pyautogui_UI_taskflow to 2023-07-15T00:00:00+00:00, run_after=2023-07-16T00:00:00+00:00
[2023-07-15T18:04:26.289+0000] {processor.py:179} INFO - Processing /opt/airflow/dags/dag_spider_call_rpa_ui.py took 0.090 seconds
[2023-07-15T19:35:58.166+0000] {processor.py:157} INFO - Started process (PID=38) to work on /opt/airflow/dags/dag_spider_call_rpa_ui.py
[2023-07-15T19:35:58.168+0000] {processor.py:826} INFO - Processing file /opt/airflow/dags/dag_spider_call_rpa_ui.py for tasks to queue
[2023-07-15T19:35:58.169+0000] {logging_mixin.py:150} INFO - [2023-07-15T19:35:58.169+0000] {dagbag.py:541} INFO - Filling up the DagBag from /opt/airflow/dags/dag_spider_call_rpa_ui.py
[2023-07-15T19:35:58.189+0000] {processor.py:836} INFO - DAG(s) dict_keys(['api_dag_executando_rpa_pyautogui_UI_taskflow']) retrieved from /opt/airflow/dags/dag_spider_call_rpa_ui.py
[2023-07-15T19:35:58.353+0000] {logging_mixin.py:150} INFO - [2023-07-15T19:35:58.353+0000] {dag.py:2742} INFO - Sync 1 DAGs
[2023-07-15T19:35:58.389+0000] {logging_mixin.py:150} INFO - [2023-07-15T19:35:58.389+0000] {dag.py:3508} INFO - Setting next_dagrun for api_dag_executando_rpa_pyautogui_UI_taskflow to 2023-07-15T00:00:00+00:00, run_after=2023-07-16T00:00:00+00:00
[2023-07-15T19:35:58.415+0000] {processor.py:179} INFO - Processing /opt/airflow/dags/dag_spider_call_rpa_ui.py took 0.252 seconds
[2023-07-15T19:36:28.866+0000] {processor.py:157} INFO - Started process (PID=108) to work on /opt/airflow/dags/dag_spider_call_rpa_ui.py
[2023-07-15T19:36:28.868+0000] {processor.py:826} INFO - Processing file /opt/airflow/dags/dag_spider_call_rpa_ui.py for tasks to queue
[2023-07-15T19:36:28.868+0000] {logging_mixin.py:150} INFO - [2023-07-15T19:36:28.868+0000] {dagbag.py:541} INFO - Filling up the DagBag from /opt/airflow/dags/dag_spider_call_rpa_ui.py
[2023-07-15T19:36:28.879+0000] {processor.py:836} INFO - DAG(s) dict_keys(['api_dag_executando_rpa_pyautogui_UI_taskflow']) retrieved from /opt/airflow/dags/dag_spider_call_rpa_ui.py
[2023-07-15T19:36:28.903+0000] {logging_mixin.py:150} INFO - [2023-07-15T19:36:28.903+0000] {dag.py:2742} INFO - Sync 1 DAGs
[2023-07-15T19:36:28.928+0000] {logging_mixin.py:150} INFO - [2023-07-15T19:36:28.928+0000] {dag.py:3508} INFO - Setting next_dagrun for api_dag_executando_rpa_pyautogui_UI_taskflow to 2023-07-15T00:00:00+00:00, run_after=2023-07-16T00:00:00+00:00
[2023-07-15T19:36:28.945+0000] {processor.py:179} INFO - Processing /opt/airflow/dags/dag_spider_call_rpa_ui.py took 0.082 seconds
[2023-07-15T19:36:59.371+0000] {processor.py:157} INFO - Started process (PID=146) to work on /opt/airflow/dags/dag_spider_call_rpa_ui.py
[2023-07-15T19:36:59.371+0000] {processor.py:826} INFO - Processing file /opt/airflow/dags/dag_spider_call_rpa_ui.py for tasks to queue
[2023-07-15T19:36:59.372+0000] {logging_mixin.py:150} INFO - [2023-07-15T19:36:59.372+0000] {dagbag.py:541} INFO - Filling up the DagBag from /opt/airflow/dags/dag_spider_call_rpa_ui.py
[2023-07-15T19:36:59.384+0000] {processor.py:836} INFO - DAG(s) dict_keys(['api_dag_executando_rpa_pyautogui_UI_taskflow']) retrieved from /opt/airflow/dags/dag_spider_call_rpa_ui.py
[2023-07-15T19:36:59.408+0000] {logging_mixin.py:150} INFO - [2023-07-15T19:36:59.408+0000] {dag.py:2742} INFO - Sync 1 DAGs
[2023-07-15T19:36:59.434+0000] {logging_mixin.py:150} INFO - [2023-07-15T19:36:59.434+0000] {dag.py:3508} INFO - Setting next_dagrun for api_dag_executando_rpa_pyautogui_UI_taskflow to 2023-07-15T00:00:00+00:00, run_after=2023-07-16T00:00:00+00:00
[2023-07-15T19:36:59.453+0000] {processor.py:179} INFO - Processing /opt/airflow/dags/dag_spider_call_rpa_ui.py took 0.086 seconds
[2023-07-15T19:37:29.627+0000] {processor.py:157} INFO - Started process (PID=190) to work on /opt/airflow/dags/dag_spider_call_rpa_ui.py
[2023-07-15T19:37:29.628+0000] {processor.py:826} INFO - Processing file /opt/airflow/dags/dag_spider_call_rpa_ui.py for tasks to queue
[2023-07-15T19:37:29.629+0000] {logging_mixin.py:150} INFO - [2023-07-15T19:37:29.628+0000] {dagbag.py:541} INFO - Filling up the DagBag from /opt/airflow/dags/dag_spider_call_rpa_ui.py
[2023-07-15T19:37:29.641+0000] {processor.py:836} INFO - DAG(s) dict_keys(['api_dag_executando_rpa_pyautogui_UI_taskflow']) retrieved from /opt/airflow/dags/dag_spider_call_rpa_ui.py
[2023-07-15T19:37:29.666+0000] {logging_mixin.py:150} INFO - [2023-07-15T19:37:29.666+0000] {dag.py:2742} INFO - Sync 1 DAGs
[2023-07-15T19:37:29.695+0000] {logging_mixin.py:150} INFO - [2023-07-15T19:37:29.695+0000] {dag.py:3508} INFO - Setting next_dagrun for api_dag_executando_rpa_pyautogui_UI_taskflow to 2023-07-15T00:00:00+00:00, run_after=2023-07-16T00:00:00+00:00
[2023-07-15T19:37:29.717+0000] {processor.py:179} INFO - Processing /opt/airflow/dags/dag_spider_call_rpa_ui.py took 0.093 seconds
[2023-07-15T19:37:59.903+0000] {processor.py:157} INFO - Started process (PID=228) to work on /opt/airflow/dags/dag_spider_call_rpa_ui.py
[2023-07-15T19:37:59.904+0000] {processor.py:826} INFO - Processing file /opt/airflow/dags/dag_spider_call_rpa_ui.py for tasks to queue
[2023-07-15T19:37:59.905+0000] {logging_mixin.py:150} INFO - [2023-07-15T19:37:59.905+0000] {dagbag.py:541} INFO - Filling up the DagBag from /opt/airflow/dags/dag_spider_call_rpa_ui.py
[2023-07-15T19:37:59.915+0000] {processor.py:836} INFO - DAG(s) dict_keys(['api_dag_executando_rpa_pyautogui_UI_taskflow']) retrieved from /opt/airflow/dags/dag_spider_call_rpa_ui.py
[2023-07-15T19:37:59.940+0000] {logging_mixin.py:150} INFO - [2023-07-15T19:37:59.940+0000] {dag.py:2742} INFO - Sync 1 DAGs
[2023-07-15T19:37:59.968+0000] {logging_mixin.py:150} INFO - [2023-07-15T19:37:59.968+0000] {dag.py:3508} INFO - Setting next_dagrun for api_dag_executando_rpa_pyautogui_UI_taskflow to 2023-07-15T00:00:00+00:00, run_after=2023-07-16T00:00:00+00:00
[2023-07-15T19:37:59.986+0000] {processor.py:179} INFO - Processing /opt/airflow/dags/dag_spider_call_rpa_ui.py took 0.086 seconds
[2023-07-15T19:38:30.112+0000] {processor.py:157} INFO - Started process (PID=272) to work on /opt/airflow/dags/dag_spider_call_rpa_ui.py
[2023-07-15T19:38:30.113+0000] {processor.py:826} INFO - Processing file /opt/airflow/dags/dag_spider_call_rpa_ui.py for tasks to queue
[2023-07-15T19:38:30.114+0000] {logging_mixin.py:150} INFO - [2023-07-15T19:38:30.114+0000] {dagbag.py:541} INFO - Filling up the DagBag from /opt/airflow/dags/dag_spider_call_rpa_ui.py
[2023-07-15T19:38:30.126+0000] {processor.py:836} INFO - DAG(s) dict_keys(['api_dag_executando_rpa_pyautogui_UI_taskflow']) retrieved from /opt/airflow/dags/dag_spider_call_rpa_ui.py
[2023-07-15T19:38:30.150+0000] {logging_mixin.py:150} INFO - [2023-07-15T19:38:30.150+0000] {dag.py:2742} INFO - Sync 1 DAGs
[2023-07-15T19:38:30.176+0000] {logging_mixin.py:150} INFO - [2023-07-15T19:38:30.176+0000] {dag.py:3508} INFO - Setting next_dagrun for api_dag_executando_rpa_pyautogui_UI_taskflow to 2023-07-15T00:00:00+00:00, run_after=2023-07-16T00:00:00+00:00
[2023-07-15T19:38:30.195+0000] {processor.py:179} INFO - Processing /opt/airflow/dags/dag_spider_call_rpa_ui.py took 0.086 seconds
[2023-07-15T19:39:00.289+0000] {processor.py:157} INFO - Started process (PID=310) to work on /opt/airflow/dags/dag_spider_call_rpa_ui.py
[2023-07-15T19:39:00.290+0000] {processor.py:826} INFO - Processing file /opt/airflow/dags/dag_spider_call_rpa_ui.py for tasks to queue
[2023-07-15T19:39:00.291+0000] {logging_mixin.py:150} INFO - [2023-07-15T19:39:00.291+0000] {dagbag.py:541} INFO - Filling up the DagBag from /opt/airflow/dags/dag_spider_call_rpa_ui.py
[2023-07-15T19:39:00.304+0000] {processor.py:836} INFO - DAG(s) dict_keys(['api_dag_executando_rpa_pyautogui_UI_taskflow']) retrieved from /opt/airflow/dags/dag_spider_call_rpa_ui.py
[2023-07-15T19:39:00.329+0000] {logging_mixin.py:150} INFO - [2023-07-15T19:39:00.329+0000] {dag.py:2742} INFO - Sync 1 DAGs
[2023-07-15T19:39:00.356+0000] {logging_mixin.py:150} INFO - [2023-07-15T19:39:00.356+0000] {dag.py:3508} INFO - Setting next_dagrun for api_dag_executando_rpa_pyautogui_UI_taskflow to 2023-07-15T00:00:00+00:00, run_after=2023-07-16T00:00:00+00:00
[2023-07-15T19:39:00.378+0000] {processor.py:179} INFO - Processing /opt/airflow/dags/dag_spider_call_rpa_ui.py took 0.093 seconds
[2023-07-15T19:39:30.493+0000] {processor.py:157} INFO - Started process (PID=348) to work on /opt/airflow/dags/dag_spider_call_rpa_ui.py
[2023-07-15T19:39:30.494+0000] {processor.py:826} INFO - Processing file /opt/airflow/dags/dag_spider_call_rpa_ui.py for tasks to queue
[2023-07-15T19:39:30.495+0000] {logging_mixin.py:150} INFO - [2023-07-15T19:39:30.495+0000] {dagbag.py:541} INFO - Filling up the DagBag from /opt/airflow/dags/dag_spider_call_rpa_ui.py
[2023-07-15T19:39:30.510+0000] {processor.py:836} INFO - DAG(s) dict_keys(['api_dag_executando_rpa_pyautogui_UI_taskflow']) retrieved from /opt/airflow/dags/dag_spider_call_rpa_ui.py
[2023-07-15T19:39:30.543+0000] {logging_mixin.py:150} INFO - [2023-07-15T19:39:30.543+0000] {dag.py:2742} INFO - Sync 1 DAGs
[2023-07-15T19:39:30.576+0000] {logging_mixin.py:150} INFO - [2023-07-15T19:39:30.576+0000] {dag.py:3508} INFO - Setting next_dagrun for api_dag_executando_rpa_pyautogui_UI_taskflow to 2023-07-15T00:00:00+00:00, run_after=2023-07-16T00:00:00+00:00
[2023-07-15T19:39:30.599+0000] {processor.py:179} INFO - Processing /opt/airflow/dags/dag_spider_call_rpa_ui.py took 0.109 seconds
[2023-07-15T20:21:26.754+0000] {processor.py:157} INFO - Started process (PID=38) to work on /opt/airflow/dags/dag_spider_call_rpa_ui.py
[2023-07-15T20:21:26.755+0000] {processor.py:826} INFO - Processing file /opt/airflow/dags/dag_spider_call_rpa_ui.py for tasks to queue
[2023-07-15T20:21:26.756+0000] {logging_mixin.py:150} INFO - [2023-07-15T20:21:26.756+0000] {dagbag.py:541} INFO - Filling up the DagBag from /opt/airflow/dags/dag_spider_call_rpa_ui.py
[2023-07-15T20:21:26.768+0000] {processor.py:836} INFO - DAG(s) dict_keys(['api_dag_executando_rpa_pyautogui_UI_taskflow']) retrieved from /opt/airflow/dags/dag_spider_call_rpa_ui.py
[2023-07-15T20:21:26.894+0000] {logging_mixin.py:150} INFO - [2023-07-15T20:21:26.894+0000] {dag.py:2742} INFO - Sync 1 DAGs
[2023-07-15T20:21:26.921+0000] {logging_mixin.py:150} INFO - [2023-07-15T20:21:26.920+0000] {dag.py:3508} INFO - Setting next_dagrun for api_dag_executando_rpa_pyautogui_UI_taskflow to 2023-07-15T00:00:00+00:00, run_after=2023-07-16T00:00:00+00:00
[2023-07-15T20:21:26.945+0000] {processor.py:179} INFO - Processing /opt/airflow/dags/dag_spider_call_rpa_ui.py took 0.194 seconds
[2023-07-15T20:21:57.652+0000] {processor.py:157} INFO - Started process (PID=108) to work on /opt/airflow/dags/dag_spider_call_rpa_ui.py
[2023-07-15T20:21:57.654+0000] {processor.py:826} INFO - Processing file /opt/airflow/dags/dag_spider_call_rpa_ui.py for tasks to queue
[2023-07-15T20:21:57.654+0000] {logging_mixin.py:150} INFO - [2023-07-15T20:21:57.654+0000] {dagbag.py:541} INFO - Filling up the DagBag from /opt/airflow/dags/dag_spider_call_rpa_ui.py
[2023-07-15T20:21:57.667+0000] {processor.py:836} INFO - DAG(s) dict_keys(['api_dag_executando_rpa_pyautogui_UI_taskflow']) retrieved from /opt/airflow/dags/dag_spider_call_rpa_ui.py
[2023-07-15T20:21:57.693+0000] {logging_mixin.py:150} INFO - [2023-07-15T20:21:57.693+0000] {dag.py:2742} INFO - Sync 1 DAGs
[2023-07-15T20:21:57.726+0000] {logging_mixin.py:150} INFO - [2023-07-15T20:21:57.726+0000] {dag.py:3508} INFO - Setting next_dagrun for api_dag_executando_rpa_pyautogui_UI_taskflow to 2023-07-15T00:00:00+00:00, run_after=2023-07-16T00:00:00+00:00
[2023-07-15T20:21:57.746+0000] {processor.py:179} INFO - Processing /opt/airflow/dags/dag_spider_call_rpa_ui.py took 0.098 seconds
[2023-07-15T20:22:28.297+0000] {processor.py:157} INFO - Started process (PID=152) to work on /opt/airflow/dags/dag_spider_call_rpa_ui.py
[2023-07-15T20:22:28.298+0000] {processor.py:826} INFO - Processing file /opt/airflow/dags/dag_spider_call_rpa_ui.py for tasks to queue
[2023-07-15T20:22:28.299+0000] {logging_mixin.py:150} INFO - [2023-07-15T20:22:28.299+0000] {dagbag.py:541} INFO - Filling up the DagBag from /opt/airflow/dags/dag_spider_call_rpa_ui.py
[2023-07-15T20:22:28.309+0000] {processor.py:836} INFO - DAG(s) dict_keys(['api_dag_executando_rpa_pyautogui_UI_taskflow']) retrieved from /opt/airflow/dags/dag_spider_call_rpa_ui.py
[2023-07-15T20:22:28.332+0000] {logging_mixin.py:150} INFO - [2023-07-15T20:22:28.332+0000] {dag.py:2742} INFO - Sync 1 DAGs
[2023-07-15T20:22:28.357+0000] {logging_mixin.py:150} INFO - [2023-07-15T20:22:28.357+0000] {dag.py:3508} INFO - Setting next_dagrun for api_dag_executando_rpa_pyautogui_UI_taskflow to 2023-07-15T00:00:00+00:00, run_after=2023-07-16T00:00:00+00:00
[2023-07-15T20:22:28.374+0000] {processor.py:179} INFO - Processing /opt/airflow/dags/dag_spider_call_rpa_ui.py took 0.080 seconds
[2023-07-15T20:22:58.561+0000] {processor.py:157} INFO - Started process (PID=190) to work on /opt/airflow/dags/dag_spider_call_rpa_ui.py
[2023-07-15T20:22:58.562+0000] {processor.py:826} INFO - Processing file /opt/airflow/dags/dag_spider_call_rpa_ui.py for tasks to queue
[2023-07-15T20:22:58.563+0000] {logging_mixin.py:150} INFO - [2023-07-15T20:22:58.563+0000] {dagbag.py:541} INFO - Filling up the DagBag from /opt/airflow/dags/dag_spider_call_rpa_ui.py
[2023-07-15T20:22:58.574+0000] {processor.py:836} INFO - DAG(s) dict_keys(['api_dag_executando_rpa_pyautogui_UI_taskflow']) retrieved from /opt/airflow/dags/dag_spider_call_rpa_ui.py
[2023-07-15T20:22:58.598+0000] {logging_mixin.py:150} INFO - [2023-07-15T20:22:58.598+0000] {dag.py:2742} INFO - Sync 1 DAGs
[2023-07-15T20:22:58.626+0000] {logging_mixin.py:150} INFO - [2023-07-15T20:22:58.625+0000] {dag.py:3508} INFO - Setting next_dagrun for api_dag_executando_rpa_pyautogui_UI_taskflow to 2023-07-15T00:00:00+00:00, run_after=2023-07-16T00:00:00+00:00
[2023-07-15T20:22:58.647+0000] {processor.py:179} INFO - Processing /opt/airflow/dags/dag_spider_call_rpa_ui.py took 0.090 seconds
[2023-07-15T20:23:28.887+0000] {processor.py:157} INFO - Started process (PID=234) to work on /opt/airflow/dags/dag_spider_call_rpa_ui.py
[2023-07-15T20:23:28.888+0000] {processor.py:826} INFO - Processing file /opt/airflow/dags/dag_spider_call_rpa_ui.py for tasks to queue
[2023-07-15T20:23:28.888+0000] {logging_mixin.py:150} INFO - [2023-07-15T20:23:28.888+0000] {dagbag.py:541} INFO - Filling up the DagBag from /opt/airflow/dags/dag_spider_call_rpa_ui.py
[2023-07-15T20:23:28.899+0000] {processor.py:836} INFO - DAG(s) dict_keys(['api_dag_executando_rpa_pyautogui_UI_taskflow']) retrieved from /opt/airflow/dags/dag_spider_call_rpa_ui.py
[2023-07-15T20:23:28.922+0000] {logging_mixin.py:150} INFO - [2023-07-15T20:23:28.922+0000] {dag.py:2742} INFO - Sync 1 DAGs
[2023-07-15T20:23:28.946+0000] {logging_mixin.py:150} INFO - [2023-07-15T20:23:28.946+0000] {dag.py:3508} INFO - Setting next_dagrun for api_dag_executando_rpa_pyautogui_UI_taskflow to 2023-07-15T00:00:00+00:00, run_after=2023-07-16T00:00:00+00:00
[2023-07-15T20:23:28.963+0000] {processor.py:179} INFO - Processing /opt/airflow/dags/dag_spider_call_rpa_ui.py took 0.079 seconds
[2023-07-15T20:23:59.325+0000] {processor.py:157} INFO - Started process (PID=272) to work on /opt/airflow/dags/dag_spider_call_rpa_ui.py
[2023-07-15T20:23:59.327+0000] {processor.py:826} INFO - Processing file /opt/airflow/dags/dag_spider_call_rpa_ui.py for tasks to queue
[2023-07-15T20:23:59.327+0000] {logging_mixin.py:150} INFO - [2023-07-15T20:23:59.327+0000] {dagbag.py:541} INFO - Filling up the DagBag from /opt/airflow/dags/dag_spider_call_rpa_ui.py
[2023-07-15T20:23:59.338+0000] {processor.py:836} INFO - DAG(s) dict_keys(['api_dag_executando_rpa_pyautogui_UI_taskflow']) retrieved from /opt/airflow/dags/dag_spider_call_rpa_ui.py
[2023-07-15T20:23:59.362+0000] {logging_mixin.py:150} INFO - [2023-07-15T20:23:59.362+0000] {dag.py:2742} INFO - Sync 1 DAGs
[2023-07-15T20:23:59.388+0000] {logging_mixin.py:150} INFO - [2023-07-15T20:23:59.388+0000] {dag.py:3508} INFO - Setting next_dagrun for api_dag_executando_rpa_pyautogui_UI_taskflow to 2023-07-15T00:00:00+00:00, run_after=2023-07-16T00:00:00+00:00
[2023-07-15T20:23:59.406+0000] {processor.py:179} INFO - Processing /opt/airflow/dags/dag_spider_call_rpa_ui.py took 0.083 seconds
[2023-07-15T20:24:29.651+0000] {processor.py:157} INFO - Started process (PID=310) to work on /opt/airflow/dags/dag_spider_call_rpa_ui.py
[2023-07-15T20:24:29.652+0000] {processor.py:826} INFO - Processing file /opt/airflow/dags/dag_spider_call_rpa_ui.py for tasks to queue
[2023-07-15T20:24:29.653+0000] {logging_mixin.py:150} INFO - [2023-07-15T20:24:29.653+0000] {dagbag.py:541} INFO - Filling up the DagBag from /opt/airflow/dags/dag_spider_call_rpa_ui.py
[2023-07-15T20:24:29.664+0000] {processor.py:836} INFO - DAG(s) dict_keys(['api_dag_executando_rpa_pyautogui_UI_taskflow']) retrieved from /opt/airflow/dags/dag_spider_call_rpa_ui.py
[2023-07-15T20:24:29.687+0000] {logging_mixin.py:150} INFO - [2023-07-15T20:24:29.687+0000] {dag.py:2742} INFO - Sync 1 DAGs
[2023-07-15T20:24:29.713+0000] {logging_mixin.py:150} INFO - [2023-07-15T20:24:29.712+0000] {dag.py:3508} INFO - Setting next_dagrun for api_dag_executando_rpa_pyautogui_UI_taskflow to 2023-07-15T00:00:00+00:00, run_after=2023-07-16T00:00:00+00:00
[2023-07-15T20:24:29.731+0000] {processor.py:179} INFO - Processing /opt/airflow/dags/dag_spider_call_rpa_ui.py took 0.083 seconds
[2023-07-15T20:24:59.947+0000] {processor.py:157} INFO - Started process (PID=348) to work on /opt/airflow/dags/dag_spider_call_rpa_ui.py
[2023-07-15T20:24:59.948+0000] {processor.py:826} INFO - Processing file /opt/airflow/dags/dag_spider_call_rpa_ui.py for tasks to queue
[2023-07-15T20:24:59.949+0000] {logging_mixin.py:150} INFO - [2023-07-15T20:24:59.949+0000] {dagbag.py:541} INFO - Filling up the DagBag from /opt/airflow/dags/dag_spider_call_rpa_ui.py
[2023-07-15T20:24:59.961+0000] {processor.py:836} INFO - DAG(s) dict_keys(['api_dag_executando_rpa_pyautogui_UI_taskflow']) retrieved from /opt/airflow/dags/dag_spider_call_rpa_ui.py
[2023-07-15T20:24:59.984+0000] {logging_mixin.py:150} INFO - [2023-07-15T20:24:59.984+0000] {dag.py:2742} INFO - Sync 1 DAGs
[2023-07-15T20:25:00.018+0000] {logging_mixin.py:150} INFO - [2023-07-15T20:25:00.018+0000] {dag.py:3508} INFO - Setting next_dagrun for api_dag_executando_rpa_pyautogui_UI_taskflow to 2023-07-15T00:00:00+00:00, run_after=2023-07-16T00:00:00+00:00
[2023-07-15T20:25:00.045+0000] {processor.py:179} INFO - Processing /opt/airflow/dags/dag_spider_call_rpa_ui.py took 0.101 seconds
[2023-07-15T20:25:30.489+0000] {processor.py:157} INFO - Started process (PID=386) to work on /opt/airflow/dags/dag_spider_call_rpa_ui.py
[2023-07-15T20:25:30.490+0000] {processor.py:826} INFO - Processing file /opt/airflow/dags/dag_spider_call_rpa_ui.py for tasks to queue
[2023-07-15T20:25:30.491+0000] {logging_mixin.py:150} INFO - [2023-07-15T20:25:30.491+0000] {dagbag.py:541} INFO - Filling up the DagBag from /opt/airflow/dags/dag_spider_call_rpa_ui.py
[2023-07-15T20:25:30.503+0000] {processor.py:836} INFO - DAG(s) dict_keys(['api_dag_executando_rpa_pyautogui_UI_taskflow']) retrieved from /opt/airflow/dags/dag_spider_call_rpa_ui.py
[2023-07-15T20:25:30.531+0000] {logging_mixin.py:150} INFO - [2023-07-15T20:25:30.531+0000] {dag.py:2742} INFO - Sync 1 DAGs
[2023-07-15T20:25:30.561+0000] {logging_mixin.py:150} INFO - [2023-07-15T20:25:30.561+0000] {dag.py:3508} INFO - Setting next_dagrun for api_dag_executando_rpa_pyautogui_UI_taskflow to 2023-07-15T00:00:00+00:00, run_after=2023-07-16T00:00:00+00:00
[2023-07-15T20:25:30.580+0000] {processor.py:179} INFO - Processing /opt/airflow/dags/dag_spider_call_rpa_ui.py took 0.094 seconds
[2023-07-15T20:26:00.981+0000] {processor.py:157} INFO - Started process (PID=424) to work on /opt/airflow/dags/dag_spider_call_rpa_ui.py
[2023-07-15T20:26:00.982+0000] {processor.py:826} INFO - Processing file /opt/airflow/dags/dag_spider_call_rpa_ui.py for tasks to queue
[2023-07-15T20:26:00.983+0000] {logging_mixin.py:150} INFO - [2023-07-15T20:26:00.983+0000] {dagbag.py:541} INFO - Filling up the DagBag from /opt/airflow/dags/dag_spider_call_rpa_ui.py
[2023-07-15T20:26:00.994+0000] {processor.py:836} INFO - DAG(s) dict_keys(['api_dag_executando_rpa_pyautogui_UI_taskflow']) retrieved from /opt/airflow/dags/dag_spider_call_rpa_ui.py
[2023-07-15T20:26:01.019+0000] {logging_mixin.py:150} INFO - [2023-07-15T20:26:01.018+0000] {dag.py:2742} INFO - Sync 1 DAGs
[2023-07-15T20:26:01.049+0000] {logging_mixin.py:150} INFO - [2023-07-15T20:26:01.048+0000] {dag.py:3508} INFO - Setting next_dagrun for api_dag_executando_rpa_pyautogui_UI_taskflow to 2023-07-15T00:00:00+00:00, run_after=2023-07-16T00:00:00+00:00
[2023-07-15T20:26:01.067+0000] {processor.py:179} INFO - Processing /opt/airflow/dags/dag_spider_call_rpa_ui.py took 0.089 seconds
[2023-07-15T20:26:31.288+0000] {processor.py:157} INFO - Started process (PID=462) to work on /opt/airflow/dags/dag_spider_call_rpa_ui.py
[2023-07-15T20:26:31.289+0000] {processor.py:826} INFO - Processing file /opt/airflow/dags/dag_spider_call_rpa_ui.py for tasks to queue
[2023-07-15T20:26:31.290+0000] {logging_mixin.py:150} INFO - [2023-07-15T20:26:31.290+0000] {dagbag.py:541} INFO - Filling up the DagBag from /opt/airflow/dags/dag_spider_call_rpa_ui.py
[2023-07-15T20:26:31.301+0000] {processor.py:836} INFO - DAG(s) dict_keys(['api_dag_executando_rpa_pyautogui_UI_taskflow']) retrieved from /opt/airflow/dags/dag_spider_call_rpa_ui.py
[2023-07-15T20:26:31.324+0000] {logging_mixin.py:150} INFO - [2023-07-15T20:26:31.324+0000] {dag.py:2742} INFO - Sync 1 DAGs
[2023-07-15T20:26:31.349+0000] {logging_mixin.py:150} INFO - [2023-07-15T20:26:31.349+0000] {dag.py:3508} INFO - Setting next_dagrun for api_dag_executando_rpa_pyautogui_UI_taskflow to 2023-07-15T00:00:00+00:00, run_after=2023-07-16T00:00:00+00:00
[2023-07-15T20:26:31.366+0000] {processor.py:179} INFO - Processing /opt/airflow/dags/dag_spider_call_rpa_ui.py took 0.082 seconds
[2023-07-15T20:27:01.496+0000] {processor.py:157} INFO - Started process (PID=500) to work on /opt/airflow/dags/dag_spider_call_rpa_ui.py
[2023-07-15T20:27:01.497+0000] {processor.py:826} INFO - Processing file /opt/airflow/dags/dag_spider_call_rpa_ui.py for tasks to queue
[2023-07-15T20:27:01.498+0000] {logging_mixin.py:150} INFO - [2023-07-15T20:27:01.498+0000] {dagbag.py:541} INFO - Filling up the DagBag from /opt/airflow/dags/dag_spider_call_rpa_ui.py
[2023-07-15T20:27:01.509+0000] {processor.py:836} INFO - DAG(s) dict_keys(['api_dag_executando_rpa_pyautogui_UI_taskflow']) retrieved from /opt/airflow/dags/dag_spider_call_rpa_ui.py
[2023-07-15T20:27:01.533+0000] {logging_mixin.py:150} INFO - [2023-07-15T20:27:01.533+0000] {dag.py:2742} INFO - Sync 1 DAGs
[2023-07-15T20:27:01.561+0000] {logging_mixin.py:150} INFO - [2023-07-15T20:27:01.561+0000] {dag.py:3508} INFO - Setting next_dagrun for api_dag_executando_rpa_pyautogui_UI_taskflow to 2023-07-15T00:00:00+00:00, run_after=2023-07-16T00:00:00+00:00
[2023-07-15T20:27:01.580+0000] {processor.py:179} INFO - Processing /opt/airflow/dags/dag_spider_call_rpa_ui.py took 0.087 seconds
[2023-07-15T20:27:32.011+0000] {processor.py:157} INFO - Started process (PID=538) to work on /opt/airflow/dags/dag_spider_call_rpa_ui.py
[2023-07-15T20:27:32.012+0000] {processor.py:826} INFO - Processing file /opt/airflow/dags/dag_spider_call_rpa_ui.py for tasks to queue
[2023-07-15T20:27:32.013+0000] {logging_mixin.py:150} INFO - [2023-07-15T20:27:32.012+0000] {dagbag.py:541} INFO - Filling up the DagBag from /opt/airflow/dags/dag_spider_call_rpa_ui.py
[2023-07-15T20:27:32.025+0000] {processor.py:836} INFO - DAG(s) dict_keys(['api_dag_executando_rpa_pyautogui_UI_taskflow']) retrieved from /opt/airflow/dags/dag_spider_call_rpa_ui.py
[2023-07-15T20:27:32.053+0000] {logging_mixin.py:150} INFO - [2023-07-15T20:27:32.053+0000] {dag.py:2742} INFO - Sync 1 DAGs
[2023-07-15T20:27:32.085+0000] {logging_mixin.py:150} INFO - [2023-07-15T20:27:32.085+0000] {dag.py:3508} INFO - Setting next_dagrun for api_dag_executando_rpa_pyautogui_UI_taskflow to 2023-07-15T00:00:00+00:00, run_after=2023-07-16T00:00:00+00:00
[2023-07-15T20:27:32.108+0000] {processor.py:179} INFO - Processing /opt/airflow/dags/dag_spider_call_rpa_ui.py took 0.101 seconds
[2023-07-15T20:28:02.564+0000] {processor.py:157} INFO - Started process (PID=576) to work on /opt/airflow/dags/dag_spider_call_rpa_ui.py
[2023-07-15T20:28:02.566+0000] {processor.py:826} INFO - Processing file /opt/airflow/dags/dag_spider_call_rpa_ui.py for tasks to queue
[2023-07-15T20:28:02.566+0000] {logging_mixin.py:150} INFO - [2023-07-15T20:28:02.566+0000] {dagbag.py:541} INFO - Filling up the DagBag from /opt/airflow/dags/dag_spider_call_rpa_ui.py
[2023-07-15T20:28:02.578+0000] {processor.py:836} INFO - DAG(s) dict_keys(['api_dag_executando_rpa_pyautogui_UI_taskflow']) retrieved from /opt/airflow/dags/dag_spider_call_rpa_ui.py
[2023-07-15T20:28:02.603+0000] {logging_mixin.py:150} INFO - [2023-07-15T20:28:02.603+0000] {dag.py:2742} INFO - Sync 1 DAGs
[2023-07-15T20:28:02.634+0000] {logging_mixin.py:150} INFO - [2023-07-15T20:28:02.633+0000] {dag.py:3508} INFO - Setting next_dagrun for api_dag_executando_rpa_pyautogui_UI_taskflow to 2023-07-15T00:00:00+00:00, run_after=2023-07-16T00:00:00+00:00
[2023-07-15T20:28:02.656+0000] {processor.py:179} INFO - Processing /opt/airflow/dags/dag_spider_call_rpa_ui.py took 0.095 seconds
[2023-07-15T20:28:33.511+0000] {processor.py:157} INFO - Started process (PID=601) to work on /opt/airflow/dags/dag_spider_call_rpa_ui.py
[2023-07-15T20:28:33.512+0000] {processor.py:826} INFO - Processing file /opt/airflow/dags/dag_spider_call_rpa_ui.py for tasks to queue
[2023-07-15T20:28:33.513+0000] {logging_mixin.py:150} INFO - [2023-07-15T20:28:33.512+0000] {dagbag.py:541} INFO - Filling up the DagBag from /opt/airflow/dags/dag_spider_call_rpa_ui.py
[2023-07-15T20:28:33.525+0000] {processor.py:836} INFO - DAG(s) dict_keys(['api_dag_executando_rpa_pyautogui_UI_taskflow']) retrieved from /opt/airflow/dags/dag_spider_call_rpa_ui.py
[2023-07-15T20:28:33.549+0000] {logging_mixin.py:150} INFO - [2023-07-15T20:28:33.549+0000] {dag.py:2742} INFO - Sync 1 DAGs
[2023-07-15T20:28:33.579+0000] {logging_mixin.py:150} INFO - [2023-07-15T20:28:33.578+0000] {dag.py:3508} INFO - Setting next_dagrun for api_dag_executando_rpa_pyautogui_UI_taskflow to 2023-07-15T00:00:00+00:00, run_after=2023-07-16T00:00:00+00:00
[2023-07-15T20:28:33.601+0000] {processor.py:179} INFO - Processing /opt/airflow/dags/dag_spider_call_rpa_ui.py took 0.094 seconds
[2023-07-15T20:29:03.756+0000] {processor.py:157} INFO - Started process (PID=639) to work on /opt/airflow/dags/dag_spider_call_rpa_ui.py
[2023-07-15T20:29:03.757+0000] {processor.py:826} INFO - Processing file /opt/airflow/dags/dag_spider_call_rpa_ui.py for tasks to queue
[2023-07-15T20:29:03.758+0000] {logging_mixin.py:150} INFO - [2023-07-15T20:29:03.758+0000] {dagbag.py:541} INFO - Filling up the DagBag from /opt/airflow/dags/dag_spider_call_rpa_ui.py
[2023-07-15T20:29:03.769+0000] {processor.py:836} INFO - DAG(s) dict_keys(['api_dag_executando_rpa_pyautogui_UI_taskflow']) retrieved from /opt/airflow/dags/dag_spider_call_rpa_ui.py
[2023-07-15T20:29:03.793+0000] {logging_mixin.py:150} INFO - [2023-07-15T20:29:03.793+0000] {dag.py:2742} INFO - Sync 1 DAGs
[2023-07-15T20:29:03.818+0000] {logging_mixin.py:150} INFO - [2023-07-15T20:29:03.818+0000] {dag.py:3508} INFO - Setting next_dagrun for api_dag_executando_rpa_pyautogui_UI_taskflow to 2023-07-15T00:00:00+00:00, run_after=2023-07-16T00:00:00+00:00
[2023-07-15T20:29:03.836+0000] {processor.py:179} INFO - Processing /opt/airflow/dags/dag_spider_call_rpa_ui.py took 0.084 seconds
[2023-07-15T20:29:34.087+0000] {processor.py:157} INFO - Started process (PID=677) to work on /opt/airflow/dags/dag_spider_call_rpa_ui.py
[2023-07-15T20:29:34.088+0000] {processor.py:826} INFO - Processing file /opt/airflow/dags/dag_spider_call_rpa_ui.py for tasks to queue
[2023-07-15T20:29:34.089+0000] {logging_mixin.py:150} INFO - [2023-07-15T20:29:34.089+0000] {dagbag.py:541} INFO - Filling up the DagBag from /opt/airflow/dags/dag_spider_call_rpa_ui.py
[2023-07-15T20:29:34.103+0000] {processor.py:836} INFO - DAG(s) dict_keys(['api_dag_executando_rpa_pyautogui_UI_taskflow']) retrieved from /opt/airflow/dags/dag_spider_call_rpa_ui.py
[2023-07-15T20:29:34.131+0000] {logging_mixin.py:150} INFO - [2023-07-15T20:29:34.131+0000] {dag.py:2742} INFO - Sync 1 DAGs
[2023-07-15T20:29:34.163+0000] {logging_mixin.py:150} INFO - [2023-07-15T20:29:34.163+0000] {dag.py:3508} INFO - Setting next_dagrun for api_dag_executando_rpa_pyautogui_UI_taskflow to 2023-07-15T00:00:00+00:00, run_after=2023-07-16T00:00:00+00:00
[2023-07-15T20:29:34.186+0000] {processor.py:179} INFO - Processing /opt/airflow/dags/dag_spider_call_rpa_ui.py took 0.103 seconds
[2023-07-15T20:30:04.645+0000] {processor.py:157} INFO - Started process (PID=715) to work on /opt/airflow/dags/dag_spider_call_rpa_ui.py
[2023-07-15T20:30:04.646+0000] {processor.py:826} INFO - Processing file /opt/airflow/dags/dag_spider_call_rpa_ui.py for tasks to queue
[2023-07-15T20:30:04.646+0000] {logging_mixin.py:150} INFO - [2023-07-15T20:30:04.646+0000] {dagbag.py:541} INFO - Filling up the DagBag from /opt/airflow/dags/dag_spider_call_rpa_ui.py
[2023-07-15T20:30:04.657+0000] {processor.py:836} INFO - DAG(s) dict_keys(['api_dag_executando_rpa_pyautogui_UI_taskflow']) retrieved from /opt/airflow/dags/dag_spider_call_rpa_ui.py
[2023-07-15T20:30:04.681+0000] {logging_mixin.py:150} INFO - [2023-07-15T20:30:04.681+0000] {dag.py:2742} INFO - Sync 1 DAGs
[2023-07-15T20:30:04.707+0000] {logging_mixin.py:150} INFO - [2023-07-15T20:30:04.707+0000] {dag.py:3508} INFO - Setting next_dagrun for api_dag_executando_rpa_pyautogui_UI_taskflow to 2023-07-15T00:00:00+00:00, run_after=2023-07-16T00:00:00+00:00
[2023-07-15T20:30:04.725+0000] {processor.py:179} INFO - Processing /opt/airflow/dags/dag_spider_call_rpa_ui.py took 0.084 seconds
[2023-07-15T20:30:34.939+0000] {processor.py:157} INFO - Started process (PID=753) to work on /opt/airflow/dags/dag_spider_call_rpa_ui.py
[2023-07-15T20:30:34.940+0000] {processor.py:826} INFO - Processing file /opt/airflow/dags/dag_spider_call_rpa_ui.py for tasks to queue
[2023-07-15T20:30:34.941+0000] {logging_mixin.py:150} INFO - [2023-07-15T20:30:34.941+0000] {dagbag.py:541} INFO - Filling up the DagBag from /opt/airflow/dags/dag_spider_call_rpa_ui.py
[2023-07-15T20:30:34.952+0000] {processor.py:836} INFO - DAG(s) dict_keys(['api_dag_executando_rpa_pyautogui_UI_taskflow']) retrieved from /opt/airflow/dags/dag_spider_call_rpa_ui.py
[2023-07-15T20:30:34.977+0000] {logging_mixin.py:150} INFO - [2023-07-15T20:30:34.977+0000] {dag.py:2742} INFO - Sync 1 DAGs
[2023-07-15T20:30:35.008+0000] {logging_mixin.py:150} INFO - [2023-07-15T20:30:35.008+0000] {dag.py:3508} INFO - Setting next_dagrun for api_dag_executando_rpa_pyautogui_UI_taskflow to 2023-07-15T00:00:00+00:00, run_after=2023-07-16T00:00:00+00:00
[2023-07-15T20:30:35.028+0000] {processor.py:179} INFO - Processing /opt/airflow/dags/dag_spider_call_rpa_ui.py took 0.092 seconds
[2023-07-15T20:31:05.265+0000] {processor.py:157} INFO - Started process (PID=791) to work on /opt/airflow/dags/dag_spider_call_rpa_ui.py
[2023-07-15T20:31:05.267+0000] {processor.py:826} INFO - Processing file /opt/airflow/dags/dag_spider_call_rpa_ui.py for tasks to queue
[2023-07-15T20:31:05.268+0000] {logging_mixin.py:150} INFO - [2023-07-15T20:31:05.267+0000] {dagbag.py:541} INFO - Filling up the DagBag from /opt/airflow/dags/dag_spider_call_rpa_ui.py
[2023-07-15T20:31:05.285+0000] {processor.py:836} INFO - DAG(s) dict_keys(['api_dag_executando_rpa_pyautogui_UI_taskflow']) retrieved from /opt/airflow/dags/dag_spider_call_rpa_ui.py
[2023-07-15T20:31:05.319+0000] {logging_mixin.py:150} INFO - [2023-07-15T20:31:05.318+0000] {dag.py:2742} INFO - Sync 1 DAGs
[2023-07-15T20:31:05.350+0000] {logging_mixin.py:150} INFO - [2023-07-15T20:31:05.350+0000] {dag.py:3508} INFO - Setting next_dagrun for api_dag_executando_rpa_pyautogui_UI_taskflow to 2023-07-15T00:00:00+00:00, run_after=2023-07-16T00:00:00+00:00
[2023-07-15T20:31:05.371+0000] {processor.py:179} INFO - Processing /opt/airflow/dags/dag_spider_call_rpa_ui.py took 0.109 seconds
[2023-07-15T20:31:35.592+0000] {processor.py:157} INFO - Started process (PID=829) to work on /opt/airflow/dags/dag_spider_call_rpa_ui.py
[2023-07-15T20:31:35.594+0000] {processor.py:826} INFO - Processing file /opt/airflow/dags/dag_spider_call_rpa_ui.py for tasks to queue
[2023-07-15T20:31:35.594+0000] {logging_mixin.py:150} INFO - [2023-07-15T20:31:35.594+0000] {dagbag.py:541} INFO - Filling up the DagBag from /opt/airflow/dags/dag_spider_call_rpa_ui.py
[2023-07-15T20:31:35.607+0000] {processor.py:836} INFO - DAG(s) dict_keys(['api_dag_executando_rpa_pyautogui_UI_taskflow']) retrieved from /opt/airflow/dags/dag_spider_call_rpa_ui.py
[2023-07-15T20:31:35.633+0000] {logging_mixin.py:150} INFO - [2023-07-15T20:31:35.633+0000] {dag.py:2742} INFO - Sync 1 DAGs
[2023-07-15T20:31:35.662+0000] {logging_mixin.py:150} INFO - [2023-07-15T20:31:35.662+0000] {dag.py:3508} INFO - Setting next_dagrun for api_dag_executando_rpa_pyautogui_UI_taskflow to 2023-07-15T00:00:00+00:00, run_after=2023-07-16T00:00:00+00:00
[2023-07-15T20:31:35.682+0000] {processor.py:179} INFO - Processing /opt/airflow/dags/dag_spider_call_rpa_ui.py took 0.093 seconds
[2023-07-15T20:32:05.957+0000] {processor.py:157} INFO - Started process (PID=867) to work on /opt/airflow/dags/dag_spider_call_rpa_ui.py
[2023-07-15T20:32:05.958+0000] {processor.py:826} INFO - Processing file /opt/airflow/dags/dag_spider_call_rpa_ui.py for tasks to queue
[2023-07-15T20:32:05.959+0000] {logging_mixin.py:150} INFO - [2023-07-15T20:32:05.958+0000] {dagbag.py:541} INFO - Filling up the DagBag from /opt/airflow/dags/dag_spider_call_rpa_ui.py
[2023-07-15T20:32:05.970+0000] {processor.py:836} INFO - DAG(s) dict_keys(['api_dag_executando_rpa_pyautogui_UI_taskflow']) retrieved from /opt/airflow/dags/dag_spider_call_rpa_ui.py
[2023-07-15T20:32:05.994+0000] {logging_mixin.py:150} INFO - [2023-07-15T20:32:05.994+0000] {dag.py:2742} INFO - Sync 1 DAGs
[2023-07-15T20:32:06.021+0000] {logging_mixin.py:150} INFO - [2023-07-15T20:32:06.021+0000] {dag.py:3508} INFO - Setting next_dagrun for api_dag_executando_rpa_pyautogui_UI_taskflow to 2023-07-15T00:00:00+00:00, run_after=2023-07-16T00:00:00+00:00
[2023-07-15T20:32:06.040+0000] {processor.py:179} INFO - Processing /opt/airflow/dags/dag_spider_call_rpa_ui.py took 0.087 seconds
[2023-07-15T20:32:36.248+0000] {processor.py:157} INFO - Started process (PID=905) to work on /opt/airflow/dags/dag_spider_call_rpa_ui.py
[2023-07-15T20:32:36.249+0000] {processor.py:826} INFO - Processing file /opt/airflow/dags/dag_spider_call_rpa_ui.py for tasks to queue
[2023-07-15T20:32:36.250+0000] {logging_mixin.py:150} INFO - [2023-07-15T20:32:36.250+0000] {dagbag.py:541} INFO - Filling up the DagBag from /opt/airflow/dags/dag_spider_call_rpa_ui.py
[2023-07-15T20:32:36.262+0000] {processor.py:836} INFO - DAG(s) dict_keys(['api_dag_executando_rpa_pyautogui_UI_taskflow']) retrieved from /opt/airflow/dags/dag_spider_call_rpa_ui.py
[2023-07-15T20:32:36.288+0000] {logging_mixin.py:150} INFO - [2023-07-15T20:32:36.288+0000] {dag.py:2742} INFO - Sync 1 DAGs
[2023-07-15T20:32:36.314+0000] {logging_mixin.py:150} INFO - [2023-07-15T20:32:36.314+0000] {dag.py:3508} INFO - Setting next_dagrun for api_dag_executando_rpa_pyautogui_UI_taskflow to 2023-07-15T00:00:00+00:00, run_after=2023-07-16T00:00:00+00:00
[2023-07-15T20:32:36.332+0000] {processor.py:179} INFO - Processing /opt/airflow/dags/dag_spider_call_rpa_ui.py took 0.087 seconds
[2023-07-15T20:33:06.561+0000] {processor.py:157} INFO - Started process (PID=943) to work on /opt/airflow/dags/dag_spider_call_rpa_ui.py
[2023-07-15T20:33:06.562+0000] {processor.py:826} INFO - Processing file /opt/airflow/dags/dag_spider_call_rpa_ui.py for tasks to queue
[2023-07-15T20:33:06.563+0000] {logging_mixin.py:150} INFO - [2023-07-15T20:33:06.563+0000] {dagbag.py:541} INFO - Filling up the DagBag from /opt/airflow/dags/dag_spider_call_rpa_ui.py
[2023-07-15T20:33:06.575+0000] {processor.py:836} INFO - DAG(s) dict_keys(['api_dag_executando_rpa_pyautogui_UI_taskflow']) retrieved from /opt/airflow/dags/dag_spider_call_rpa_ui.py
[2023-07-15T20:33:06.599+0000] {logging_mixin.py:150} INFO - [2023-07-15T20:33:06.599+0000] {dag.py:2742} INFO - Sync 1 DAGs
[2023-07-15T20:33:06.627+0000] {logging_mixin.py:150} INFO - [2023-07-15T20:33:06.627+0000] {dag.py:3508} INFO - Setting next_dagrun for api_dag_executando_rpa_pyautogui_UI_taskflow to 2023-07-15T00:00:00+00:00, run_after=2023-07-16T00:00:00+00:00
[2023-07-15T20:33:06.649+0000] {processor.py:179} INFO - Processing /opt/airflow/dags/dag_spider_call_rpa_ui.py took 0.091 seconds
[2023-07-15T20:33:36.958+0000] {processor.py:157} INFO - Started process (PID=981) to work on /opt/airflow/dags/dag_spider_call_rpa_ui.py
[2023-07-15T20:33:36.959+0000] {processor.py:826} INFO - Processing file /opt/airflow/dags/dag_spider_call_rpa_ui.py for tasks to queue
[2023-07-15T20:33:36.960+0000] {logging_mixin.py:150} INFO - [2023-07-15T20:33:36.959+0000] {dagbag.py:541} INFO - Filling up the DagBag from /opt/airflow/dags/dag_spider_call_rpa_ui.py
[2023-07-15T20:33:36.971+0000] {processor.py:836} INFO - DAG(s) dict_keys(['api_dag_executando_rpa_pyautogui_UI_taskflow']) retrieved from /opt/airflow/dags/dag_spider_call_rpa_ui.py
[2023-07-15T20:33:36.997+0000] {logging_mixin.py:150} INFO - [2023-07-15T20:33:36.997+0000] {dag.py:2742} INFO - Sync 1 DAGs
[2023-07-15T20:33:37.025+0000] {logging_mixin.py:150} INFO - [2023-07-15T20:33:37.025+0000] {dag.py:3508} INFO - Setting next_dagrun for api_dag_executando_rpa_pyautogui_UI_taskflow to 2023-07-15T00:00:00+00:00, run_after=2023-07-16T00:00:00+00:00
[2023-07-15T20:33:37.044+0000] {processor.py:179} INFO - Processing /opt/airflow/dags/dag_spider_call_rpa_ui.py took 0.090 seconds
[2023-07-15T20:34:07.408+0000] {processor.py:157} INFO - Started process (PID=1019) to work on /opt/airflow/dags/dag_spider_call_rpa_ui.py
[2023-07-15T20:34:07.409+0000] {processor.py:826} INFO - Processing file /opt/airflow/dags/dag_spider_call_rpa_ui.py for tasks to queue
[2023-07-15T20:34:07.410+0000] {logging_mixin.py:150} INFO - [2023-07-15T20:34:07.410+0000] {dagbag.py:541} INFO - Filling up the DagBag from /opt/airflow/dags/dag_spider_call_rpa_ui.py
[2023-07-15T20:34:07.425+0000] {processor.py:836} INFO - DAG(s) dict_keys(['api_dag_executando_rpa_pyautogui_UI_taskflow']) retrieved from /opt/airflow/dags/dag_spider_call_rpa_ui.py
[2023-07-15T20:34:07.461+0000] {logging_mixin.py:150} INFO - [2023-07-15T20:34:07.461+0000] {dag.py:2742} INFO - Sync 1 DAGs
[2023-07-15T20:34:07.497+0000] {logging_mixin.py:150} INFO - [2023-07-15T20:34:07.497+0000] {dag.py:3508} INFO - Setting next_dagrun for api_dag_executando_rpa_pyautogui_UI_taskflow to 2023-07-15T00:00:00+00:00, run_after=2023-07-16T00:00:00+00:00
[2023-07-15T20:34:07.519+0000] {processor.py:179} INFO - Processing /opt/airflow/dags/dag_spider_call_rpa_ui.py took 0.114 seconds
[2023-07-15T20:34:37.972+0000] {processor.py:157} INFO - Started process (PID=1057) to work on /opt/airflow/dags/dag_spider_call_rpa_ui.py
[2023-07-15T20:34:37.973+0000] {processor.py:826} INFO - Processing file /opt/airflow/dags/dag_spider_call_rpa_ui.py for tasks to queue
[2023-07-15T20:34:37.974+0000] {logging_mixin.py:150} INFO - [2023-07-15T20:34:37.974+0000] {dagbag.py:541} INFO - Filling up the DagBag from /opt/airflow/dags/dag_spider_call_rpa_ui.py
[2023-07-15T20:34:37.987+0000] {processor.py:836} INFO - DAG(s) dict_keys(['api_dag_executando_rpa_pyautogui_UI_taskflow']) retrieved from /opt/airflow/dags/dag_spider_call_rpa_ui.py
[2023-07-15T20:34:38.013+0000] {logging_mixin.py:150} INFO - [2023-07-15T20:34:38.013+0000] {dag.py:2742} INFO - Sync 1 DAGs
[2023-07-15T20:34:38.047+0000] {logging_mixin.py:150} INFO - [2023-07-15T20:34:38.047+0000] {dag.py:3508} INFO - Setting next_dagrun for api_dag_executando_rpa_pyautogui_UI_taskflow to 2023-07-15T00:00:00+00:00, run_after=2023-07-16T00:00:00+00:00
[2023-07-15T20:34:38.070+0000] {processor.py:179} INFO - Processing /opt/airflow/dags/dag_spider_call_rpa_ui.py took 0.101 seconds
[2023-07-15T20:35:08.325+0000] {processor.py:157} INFO - Started process (PID=1095) to work on /opt/airflow/dags/dag_spider_call_rpa_ui.py
[2023-07-15T20:35:08.326+0000] {processor.py:826} INFO - Processing file /opt/airflow/dags/dag_spider_call_rpa_ui.py for tasks to queue
[2023-07-15T20:35:08.327+0000] {logging_mixin.py:150} INFO - [2023-07-15T20:35:08.327+0000] {dagbag.py:541} INFO - Filling up the DagBag from /opt/airflow/dags/dag_spider_call_rpa_ui.py
[2023-07-15T20:35:08.338+0000] {processor.py:836} INFO - DAG(s) dict_keys(['api_dag_executando_rpa_pyautogui_UI_taskflow']) retrieved from /opt/airflow/dags/dag_spider_call_rpa_ui.py
[2023-07-15T20:35:08.362+0000] {logging_mixin.py:150} INFO - [2023-07-15T20:35:08.361+0000] {dag.py:2742} INFO - Sync 1 DAGs
[2023-07-15T20:35:08.387+0000] {logging_mixin.py:150} INFO - [2023-07-15T20:35:08.387+0000] {dag.py:3508} INFO - Setting next_dagrun for api_dag_executando_rpa_pyautogui_UI_taskflow to 2023-07-15T00:00:00+00:00, run_after=2023-07-16T00:00:00+00:00
[2023-07-15T20:35:08.408+0000] {processor.py:179} INFO - Processing /opt/airflow/dags/dag_spider_call_rpa_ui.py took 0.086 seconds
