[2023-07-15T19:35:57.237+0000] {processor.py:157} INFO - Started process (PID=32) to work on /opt/airflow/dags/dag_forest_random_spark.py
[2023-07-15T19:35:57.238+0000] {processor.py:826} INFO - Processing file /opt/airflow/dags/dag_forest_random_spark.py for tasks to queue
[2023-07-15T19:35:57.239+0000] {logging_mixin.py:150} INFO - [2023-07-15T19:35:57.239+0000] {dagbag.py:541} INFO - Filling up the DagBag from /opt/airflow/dags/dag_forest_random_spark.py
[2023-07-15T19:35:57.252+0000] {processor.py:836} INFO - DAG(s) dict_keys(['algoritmo_forest_random_pyspark']) retrieved from /opt/airflow/dags/dag_forest_random_spark.py
[2023-07-15T19:35:57.480+0000] {logging_mixin.py:150} INFO - [2023-07-15T19:35:57.480+0000] {manager.py:504} INFO - Created Permission View: can edit on DAG:algoritmo_forest_random_pyspark
[2023-07-15T19:35:57.492+0000] {logging_mixin.py:150} INFO - [2023-07-15T19:35:57.492+0000] {manager.py:504} INFO - Created Permission View: can delete on DAG:algoritmo_forest_random_pyspark
[2023-07-15T19:35:57.500+0000] {logging_mixin.py:150} INFO - [2023-07-15T19:35:57.500+0000] {manager.py:504} INFO - Created Permission View: can read on DAG:algoritmo_forest_random_pyspark
[2023-07-15T19:35:57.517+0000] {logging_mixin.py:150} INFO - [2023-07-15T19:35:57.517+0000] {dag.py:2742} INFO - Sync 1 DAGs
[2023-07-15T19:35:57.530+0000] {logging_mixin.py:150} INFO - [2023-07-15T19:35:57.530+0000] {dag.py:2763} INFO - Creating ORM DAG for algoritmo_forest_random_pyspark
[2023-07-15T19:35:57.544+0000] {logging_mixin.py:150} INFO - [2023-07-15T19:35:57.544+0000] {dag.py:3508} INFO - Setting next_dagrun for algoritmo_forest_random_pyspark to None, run_after=None
[2023-07-15T19:35:57.564+0000] {processor.py:179} INFO - Processing /opt/airflow/dags/dag_forest_random_spark.py took 0.330 seconds
[2023-07-15T19:36:27.658+0000] {processor.py:157} INFO - Started process (PID=102) to work on /opt/airflow/dags/dag_forest_random_spark.py
[2023-07-15T19:36:27.667+0000] {processor.py:826} INFO - Processing file /opt/airflow/dags/dag_forest_random_spark.py for tasks to queue
[2023-07-15T19:36:27.668+0000] {logging_mixin.py:150} INFO - [2023-07-15T19:36:27.667+0000] {dagbag.py:541} INFO - Filling up the DagBag from /opt/airflow/dags/dag_forest_random_spark.py
[2023-07-15T19:36:27.676+0000] {processor.py:836} INFO - DAG(s) dict_keys(['algoritmo_forest_random_pyspark']) retrieved from /opt/airflow/dags/dag_forest_random_spark.py
[2023-07-15T19:36:27.699+0000] {logging_mixin.py:150} INFO - [2023-07-15T19:36:27.699+0000] {dag.py:2742} INFO - Sync 1 DAGs
[2023-07-15T19:36:27.722+0000] {logging_mixin.py:150} INFO - [2023-07-15T19:36:27.722+0000] {dag.py:3508} INFO - Setting next_dagrun for algoritmo_forest_random_pyspark to None, run_after=None
[2023-07-15T19:36:27.739+0000] {processor.py:179} INFO - Processing /opt/airflow/dags/dag_forest_random_spark.py took 0.085 seconds
[2023-07-15T19:36:58.147+0000] {processor.py:157} INFO - Started process (PID=140) to work on /opt/airflow/dags/dag_forest_random_spark.py
[2023-07-15T19:36:58.148+0000] {processor.py:826} INFO - Processing file /opt/airflow/dags/dag_forest_random_spark.py for tasks to queue
[2023-07-15T19:36:58.149+0000] {logging_mixin.py:150} INFO - [2023-07-15T19:36:58.149+0000] {dagbag.py:541} INFO - Filling up the DagBag from /opt/airflow/dags/dag_forest_random_spark.py
[2023-07-15T19:36:58.159+0000] {processor.py:836} INFO - DAG(s) dict_keys(['algoritmo_forest_random_pyspark']) retrieved from /opt/airflow/dags/dag_forest_random_spark.py
[2023-07-15T19:36:58.184+0000] {logging_mixin.py:150} INFO - [2023-07-15T19:36:58.183+0000] {dag.py:2742} INFO - Sync 1 DAGs
[2023-07-15T19:36:58.210+0000] {logging_mixin.py:150} INFO - [2023-07-15T19:36:58.210+0000] {dag.py:3508} INFO - Setting next_dagrun for algoritmo_forest_random_pyspark to None, run_after=None
[2023-07-15T19:36:58.234+0000] {processor.py:179} INFO - Processing /opt/airflow/dags/dag_forest_random_spark.py took 0.089 seconds
[2023-07-15T19:37:28.401+0000] {processor.py:157} INFO - Started process (PID=184) to work on /opt/airflow/dags/dag_forest_random_spark.py
[2023-07-15T19:37:28.402+0000] {processor.py:826} INFO - Processing file /opt/airflow/dags/dag_forest_random_spark.py for tasks to queue
[2023-07-15T19:37:28.403+0000] {logging_mixin.py:150} INFO - [2023-07-15T19:37:28.403+0000] {dagbag.py:541} INFO - Filling up the DagBag from /opt/airflow/dags/dag_forest_random_spark.py
[2023-07-15T19:37:28.414+0000] {processor.py:836} INFO - DAG(s) dict_keys(['algoritmo_forest_random_pyspark']) retrieved from /opt/airflow/dags/dag_forest_random_spark.py
[2023-07-15T19:37:28.453+0000] {logging_mixin.py:150} INFO - [2023-07-15T19:37:28.452+0000] {dag.py:2742} INFO - Sync 1 DAGs
[2023-07-15T19:37:28.497+0000] {logging_mixin.py:150} INFO - [2023-07-15T19:37:28.497+0000] {dag.py:3508} INFO - Setting next_dagrun for algoritmo_forest_random_pyspark to None, run_after=None
[2023-07-15T19:37:28.526+0000] {processor.py:179} INFO - Processing /opt/airflow/dags/dag_forest_random_spark.py took 0.130 seconds
[2023-07-15T19:37:58.683+0000] {processor.py:157} INFO - Started process (PID=222) to work on /opt/airflow/dags/dag_forest_random_spark.py
[2023-07-15T19:37:58.683+0000] {processor.py:826} INFO - Processing file /opt/airflow/dags/dag_forest_random_spark.py for tasks to queue
[2023-07-15T19:37:58.685+0000] {logging_mixin.py:150} INFO - [2023-07-15T19:37:58.684+0000] {dagbag.py:541} INFO - Filling up the DagBag from /opt/airflow/dags/dag_forest_random_spark.py
[2023-07-15T19:37:58.693+0000] {processor.py:836} INFO - DAG(s) dict_keys(['algoritmo_forest_random_pyspark']) retrieved from /opt/airflow/dags/dag_forest_random_spark.py
[2023-07-15T19:37:58.716+0000] {logging_mixin.py:150} INFO - [2023-07-15T19:37:58.716+0000] {dag.py:2742} INFO - Sync 1 DAGs
[2023-07-15T19:37:58.740+0000] {logging_mixin.py:150} INFO - [2023-07-15T19:37:58.740+0000] {dag.py:3508} INFO - Setting next_dagrun for algoritmo_forest_random_pyspark to None, run_after=None
[2023-07-15T19:37:58.759+0000] {processor.py:179} INFO - Processing /opt/airflow/dags/dag_forest_random_spark.py took 0.079 seconds
[2023-07-15T19:38:28.880+0000] {processor.py:157} INFO - Started process (PID=266) to work on /opt/airflow/dags/dag_forest_random_spark.py
[2023-07-15T19:38:28.881+0000] {processor.py:826} INFO - Processing file /opt/airflow/dags/dag_forest_random_spark.py for tasks to queue
[2023-07-15T19:38:28.882+0000] {logging_mixin.py:150} INFO - [2023-07-15T19:38:28.882+0000] {dagbag.py:541} INFO - Filling up the DagBag from /opt/airflow/dags/dag_forest_random_spark.py
[2023-07-15T19:38:28.892+0000] {processor.py:836} INFO - DAG(s) dict_keys(['algoritmo_forest_random_pyspark']) retrieved from /opt/airflow/dags/dag_forest_random_spark.py
[2023-07-15T19:38:28.918+0000] {logging_mixin.py:150} INFO - [2023-07-15T19:38:28.918+0000] {dag.py:2742} INFO - Sync 1 DAGs
[2023-07-15T19:38:28.940+0000] {logging_mixin.py:150} INFO - [2023-07-15T19:38:28.940+0000] {dag.py:3508} INFO - Setting next_dagrun for algoritmo_forest_random_pyspark to None, run_after=None
[2023-07-15T19:38:28.959+0000] {processor.py:179} INFO - Processing /opt/airflow/dags/dag_forest_random_spark.py took 0.082 seconds
[2023-07-15T19:38:59.062+0000] {processor.py:157} INFO - Started process (PID=304) to work on /opt/airflow/dags/dag_forest_random_spark.py
[2023-07-15T19:38:59.063+0000] {processor.py:826} INFO - Processing file /opt/airflow/dags/dag_forest_random_spark.py for tasks to queue
[2023-07-15T19:38:59.064+0000] {logging_mixin.py:150} INFO - [2023-07-15T19:38:59.064+0000] {dagbag.py:541} INFO - Filling up the DagBag from /opt/airflow/dags/dag_forest_random_spark.py
[2023-07-15T19:38:59.073+0000] {processor.py:836} INFO - DAG(s) dict_keys(['algoritmo_forest_random_pyspark']) retrieved from /opt/airflow/dags/dag_forest_random_spark.py
[2023-07-15T19:38:59.102+0000] {logging_mixin.py:150} INFO - [2023-07-15T19:38:59.102+0000] {dag.py:2742} INFO - Sync 1 DAGs
[2023-07-15T19:38:59.130+0000] {logging_mixin.py:150} INFO - [2023-07-15T19:38:59.130+0000] {dag.py:3508} INFO - Setting next_dagrun for algoritmo_forest_random_pyspark to None, run_after=None
[2023-07-15T19:38:59.147+0000] {processor.py:179} INFO - Processing /opt/airflow/dags/dag_forest_random_spark.py took 0.089 seconds
[2023-07-15T19:39:29.253+0000] {processor.py:157} INFO - Started process (PID=342) to work on /opt/airflow/dags/dag_forest_random_spark.py
[2023-07-15T19:39:29.254+0000] {processor.py:826} INFO - Processing file /opt/airflow/dags/dag_forest_random_spark.py for tasks to queue
[2023-07-15T19:39:29.254+0000] {logging_mixin.py:150} INFO - [2023-07-15T19:39:29.254+0000] {dagbag.py:541} INFO - Filling up the DagBag from /opt/airflow/dags/dag_forest_random_spark.py
[2023-07-15T19:39:29.264+0000] {processor.py:836} INFO - DAG(s) dict_keys(['algoritmo_forest_random_pyspark']) retrieved from /opt/airflow/dags/dag_forest_random_spark.py
[2023-07-15T19:39:29.291+0000] {logging_mixin.py:150} INFO - [2023-07-15T19:39:29.291+0000] {dag.py:2742} INFO - Sync 1 DAGs
[2023-07-15T19:39:29.320+0000] {logging_mixin.py:150} INFO - [2023-07-15T19:39:29.320+0000] {dag.py:3508} INFO - Setting next_dagrun for algoritmo_forest_random_pyspark to None, run_after=None
[2023-07-15T19:39:29.339+0000] {processor.py:179} INFO - Processing /opt/airflow/dags/dag_forest_random_spark.py took 0.090 seconds
[2023-07-15T20:21:26.334+0000] {processor.py:157} INFO - Started process (PID=33) to work on /opt/airflow/dags/dag_forest_random_spark.py
[2023-07-15T20:21:26.335+0000] {processor.py:826} INFO - Processing file /opt/airflow/dags/dag_forest_random_spark.py for tasks to queue
[2023-07-15T20:21:26.336+0000] {logging_mixin.py:150} INFO - [2023-07-15T20:21:26.336+0000] {dagbag.py:541} INFO - Filling up the DagBag from /opt/airflow/dags/dag_forest_random_spark.py
[2023-07-15T20:21:26.346+0000] {processor.py:836} INFO - DAG(s) dict_keys(['algoritmo_forest_random_pyspark']) retrieved from /opt/airflow/dags/dag_forest_random_spark.py
[2023-07-15T20:21:26.476+0000] {logging_mixin.py:150} INFO - [2023-07-15T20:21:26.475+0000] {dag.py:2742} INFO - Sync 1 DAGs
[2023-07-15T20:21:26.498+0000] {logging_mixin.py:150} INFO - [2023-07-15T20:21:26.498+0000] {dag.py:3508} INFO - Setting next_dagrun for algoritmo_forest_random_pyspark to None, run_after=None
[2023-07-15T20:21:26.521+0000] {processor.py:179} INFO - Processing /opt/airflow/dags/dag_forest_random_spark.py took 0.190 seconds
[2023-07-15T20:21:57.470+0000] {processor.py:157} INFO - Started process (PID=104) to work on /opt/airflow/dags/dag_forest_random_spark.py
[2023-07-15T20:21:57.472+0000] {processor.py:826} INFO - Processing file /opt/airflow/dags/dag_forest_random_spark.py for tasks to queue
[2023-07-15T20:21:57.472+0000] {logging_mixin.py:150} INFO - [2023-07-15T20:21:57.472+0000] {dagbag.py:541} INFO - Filling up the DagBag from /opt/airflow/dags/dag_forest_random_spark.py
[2023-07-15T20:21:57.481+0000] {processor.py:836} INFO - DAG(s) dict_keys(['algoritmo_forest_random_pyspark']) retrieved from /opt/airflow/dags/dag_forest_random_spark.py
[2023-07-15T20:21:57.505+0000] {logging_mixin.py:150} INFO - [2023-07-15T20:21:57.505+0000] {dag.py:2742} INFO - Sync 1 DAGs
[2023-07-15T20:21:57.528+0000] {logging_mixin.py:150} INFO - [2023-07-15T20:21:57.528+0000] {dag.py:3508} INFO - Setting next_dagrun for algoritmo_forest_random_pyspark to None, run_after=None
[2023-07-15T20:21:57.545+0000] {processor.py:179} INFO - Processing /opt/airflow/dags/dag_forest_random_spark.py took 0.078 seconds
[2023-07-15T20:22:28.117+0000] {processor.py:157} INFO - Started process (PID=148) to work on /opt/airflow/dags/dag_forest_random_spark.py
[2023-07-15T20:22:28.118+0000] {processor.py:826} INFO - Processing file /opt/airflow/dags/dag_forest_random_spark.py for tasks to queue
[2023-07-15T20:22:28.118+0000] {logging_mixin.py:150} INFO - [2023-07-15T20:22:28.118+0000] {dagbag.py:541} INFO - Filling up the DagBag from /opt/airflow/dags/dag_forest_random_spark.py
[2023-07-15T20:22:28.127+0000] {processor.py:836} INFO - DAG(s) dict_keys(['algoritmo_forest_random_pyspark']) retrieved from /opt/airflow/dags/dag_forest_random_spark.py
[2023-07-15T20:22:28.152+0000] {logging_mixin.py:150} INFO - [2023-07-15T20:22:28.151+0000] {dag.py:2742} INFO - Sync 1 DAGs
[2023-07-15T20:22:28.174+0000] {logging_mixin.py:150} INFO - [2023-07-15T20:22:28.174+0000] {dag.py:3508} INFO - Setting next_dagrun for algoritmo_forest_random_pyspark to None, run_after=None
[2023-07-15T20:22:28.191+0000] {processor.py:179} INFO - Processing /opt/airflow/dags/dag_forest_random_spark.py took 0.078 seconds
[2023-07-15T20:22:58.367+0000] {processor.py:157} INFO - Started process (PID=186) to work on /opt/airflow/dags/dag_forest_random_spark.py
[2023-07-15T20:22:58.371+0000] {processor.py:826} INFO - Processing file /opt/airflow/dags/dag_forest_random_spark.py for tasks to queue
[2023-07-15T20:22:58.372+0000] {logging_mixin.py:150} INFO - [2023-07-15T20:22:58.372+0000] {dagbag.py:541} INFO - Filling up the DagBag from /opt/airflow/dags/dag_forest_random_spark.py
[2023-07-15T20:22:58.383+0000] {processor.py:836} INFO - DAG(s) dict_keys(['algoritmo_forest_random_pyspark']) retrieved from /opt/airflow/dags/dag_forest_random_spark.py
[2023-07-15T20:22:58.407+0000] {logging_mixin.py:150} INFO - [2023-07-15T20:22:58.407+0000] {dag.py:2742} INFO - Sync 1 DAGs
[2023-07-15T20:22:58.432+0000] {logging_mixin.py:150} INFO - [2023-07-15T20:22:58.432+0000] {dag.py:3508} INFO - Setting next_dagrun for algoritmo_forest_random_pyspark to None, run_after=None
[2023-07-15T20:22:58.449+0000] {processor.py:179} INFO - Processing /opt/airflow/dags/dag_forest_random_spark.py took 0.086 seconds
[2023-07-15T20:23:28.699+0000] {processor.py:157} INFO - Started process (PID=230) to work on /opt/airflow/dags/dag_forest_random_spark.py
[2023-07-15T20:23:28.702+0000] {processor.py:826} INFO - Processing file /opt/airflow/dags/dag_forest_random_spark.py for tasks to queue
[2023-07-15T20:23:28.703+0000] {logging_mixin.py:150} INFO - [2023-07-15T20:23:28.703+0000] {dagbag.py:541} INFO - Filling up the DagBag from /opt/airflow/dags/dag_forest_random_spark.py
[2023-07-15T20:23:28.711+0000] {processor.py:836} INFO - DAG(s) dict_keys(['algoritmo_forest_random_pyspark']) retrieved from /opt/airflow/dags/dag_forest_random_spark.py
[2023-07-15T20:23:28.736+0000] {logging_mixin.py:150} INFO - [2023-07-15T20:23:28.735+0000] {dag.py:2742} INFO - Sync 1 DAGs
[2023-07-15T20:23:28.759+0000] {logging_mixin.py:150} INFO - [2023-07-15T20:23:28.759+0000] {dag.py:3508} INFO - Setting next_dagrun for algoritmo_forest_random_pyspark to None, run_after=None
[2023-07-15T20:23:28.777+0000] {processor.py:179} INFO - Processing /opt/airflow/dags/dag_forest_random_spark.py took 0.080 seconds
[2023-07-15T20:23:59.134+0000] {processor.py:157} INFO - Started process (PID=268) to work on /opt/airflow/dags/dag_forest_random_spark.py
[2023-07-15T20:23:59.137+0000] {processor.py:826} INFO - Processing file /opt/airflow/dags/dag_forest_random_spark.py for tasks to queue
[2023-07-15T20:23:59.137+0000] {logging_mixin.py:150} INFO - [2023-07-15T20:23:59.137+0000] {dagbag.py:541} INFO - Filling up the DagBag from /opt/airflow/dags/dag_forest_random_spark.py
[2023-07-15T20:23:59.146+0000] {processor.py:836} INFO - DAG(s) dict_keys(['algoritmo_forest_random_pyspark']) retrieved from /opt/airflow/dags/dag_forest_random_spark.py
[2023-07-15T20:23:59.173+0000] {logging_mixin.py:150} INFO - [2023-07-15T20:23:59.173+0000] {dag.py:2742} INFO - Sync 1 DAGs
[2023-07-15T20:23:59.197+0000] {logging_mixin.py:150} INFO - [2023-07-15T20:23:59.197+0000] {dag.py:3508} INFO - Setting next_dagrun for algoritmo_forest_random_pyspark to None, run_after=None
[2023-07-15T20:23:59.217+0000] {processor.py:179} INFO - Processing /opt/airflow/dags/dag_forest_random_spark.py took 0.086 seconds
[2023-07-15T20:24:29.464+0000] {processor.py:157} INFO - Started process (PID=306) to work on /opt/airflow/dags/dag_forest_random_spark.py
[2023-07-15T20:24:29.465+0000] {processor.py:826} INFO - Processing file /opt/airflow/dags/dag_forest_random_spark.py for tasks to queue
[2023-07-15T20:24:29.465+0000] {logging_mixin.py:150} INFO - [2023-07-15T20:24:29.465+0000] {dagbag.py:541} INFO - Filling up the DagBag from /opt/airflow/dags/dag_forest_random_spark.py
[2023-07-15T20:24:29.474+0000] {processor.py:836} INFO - DAG(s) dict_keys(['algoritmo_forest_random_pyspark']) retrieved from /opt/airflow/dags/dag_forest_random_spark.py
[2023-07-15T20:24:29.498+0000] {logging_mixin.py:150} INFO - [2023-07-15T20:24:29.498+0000] {dag.py:2742} INFO - Sync 1 DAGs
[2023-07-15T20:24:29.521+0000] {logging_mixin.py:150} INFO - [2023-07-15T20:24:29.521+0000] {dag.py:3508} INFO - Setting next_dagrun for algoritmo_forest_random_pyspark to None, run_after=None
[2023-07-15T20:24:29.539+0000] {processor.py:179} INFO - Processing /opt/airflow/dags/dag_forest_random_spark.py took 0.079 seconds
[2023-07-15T20:24:59.749+0000] {processor.py:157} INFO - Started process (PID=344) to work on /opt/airflow/dags/dag_forest_random_spark.py
[2023-07-15T20:24:59.752+0000] {processor.py:826} INFO - Processing file /opt/airflow/dags/dag_forest_random_spark.py for tasks to queue
[2023-07-15T20:24:59.753+0000] {logging_mixin.py:150} INFO - [2023-07-15T20:24:59.753+0000] {dagbag.py:541} INFO - Filling up the DagBag from /opt/airflow/dags/dag_forest_random_spark.py
[2023-07-15T20:24:59.763+0000] {processor.py:836} INFO - DAG(s) dict_keys(['algoritmo_forest_random_pyspark']) retrieved from /opt/airflow/dags/dag_forest_random_spark.py
[2023-07-15T20:24:59.792+0000] {logging_mixin.py:150} INFO - [2023-07-15T20:24:59.791+0000] {dag.py:2742} INFO - Sync 1 DAGs
[2023-07-15T20:24:59.819+0000] {logging_mixin.py:150} INFO - [2023-07-15T20:24:59.819+0000] {dag.py:3508} INFO - Setting next_dagrun for algoritmo_forest_random_pyspark to None, run_after=None
[2023-07-15T20:24:59.840+0000] {processor.py:179} INFO - Processing /opt/airflow/dags/dag_forest_random_spark.py took 0.094 seconds
[2023-07-15T20:25:30.284+0000] {processor.py:157} INFO - Started process (PID=382) to work on /opt/airflow/dags/dag_forest_random_spark.py
[2023-07-15T20:25:30.288+0000] {processor.py:826} INFO - Processing file /opt/airflow/dags/dag_forest_random_spark.py for tasks to queue
[2023-07-15T20:25:30.289+0000] {logging_mixin.py:150} INFO - [2023-07-15T20:25:30.289+0000] {dagbag.py:541} INFO - Filling up the DagBag from /opt/airflow/dags/dag_forest_random_spark.py
[2023-07-15T20:25:30.300+0000] {processor.py:836} INFO - DAG(s) dict_keys(['algoritmo_forest_random_pyspark']) retrieved from /opt/airflow/dags/dag_forest_random_spark.py
[2023-07-15T20:25:30.325+0000] {logging_mixin.py:150} INFO - [2023-07-15T20:25:30.325+0000] {dag.py:2742} INFO - Sync 1 DAGs
[2023-07-15T20:25:30.348+0000] {logging_mixin.py:150} INFO - [2023-07-15T20:25:30.348+0000] {dag.py:3508} INFO - Setting next_dagrun for algoritmo_forest_random_pyspark to None, run_after=None
[2023-07-15T20:25:30.367+0000] {processor.py:179} INFO - Processing /opt/airflow/dags/dag_forest_random_spark.py took 0.088 seconds
[2023-07-15T20:26:00.767+0000] {processor.py:157} INFO - Started process (PID=420) to work on /opt/airflow/dags/dag_forest_random_spark.py
[2023-07-15T20:26:00.768+0000] {processor.py:826} INFO - Processing file /opt/airflow/dags/dag_forest_random_spark.py for tasks to queue
[2023-07-15T20:26:00.768+0000] {logging_mixin.py:150} INFO - [2023-07-15T20:26:00.768+0000] {dagbag.py:541} INFO - Filling up the DagBag from /opt/airflow/dags/dag_forest_random_spark.py
[2023-07-15T20:26:00.777+0000] {processor.py:836} INFO - DAG(s) dict_keys(['algoritmo_forest_random_pyspark']) retrieved from /opt/airflow/dags/dag_forest_random_spark.py
[2023-07-15T20:26:00.810+0000] {logging_mixin.py:150} INFO - [2023-07-15T20:26:00.809+0000] {dag.py:2742} INFO - Sync 1 DAGs
[2023-07-15T20:26:00.848+0000] {logging_mixin.py:150} INFO - [2023-07-15T20:26:00.847+0000] {dag.py:3508} INFO - Setting next_dagrun for algoritmo_forest_random_pyspark to None, run_after=None
[2023-07-15T20:26:00.870+0000] {processor.py:179} INFO - Processing /opt/airflow/dags/dag_forest_random_spark.py took 0.107 seconds
[2023-07-15T20:26:31.082+0000] {processor.py:157} INFO - Started process (PID=458) to work on /opt/airflow/dags/dag_forest_random_spark.py
[2023-07-15T20:26:31.085+0000] {processor.py:826} INFO - Processing file /opt/airflow/dags/dag_forest_random_spark.py for tasks to queue
[2023-07-15T20:26:31.086+0000] {logging_mixin.py:150} INFO - [2023-07-15T20:26:31.085+0000] {dagbag.py:541} INFO - Filling up the DagBag from /opt/airflow/dags/dag_forest_random_spark.py
[2023-07-15T20:26:31.094+0000] {processor.py:836} INFO - DAG(s) dict_keys(['algoritmo_forest_random_pyspark']) retrieved from /opt/airflow/dags/dag_forest_random_spark.py
[2023-07-15T20:26:31.120+0000] {logging_mixin.py:150} INFO - [2023-07-15T20:26:31.120+0000] {dag.py:2742} INFO - Sync 1 DAGs
[2023-07-15T20:26:31.150+0000] {logging_mixin.py:150} INFO - [2023-07-15T20:26:31.150+0000] {dag.py:3508} INFO - Setting next_dagrun for algoritmo_forest_random_pyspark to None, run_after=None
[2023-07-15T20:26:31.173+0000] {processor.py:179} INFO - Processing /opt/airflow/dags/dag_forest_random_spark.py took 0.095 seconds
[2023-07-15T20:27:01.300+0000] {processor.py:157} INFO - Started process (PID=496) to work on /opt/airflow/dags/dag_forest_random_spark.py
[2023-07-15T20:27:01.303+0000] {processor.py:826} INFO - Processing file /opt/airflow/dags/dag_forest_random_spark.py for tasks to queue
[2023-07-15T20:27:01.304+0000] {logging_mixin.py:150} INFO - [2023-07-15T20:27:01.304+0000] {dagbag.py:541} INFO - Filling up the DagBag from /opt/airflow/dags/dag_forest_random_spark.py
[2023-07-15T20:27:01.314+0000] {processor.py:836} INFO - DAG(s) dict_keys(['algoritmo_forest_random_pyspark']) retrieved from /opt/airflow/dags/dag_forest_random_spark.py
[2023-07-15T20:27:01.340+0000] {logging_mixin.py:150} INFO - [2023-07-15T20:27:01.340+0000] {dag.py:2742} INFO - Sync 1 DAGs
[2023-07-15T20:27:01.366+0000] {logging_mixin.py:150} INFO - [2023-07-15T20:27:01.366+0000] {dag.py:3508} INFO - Setting next_dagrun for algoritmo_forest_random_pyspark to None, run_after=None
[2023-07-15T20:27:01.384+0000] {processor.py:179} INFO - Processing /opt/airflow/dags/dag_forest_random_spark.py took 0.087 seconds
[2023-07-15T20:27:31.787+0000] {processor.py:157} INFO - Started process (PID=534) to work on /opt/airflow/dags/dag_forest_random_spark.py
[2023-07-15T20:27:31.788+0000] {processor.py:826} INFO - Processing file /opt/airflow/dags/dag_forest_random_spark.py for tasks to queue
[2023-07-15T20:27:31.788+0000] {logging_mixin.py:150} INFO - [2023-07-15T20:27:31.788+0000] {dagbag.py:541} INFO - Filling up the DagBag from /opt/airflow/dags/dag_forest_random_spark.py
[2023-07-15T20:27:31.798+0000] {processor.py:836} INFO - DAG(s) dict_keys(['algoritmo_forest_random_pyspark']) retrieved from /opt/airflow/dags/dag_forest_random_spark.py
[2023-07-15T20:27:31.826+0000] {logging_mixin.py:150} INFO - [2023-07-15T20:27:31.826+0000] {dag.py:2742} INFO - Sync 1 DAGs
[2023-07-15T20:27:31.853+0000] {logging_mixin.py:150} INFO - [2023-07-15T20:27:31.852+0000] {dag.py:3508} INFO - Setting next_dagrun for algoritmo_forest_random_pyspark to None, run_after=None
[2023-07-15T20:27:31.876+0000] {processor.py:179} INFO - Processing /opt/airflow/dags/dag_forest_random_spark.py took 0.092 seconds
[2023-07-15T20:28:02.366+0000] {processor.py:157} INFO - Started process (PID=572) to work on /opt/airflow/dags/dag_forest_random_spark.py
[2023-07-15T20:28:02.367+0000] {processor.py:826} INFO - Processing file /opt/airflow/dags/dag_forest_random_spark.py for tasks to queue
[2023-07-15T20:28:02.368+0000] {logging_mixin.py:150} INFO - [2023-07-15T20:28:02.367+0000] {dagbag.py:541} INFO - Filling up the DagBag from /opt/airflow/dags/dag_forest_random_spark.py
[2023-07-15T20:28:02.377+0000] {processor.py:836} INFO - DAG(s) dict_keys(['algoritmo_forest_random_pyspark']) retrieved from /opt/airflow/dags/dag_forest_random_spark.py
[2023-07-15T20:28:02.405+0000] {logging_mixin.py:150} INFO - [2023-07-15T20:28:02.404+0000] {dag.py:2742} INFO - Sync 1 DAGs
[2023-07-15T20:28:02.429+0000] {logging_mixin.py:150} INFO - [2023-07-15T20:28:02.428+0000] {dag.py:3508} INFO - Setting next_dagrun for algoritmo_forest_random_pyspark to None, run_after=None
[2023-07-15T20:28:02.449+0000] {processor.py:179} INFO - Processing /opt/airflow/dags/dag_forest_random_spark.py took 0.087 seconds
[2023-07-15T20:28:33.301+0000] {processor.py:157} INFO - Started process (PID=597) to work on /opt/airflow/dags/dag_forest_random_spark.py
[2023-07-15T20:28:33.302+0000] {processor.py:826} INFO - Processing file /opt/airflow/dags/dag_forest_random_spark.py for tasks to queue
[2023-07-15T20:28:33.303+0000] {logging_mixin.py:150} INFO - [2023-07-15T20:28:33.303+0000] {dagbag.py:541} INFO - Filling up the DagBag from /opt/airflow/dags/dag_forest_random_spark.py
[2023-07-15T20:28:33.312+0000] {processor.py:836} INFO - DAG(s) dict_keys(['algoritmo_forest_random_pyspark']) retrieved from /opt/airflow/dags/dag_forest_random_spark.py
[2023-07-15T20:28:33.337+0000] {logging_mixin.py:150} INFO - [2023-07-15T20:28:33.337+0000] {dag.py:2742} INFO - Sync 1 DAGs
[2023-07-15T20:28:33.365+0000] {logging_mixin.py:150} INFO - [2023-07-15T20:28:33.364+0000] {dag.py:3508} INFO - Setting next_dagrun for algoritmo_forest_random_pyspark to None, run_after=None
[2023-07-15T20:28:33.388+0000] {processor.py:179} INFO - Processing /opt/airflow/dags/dag_forest_random_spark.py took 0.090 seconds
[2023-07-15T20:29:03.551+0000] {processor.py:157} INFO - Started process (PID=635) to work on /opt/airflow/dags/dag_forest_random_spark.py
[2023-07-15T20:29:03.554+0000] {processor.py:826} INFO - Processing file /opt/airflow/dags/dag_forest_random_spark.py for tasks to queue
[2023-07-15T20:29:03.555+0000] {logging_mixin.py:150} INFO - [2023-07-15T20:29:03.555+0000] {dagbag.py:541} INFO - Filling up the DagBag from /opt/airflow/dags/dag_forest_random_spark.py
[2023-07-15T20:29:03.565+0000] {processor.py:836} INFO - DAG(s) dict_keys(['algoritmo_forest_random_pyspark']) retrieved from /opt/airflow/dags/dag_forest_random_spark.py
[2023-07-15T20:29:03.593+0000] {logging_mixin.py:150} INFO - [2023-07-15T20:29:03.593+0000] {dag.py:2742} INFO - Sync 1 DAGs
[2023-07-15T20:29:03.618+0000] {logging_mixin.py:150} INFO - [2023-07-15T20:29:03.618+0000] {dag.py:3508} INFO - Setting next_dagrun for algoritmo_forest_random_pyspark to None, run_after=None
[2023-07-15T20:29:03.637+0000] {processor.py:179} INFO - Processing /opt/airflow/dags/dag_forest_random_spark.py took 0.089 seconds
[2023-07-15T20:29:33.843+0000] {processor.py:157} INFO - Started process (PID=673) to work on /opt/airflow/dags/dag_forest_random_spark.py
[2023-07-15T20:29:33.853+0000] {processor.py:826} INFO - Processing file /opt/airflow/dags/dag_forest_random_spark.py for tasks to queue
[2023-07-15T20:29:33.854+0000] {logging_mixin.py:150} INFO - [2023-07-15T20:29:33.854+0000] {dagbag.py:541} INFO - Filling up the DagBag from /opt/airflow/dags/dag_forest_random_spark.py
[2023-07-15T20:29:33.871+0000] {processor.py:836} INFO - DAG(s) dict_keys(['algoritmo_forest_random_pyspark']) retrieved from /opt/airflow/dags/dag_forest_random_spark.py
[2023-07-15T20:29:33.913+0000] {logging_mixin.py:150} INFO - [2023-07-15T20:29:33.913+0000] {dag.py:2742} INFO - Sync 1 DAGs
[2023-07-15T20:29:33.945+0000] {logging_mixin.py:150} INFO - [2023-07-15T20:29:33.945+0000] {dag.py:3508} INFO - Setting next_dagrun for algoritmo_forest_random_pyspark to None, run_after=None
[2023-07-15T20:29:33.964+0000] {processor.py:179} INFO - Processing /opt/airflow/dags/dag_forest_random_spark.py took 0.126 seconds
[2023-07-15T20:30:04.455+0000] {processor.py:157} INFO - Started process (PID=711) to work on /opt/airflow/dags/dag_forest_random_spark.py
[2023-07-15T20:30:04.456+0000] {processor.py:826} INFO - Processing file /opt/airflow/dags/dag_forest_random_spark.py for tasks to queue
[2023-07-15T20:30:04.457+0000] {logging_mixin.py:150} INFO - [2023-07-15T20:30:04.457+0000] {dagbag.py:541} INFO - Filling up the DagBag from /opt/airflow/dags/dag_forest_random_spark.py
[2023-07-15T20:30:04.466+0000] {processor.py:836} INFO - DAG(s) dict_keys(['algoritmo_forest_random_pyspark']) retrieved from /opt/airflow/dags/dag_forest_random_spark.py
[2023-07-15T20:30:04.491+0000] {logging_mixin.py:150} INFO - [2023-07-15T20:30:04.491+0000] {dag.py:2742} INFO - Sync 1 DAGs
[2023-07-15T20:30:04.515+0000] {logging_mixin.py:150} INFO - [2023-07-15T20:30:04.514+0000] {dag.py:3508} INFO - Setting next_dagrun for algoritmo_forest_random_pyspark to None, run_after=None
[2023-07-15T20:30:04.532+0000] {processor.py:179} INFO - Processing /opt/airflow/dags/dag_forest_random_spark.py took 0.080 seconds
[2023-07-15T20:30:34.741+0000] {processor.py:157} INFO - Started process (PID=749) to work on /opt/airflow/dags/dag_forest_random_spark.py
[2023-07-15T20:30:34.743+0000] {processor.py:826} INFO - Processing file /opt/airflow/dags/dag_forest_random_spark.py for tasks to queue
[2023-07-15T20:30:34.744+0000] {logging_mixin.py:150} INFO - [2023-07-15T20:30:34.744+0000] {dagbag.py:541} INFO - Filling up the DagBag from /opt/airflow/dags/dag_forest_random_spark.py
[2023-07-15T20:30:34.753+0000] {processor.py:836} INFO - DAG(s) dict_keys(['algoritmo_forest_random_pyspark']) retrieved from /opt/airflow/dags/dag_forest_random_spark.py
[2023-07-15T20:30:34.781+0000] {logging_mixin.py:150} INFO - [2023-07-15T20:30:34.781+0000] {dag.py:2742} INFO - Sync 1 DAGs
[2023-07-15T20:30:34.806+0000] {logging_mixin.py:150} INFO - [2023-07-15T20:30:34.806+0000] {dag.py:3508} INFO - Setting next_dagrun for algoritmo_forest_random_pyspark to None, run_after=None
[2023-07-15T20:30:34.831+0000] {processor.py:179} INFO - Processing /opt/airflow/dags/dag_forest_random_spark.py took 0.095 seconds
[2023-07-15T20:31:05.050+0000] {processor.py:157} INFO - Started process (PID=787) to work on /opt/airflow/dags/dag_forest_random_spark.py
[2023-07-15T20:31:05.053+0000] {processor.py:826} INFO - Processing file /opt/airflow/dags/dag_forest_random_spark.py for tasks to queue
[2023-07-15T20:31:05.054+0000] {logging_mixin.py:150} INFO - [2023-07-15T20:31:05.054+0000] {dagbag.py:541} INFO - Filling up the DagBag from /opt/airflow/dags/dag_forest_random_spark.py
[2023-07-15T20:31:05.063+0000] {processor.py:836} INFO - DAG(s) dict_keys(['algoritmo_forest_random_pyspark']) retrieved from /opt/airflow/dags/dag_forest_random_spark.py
[2023-07-15T20:31:05.090+0000] {logging_mixin.py:150} INFO - [2023-07-15T20:31:05.090+0000] {dag.py:2742} INFO - Sync 1 DAGs
[2023-07-15T20:31:05.117+0000] {logging_mixin.py:150} INFO - [2023-07-15T20:31:05.117+0000] {dag.py:3508} INFO - Setting next_dagrun for algoritmo_forest_random_pyspark to None, run_after=None
[2023-07-15T20:31:05.140+0000] {processor.py:179} INFO - Processing /opt/airflow/dags/dag_forest_random_spark.py took 0.093 seconds
[2023-07-15T20:31:35.372+0000] {processor.py:157} INFO - Started process (PID=825) to work on /opt/airflow/dags/dag_forest_random_spark.py
[2023-07-15T20:31:35.376+0000] {processor.py:826} INFO - Processing file /opt/airflow/dags/dag_forest_random_spark.py for tasks to queue
[2023-07-15T20:31:35.377+0000] {logging_mixin.py:150} INFO - [2023-07-15T20:31:35.376+0000] {dagbag.py:541} INFO - Filling up the DagBag from /opt/airflow/dags/dag_forest_random_spark.py
[2023-07-15T20:31:35.387+0000] {processor.py:836} INFO - DAG(s) dict_keys(['algoritmo_forest_random_pyspark']) retrieved from /opt/airflow/dags/dag_forest_random_spark.py
[2023-07-15T20:31:35.416+0000] {logging_mixin.py:150} INFO - [2023-07-15T20:31:35.416+0000] {dag.py:2742} INFO - Sync 1 DAGs
[2023-07-15T20:31:35.443+0000] {logging_mixin.py:150} INFO - [2023-07-15T20:31:35.443+0000] {dag.py:3508} INFO - Setting next_dagrun for algoritmo_forest_random_pyspark to None, run_after=None
[2023-07-15T20:31:35.465+0000] {processor.py:179} INFO - Processing /opt/airflow/dags/dag_forest_random_spark.py took 0.098 seconds
[2023-07-15T20:32:05.764+0000] {processor.py:157} INFO - Started process (PID=863) to work on /opt/airflow/dags/dag_forest_random_spark.py
[2023-07-15T20:32:05.767+0000] {processor.py:826} INFO - Processing file /opt/airflow/dags/dag_forest_random_spark.py for tasks to queue
[2023-07-15T20:32:05.768+0000] {logging_mixin.py:150} INFO - [2023-07-15T20:32:05.768+0000] {dagbag.py:541} INFO - Filling up the DagBag from /opt/airflow/dags/dag_forest_random_spark.py
[2023-07-15T20:32:05.778+0000] {processor.py:836} INFO - DAG(s) dict_keys(['algoritmo_forest_random_pyspark']) retrieved from /opt/airflow/dags/dag_forest_random_spark.py
[2023-07-15T20:32:05.802+0000] {logging_mixin.py:150} INFO - [2023-07-15T20:32:05.802+0000] {dag.py:2742} INFO - Sync 1 DAGs
[2023-07-15T20:32:05.827+0000] {logging_mixin.py:150} INFO - [2023-07-15T20:32:05.827+0000] {dag.py:3508} INFO - Setting next_dagrun for algoritmo_forest_random_pyspark to None, run_after=None
[2023-07-15T20:32:05.845+0000] {processor.py:179} INFO - Processing /opt/airflow/dags/dag_forest_random_spark.py took 0.084 seconds
[2023-07-15T20:32:36.045+0000] {processor.py:157} INFO - Started process (PID=901) to work on /opt/airflow/dags/dag_forest_random_spark.py
[2023-07-15T20:32:36.047+0000] {processor.py:826} INFO - Processing file /opt/airflow/dags/dag_forest_random_spark.py for tasks to queue
[2023-07-15T20:32:36.048+0000] {logging_mixin.py:150} INFO - [2023-07-15T20:32:36.048+0000] {dagbag.py:541} INFO - Filling up the DagBag from /opt/airflow/dags/dag_forest_random_spark.py
[2023-07-15T20:32:36.059+0000] {processor.py:836} INFO - DAG(s) dict_keys(['algoritmo_forest_random_pyspark']) retrieved from /opt/airflow/dags/dag_forest_random_spark.py
[2023-07-15T20:32:36.089+0000] {logging_mixin.py:150} INFO - [2023-07-15T20:32:36.089+0000] {dag.py:2742} INFO - Sync 1 DAGs
[2023-07-15T20:32:36.114+0000] {logging_mixin.py:150} INFO - [2023-07-15T20:32:36.114+0000] {dag.py:3508} INFO - Setting next_dagrun for algoritmo_forest_random_pyspark to None, run_after=None
[2023-07-15T20:32:36.135+0000] {processor.py:179} INFO - Processing /opt/airflow/dags/dag_forest_random_spark.py took 0.095 seconds
[2023-07-15T20:33:06.305+0000] {processor.py:157} INFO - Started process (PID=939) to work on /opt/airflow/dags/dag_forest_random_spark.py
[2023-07-15T20:33:06.308+0000] {processor.py:826} INFO - Processing file /opt/airflow/dags/dag_forest_random_spark.py for tasks to queue
[2023-07-15T20:33:06.309+0000] {logging_mixin.py:150} INFO - [2023-07-15T20:33:06.308+0000] {dagbag.py:541} INFO - Filling up the DagBag from /opt/airflow/dags/dag_forest_random_spark.py
[2023-07-15T20:33:06.321+0000] {processor.py:836} INFO - DAG(s) dict_keys(['algoritmo_forest_random_pyspark']) retrieved from /opt/airflow/dags/dag_forest_random_spark.py
[2023-07-15T20:33:06.361+0000] {logging_mixin.py:150} INFO - [2023-07-15T20:33:06.360+0000] {dag.py:2742} INFO - Sync 1 DAGs
[2023-07-15T20:33:06.402+0000] {logging_mixin.py:150} INFO - [2023-07-15T20:33:06.402+0000] {dag.py:3508} INFO - Setting next_dagrun for algoritmo_forest_random_pyspark to None, run_after=None
[2023-07-15T20:33:06.429+0000] {processor.py:179} INFO - Processing /opt/airflow/dags/dag_forest_random_spark.py took 0.128 seconds
[2023-07-15T20:33:36.722+0000] {processor.py:157} INFO - Started process (PID=977) to work on /opt/airflow/dags/dag_forest_random_spark.py
[2023-07-15T20:33:36.723+0000] {processor.py:826} INFO - Processing file /opt/airflow/dags/dag_forest_random_spark.py for tasks to queue
[2023-07-15T20:33:36.724+0000] {logging_mixin.py:150} INFO - [2023-07-15T20:33:36.724+0000] {dagbag.py:541} INFO - Filling up the DagBag from /opt/airflow/dags/dag_forest_random_spark.py
[2023-07-15T20:33:36.736+0000] {processor.py:836} INFO - DAG(s) dict_keys(['algoritmo_forest_random_pyspark']) retrieved from /opt/airflow/dags/dag_forest_random_spark.py
[2023-07-15T20:33:36.767+0000] {logging_mixin.py:150} INFO - [2023-07-15T20:33:36.766+0000] {dag.py:2742} INFO - Sync 1 DAGs
[2023-07-15T20:33:36.794+0000] {logging_mixin.py:150} INFO - [2023-07-15T20:33:36.794+0000] {dag.py:3508} INFO - Setting next_dagrun for algoritmo_forest_random_pyspark to None, run_after=None
[2023-07-15T20:33:36.815+0000] {processor.py:179} INFO - Processing /opt/airflow/dags/dag_forest_random_spark.py took 0.097 seconds
[2023-07-15T20:34:07.165+0000] {processor.py:157} INFO - Started process (PID=1015) to work on /opt/airflow/dags/dag_forest_random_spark.py
[2023-07-15T20:34:07.166+0000] {processor.py:826} INFO - Processing file /opt/airflow/dags/dag_forest_random_spark.py for tasks to queue
[2023-07-15T20:34:07.168+0000] {logging_mixin.py:150} INFO - [2023-07-15T20:34:07.167+0000] {dagbag.py:541} INFO - Filling up the DagBag from /opt/airflow/dags/dag_forest_random_spark.py
[2023-07-15T20:34:07.181+0000] {processor.py:836} INFO - DAG(s) dict_keys(['algoritmo_forest_random_pyspark']) retrieved from /opt/airflow/dags/dag_forest_random_spark.py
[2023-07-15T20:34:07.228+0000] {logging_mixin.py:150} INFO - [2023-07-15T20:34:07.227+0000] {dag.py:2742} INFO - Sync 1 DAGs
[2023-07-15T20:34:07.261+0000] {logging_mixin.py:150} INFO - [2023-07-15T20:34:07.261+0000] {dag.py:3508} INFO - Setting next_dagrun for algoritmo_forest_random_pyspark to None, run_after=None
[2023-07-15T20:34:07.285+0000] {processor.py:179} INFO - Processing /opt/airflow/dags/dag_forest_random_spark.py took 0.125 seconds
[2023-07-15T20:34:37.727+0000] {processor.py:157} INFO - Started process (PID=1053) to work on /opt/airflow/dags/dag_forest_random_spark.py
[2023-07-15T20:34:37.729+0000] {processor.py:826} INFO - Processing file /opt/airflow/dags/dag_forest_random_spark.py for tasks to queue
[2023-07-15T20:34:37.730+0000] {logging_mixin.py:150} INFO - [2023-07-15T20:34:37.729+0000] {dagbag.py:541} INFO - Filling up the DagBag from /opt/airflow/dags/dag_forest_random_spark.py
[2023-07-15T20:34:37.744+0000] {processor.py:836} INFO - DAG(s) dict_keys(['algoritmo_forest_random_pyspark']) retrieved from /opt/airflow/dags/dag_forest_random_spark.py
[2023-07-15T20:34:37.781+0000] {logging_mixin.py:150} INFO - [2023-07-15T20:34:37.780+0000] {dag.py:2742} INFO - Sync 1 DAGs
[2023-07-15T20:34:37.814+0000] {logging_mixin.py:150} INFO - [2023-07-15T20:34:37.813+0000] {dag.py:3508} INFO - Setting next_dagrun for algoritmo_forest_random_pyspark to None, run_after=None
[2023-07-15T20:34:37.837+0000] {processor.py:179} INFO - Processing /opt/airflow/dags/dag_forest_random_spark.py took 0.115 seconds
[2023-07-15T20:35:08.133+0000] {processor.py:157} INFO - Started process (PID=1091) to work on /opt/airflow/dags/dag_forest_random_spark.py
[2023-07-15T20:35:08.135+0000] {processor.py:826} INFO - Processing file /opt/airflow/dags/dag_forest_random_spark.py for tasks to queue
[2023-07-15T20:35:08.136+0000] {logging_mixin.py:150} INFO - [2023-07-15T20:35:08.136+0000] {dagbag.py:541} INFO - Filling up the DagBag from /opt/airflow/dags/dag_forest_random_spark.py
[2023-07-15T20:35:08.146+0000] {processor.py:836} INFO - DAG(s) dict_keys(['algoritmo_forest_random_pyspark']) retrieved from /opt/airflow/dags/dag_forest_random_spark.py
[2023-07-15T20:35:08.173+0000] {logging_mixin.py:150} INFO - [2023-07-15T20:35:08.173+0000] {dag.py:2742} INFO - Sync 1 DAGs
[2023-07-15T20:35:08.197+0000] {logging_mixin.py:150} INFO - [2023-07-15T20:35:08.197+0000] {dag.py:3508} INFO - Setting next_dagrun for algoritmo_forest_random_pyspark to None, run_after=None
[2023-07-15T20:35:08.216+0000] {processor.py:179} INFO - Processing /opt/airflow/dags/dag_forest_random_spark.py took 0.088 seconds
