[2023-07-15T19:35:58.400+0000] {processor.py:157} INFO - Started process (PID=39) to work on /opt/airflow/dags/dag_segmentacao_usuario_login_tim.py
[2023-07-15T19:35:58.401+0000] {processor.py:826} INFO - Processing file /opt/airflow/dags/dag_segmentacao_usuario_login_tim.py for tasks to queue
[2023-07-15T19:35:58.402+0000] {logging_mixin.py:150} INFO - [2023-07-15T19:35:58.402+0000] {dagbag.py:541} INFO - Filling up the DagBag from /opt/airflow/dags/dag_segmentacao_usuario_login_tim.py
[2023-07-15T19:35:58.413+0000] {processor.py:836} INFO - DAG(s) dict_keys(['task_group_example']) retrieved from /opt/airflow/dags/dag_segmentacao_usuario_login_tim.py
[2023-07-15T19:35:58.565+0000] {logging_mixin.py:150} INFO - [2023-07-15T19:35:58.564+0000] {manager.py:504} INFO - Created Permission View: can edit on DAG:task_group_example
[2023-07-15T19:35:58.579+0000] {logging_mixin.py:150} INFO - [2023-07-15T19:35:58.579+0000] {manager.py:504} INFO - Created Permission View: can delete on DAG:task_group_example
[2023-07-15T19:35:58.587+0000] {logging_mixin.py:150} INFO - [2023-07-15T19:35:58.587+0000] {manager.py:504} INFO - Created Permission View: can read on DAG:task_group_example
[2023-07-15T19:35:58.603+0000] {logging_mixin.py:150} INFO - [2023-07-15T19:35:58.603+0000] {dag.py:2742} INFO - Sync 1 DAGs
[2023-07-15T19:35:58.616+0000] {logging_mixin.py:150} INFO - [2023-07-15T19:35:58.616+0000] {dag.py:2763} INFO - Creating ORM DAG for task_group_example
[2023-07-15T19:35:58.627+0000] {logging_mixin.py:150} INFO - [2023-07-15T19:35:58.627+0000] {dag.py:3508} INFO - Setting next_dagrun for task_group_example to None, run_after=None
[2023-07-15T19:35:58.643+0000] {processor.py:179} INFO - Processing /opt/airflow/dags/dag_segmentacao_usuario_login_tim.py took 0.246 seconds
[2023-07-15T19:36:28.895+0000] {processor.py:157} INFO - Started process (PID=109) to work on /opt/airflow/dags/dag_segmentacao_usuario_login_tim.py
[2023-07-15T19:36:28.896+0000] {processor.py:826} INFO - Processing file /opt/airflow/dags/dag_segmentacao_usuario_login_tim.py for tasks to queue
[2023-07-15T19:36:28.897+0000] {logging_mixin.py:150} INFO - [2023-07-15T19:36:28.896+0000] {dagbag.py:541} INFO - Filling up the DagBag from /opt/airflow/dags/dag_segmentacao_usuario_login_tim.py
[2023-07-15T19:36:28.905+0000] {processor.py:836} INFO - DAG(s) dict_keys(['task_group_example']) retrieved from /opt/airflow/dags/dag_segmentacao_usuario_login_tim.py
[2023-07-15T19:36:28.930+0000] {logging_mixin.py:150} INFO - [2023-07-15T19:36:28.930+0000] {dag.py:2742} INFO - Sync 1 DAGs
[2023-07-15T19:36:28.953+0000] {logging_mixin.py:150} INFO - [2023-07-15T19:36:28.952+0000] {dag.py:3508} INFO - Setting next_dagrun for task_group_example to None, run_after=None
[2023-07-15T19:36:28.970+0000] {processor.py:179} INFO - Processing /opt/airflow/dags/dag_segmentacao_usuario_login_tim.py took 0.078 seconds
[2023-07-15T19:36:59.401+0000] {processor.py:157} INFO - Started process (PID=147) to work on /opt/airflow/dags/dag_segmentacao_usuario_login_tim.py
[2023-07-15T19:36:59.402+0000] {processor.py:826} INFO - Processing file /opt/airflow/dags/dag_segmentacao_usuario_login_tim.py for tasks to queue
[2023-07-15T19:36:59.403+0000] {logging_mixin.py:150} INFO - [2023-07-15T19:36:59.403+0000] {dagbag.py:541} INFO - Filling up the DagBag from /opt/airflow/dags/dag_segmentacao_usuario_login_tim.py
[2023-07-15T19:36:59.412+0000] {processor.py:836} INFO - DAG(s) dict_keys(['task_group_example']) retrieved from /opt/airflow/dags/dag_segmentacao_usuario_login_tim.py
[2023-07-15T19:36:59.437+0000] {logging_mixin.py:150} INFO - [2023-07-15T19:36:59.437+0000] {dag.py:2742} INFO - Sync 1 DAGs
[2023-07-15T19:36:59.461+0000] {logging_mixin.py:150} INFO - [2023-07-15T19:36:59.461+0000] {dag.py:3508} INFO - Setting next_dagrun for task_group_example to None, run_after=None
[2023-07-15T19:36:59.480+0000] {processor.py:179} INFO - Processing /opt/airflow/dags/dag_segmentacao_usuario_login_tim.py took 0.082 seconds
[2023-07-15T19:37:29.657+0000] {processor.py:157} INFO - Started process (PID=191) to work on /opt/airflow/dags/dag_segmentacao_usuario_login_tim.py
[2023-07-15T19:37:29.658+0000] {processor.py:826} INFO - Processing file /opt/airflow/dags/dag_segmentacao_usuario_login_tim.py for tasks to queue
[2023-07-15T19:37:29.658+0000] {logging_mixin.py:150} INFO - [2023-07-15T19:37:29.658+0000] {dagbag.py:541} INFO - Filling up the DagBag from /opt/airflow/dags/dag_segmentacao_usuario_login_tim.py
[2023-07-15T19:37:29.667+0000] {processor.py:836} INFO - DAG(s) dict_keys(['task_group_example']) retrieved from /opt/airflow/dags/dag_segmentacao_usuario_login_tim.py
[2023-07-15T19:37:29.695+0000] {logging_mixin.py:150} INFO - [2023-07-15T19:37:29.694+0000] {dag.py:2742} INFO - Sync 1 DAGs
[2023-07-15T19:37:29.724+0000] {logging_mixin.py:150} INFO - [2023-07-15T19:37:29.724+0000] {dag.py:3508} INFO - Setting next_dagrun for task_group_example to None, run_after=None
[2023-07-15T19:37:29.745+0000] {processor.py:179} INFO - Processing /opt/airflow/dags/dag_segmentacao_usuario_login_tim.py took 0.092 seconds
[2023-07-15T19:37:59.931+0000] {processor.py:157} INFO - Started process (PID=229) to work on /opt/airflow/dags/dag_segmentacao_usuario_login_tim.py
[2023-07-15T19:37:59.932+0000] {processor.py:826} INFO - Processing file /opt/airflow/dags/dag_segmentacao_usuario_login_tim.py for tasks to queue
[2023-07-15T19:37:59.933+0000] {logging_mixin.py:150} INFO - [2023-07-15T19:37:59.932+0000] {dagbag.py:541} INFO - Filling up the DagBag from /opt/airflow/dags/dag_segmentacao_usuario_login_tim.py
[2023-07-15T19:37:59.941+0000] {processor.py:836} INFO - DAG(s) dict_keys(['task_group_example']) retrieved from /opt/airflow/dags/dag_segmentacao_usuario_login_tim.py
[2023-07-15T19:37:59.967+0000] {logging_mixin.py:150} INFO - [2023-07-15T19:37:59.967+0000] {dag.py:2742} INFO - Sync 1 DAGs
[2023-07-15T19:37:59.992+0000] {logging_mixin.py:150} INFO - [2023-07-15T19:37:59.992+0000] {dag.py:3508} INFO - Setting next_dagrun for task_group_example to None, run_after=None
[2023-07-15T19:38:00.016+0000] {processor.py:179} INFO - Processing /opt/airflow/dags/dag_segmentacao_usuario_login_tim.py took 0.088 seconds
[2023-07-15T19:38:30.140+0000] {processor.py:157} INFO - Started process (PID=273) to work on /opt/airflow/dags/dag_segmentacao_usuario_login_tim.py
[2023-07-15T19:38:30.141+0000] {processor.py:826} INFO - Processing file /opt/airflow/dags/dag_segmentacao_usuario_login_tim.py for tasks to queue
[2023-07-15T19:38:30.142+0000] {logging_mixin.py:150} INFO - [2023-07-15T19:38:30.142+0000] {dagbag.py:541} INFO - Filling up the DagBag from /opt/airflow/dags/dag_segmentacao_usuario_login_tim.py
[2023-07-15T19:38:30.151+0000] {processor.py:836} INFO - DAG(s) dict_keys(['task_group_example']) retrieved from /opt/airflow/dags/dag_segmentacao_usuario_login_tim.py
[2023-07-15T19:38:30.175+0000] {logging_mixin.py:150} INFO - [2023-07-15T19:38:30.175+0000] {dag.py:2742} INFO - Sync 1 DAGs
[2023-07-15T19:38:30.201+0000] {logging_mixin.py:150} INFO - [2023-07-15T19:38:30.200+0000] {dag.py:3508} INFO - Setting next_dagrun for task_group_example to None, run_after=None
[2023-07-15T19:38:30.218+0000] {processor.py:179} INFO - Processing /opt/airflow/dags/dag_segmentacao_usuario_login_tim.py took 0.081 seconds
[2023-07-15T19:39:00.318+0000] {processor.py:157} INFO - Started process (PID=311) to work on /opt/airflow/dags/dag_segmentacao_usuario_login_tim.py
[2023-07-15T19:39:00.319+0000] {processor.py:826} INFO - Processing file /opt/airflow/dags/dag_segmentacao_usuario_login_tim.py for tasks to queue
[2023-07-15T19:39:00.320+0000] {logging_mixin.py:150} INFO - [2023-07-15T19:39:00.320+0000] {dagbag.py:541} INFO - Filling up the DagBag from /opt/airflow/dags/dag_segmentacao_usuario_login_tim.py
[2023-07-15T19:39:00.330+0000] {processor.py:836} INFO - DAG(s) dict_keys(['task_group_example']) retrieved from /opt/airflow/dags/dag_segmentacao_usuario_login_tim.py
[2023-07-15T19:39:00.354+0000] {logging_mixin.py:150} INFO - [2023-07-15T19:39:00.354+0000] {dag.py:2742} INFO - Sync 1 DAGs
[2023-07-15T19:39:00.382+0000] {logging_mixin.py:150} INFO - [2023-07-15T19:39:00.382+0000] {dag.py:3508} INFO - Setting next_dagrun for task_group_example to None, run_after=None
[2023-07-15T19:39:00.402+0000] {processor.py:179} INFO - Processing /opt/airflow/dags/dag_segmentacao_usuario_login_tim.py took 0.087 seconds
[2023-07-15T19:39:30.532+0000] {processor.py:157} INFO - Started process (PID=349) to work on /opt/airflow/dags/dag_segmentacao_usuario_login_tim.py
[2023-07-15T19:39:30.534+0000] {processor.py:826} INFO - Processing file /opt/airflow/dags/dag_segmentacao_usuario_login_tim.py for tasks to queue
[2023-07-15T19:39:30.535+0000] {logging_mixin.py:150} INFO - [2023-07-15T19:39:30.535+0000] {dagbag.py:541} INFO - Filling up the DagBag from /opt/airflow/dags/dag_segmentacao_usuario_login_tim.py
[2023-07-15T19:39:30.545+0000] {processor.py:836} INFO - DAG(s) dict_keys(['task_group_example']) retrieved from /opt/airflow/dags/dag_segmentacao_usuario_login_tim.py
[2023-07-15T19:39:30.573+0000] {logging_mixin.py:150} INFO - [2023-07-15T19:39:30.573+0000] {dag.py:2742} INFO - Sync 1 DAGs
[2023-07-15T19:39:30.603+0000] {logging_mixin.py:150} INFO - [2023-07-15T19:39:30.602+0000] {dag.py:3508} INFO - Setting next_dagrun for task_group_example to None, run_after=None
[2023-07-15T19:39:30.623+0000] {processor.py:179} INFO - Processing /opt/airflow/dags/dag_segmentacao_usuario_login_tim.py took 0.094 seconds
[2023-07-15T20:21:26.795+0000] {processor.py:157} INFO - Started process (PID=39) to work on /opt/airflow/dags/dag_segmentacao_usuario_login_tim.py
[2023-07-15T20:21:26.796+0000] {processor.py:826} INFO - Processing file /opt/airflow/dags/dag_segmentacao_usuario_login_tim.py for tasks to queue
[2023-07-15T20:21:26.797+0000] {logging_mixin.py:150} INFO - [2023-07-15T20:21:26.796+0000] {dagbag.py:541} INFO - Filling up the DagBag from /opt/airflow/dags/dag_segmentacao_usuario_login_tim.py
[2023-07-15T20:21:26.806+0000] {processor.py:836} INFO - DAG(s) dict_keys(['task_group_example']) retrieved from /opt/airflow/dags/dag_segmentacao_usuario_login_tim.py
[2023-07-15T20:21:26.931+0000] {logging_mixin.py:150} INFO - [2023-07-15T20:21:26.931+0000] {dag.py:2742} INFO - Sync 1 DAGs
[2023-07-15T20:21:26.957+0000] {logging_mixin.py:150} INFO - [2023-07-15T20:21:26.957+0000] {dag.py:3508} INFO - Setting next_dagrun for task_group_example to None, run_after=None
[2023-07-15T20:21:26.980+0000] {processor.py:179} INFO - Processing /opt/airflow/dags/dag_segmentacao_usuario_login_tim.py took 0.189 seconds
[2023-07-15T20:21:57.759+0000] {processor.py:157} INFO - Started process (PID=109) to work on /opt/airflow/dags/dag_segmentacao_usuario_login_tim.py
[2023-07-15T20:21:57.760+0000] {processor.py:826} INFO - Processing file /opt/airflow/dags/dag_segmentacao_usuario_login_tim.py for tasks to queue
[2023-07-15T20:21:57.761+0000] {logging_mixin.py:150} INFO - [2023-07-15T20:21:57.760+0000] {dagbag.py:541} INFO - Filling up the DagBag from /opt/airflow/dags/dag_segmentacao_usuario_login_tim.py
[2023-07-15T20:21:57.770+0000] {processor.py:836} INFO - DAG(s) dict_keys(['task_group_example']) retrieved from /opt/airflow/dags/dag_segmentacao_usuario_login_tim.py
[2023-07-15T20:21:57.797+0000] {logging_mixin.py:150} INFO - [2023-07-15T20:21:57.797+0000] {dag.py:2742} INFO - Sync 1 DAGs
[2023-07-15T20:21:57.824+0000] {logging_mixin.py:150} INFO - [2023-07-15T20:21:57.823+0000] {dag.py:3508} INFO - Setting next_dagrun for task_group_example to None, run_after=None
[2023-07-15T20:21:57.843+0000] {processor.py:179} INFO - Processing /opt/airflow/dags/dag_segmentacao_usuario_login_tim.py took 0.088 seconds
[2023-07-15T20:22:28.384+0000] {processor.py:157} INFO - Started process (PID=153) to work on /opt/airflow/dags/dag_segmentacao_usuario_login_tim.py
[2023-07-15T20:22:28.384+0000] {processor.py:826} INFO - Processing file /opt/airflow/dags/dag_segmentacao_usuario_login_tim.py for tasks to queue
[2023-07-15T20:22:28.385+0000] {logging_mixin.py:150} INFO - [2023-07-15T20:22:28.385+0000] {dagbag.py:541} INFO - Filling up the DagBag from /opt/airflow/dags/dag_segmentacao_usuario_login_tim.py
[2023-07-15T20:22:28.393+0000] {processor.py:836} INFO - DAG(s) dict_keys(['task_group_example']) retrieved from /opt/airflow/dags/dag_segmentacao_usuario_login_tim.py
[2023-07-15T20:22:28.416+0000] {logging_mixin.py:150} INFO - [2023-07-15T20:22:28.416+0000] {dag.py:2742} INFO - Sync 1 DAGs
[2023-07-15T20:22:28.438+0000] {logging_mixin.py:150} INFO - [2023-07-15T20:22:28.438+0000] {dag.py:3508} INFO - Setting next_dagrun for task_group_example to None, run_after=None
[2023-07-15T20:22:28.456+0000] {processor.py:179} INFO - Processing /opt/airflow/dags/dag_segmentacao_usuario_login_tim.py took 0.075 seconds
[2023-07-15T20:22:58.657+0000] {processor.py:157} INFO - Started process (PID=191) to work on /opt/airflow/dags/dag_segmentacao_usuario_login_tim.py
[2023-07-15T20:22:58.658+0000] {processor.py:826} INFO - Processing file /opt/airflow/dags/dag_segmentacao_usuario_login_tim.py for tasks to queue
[2023-07-15T20:22:58.659+0000] {logging_mixin.py:150} INFO - [2023-07-15T20:22:58.659+0000] {dagbag.py:541} INFO - Filling up the DagBag from /opt/airflow/dags/dag_segmentacao_usuario_login_tim.py
[2023-07-15T20:22:58.669+0000] {processor.py:836} INFO - DAG(s) dict_keys(['task_group_example']) retrieved from /opt/airflow/dags/dag_segmentacao_usuario_login_tim.py
[2023-07-15T20:22:58.693+0000] {logging_mixin.py:150} INFO - [2023-07-15T20:22:58.693+0000] {dag.py:2742} INFO - Sync 1 DAGs
[2023-07-15T20:22:58.718+0000] {logging_mixin.py:150} INFO - [2023-07-15T20:22:58.718+0000] {dag.py:3508} INFO - Setting next_dagrun for task_group_example to None, run_after=None
[2023-07-15T20:22:58.735+0000] {processor.py:179} INFO - Processing /opt/airflow/dags/dag_segmentacao_usuario_login_tim.py took 0.081 seconds
[2023-07-15T20:23:28.978+0000] {processor.py:157} INFO - Started process (PID=235) to work on /opt/airflow/dags/dag_segmentacao_usuario_login_tim.py
[2023-07-15T20:23:28.979+0000] {processor.py:826} INFO - Processing file /opt/airflow/dags/dag_segmentacao_usuario_login_tim.py for tasks to queue
[2023-07-15T20:23:28.979+0000] {logging_mixin.py:150} INFO - [2023-07-15T20:23:28.979+0000] {dagbag.py:541} INFO - Filling up the DagBag from /opt/airflow/dags/dag_segmentacao_usuario_login_tim.py
[2023-07-15T20:23:28.988+0000] {processor.py:836} INFO - DAG(s) dict_keys(['task_group_example']) retrieved from /opt/airflow/dags/dag_segmentacao_usuario_login_tim.py
[2023-07-15T20:23:29.011+0000] {logging_mixin.py:150} INFO - [2023-07-15T20:23:29.011+0000] {dag.py:2742} INFO - Sync 1 DAGs
[2023-07-15T20:23:29.035+0000] {logging_mixin.py:150} INFO - [2023-07-15T20:23:29.035+0000] {dag.py:3508} INFO - Setting next_dagrun for task_group_example to None, run_after=None
[2023-07-15T20:23:29.053+0000] {processor.py:179} INFO - Processing /opt/airflow/dags/dag_segmentacao_usuario_login_tim.py took 0.080 seconds
[2023-07-15T20:23:59.414+0000] {processor.py:157} INFO - Started process (PID=273) to work on /opt/airflow/dags/dag_segmentacao_usuario_login_tim.py
[2023-07-15T20:23:59.415+0000] {processor.py:826} INFO - Processing file /opt/airflow/dags/dag_segmentacao_usuario_login_tim.py for tasks to queue
[2023-07-15T20:23:59.415+0000] {logging_mixin.py:150} INFO - [2023-07-15T20:23:59.415+0000] {dagbag.py:541} INFO - Filling up the DagBag from /opt/airflow/dags/dag_segmentacao_usuario_login_tim.py
[2023-07-15T20:23:59.424+0000] {processor.py:836} INFO - DAG(s) dict_keys(['task_group_example']) retrieved from /opt/airflow/dags/dag_segmentacao_usuario_login_tim.py
[2023-07-15T20:23:59.449+0000] {logging_mixin.py:150} INFO - [2023-07-15T20:23:59.449+0000] {dag.py:2742} INFO - Sync 1 DAGs
[2023-07-15T20:23:59.473+0000] {logging_mixin.py:150} INFO - [2023-07-15T20:23:59.473+0000] {dag.py:3508} INFO - Setting next_dagrun for task_group_example to None, run_after=None
[2023-07-15T20:23:59.490+0000] {processor.py:179} INFO - Processing /opt/airflow/dags/dag_segmentacao_usuario_login_tim.py took 0.079 seconds
[2023-07-15T20:24:29.750+0000] {processor.py:157} INFO - Started process (PID=312) to work on /opt/airflow/dags/dag_segmentacao_usuario_login_tim.py
[2023-07-15T20:24:29.751+0000] {processor.py:826} INFO - Processing file /opt/airflow/dags/dag_segmentacao_usuario_login_tim.py for tasks to queue
[2023-07-15T20:24:29.752+0000] {logging_mixin.py:150} INFO - [2023-07-15T20:24:29.751+0000] {dagbag.py:541} INFO - Filling up the DagBag from /opt/airflow/dags/dag_segmentacao_usuario_login_tim.py
[2023-07-15T20:24:29.760+0000] {processor.py:836} INFO - DAG(s) dict_keys(['task_group_example']) retrieved from /opt/airflow/dags/dag_segmentacao_usuario_login_tim.py
[2023-07-15T20:24:29.784+0000] {logging_mixin.py:150} INFO - [2023-07-15T20:24:29.784+0000] {dag.py:2742} INFO - Sync 1 DAGs
[2023-07-15T20:24:29.808+0000] {logging_mixin.py:150} INFO - [2023-07-15T20:24:29.808+0000] {dag.py:3508} INFO - Setting next_dagrun for task_group_example to None, run_after=None
[2023-07-15T20:24:29.827+0000] {processor.py:179} INFO - Processing /opt/airflow/dags/dag_segmentacao_usuario_login_tim.py took 0.080 seconds
[2023-07-15T20:25:00.064+0000] {processor.py:157} INFO - Started process (PID=349) to work on /opt/airflow/dags/dag_segmentacao_usuario_login_tim.py
[2023-07-15T20:25:00.065+0000] {processor.py:826} INFO - Processing file /opt/airflow/dags/dag_segmentacao_usuario_login_tim.py for tasks to queue
[2023-07-15T20:25:00.066+0000] {logging_mixin.py:150} INFO - [2023-07-15T20:25:00.066+0000] {dagbag.py:541} INFO - Filling up the DagBag from /opt/airflow/dags/dag_segmentacao_usuario_login_tim.py
[2023-07-15T20:25:00.076+0000] {processor.py:836} INFO - DAG(s) dict_keys(['task_group_example']) retrieved from /opt/airflow/dags/dag_segmentacao_usuario_login_tim.py
[2023-07-15T20:25:00.107+0000] {logging_mixin.py:150} INFO - [2023-07-15T20:25:00.106+0000] {dag.py:2742} INFO - Sync 1 DAGs
[2023-07-15T20:25:00.138+0000] {logging_mixin.py:150} INFO - [2023-07-15T20:25:00.138+0000] {dag.py:3508} INFO - Setting next_dagrun for task_group_example to None, run_after=None
[2023-07-15T20:25:00.158+0000] {processor.py:179} INFO - Processing /opt/airflow/dags/dag_segmentacao_usuario_login_tim.py took 0.097 seconds
[2023-07-15T20:25:30.586+0000] {processor.py:157} INFO - Started process (PID=387) to work on /opt/airflow/dags/dag_segmentacao_usuario_login_tim.py
[2023-07-15T20:25:30.587+0000] {processor.py:826} INFO - Processing file /opt/airflow/dags/dag_segmentacao_usuario_login_tim.py for tasks to queue
[2023-07-15T20:25:30.588+0000] {logging_mixin.py:150} INFO - [2023-07-15T20:25:30.588+0000] {dagbag.py:541} INFO - Filling up the DagBag from /opt/airflow/dags/dag_segmentacao_usuario_login_tim.py
[2023-07-15T20:25:30.598+0000] {processor.py:836} INFO - DAG(s) dict_keys(['task_group_example']) retrieved from /opt/airflow/dags/dag_segmentacao_usuario_login_tim.py
[2023-07-15T20:25:30.672+0000] {logging_mixin.py:150} INFO - [2023-07-15T20:25:30.672+0000] {dag.py:2742} INFO - Sync 1 DAGs
[2023-07-15T20:25:30.699+0000] {logging_mixin.py:150} INFO - [2023-07-15T20:25:30.699+0000] {dag.py:3508} INFO - Setting next_dagrun for task_group_example to None, run_after=None
[2023-07-15T20:25:30.720+0000] {processor.py:179} INFO - Processing /opt/airflow/dags/dag_segmentacao_usuario_login_tim.py took 0.138 seconds
[2023-07-15T20:26:01.074+0000] {processor.py:157} INFO - Started process (PID=425) to work on /opt/airflow/dags/dag_segmentacao_usuario_login_tim.py
[2023-07-15T20:26:01.075+0000] {processor.py:826} INFO - Processing file /opt/airflow/dags/dag_segmentacao_usuario_login_tim.py for tasks to queue
[2023-07-15T20:26:01.076+0000] {logging_mixin.py:150} INFO - [2023-07-15T20:26:01.075+0000] {dagbag.py:541} INFO - Filling up the DagBag from /opt/airflow/dags/dag_segmentacao_usuario_login_tim.py
[2023-07-15T20:26:01.085+0000] {processor.py:836} INFO - DAG(s) dict_keys(['task_group_example']) retrieved from /opt/airflow/dags/dag_segmentacao_usuario_login_tim.py
[2023-07-15T20:26:01.109+0000] {logging_mixin.py:150} INFO - [2023-07-15T20:26:01.109+0000] {dag.py:2742} INFO - Sync 1 DAGs
[2023-07-15T20:26:01.137+0000] {logging_mixin.py:150} INFO - [2023-07-15T20:26:01.137+0000] {dag.py:3508} INFO - Setting next_dagrun for task_group_example to None, run_after=None
[2023-07-15T20:26:01.157+0000] {processor.py:179} INFO - Processing /opt/airflow/dags/dag_segmentacao_usuario_login_tim.py took 0.087 seconds
[2023-07-15T20:26:31.374+0000] {processor.py:157} INFO - Started process (PID=463) to work on /opt/airflow/dags/dag_segmentacao_usuario_login_tim.py
[2023-07-15T20:26:31.376+0000] {processor.py:826} INFO - Processing file /opt/airflow/dags/dag_segmentacao_usuario_login_tim.py for tasks to queue
[2023-07-15T20:26:31.376+0000] {logging_mixin.py:150} INFO - [2023-07-15T20:26:31.376+0000] {dagbag.py:541} INFO - Filling up the DagBag from /opt/airflow/dags/dag_segmentacao_usuario_login_tim.py
[2023-07-15T20:26:31.385+0000] {processor.py:836} INFO - DAG(s) dict_keys(['task_group_example']) retrieved from /opt/airflow/dags/dag_segmentacao_usuario_login_tim.py
[2023-07-15T20:26:31.410+0000] {logging_mixin.py:150} INFO - [2023-07-15T20:26:31.410+0000] {dag.py:2742} INFO - Sync 1 DAGs
[2023-07-15T20:26:31.437+0000] {logging_mixin.py:150} INFO - [2023-07-15T20:26:31.437+0000] {dag.py:3508} INFO - Setting next_dagrun for task_group_example to None, run_after=None
[2023-07-15T20:26:31.457+0000] {processor.py:179} INFO - Processing /opt/airflow/dags/dag_segmentacao_usuario_login_tim.py took 0.085 seconds
[2023-07-15T20:27:01.589+0000] {processor.py:157} INFO - Started process (PID=501) to work on /opt/airflow/dags/dag_segmentacao_usuario_login_tim.py
[2023-07-15T20:27:01.590+0000] {processor.py:826} INFO - Processing file /opt/airflow/dags/dag_segmentacao_usuario_login_tim.py for tasks to queue
[2023-07-15T20:27:01.591+0000] {logging_mixin.py:150} INFO - [2023-07-15T20:27:01.591+0000] {dagbag.py:541} INFO - Filling up the DagBag from /opt/airflow/dags/dag_segmentacao_usuario_login_tim.py
[2023-07-15T20:27:01.600+0000] {processor.py:836} INFO - DAG(s) dict_keys(['task_group_example']) retrieved from /opt/airflow/dags/dag_segmentacao_usuario_login_tim.py
[2023-07-15T20:27:01.624+0000] {logging_mixin.py:150} INFO - [2023-07-15T20:27:01.624+0000] {dag.py:2742} INFO - Sync 1 DAGs
[2023-07-15T20:27:01.649+0000] {logging_mixin.py:150} INFO - [2023-07-15T20:27:01.649+0000] {dag.py:3508} INFO - Setting next_dagrun for task_group_example to None, run_after=None
[2023-07-15T20:27:01.667+0000] {processor.py:179} INFO - Processing /opt/airflow/dags/dag_segmentacao_usuario_login_tim.py took 0.081 seconds
[2023-07-15T20:27:32.133+0000] {processor.py:157} INFO - Started process (PID=539) to work on /opt/airflow/dags/dag_segmentacao_usuario_login_tim.py
[2023-07-15T20:27:32.135+0000] {processor.py:826} INFO - Processing file /opt/airflow/dags/dag_segmentacao_usuario_login_tim.py for tasks to queue
[2023-07-15T20:27:32.137+0000] {logging_mixin.py:150} INFO - [2023-07-15T20:27:32.136+0000] {dagbag.py:541} INFO - Filling up the DagBag from /opt/airflow/dags/dag_segmentacao_usuario_login_tim.py
[2023-07-15T20:27:32.162+0000] {processor.py:836} INFO - DAG(s) dict_keys(['task_group_example']) retrieved from /opt/airflow/dags/dag_segmentacao_usuario_login_tim.py
[2023-07-15T20:27:32.213+0000] {logging_mixin.py:150} INFO - [2023-07-15T20:27:32.213+0000] {dag.py:2742} INFO - Sync 1 DAGs
[2023-07-15T20:27:32.255+0000] {logging_mixin.py:150} INFO - [2023-07-15T20:27:32.254+0000] {dag.py:3508} INFO - Setting next_dagrun for task_group_example to None, run_after=None
[2023-07-15T20:27:32.273+0000] {processor.py:179} INFO - Processing /opt/airflow/dags/dag_segmentacao_usuario_login_tim.py took 0.147 seconds
[2023-07-15T20:28:02.668+0000] {processor.py:157} INFO - Started process (PID=577) to work on /opt/airflow/dags/dag_segmentacao_usuario_login_tim.py
[2023-07-15T20:28:02.669+0000] {processor.py:826} INFO - Processing file /opt/airflow/dags/dag_segmentacao_usuario_login_tim.py for tasks to queue
[2023-07-15T20:28:02.670+0000] {logging_mixin.py:150} INFO - [2023-07-15T20:28:02.670+0000] {dagbag.py:541} INFO - Filling up the DagBag from /opt/airflow/dags/dag_segmentacao_usuario_login_tim.py
[2023-07-15T20:28:02.679+0000] {processor.py:836} INFO - DAG(s) dict_keys(['task_group_example']) retrieved from /opt/airflow/dags/dag_segmentacao_usuario_login_tim.py
[2023-07-15T20:28:02.705+0000] {logging_mixin.py:150} INFO - [2023-07-15T20:28:02.705+0000] {dag.py:2742} INFO - Sync 1 DAGs
[2023-07-15T20:28:02.730+0000] {logging_mixin.py:150} INFO - [2023-07-15T20:28:02.730+0000] {dag.py:3508} INFO - Setting next_dagrun for task_group_example to None, run_after=None
[2023-07-15T20:28:02.747+0000] {processor.py:179} INFO - Processing /opt/airflow/dags/dag_segmentacao_usuario_login_tim.py took 0.082 seconds
[2023-07-15T20:28:33.609+0000] {processor.py:157} INFO - Started process (PID=602) to work on /opt/airflow/dags/dag_segmentacao_usuario_login_tim.py
[2023-07-15T20:28:33.610+0000] {processor.py:826} INFO - Processing file /opt/airflow/dags/dag_segmentacao_usuario_login_tim.py for tasks to queue
[2023-07-15T20:28:33.611+0000] {logging_mixin.py:150} INFO - [2023-07-15T20:28:33.611+0000] {dagbag.py:541} INFO - Filling up the DagBag from /opt/airflow/dags/dag_segmentacao_usuario_login_tim.py
[2023-07-15T20:28:33.619+0000] {processor.py:836} INFO - DAG(s) dict_keys(['task_group_example']) retrieved from /opt/airflow/dags/dag_segmentacao_usuario_login_tim.py
[2023-07-15T20:28:33.645+0000] {logging_mixin.py:150} INFO - [2023-07-15T20:28:33.644+0000] {dag.py:2742} INFO - Sync 1 DAGs
[2023-07-15T20:28:33.672+0000] {logging_mixin.py:150} INFO - [2023-07-15T20:28:33.672+0000] {dag.py:3508} INFO - Setting next_dagrun for task_group_example to None, run_after=None
[2023-07-15T20:28:33.692+0000] {processor.py:179} INFO - Processing /opt/airflow/dags/dag_segmentacao_usuario_login_tim.py took 0.087 seconds
[2023-07-15T20:29:03.845+0000] {processor.py:157} INFO - Started process (PID=640) to work on /opt/airflow/dags/dag_segmentacao_usuario_login_tim.py
[2023-07-15T20:29:03.846+0000] {processor.py:826} INFO - Processing file /opt/airflow/dags/dag_segmentacao_usuario_login_tim.py for tasks to queue
[2023-07-15T20:29:03.847+0000] {logging_mixin.py:150} INFO - [2023-07-15T20:29:03.846+0000] {dagbag.py:541} INFO - Filling up the DagBag from /opt/airflow/dags/dag_segmentacao_usuario_login_tim.py
[2023-07-15T20:29:03.855+0000] {processor.py:836} INFO - DAG(s) dict_keys(['task_group_example']) retrieved from /opt/airflow/dags/dag_segmentacao_usuario_login_tim.py
[2023-07-15T20:29:03.879+0000] {logging_mixin.py:150} INFO - [2023-07-15T20:29:03.878+0000] {dag.py:2742} INFO - Sync 1 DAGs
[2023-07-15T20:29:03.904+0000] {logging_mixin.py:150} INFO - [2023-07-15T20:29:03.904+0000] {dag.py:3508} INFO - Setting next_dagrun for task_group_example to None, run_after=None
[2023-07-15T20:29:03.922+0000] {processor.py:179} INFO - Processing /opt/airflow/dags/dag_segmentacao_usuario_login_tim.py took 0.080 seconds
[2023-07-15T20:29:34.202+0000] {processor.py:157} INFO - Started process (PID=678) to work on /opt/airflow/dags/dag_segmentacao_usuario_login_tim.py
[2023-07-15T20:29:34.203+0000] {processor.py:826} INFO - Processing file /opt/airflow/dags/dag_segmentacao_usuario_login_tim.py for tasks to queue
[2023-07-15T20:29:34.204+0000] {logging_mixin.py:150} INFO - [2023-07-15T20:29:34.203+0000] {dagbag.py:541} INFO - Filling up the DagBag from /opt/airflow/dags/dag_segmentacao_usuario_login_tim.py
[2023-07-15T20:29:34.214+0000] {processor.py:836} INFO - DAG(s) dict_keys(['task_group_example']) retrieved from /opt/airflow/dags/dag_segmentacao_usuario_login_tim.py
[2023-07-15T20:29:34.239+0000] {logging_mixin.py:150} INFO - [2023-07-15T20:29:34.239+0000] {dag.py:2742} INFO - Sync 1 DAGs
[2023-07-15T20:29:34.264+0000] {logging_mixin.py:150} INFO - [2023-07-15T20:29:34.264+0000] {dag.py:3508} INFO - Setting next_dagrun for task_group_example to None, run_after=None
[2023-07-15T20:29:34.283+0000] {processor.py:179} INFO - Processing /opt/airflow/dags/dag_segmentacao_usuario_login_tim.py took 0.084 seconds
[2023-07-15T20:30:04.733+0000] {processor.py:157} INFO - Started process (PID=716) to work on /opt/airflow/dags/dag_segmentacao_usuario_login_tim.py
[2023-07-15T20:30:04.734+0000] {processor.py:826} INFO - Processing file /opt/airflow/dags/dag_segmentacao_usuario_login_tim.py for tasks to queue
[2023-07-15T20:30:04.735+0000] {logging_mixin.py:150} INFO - [2023-07-15T20:30:04.735+0000] {dagbag.py:541} INFO - Filling up the DagBag from /opt/airflow/dags/dag_segmentacao_usuario_login_tim.py
[2023-07-15T20:30:04.744+0000] {processor.py:836} INFO - DAG(s) dict_keys(['task_group_example']) retrieved from /opt/airflow/dags/dag_segmentacao_usuario_login_tim.py
[2023-07-15T20:30:04.769+0000] {logging_mixin.py:150} INFO - [2023-07-15T20:30:04.769+0000] {dag.py:2742} INFO - Sync 1 DAGs
[2023-07-15T20:30:04.796+0000] {logging_mixin.py:150} INFO - [2023-07-15T20:30:04.796+0000] {dag.py:3508} INFO - Setting next_dagrun for task_group_example to None, run_after=None
[2023-07-15T20:30:04.815+0000] {processor.py:179} INFO - Processing /opt/airflow/dags/dag_segmentacao_usuario_login_tim.py took 0.084 seconds
[2023-07-15T20:30:35.035+0000] {processor.py:157} INFO - Started process (PID=754) to work on /opt/airflow/dags/dag_segmentacao_usuario_login_tim.py
[2023-07-15T20:30:35.036+0000] {processor.py:826} INFO - Processing file /opt/airflow/dags/dag_segmentacao_usuario_login_tim.py for tasks to queue
[2023-07-15T20:30:35.037+0000] {logging_mixin.py:150} INFO - [2023-07-15T20:30:35.037+0000] {dagbag.py:541} INFO - Filling up the DagBag from /opt/airflow/dags/dag_segmentacao_usuario_login_tim.py
[2023-07-15T20:30:35.047+0000] {processor.py:836} INFO - DAG(s) dict_keys(['task_group_example']) retrieved from /opt/airflow/dags/dag_segmentacao_usuario_login_tim.py
[2023-07-15T20:30:35.073+0000] {logging_mixin.py:150} INFO - [2023-07-15T20:30:35.073+0000] {dag.py:2742} INFO - Sync 1 DAGs
[2023-07-15T20:30:35.098+0000] {logging_mixin.py:150} INFO - [2023-07-15T20:30:35.098+0000] {dag.py:3508} INFO - Setting next_dagrun for task_group_example to None, run_after=None
[2023-07-15T20:30:35.118+0000] {processor.py:179} INFO - Processing /opt/airflow/dags/dag_segmentacao_usuario_login_tim.py took 0.086 seconds
[2023-07-15T20:31:05.381+0000] {processor.py:157} INFO - Started process (PID=792) to work on /opt/airflow/dags/dag_segmentacao_usuario_login_tim.py
[2023-07-15T20:31:05.382+0000] {processor.py:826} INFO - Processing file /opt/airflow/dags/dag_segmentacao_usuario_login_tim.py for tasks to queue
[2023-07-15T20:31:05.383+0000] {logging_mixin.py:150} INFO - [2023-07-15T20:31:05.383+0000] {dagbag.py:541} INFO - Filling up the DagBag from /opt/airflow/dags/dag_segmentacao_usuario_login_tim.py
[2023-07-15T20:31:05.393+0000] {processor.py:836} INFO - DAG(s) dict_keys(['task_group_example']) retrieved from /opt/airflow/dags/dag_segmentacao_usuario_login_tim.py
[2023-07-15T20:31:05.419+0000] {logging_mixin.py:150} INFO - [2023-07-15T20:31:05.419+0000] {dag.py:2742} INFO - Sync 1 DAGs
[2023-07-15T20:31:05.447+0000] {logging_mixin.py:150} INFO - [2023-07-15T20:31:05.447+0000] {dag.py:3508} INFO - Setting next_dagrun for task_group_example to None, run_after=None
[2023-07-15T20:31:05.468+0000] {processor.py:179} INFO - Processing /opt/airflow/dags/dag_segmentacao_usuario_login_tim.py took 0.090 seconds
[2023-07-15T20:31:35.689+0000] {processor.py:157} INFO - Started process (PID=830) to work on /opt/airflow/dags/dag_segmentacao_usuario_login_tim.py
[2023-07-15T20:31:35.690+0000] {processor.py:826} INFO - Processing file /opt/airflow/dags/dag_segmentacao_usuario_login_tim.py for tasks to queue
[2023-07-15T20:31:35.691+0000] {logging_mixin.py:150} INFO - [2023-07-15T20:31:35.691+0000] {dagbag.py:541} INFO - Filling up the DagBag from /opt/airflow/dags/dag_segmentacao_usuario_login_tim.py
[2023-07-15T20:31:35.700+0000] {processor.py:836} INFO - DAG(s) dict_keys(['task_group_example']) retrieved from /opt/airflow/dags/dag_segmentacao_usuario_login_tim.py
[2023-07-15T20:31:35.726+0000] {logging_mixin.py:150} INFO - [2023-07-15T20:31:35.725+0000] {dag.py:2742} INFO - Sync 1 DAGs
[2023-07-15T20:31:35.751+0000] {logging_mixin.py:150} INFO - [2023-07-15T20:31:35.750+0000] {dag.py:3508} INFO - Setting next_dagrun for task_group_example to None, run_after=None
[2023-07-15T20:31:35.770+0000] {processor.py:179} INFO - Processing /opt/airflow/dags/dag_segmentacao_usuario_login_tim.py took 0.084 seconds
[2023-07-15T20:32:06.060+0000] {processor.py:157} INFO - Started process (PID=869) to work on /opt/airflow/dags/dag_segmentacao_usuario_login_tim.py
[2023-07-15T20:32:06.062+0000] {processor.py:826} INFO - Processing file /opt/airflow/dags/dag_segmentacao_usuario_login_tim.py for tasks to queue
[2023-07-15T20:32:06.062+0000] {logging_mixin.py:150} INFO - [2023-07-15T20:32:06.062+0000] {dagbag.py:541} INFO - Filling up the DagBag from /opt/airflow/dags/dag_segmentacao_usuario_login_tim.py
[2023-07-15T20:32:06.072+0000] {processor.py:836} INFO - DAG(s) dict_keys(['task_group_example']) retrieved from /opt/airflow/dags/dag_segmentacao_usuario_login_tim.py
[2023-07-15T20:32:06.097+0000] {logging_mixin.py:150} INFO - [2023-07-15T20:32:06.097+0000] {dag.py:2742} INFO - Sync 1 DAGs
[2023-07-15T20:32:06.124+0000] {logging_mixin.py:150} INFO - [2023-07-15T20:32:06.124+0000] {dag.py:3508} INFO - Setting next_dagrun for task_group_example to None, run_after=None
[2023-07-15T20:32:06.144+0000] {processor.py:179} INFO - Processing /opt/airflow/dags/dag_segmentacao_usuario_login_tim.py took 0.086 seconds
[2023-07-15T20:32:36.340+0000] {processor.py:157} INFO - Started process (PID=906) to work on /opt/airflow/dags/dag_segmentacao_usuario_login_tim.py
[2023-07-15T20:32:36.341+0000] {processor.py:826} INFO - Processing file /opt/airflow/dags/dag_segmentacao_usuario_login_tim.py for tasks to queue
[2023-07-15T20:32:36.341+0000] {logging_mixin.py:150} INFO - [2023-07-15T20:32:36.341+0000] {dagbag.py:541} INFO - Filling up the DagBag from /opt/airflow/dags/dag_segmentacao_usuario_login_tim.py
[2023-07-15T20:32:36.350+0000] {processor.py:836} INFO - DAG(s) dict_keys(['task_group_example']) retrieved from /opt/airflow/dags/dag_segmentacao_usuario_login_tim.py
[2023-07-15T20:32:36.376+0000] {logging_mixin.py:150} INFO - [2023-07-15T20:32:36.376+0000] {dag.py:2742} INFO - Sync 1 DAGs
[2023-07-15T20:32:36.400+0000] {logging_mixin.py:150} INFO - [2023-07-15T20:32:36.400+0000] {dag.py:3508} INFO - Setting next_dagrun for task_group_example to None, run_after=None
[2023-07-15T20:32:36.419+0000] {processor.py:179} INFO - Processing /opt/airflow/dags/dag_segmentacao_usuario_login_tim.py took 0.082 seconds
[2023-07-15T20:33:06.659+0000] {processor.py:157} INFO - Started process (PID=944) to work on /opt/airflow/dags/dag_segmentacao_usuario_login_tim.py
[2023-07-15T20:33:06.660+0000] {processor.py:826} INFO - Processing file /opt/airflow/dags/dag_segmentacao_usuario_login_tim.py for tasks to queue
[2023-07-15T20:33:06.660+0000] {logging_mixin.py:150} INFO - [2023-07-15T20:33:06.660+0000] {dagbag.py:541} INFO - Filling up the DagBag from /opt/airflow/dags/dag_segmentacao_usuario_login_tim.py
[2023-07-15T20:33:06.670+0000] {processor.py:836} INFO - DAG(s) dict_keys(['task_group_example']) retrieved from /opt/airflow/dags/dag_segmentacao_usuario_login_tim.py
[2023-07-15T20:33:06.695+0000] {logging_mixin.py:150} INFO - [2023-07-15T20:33:06.695+0000] {dag.py:2742} INFO - Sync 1 DAGs
[2023-07-15T20:33:06.722+0000] {logging_mixin.py:150} INFO - [2023-07-15T20:33:06.722+0000] {dag.py:3508} INFO - Setting next_dagrun for task_group_example to None, run_after=None
[2023-07-15T20:33:06.741+0000] {processor.py:179} INFO - Processing /opt/airflow/dags/dag_segmentacao_usuario_login_tim.py took 0.086 seconds
[2023-07-15T20:33:37.064+0000] {processor.py:157} INFO - Started process (PID=983) to work on /opt/airflow/dags/dag_segmentacao_usuario_login_tim.py
[2023-07-15T20:33:37.065+0000] {processor.py:826} INFO - Processing file /opt/airflow/dags/dag_segmentacao_usuario_login_tim.py for tasks to queue
[2023-07-15T20:33:37.066+0000] {logging_mixin.py:150} INFO - [2023-07-15T20:33:37.066+0000] {dagbag.py:541} INFO - Filling up the DagBag from /opt/airflow/dags/dag_segmentacao_usuario_login_tim.py
[2023-07-15T20:33:37.076+0000] {processor.py:836} INFO - DAG(s) dict_keys(['task_group_example']) retrieved from /opt/airflow/dags/dag_segmentacao_usuario_login_tim.py
[2023-07-15T20:33:37.108+0000] {logging_mixin.py:150} INFO - [2023-07-15T20:33:37.108+0000] {dag.py:2742} INFO - Sync 1 DAGs
[2023-07-15T20:33:37.139+0000] {logging_mixin.py:150} INFO - [2023-07-15T20:33:37.138+0000] {dag.py:3508} INFO - Setting next_dagrun for task_group_example to None, run_after=None
[2023-07-15T20:33:37.158+0000] {processor.py:179} INFO - Processing /opt/airflow/dags/dag_segmentacao_usuario_login_tim.py took 0.097 seconds
[2023-07-15T20:34:07.541+0000] {processor.py:157} INFO - Started process (PID=1023) to work on /opt/airflow/dags/dag_segmentacao_usuario_login_tim.py
[2023-07-15T20:34:07.542+0000] {processor.py:826} INFO - Processing file /opt/airflow/dags/dag_segmentacao_usuario_login_tim.py for tasks to queue
[2023-07-15T20:34:07.543+0000] {logging_mixin.py:150} INFO - [2023-07-15T20:34:07.543+0000] {dagbag.py:541} INFO - Filling up the DagBag from /opt/airflow/dags/dag_segmentacao_usuario_login_tim.py
[2023-07-15T20:34:07.556+0000] {processor.py:836} INFO - DAG(s) dict_keys(['task_group_example']) retrieved from /opt/airflow/dags/dag_segmentacao_usuario_login_tim.py
[2023-07-15T20:34:07.584+0000] {logging_mixin.py:150} INFO - [2023-07-15T20:34:07.584+0000] {dag.py:2742} INFO - Sync 1 DAGs
[2023-07-15T20:34:07.611+0000] {logging_mixin.py:150} INFO - [2023-07-15T20:34:07.611+0000] {dag.py:3508} INFO - Setting next_dagrun for task_group_example to None, run_after=None
[2023-07-15T20:34:07.633+0000] {processor.py:179} INFO - Processing /opt/airflow/dags/dag_segmentacao_usuario_login_tim.py took 0.096 seconds
[2023-07-15T20:34:38.076+0000] {processor.py:157} INFO - Started process (PID=1058) to work on /opt/airflow/dags/dag_segmentacao_usuario_login_tim.py
[2023-07-15T20:34:38.077+0000] {processor.py:826} INFO - Processing file /opt/airflow/dags/dag_segmentacao_usuario_login_tim.py for tasks to queue
[2023-07-15T20:34:38.078+0000] {logging_mixin.py:150} INFO - [2023-07-15T20:34:38.078+0000] {dagbag.py:541} INFO - Filling up the DagBag from /opt/airflow/dags/dag_segmentacao_usuario_login_tim.py
[2023-07-15T20:34:38.089+0000] {processor.py:836} INFO - DAG(s) dict_keys(['task_group_example']) retrieved from /opt/airflow/dags/dag_segmentacao_usuario_login_tim.py
[2023-07-15T20:34:38.119+0000] {logging_mixin.py:150} INFO - [2023-07-15T20:34:38.119+0000] {dag.py:2742} INFO - Sync 1 DAGs
[2023-07-15T20:34:38.151+0000] {logging_mixin.py:150} INFO - [2023-07-15T20:34:38.151+0000] {dag.py:3508} INFO - Setting next_dagrun for task_group_example to None, run_after=None
[2023-07-15T20:34:38.173+0000] {processor.py:179} INFO - Processing /opt/airflow/dags/dag_segmentacao_usuario_login_tim.py took 0.101 seconds
[2023-07-15T20:35:08.436+0000] {processor.py:157} INFO - Started process (PID=1097) to work on /opt/airflow/dags/dag_segmentacao_usuario_login_tim.py
[2023-07-15T20:35:08.438+0000] {processor.py:826} INFO - Processing file /opt/airflow/dags/dag_segmentacao_usuario_login_tim.py for tasks to queue
[2023-07-15T20:35:08.439+0000] {logging_mixin.py:150} INFO - [2023-07-15T20:35:08.438+0000] {dagbag.py:541} INFO - Filling up the DagBag from /opt/airflow/dags/dag_segmentacao_usuario_login_tim.py
[2023-07-15T20:35:08.451+0000] {processor.py:836} INFO - DAG(s) dict_keys(['task_group_example']) retrieved from /opt/airflow/dags/dag_segmentacao_usuario_login_tim.py
[2023-07-15T20:35:08.484+0000] {logging_mixin.py:150} INFO - [2023-07-15T20:35:08.484+0000] {dag.py:2742} INFO - Sync 1 DAGs
[2023-07-15T20:35:08.523+0000] {logging_mixin.py:150} INFO - [2023-07-15T20:35:08.522+0000] {dag.py:3508} INFO - Setting next_dagrun for task_group_example to None, run_after=None
[2023-07-15T20:35:08.551+0000] {processor.py:179} INFO - Processing /opt/airflow/dags/dag_segmentacao_usuario_login_tim.py took 0.119 seconds
