[2023-07-15T19:35:57.232+0000] {processor.py:157} INFO - Started process (PID=31) to work on /opt/airflow/dags/dag_etl_segmentacao_tim.py
[2023-07-15T19:35:57.233+0000] {processor.py:826} INFO - Processing file /opt/airflow/dags/dag_etl_segmentacao_tim.py for tasks to queue
[2023-07-15T19:35:57.234+0000] {logging_mixin.py:150} INFO - [2023-07-15T19:35:57.234+0000] {dagbag.py:541} INFO - Filling up the DagBag from /opt/airflow/dags/dag_etl_segmentacao_tim.py
[2023-07-15T19:35:57.252+0000] {processor.py:836} INFO - DAG(s) dict_keys(['segmentacao_ranking_atendimento_tim']) retrieved from /opt/airflow/dags/dag_etl_segmentacao_tim.py
[2023-07-15T19:35:57.481+0000] {logging_mixin.py:150} INFO - [2023-07-15T19:35:57.481+0000] {manager.py:504} INFO - Created Permission View: can edit on DAG:segmentacao_ranking_atendimento_tim
[2023-07-15T19:35:57.493+0000] {logging_mixin.py:150} INFO - [2023-07-15T19:35:57.493+0000] {manager.py:504} INFO - Created Permission View: can delete on DAG:segmentacao_ranking_atendimento_tim
[2023-07-15T19:35:57.501+0000] {logging_mixin.py:150} INFO - [2023-07-15T19:35:57.500+0000] {manager.py:504} INFO - Created Permission View: can read on DAG:segmentacao_ranking_atendimento_tim
[2023-07-15T19:35:57.517+0000] {logging_mixin.py:150} INFO - [2023-07-15T19:35:57.517+0000] {dag.py:2742} INFO - Sync 1 DAGs
[2023-07-15T19:35:57.530+0000] {logging_mixin.py:150} INFO - [2023-07-15T19:35:57.530+0000] {dag.py:2763} INFO - Creating ORM DAG for segmentacao_ranking_atendimento_tim
[2023-07-15T19:35:57.543+0000] {logging_mixin.py:150} INFO - [2023-07-15T19:35:57.543+0000] {dag.py:3508} INFO - Setting next_dagrun for segmentacao_ranking_atendimento_tim to None, run_after=None
[2023-07-15T19:35:57.563+0000] {processor.py:179} INFO - Processing /opt/airflow/dags/dag_etl_segmentacao_tim.py took 0.336 seconds
[2023-07-15T19:36:27.653+0000] {processor.py:157} INFO - Started process (PID=101) to work on /opt/airflow/dags/dag_etl_segmentacao_tim.py
[2023-07-15T19:36:27.667+0000] {processor.py:826} INFO - Processing file /opt/airflow/dags/dag_etl_segmentacao_tim.py for tasks to queue
[2023-07-15T19:36:27.668+0000] {logging_mixin.py:150} INFO - [2023-07-15T19:36:27.667+0000] {dagbag.py:541} INFO - Filling up the DagBag from /opt/airflow/dags/dag_etl_segmentacao_tim.py
[2023-07-15T19:36:27.676+0000] {processor.py:836} INFO - DAG(s) dict_keys(['segmentacao_ranking_atendimento_tim']) retrieved from /opt/airflow/dags/dag_etl_segmentacao_tim.py
[2023-07-15T19:36:27.699+0000] {logging_mixin.py:150} INFO - [2023-07-15T19:36:27.699+0000] {dag.py:2742} INFO - Sync 1 DAGs
[2023-07-15T19:36:27.722+0000] {logging_mixin.py:150} INFO - [2023-07-15T19:36:27.722+0000] {dag.py:3508} INFO - Setting next_dagrun for segmentacao_ranking_atendimento_tim to None, run_after=None
[2023-07-15T19:36:27.740+0000] {processor.py:179} INFO - Processing /opt/airflow/dags/dag_etl_segmentacao_tim.py took 0.092 seconds
[2023-07-15T19:36:58.142+0000] {processor.py:157} INFO - Started process (PID=139) to work on /opt/airflow/dags/dag_etl_segmentacao_tim.py
[2023-07-15T19:36:58.143+0000] {processor.py:826} INFO - Processing file /opt/airflow/dags/dag_etl_segmentacao_tim.py for tasks to queue
[2023-07-15T19:36:58.144+0000] {logging_mixin.py:150} INFO - [2023-07-15T19:36:58.144+0000] {dagbag.py:541} INFO - Filling up the DagBag from /opt/airflow/dags/dag_etl_segmentacao_tim.py
[2023-07-15T19:36:58.152+0000] {processor.py:836} INFO - DAG(s) dict_keys(['segmentacao_ranking_atendimento_tim']) retrieved from /opt/airflow/dags/dag_etl_segmentacao_tim.py
[2023-07-15T19:36:58.180+0000] {logging_mixin.py:150} INFO - [2023-07-15T19:36:58.180+0000] {dag.py:2742} INFO - Sync 1 DAGs
[2023-07-15T19:36:58.207+0000] {logging_mixin.py:150} INFO - [2023-07-15T19:36:58.207+0000] {dag.py:3508} INFO - Setting next_dagrun for segmentacao_ranking_atendimento_tim to None, run_after=None
[2023-07-15T19:36:58.232+0000] {processor.py:179} INFO - Processing /opt/airflow/dags/dag_etl_segmentacao_tim.py took 0.094 seconds
[2023-07-15T19:37:28.393+0000] {processor.py:157} INFO - Started process (PID=183) to work on /opt/airflow/dags/dag_etl_segmentacao_tim.py
[2023-07-15T19:37:28.395+0000] {processor.py:826} INFO - Processing file /opt/airflow/dags/dag_etl_segmentacao_tim.py for tasks to queue
[2023-07-15T19:37:28.396+0000] {logging_mixin.py:150} INFO - [2023-07-15T19:37:28.396+0000] {dagbag.py:541} INFO - Filling up the DagBag from /opt/airflow/dags/dag_etl_segmentacao_tim.py
[2023-07-15T19:37:28.407+0000] {processor.py:836} INFO - DAG(s) dict_keys(['segmentacao_ranking_atendimento_tim']) retrieved from /opt/airflow/dags/dag_etl_segmentacao_tim.py
[2023-07-15T19:37:28.443+0000] {logging_mixin.py:150} INFO - [2023-07-15T19:37:28.443+0000] {dag.py:2742} INFO - Sync 1 DAGs
[2023-07-15T19:37:28.493+0000] {logging_mixin.py:150} INFO - [2023-07-15T19:37:28.493+0000] {dag.py:3508} INFO - Setting next_dagrun for segmentacao_ranking_atendimento_tim to None, run_after=None
[2023-07-15T19:37:28.525+0000] {processor.py:179} INFO - Processing /opt/airflow/dags/dag_etl_segmentacao_tim.py took 0.135 seconds
[2023-07-15T19:37:58.678+0000] {processor.py:157} INFO - Started process (PID=221) to work on /opt/airflow/dags/dag_etl_segmentacao_tim.py
[2023-07-15T19:37:58.681+0000] {processor.py:826} INFO - Processing file /opt/airflow/dags/dag_etl_segmentacao_tim.py for tasks to queue
[2023-07-15T19:37:58.682+0000] {logging_mixin.py:150} INFO - [2023-07-15T19:37:58.682+0000] {dagbag.py:541} INFO - Filling up the DagBag from /opt/airflow/dags/dag_etl_segmentacao_tim.py
[2023-07-15T19:37:58.691+0000] {processor.py:836} INFO - DAG(s) dict_keys(['segmentacao_ranking_atendimento_tim']) retrieved from /opt/airflow/dags/dag_etl_segmentacao_tim.py
[2023-07-15T19:37:58.716+0000] {logging_mixin.py:150} INFO - [2023-07-15T19:37:58.716+0000] {dag.py:2742} INFO - Sync 1 DAGs
[2023-07-15T19:37:58.740+0000] {logging_mixin.py:150} INFO - [2023-07-15T19:37:58.740+0000] {dag.py:3508} INFO - Setting next_dagrun for segmentacao_ranking_atendimento_tim to None, run_after=None
[2023-07-15T19:37:58.760+0000] {processor.py:179} INFO - Processing /opt/airflow/dags/dag_etl_segmentacao_tim.py took 0.085 seconds
[2023-07-15T19:38:28.876+0000] {processor.py:157} INFO - Started process (PID=265) to work on /opt/airflow/dags/dag_etl_segmentacao_tim.py
[2023-07-15T19:38:28.877+0000] {processor.py:826} INFO - Processing file /opt/airflow/dags/dag_etl_segmentacao_tim.py for tasks to queue
[2023-07-15T19:38:28.878+0000] {logging_mixin.py:150} INFO - [2023-07-15T19:38:28.878+0000] {dagbag.py:541} INFO - Filling up the DagBag from /opt/airflow/dags/dag_etl_segmentacao_tim.py
[2023-07-15T19:38:28.888+0000] {processor.py:836} INFO - DAG(s) dict_keys(['segmentacao_ranking_atendimento_tim']) retrieved from /opt/airflow/dags/dag_etl_segmentacao_tim.py
[2023-07-15T19:38:28.916+0000] {logging_mixin.py:150} INFO - [2023-07-15T19:38:28.916+0000] {dag.py:2742} INFO - Sync 1 DAGs
[2023-07-15T19:38:28.939+0000] {logging_mixin.py:150} INFO - [2023-07-15T19:38:28.939+0000] {dag.py:3508} INFO - Setting next_dagrun for segmentacao_ranking_atendimento_tim to None, run_after=None
[2023-07-15T19:38:28.959+0000] {processor.py:179} INFO - Processing /opt/airflow/dags/dag_etl_segmentacao_tim.py took 0.086 seconds
[2023-07-15T19:38:59.057+0000] {processor.py:157} INFO - Started process (PID=303) to work on /opt/airflow/dags/dag_etl_segmentacao_tim.py
[2023-07-15T19:38:59.060+0000] {processor.py:826} INFO - Processing file /opt/airflow/dags/dag_etl_segmentacao_tim.py for tasks to queue
[2023-07-15T19:38:59.061+0000] {logging_mixin.py:150} INFO - [2023-07-15T19:38:59.061+0000] {dagbag.py:541} INFO - Filling up the DagBag from /opt/airflow/dags/dag_etl_segmentacao_tim.py
[2023-07-15T19:38:59.070+0000] {processor.py:836} INFO - DAG(s) dict_keys(['segmentacao_ranking_atendimento_tim']) retrieved from /opt/airflow/dags/dag_etl_segmentacao_tim.py
[2023-07-15T19:38:59.098+0000] {logging_mixin.py:150} INFO - [2023-07-15T19:38:59.098+0000] {dag.py:2742} INFO - Sync 1 DAGs
[2023-07-15T19:38:59.127+0000] {logging_mixin.py:150} INFO - [2023-07-15T19:38:59.126+0000] {dag.py:3508} INFO - Setting next_dagrun for segmentacao_ranking_atendimento_tim to None, run_after=None
[2023-07-15T19:38:59.145+0000] {processor.py:179} INFO - Processing /opt/airflow/dags/dag_etl_segmentacao_tim.py took 0.092 seconds
[2023-07-15T19:39:29.247+0000] {processor.py:157} INFO - Started process (PID=341) to work on /opt/airflow/dags/dag_etl_segmentacao_tim.py
[2023-07-15T19:39:29.250+0000] {processor.py:826} INFO - Processing file /opt/airflow/dags/dag_etl_segmentacao_tim.py for tasks to queue
[2023-07-15T19:39:29.251+0000] {logging_mixin.py:150} INFO - [2023-07-15T19:39:29.251+0000] {dagbag.py:541} INFO - Filling up the DagBag from /opt/airflow/dags/dag_etl_segmentacao_tim.py
[2023-07-15T19:39:29.260+0000] {processor.py:836} INFO - DAG(s) dict_keys(['segmentacao_ranking_atendimento_tim']) retrieved from /opt/airflow/dags/dag_etl_segmentacao_tim.py
[2023-07-15T19:39:29.289+0000] {logging_mixin.py:150} INFO - [2023-07-15T19:39:29.289+0000] {dag.py:2742} INFO - Sync 1 DAGs
[2023-07-15T19:39:29.317+0000] {logging_mixin.py:150} INFO - [2023-07-15T19:39:29.317+0000] {dag.py:3508} INFO - Setting next_dagrun for segmentacao_ranking_atendimento_tim to None, run_after=None
[2023-07-15T19:39:29.338+0000] {processor.py:179} INFO - Processing /opt/airflow/dags/dag_etl_segmentacao_tim.py took 0.094 seconds
[2023-07-15T20:21:26.020+0000] {processor.py:157} INFO - Started process (PID=32) to work on /opt/airflow/dags/dag_etl_segmentacao_tim.py
[2023-07-15T20:21:26.022+0000] {processor.py:826} INFO - Processing file /opt/airflow/dags/dag_etl_segmentacao_tim.py for tasks to queue
[2023-07-15T20:21:26.023+0000] {logging_mixin.py:150} INFO - [2023-07-15T20:21:26.022+0000] {dagbag.py:541} INFO - Filling up the DagBag from /opt/airflow/dags/dag_etl_segmentacao_tim.py
[2023-07-15T20:21:26.038+0000] {processor.py:836} INFO - DAG(s) dict_keys(['segmentacao_ranking_atendimento_tim']) retrieved from /opt/airflow/dags/dag_etl_segmentacao_tim.py
[2023-07-15T20:21:26.276+0000] {logging_mixin.py:150} INFO - [2023-07-15T20:21:26.275+0000] {dag.py:2742} INFO - Sync 1 DAGs
[2023-07-15T20:21:26.300+0000] {logging_mixin.py:150} INFO - [2023-07-15T20:21:26.300+0000] {dag.py:3508} INFO - Setting next_dagrun for segmentacao_ranking_atendimento_tim to None, run_after=None
[2023-07-15T20:21:26.319+0000] {processor.py:179} INFO - Processing /opt/airflow/dags/dag_etl_segmentacao_tim.py took 0.304 seconds
[2023-07-15T20:21:56.359+0000] {processor.py:157} INFO - Started process (PID=102) to work on /opt/airflow/dags/dag_etl_segmentacao_tim.py
[2023-07-15T20:21:56.360+0000] {processor.py:826} INFO - Processing file /opt/airflow/dags/dag_etl_segmentacao_tim.py for tasks to queue
[2023-07-15T20:21:56.361+0000] {logging_mixin.py:150} INFO - [2023-07-15T20:21:56.360+0000] {dagbag.py:541} INFO - Filling up the DagBag from /opt/airflow/dags/dag_etl_segmentacao_tim.py
[2023-07-15T20:21:56.370+0000] {processor.py:836} INFO - DAG(s) dict_keys(['segmentacao_ranking_atendimento_tim']) retrieved from /opt/airflow/dags/dag_etl_segmentacao_tim.py
[2023-07-15T20:21:56.394+0000] {logging_mixin.py:150} INFO - [2023-07-15T20:21:56.394+0000] {dag.py:2742} INFO - Sync 1 DAGs
[2023-07-15T20:21:56.418+0000] {logging_mixin.py:150} INFO - [2023-07-15T20:21:56.418+0000] {dag.py:3508} INFO - Setting next_dagrun for segmentacao_ranking_atendimento_tim to None, run_after=None
[2023-07-15T20:21:56.436+0000] {processor.py:179} INFO - Processing /opt/airflow/dags/dag_etl_segmentacao_tim.py took 0.080 seconds
[2023-07-15T20:22:27.013+0000] {processor.py:157} INFO - Started process (PID=146) to work on /opt/airflow/dags/dag_etl_segmentacao_tim.py
[2023-07-15T20:22:27.014+0000] {processor.py:826} INFO - Processing file /opt/airflow/dags/dag_etl_segmentacao_tim.py for tasks to queue
[2023-07-15T20:22:27.015+0000] {logging_mixin.py:150} INFO - [2023-07-15T20:22:27.015+0000] {dagbag.py:541} INFO - Filling up the DagBag from /opt/airflow/dags/dag_etl_segmentacao_tim.py
[2023-07-15T20:22:27.025+0000] {processor.py:836} INFO - DAG(s) dict_keys(['segmentacao_ranking_atendimento_tim']) retrieved from /opt/airflow/dags/dag_etl_segmentacao_tim.py
[2023-07-15T20:22:27.050+0000] {logging_mixin.py:150} INFO - [2023-07-15T20:22:27.050+0000] {dag.py:2742} INFO - Sync 1 DAGs
[2023-07-15T20:22:27.073+0000] {logging_mixin.py:150} INFO - [2023-07-15T20:22:27.073+0000] {dag.py:3508} INFO - Setting next_dagrun for segmentacao_ranking_atendimento_tim to None, run_after=None
[2023-07-15T20:22:27.092+0000] {processor.py:179} INFO - Processing /opt/airflow/dags/dag_etl_segmentacao_tim.py took 0.083 seconds
[2023-07-15T20:22:57.250+0000] {processor.py:157} INFO - Started process (PID=184) to work on /opt/airflow/dags/dag_etl_segmentacao_tim.py
[2023-07-15T20:22:57.251+0000] {processor.py:826} INFO - Processing file /opt/airflow/dags/dag_etl_segmentacao_tim.py for tasks to queue
[2023-07-15T20:22:57.252+0000] {logging_mixin.py:150} INFO - [2023-07-15T20:22:57.251+0000] {dagbag.py:541} INFO - Filling up the DagBag from /opt/airflow/dags/dag_etl_segmentacao_tim.py
[2023-07-15T20:22:57.261+0000] {processor.py:836} INFO - DAG(s) dict_keys(['segmentacao_ranking_atendimento_tim']) retrieved from /opt/airflow/dags/dag_etl_segmentacao_tim.py
[2023-07-15T20:22:57.291+0000] {logging_mixin.py:150} INFO - [2023-07-15T20:22:57.291+0000] {dag.py:2742} INFO - Sync 1 DAGs
[2023-07-15T20:22:57.318+0000] {logging_mixin.py:150} INFO - [2023-07-15T20:22:57.318+0000] {dag.py:3508} INFO - Setting next_dagrun for segmentacao_ranking_atendimento_tim to None, run_after=None
[2023-07-15T20:22:57.340+0000] {processor.py:179} INFO - Processing /opt/airflow/dags/dag_etl_segmentacao_tim.py took 0.093 seconds
[2023-07-15T20:23:27.585+0000] {processor.py:157} INFO - Started process (PID=228) to work on /opt/airflow/dags/dag_etl_segmentacao_tim.py
[2023-07-15T20:23:27.586+0000] {processor.py:826} INFO - Processing file /opt/airflow/dags/dag_etl_segmentacao_tim.py for tasks to queue
[2023-07-15T20:23:27.587+0000] {logging_mixin.py:150} INFO - [2023-07-15T20:23:27.587+0000] {dagbag.py:541} INFO - Filling up the DagBag from /opt/airflow/dags/dag_etl_segmentacao_tim.py
[2023-07-15T20:23:27.595+0000] {processor.py:836} INFO - DAG(s) dict_keys(['segmentacao_ranking_atendimento_tim']) retrieved from /opt/airflow/dags/dag_etl_segmentacao_tim.py
[2023-07-15T20:23:27.619+0000] {logging_mixin.py:150} INFO - [2023-07-15T20:23:27.619+0000] {dag.py:2742} INFO - Sync 1 DAGs
[2023-07-15T20:23:27.641+0000] {logging_mixin.py:150} INFO - [2023-07-15T20:23:27.641+0000] {dag.py:3508} INFO - Setting next_dagrun for segmentacao_ranking_atendimento_tim to None, run_after=None
[2023-07-15T20:23:27.658+0000] {processor.py:179} INFO - Processing /opt/airflow/dags/dag_etl_segmentacao_tim.py took 0.076 seconds
[2023-07-15T20:23:58.030+0000] {processor.py:157} INFO - Started process (PID=266) to work on /opt/airflow/dags/dag_etl_segmentacao_tim.py
[2023-07-15T20:23:58.031+0000] {processor.py:826} INFO - Processing file /opt/airflow/dags/dag_etl_segmentacao_tim.py for tasks to queue
[2023-07-15T20:23:58.032+0000] {logging_mixin.py:150} INFO - [2023-07-15T20:23:58.031+0000] {dagbag.py:541} INFO - Filling up the DagBag from /opt/airflow/dags/dag_etl_segmentacao_tim.py
[2023-07-15T20:23:58.040+0000] {processor.py:836} INFO - DAG(s) dict_keys(['segmentacao_ranking_atendimento_tim']) retrieved from /opt/airflow/dags/dag_etl_segmentacao_tim.py
[2023-07-15T20:23:58.064+0000] {logging_mixin.py:150} INFO - [2023-07-15T20:23:58.064+0000] {dag.py:2742} INFO - Sync 1 DAGs
[2023-07-15T20:23:58.088+0000] {logging_mixin.py:150} INFO - [2023-07-15T20:23:58.088+0000] {dag.py:3508} INFO - Setting next_dagrun for segmentacao_ranking_atendimento_tim to None, run_after=None
[2023-07-15T20:23:58.108+0000] {processor.py:179} INFO - Processing /opt/airflow/dags/dag_etl_segmentacao_tim.py took 0.082 seconds
[2023-07-15T20:24:28.325+0000] {processor.py:157} INFO - Started process (PID=304) to work on /opt/airflow/dags/dag_etl_segmentacao_tim.py
[2023-07-15T20:24:28.326+0000] {processor.py:826} INFO - Processing file /opt/airflow/dags/dag_etl_segmentacao_tim.py for tasks to queue
[2023-07-15T20:24:28.327+0000] {logging_mixin.py:150} INFO - [2023-07-15T20:24:28.327+0000] {dagbag.py:541} INFO - Filling up the DagBag from /opt/airflow/dags/dag_etl_segmentacao_tim.py
[2023-07-15T20:24:28.338+0000] {processor.py:836} INFO - DAG(s) dict_keys(['segmentacao_ranking_atendimento_tim']) retrieved from /opt/airflow/dags/dag_etl_segmentacao_tim.py
[2023-07-15T20:24:28.375+0000] {logging_mixin.py:150} INFO - [2023-07-15T20:24:28.374+0000] {dag.py:2742} INFO - Sync 1 DAGs
[2023-07-15T20:24:28.406+0000] {logging_mixin.py:150} INFO - [2023-07-15T20:24:28.406+0000] {dag.py:3508} INFO - Setting next_dagrun for segmentacao_ranking_atendimento_tim to None, run_after=None
[2023-07-15T20:24:28.433+0000] {processor.py:179} INFO - Processing /opt/airflow/dags/dag_etl_segmentacao_tim.py took 0.112 seconds
[2023-07-15T20:24:58.643+0000] {processor.py:157} INFO - Started process (PID=342) to work on /opt/airflow/dags/dag_etl_segmentacao_tim.py
[2023-07-15T20:24:58.645+0000] {processor.py:826} INFO - Processing file /opt/airflow/dags/dag_etl_segmentacao_tim.py for tasks to queue
[2023-07-15T20:24:58.646+0000] {logging_mixin.py:150} INFO - [2023-07-15T20:24:58.645+0000] {dagbag.py:541} INFO - Filling up the DagBag from /opt/airflow/dags/dag_etl_segmentacao_tim.py
[2023-07-15T20:24:58.658+0000] {processor.py:836} INFO - DAG(s) dict_keys(['segmentacao_ranking_atendimento_tim']) retrieved from /opt/airflow/dags/dag_etl_segmentacao_tim.py
[2023-07-15T20:24:58.682+0000] {logging_mixin.py:150} INFO - [2023-07-15T20:24:58.682+0000] {dag.py:2742} INFO - Sync 1 DAGs
[2023-07-15T20:24:58.706+0000] {logging_mixin.py:150} INFO - [2023-07-15T20:24:58.706+0000] {dag.py:3508} INFO - Setting next_dagrun for segmentacao_ranking_atendimento_tim to None, run_after=None
[2023-07-15T20:24:58.726+0000] {processor.py:179} INFO - Processing /opt/airflow/dags/dag_etl_segmentacao_tim.py took 0.089 seconds
[2023-07-15T20:25:29.165+0000] {processor.py:157} INFO - Started process (PID=380) to work on /opt/airflow/dags/dag_etl_segmentacao_tim.py
[2023-07-15T20:25:29.167+0000] {processor.py:826} INFO - Processing file /opt/airflow/dags/dag_etl_segmentacao_tim.py for tasks to queue
[2023-07-15T20:25:29.167+0000] {logging_mixin.py:150} INFO - [2023-07-15T20:25:29.167+0000] {dagbag.py:541} INFO - Filling up the DagBag from /opt/airflow/dags/dag_etl_segmentacao_tim.py
[2023-07-15T20:25:29.176+0000] {processor.py:836} INFO - DAG(s) dict_keys(['segmentacao_ranking_atendimento_tim']) retrieved from /opt/airflow/dags/dag_etl_segmentacao_tim.py
[2023-07-15T20:25:29.201+0000] {logging_mixin.py:150} INFO - [2023-07-15T20:25:29.200+0000] {dag.py:2742} INFO - Sync 1 DAGs
[2023-07-15T20:25:29.224+0000] {logging_mixin.py:150} INFO - [2023-07-15T20:25:29.223+0000] {dag.py:3508} INFO - Setting next_dagrun for segmentacao_ranking_atendimento_tim to None, run_after=None
[2023-07-15T20:25:29.242+0000] {processor.py:179} INFO - Processing /opt/airflow/dags/dag_etl_segmentacao_tim.py took 0.080 seconds
[2023-07-15T20:25:59.668+0000] {processor.py:157} INFO - Started process (PID=418) to work on /opt/airflow/dags/dag_etl_segmentacao_tim.py
[2023-07-15T20:25:59.669+0000] {processor.py:826} INFO - Processing file /opt/airflow/dags/dag_etl_segmentacao_tim.py for tasks to queue
[2023-07-15T20:25:59.670+0000] {logging_mixin.py:150} INFO - [2023-07-15T20:25:59.670+0000] {dagbag.py:541} INFO - Filling up the DagBag from /opt/airflow/dags/dag_etl_segmentacao_tim.py
[2023-07-15T20:25:59.679+0000] {processor.py:836} INFO - DAG(s) dict_keys(['segmentacao_ranking_atendimento_tim']) retrieved from /opt/airflow/dags/dag_etl_segmentacao_tim.py
[2023-07-15T20:25:59.703+0000] {logging_mixin.py:150} INFO - [2023-07-15T20:25:59.703+0000] {dag.py:2742} INFO - Sync 1 DAGs
[2023-07-15T20:25:59.726+0000] {logging_mixin.py:150} INFO - [2023-07-15T20:25:59.726+0000] {dag.py:3508} INFO - Setting next_dagrun for segmentacao_ranking_atendimento_tim to None, run_after=None
[2023-07-15T20:25:59.744+0000] {processor.py:179} INFO - Processing /opt/airflow/dags/dag_etl_segmentacao_tim.py took 0.079 seconds
[2023-07-15T20:26:29.970+0000] {processor.py:157} INFO - Started process (PID=456) to work on /opt/airflow/dags/dag_etl_segmentacao_tim.py
[2023-07-15T20:26:29.971+0000] {processor.py:826} INFO - Processing file /opt/airflow/dags/dag_etl_segmentacao_tim.py for tasks to queue
[2023-07-15T20:26:29.972+0000] {logging_mixin.py:150} INFO - [2023-07-15T20:26:29.972+0000] {dagbag.py:541} INFO - Filling up the DagBag from /opt/airflow/dags/dag_etl_segmentacao_tim.py
[2023-07-15T20:26:29.982+0000] {processor.py:836} INFO - DAG(s) dict_keys(['segmentacao_ranking_atendimento_tim']) retrieved from /opt/airflow/dags/dag_etl_segmentacao_tim.py
[2023-07-15T20:26:30.005+0000] {logging_mixin.py:150} INFO - [2023-07-15T20:26:30.005+0000] {dag.py:2742} INFO - Sync 1 DAGs
[2023-07-15T20:26:30.033+0000] {logging_mixin.py:150} INFO - [2023-07-15T20:26:30.033+0000] {dag.py:3508} INFO - Setting next_dagrun for segmentacao_ranking_atendimento_tim to None, run_after=None
[2023-07-15T20:26:30.058+0000] {processor.py:179} INFO - Processing /opt/airflow/dags/dag_etl_segmentacao_tim.py took 0.090 seconds
[2023-07-15T20:27:00.194+0000] {processor.py:157} INFO - Started process (PID=494) to work on /opt/airflow/dags/dag_etl_segmentacao_tim.py
[2023-07-15T20:27:00.195+0000] {processor.py:826} INFO - Processing file /opt/airflow/dags/dag_etl_segmentacao_tim.py for tasks to queue
[2023-07-15T20:27:00.196+0000] {logging_mixin.py:150} INFO - [2023-07-15T20:27:00.196+0000] {dagbag.py:541} INFO - Filling up the DagBag from /opt/airflow/dags/dag_etl_segmentacao_tim.py
[2023-07-15T20:27:00.205+0000] {processor.py:836} INFO - DAG(s) dict_keys(['segmentacao_ranking_atendimento_tim']) retrieved from /opt/airflow/dags/dag_etl_segmentacao_tim.py
[2023-07-15T20:27:00.233+0000] {logging_mixin.py:150} INFO - [2023-07-15T20:27:00.233+0000] {dag.py:2742} INFO - Sync 1 DAGs
[2023-07-15T20:27:00.259+0000] {logging_mixin.py:150} INFO - [2023-07-15T20:27:00.259+0000] {dag.py:3508} INFO - Setting next_dagrun for segmentacao_ranking_atendimento_tim to None, run_after=None
[2023-07-15T20:27:00.277+0000] {processor.py:179} INFO - Processing /opt/airflow/dags/dag_etl_segmentacao_tim.py took 0.087 seconds
[2023-07-15T20:27:31.048+0000] {processor.py:157} INFO - Started process (PID=519) to work on /opt/airflow/dags/dag_etl_segmentacao_tim.py
[2023-07-15T20:27:31.049+0000] {processor.py:826} INFO - Processing file /opt/airflow/dags/dag_etl_segmentacao_tim.py for tasks to queue
[2023-07-15T20:27:31.050+0000] {logging_mixin.py:150} INFO - [2023-07-15T20:27:31.049+0000] {dagbag.py:541} INFO - Filling up the DagBag from /opt/airflow/dags/dag_etl_segmentacao_tim.py
[2023-07-15T20:27:31.058+0000] {processor.py:836} INFO - DAG(s) dict_keys(['segmentacao_ranking_atendimento_tim']) retrieved from /opt/airflow/dags/dag_etl_segmentacao_tim.py
[2023-07-15T20:27:31.085+0000] {logging_mixin.py:150} INFO - [2023-07-15T20:27:31.085+0000] {dag.py:2742} INFO - Sync 1 DAGs
[2023-07-15T20:27:31.110+0000] {logging_mixin.py:150} INFO - [2023-07-15T20:27:31.110+0000] {dag.py:3508} INFO - Setting next_dagrun for segmentacao_ranking_atendimento_tim to None, run_after=None
[2023-07-15T20:27:31.136+0000] {processor.py:179} INFO - Processing /opt/airflow/dags/dag_etl_segmentacao_tim.py took 0.091 seconds
[2023-07-15T20:28:01.674+0000] {processor.py:157} INFO - Started process (PID=557) to work on /opt/airflow/dags/dag_etl_segmentacao_tim.py
[2023-07-15T20:28:01.675+0000] {processor.py:826} INFO - Processing file /opt/airflow/dags/dag_etl_segmentacao_tim.py for tasks to queue
[2023-07-15T20:28:01.676+0000] {logging_mixin.py:150} INFO - [2023-07-15T20:28:01.676+0000] {dagbag.py:541} INFO - Filling up the DagBag from /opt/airflow/dags/dag_etl_segmentacao_tim.py
[2023-07-15T20:28:01.688+0000] {processor.py:836} INFO - DAG(s) dict_keys(['segmentacao_ranking_atendimento_tim']) retrieved from /opt/airflow/dags/dag_etl_segmentacao_tim.py
[2023-07-15T20:28:01.713+0000] {logging_mixin.py:150} INFO - [2023-07-15T20:28:01.713+0000] {dag.py:2742} INFO - Sync 1 DAGs
[2023-07-15T20:28:01.741+0000] {logging_mixin.py:150} INFO - [2023-07-15T20:28:01.740+0000] {dag.py:3508} INFO - Setting next_dagrun for segmentacao_ranking_atendimento_tim to None, run_after=None
[2023-07-15T20:28:01.766+0000] {processor.py:179} INFO - Processing /opt/airflow/dags/dag_etl_segmentacao_tim.py took 0.096 seconds
[2023-07-15T20:28:32.195+0000] {processor.py:157} INFO - Started process (PID=595) to work on /opt/airflow/dags/dag_etl_segmentacao_tim.py
[2023-07-15T20:28:32.197+0000] {processor.py:826} INFO - Processing file /opt/airflow/dags/dag_etl_segmentacao_tim.py for tasks to queue
[2023-07-15T20:28:32.198+0000] {logging_mixin.py:150} INFO - [2023-07-15T20:28:32.198+0000] {dagbag.py:541} INFO - Filling up the DagBag from /opt/airflow/dags/dag_etl_segmentacao_tim.py
[2023-07-15T20:28:32.207+0000] {processor.py:836} INFO - DAG(s) dict_keys(['segmentacao_ranking_atendimento_tim']) retrieved from /opt/airflow/dags/dag_etl_segmentacao_tim.py
[2023-07-15T20:28:32.231+0000] {logging_mixin.py:150} INFO - [2023-07-15T20:28:32.231+0000] {dag.py:2742} INFO - Sync 1 DAGs
[2023-07-15T20:28:32.255+0000] {logging_mixin.py:150} INFO - [2023-07-15T20:28:32.255+0000] {dag.py:3508} INFO - Setting next_dagrun for segmentacao_ranking_atendimento_tim to None, run_after=None
[2023-07-15T20:28:32.279+0000] {processor.py:179} INFO - Processing /opt/airflow/dags/dag_etl_segmentacao_tim.py took 0.089 seconds
[2023-07-15T20:29:02.435+0000] {processor.py:157} INFO - Started process (PID=633) to work on /opt/airflow/dags/dag_etl_segmentacao_tim.py
[2023-07-15T20:29:02.437+0000] {processor.py:826} INFO - Processing file /opt/airflow/dags/dag_etl_segmentacao_tim.py for tasks to queue
[2023-07-15T20:29:02.437+0000] {logging_mixin.py:150} INFO - [2023-07-15T20:29:02.437+0000] {dagbag.py:541} INFO - Filling up the DagBag from /opt/airflow/dags/dag_etl_segmentacao_tim.py
[2023-07-15T20:29:02.448+0000] {processor.py:836} INFO - DAG(s) dict_keys(['segmentacao_ranking_atendimento_tim']) retrieved from /opt/airflow/dags/dag_etl_segmentacao_tim.py
[2023-07-15T20:29:02.473+0000] {logging_mixin.py:150} INFO - [2023-07-15T20:29:02.473+0000] {dag.py:2742} INFO - Sync 1 DAGs
[2023-07-15T20:29:02.498+0000] {logging_mixin.py:150} INFO - [2023-07-15T20:29:02.498+0000] {dag.py:3508} INFO - Setting next_dagrun for segmentacao_ranking_atendimento_tim to None, run_after=None
[2023-07-15T20:29:02.516+0000] {processor.py:179} INFO - Processing /opt/airflow/dags/dag_etl_segmentacao_tim.py took 0.084 seconds
[2023-07-15T20:29:32.708+0000] {processor.py:157} INFO - Started process (PID=671) to work on /opt/airflow/dags/dag_etl_segmentacao_tim.py
[2023-07-15T20:29:32.710+0000] {processor.py:826} INFO - Processing file /opt/airflow/dags/dag_etl_segmentacao_tim.py for tasks to queue
[2023-07-15T20:29:32.711+0000] {logging_mixin.py:150} INFO - [2023-07-15T20:29:32.710+0000] {dagbag.py:541} INFO - Filling up the DagBag from /opt/airflow/dags/dag_etl_segmentacao_tim.py
[2023-07-15T20:29:32.721+0000] {processor.py:836} INFO - DAG(s) dict_keys(['segmentacao_ranking_atendimento_tim']) retrieved from /opt/airflow/dags/dag_etl_segmentacao_tim.py
[2023-07-15T20:29:32.763+0000] {logging_mixin.py:150} INFO - [2023-07-15T20:29:32.763+0000] {dag.py:2742} INFO - Sync 1 DAGs
[2023-07-15T20:29:32.793+0000] {logging_mixin.py:150} INFO - [2023-07-15T20:29:32.793+0000] {dag.py:3508} INFO - Setting next_dagrun for segmentacao_ranking_atendimento_tim to None, run_after=None
[2023-07-15T20:29:32.814+0000] {processor.py:179} INFO - Processing /opt/airflow/dags/dag_etl_segmentacao_tim.py took 0.110 seconds
[2023-07-15T20:30:03.337+0000] {processor.py:157} INFO - Started process (PID=709) to work on /opt/airflow/dags/dag_etl_segmentacao_tim.py
[2023-07-15T20:30:03.338+0000] {processor.py:826} INFO - Processing file /opt/airflow/dags/dag_etl_segmentacao_tim.py for tasks to queue
[2023-07-15T20:30:03.340+0000] {logging_mixin.py:150} INFO - [2023-07-15T20:30:03.339+0000] {dagbag.py:541} INFO - Filling up the DagBag from /opt/airflow/dags/dag_etl_segmentacao_tim.py
[2023-07-15T20:30:03.352+0000] {processor.py:836} INFO - DAG(s) dict_keys(['segmentacao_ranking_atendimento_tim']) retrieved from /opt/airflow/dags/dag_etl_segmentacao_tim.py
[2023-07-15T20:30:03.381+0000] {logging_mixin.py:150} INFO - [2023-07-15T20:30:03.381+0000] {dag.py:2742} INFO - Sync 1 DAGs
[2023-07-15T20:30:03.410+0000] {logging_mixin.py:150} INFO - [2023-07-15T20:30:03.410+0000] {dag.py:3508} INFO - Setting next_dagrun for segmentacao_ranking_atendimento_tim to None, run_after=None
[2023-07-15T20:30:03.431+0000] {processor.py:179} INFO - Processing /opt/airflow/dags/dag_etl_segmentacao_tim.py took 0.099 seconds
[2023-07-15T20:30:33.634+0000] {processor.py:157} INFO - Started process (PID=747) to work on /opt/airflow/dags/dag_etl_segmentacao_tim.py
[2023-07-15T20:30:33.635+0000] {processor.py:826} INFO - Processing file /opt/airflow/dags/dag_etl_segmentacao_tim.py for tasks to queue
[2023-07-15T20:30:33.635+0000] {logging_mixin.py:150} INFO - [2023-07-15T20:30:33.635+0000] {dagbag.py:541} INFO - Filling up the DagBag from /opt/airflow/dags/dag_etl_segmentacao_tim.py
[2023-07-15T20:30:33.645+0000] {processor.py:836} INFO - DAG(s) dict_keys(['segmentacao_ranking_atendimento_tim']) retrieved from /opt/airflow/dags/dag_etl_segmentacao_tim.py
[2023-07-15T20:30:33.669+0000] {logging_mixin.py:150} INFO - [2023-07-15T20:30:33.669+0000] {dag.py:2742} INFO - Sync 1 DAGs
[2023-07-15T20:30:33.695+0000] {logging_mixin.py:150} INFO - [2023-07-15T20:30:33.695+0000] {dag.py:3508} INFO - Setting next_dagrun for segmentacao_ranking_atendimento_tim to None, run_after=None
[2023-07-15T20:30:33.716+0000] {processor.py:179} INFO - Processing /opt/airflow/dags/dag_etl_segmentacao_tim.py took 0.085 seconds
[2023-07-15T20:31:03.940+0000] {processor.py:157} INFO - Started process (PID=785) to work on /opt/airflow/dags/dag_etl_segmentacao_tim.py
[2023-07-15T20:31:03.941+0000] {processor.py:826} INFO - Processing file /opt/airflow/dags/dag_etl_segmentacao_tim.py for tasks to queue
[2023-07-15T20:31:03.942+0000] {logging_mixin.py:150} INFO - [2023-07-15T20:31:03.941+0000] {dagbag.py:541} INFO - Filling up the DagBag from /opt/airflow/dags/dag_etl_segmentacao_tim.py
[2023-07-15T20:31:03.952+0000] {processor.py:836} INFO - DAG(s) dict_keys(['segmentacao_ranking_atendimento_tim']) retrieved from /opt/airflow/dags/dag_etl_segmentacao_tim.py
[2023-07-15T20:31:03.978+0000] {logging_mixin.py:150} INFO - [2023-07-15T20:31:03.978+0000] {dag.py:2742} INFO - Sync 1 DAGs
[2023-07-15T20:31:04.005+0000] {logging_mixin.py:150} INFO - [2023-07-15T20:31:04.005+0000] {dag.py:3508} INFO - Setting next_dagrun for segmentacao_ranking_atendimento_tim to None, run_after=None
[2023-07-15T20:31:04.026+0000] {processor.py:179} INFO - Processing /opt/airflow/dags/dag_etl_segmentacao_tim.py took 0.090 seconds
[2023-07-15T20:31:34.243+0000] {processor.py:157} INFO - Started process (PID=823) to work on /opt/airflow/dags/dag_etl_segmentacao_tim.py
[2023-07-15T20:31:34.244+0000] {processor.py:826} INFO - Processing file /opt/airflow/dags/dag_etl_segmentacao_tim.py for tasks to queue
[2023-07-15T20:31:34.245+0000] {logging_mixin.py:150} INFO - [2023-07-15T20:31:34.245+0000] {dagbag.py:541} INFO - Filling up the DagBag from /opt/airflow/dags/dag_etl_segmentacao_tim.py
[2023-07-15T20:31:34.257+0000] {processor.py:836} INFO - DAG(s) dict_keys(['segmentacao_ranking_atendimento_tim']) retrieved from /opt/airflow/dags/dag_etl_segmentacao_tim.py
[2023-07-15T20:31:34.288+0000] {logging_mixin.py:150} INFO - [2023-07-15T20:31:34.287+0000] {dag.py:2742} INFO - Sync 1 DAGs
[2023-07-15T20:31:34.324+0000] {logging_mixin.py:150} INFO - [2023-07-15T20:31:34.324+0000] {dag.py:3508} INFO - Setting next_dagrun for segmentacao_ranking_atendimento_tim to None, run_after=None
[2023-07-15T20:31:34.346+0000] {processor.py:179} INFO - Processing /opt/airflow/dags/dag_etl_segmentacao_tim.py took 0.107 seconds
[2023-07-15T20:32:04.643+0000] {processor.py:157} INFO - Started process (PID=861) to work on /opt/airflow/dags/dag_etl_segmentacao_tim.py
[2023-07-15T20:32:04.645+0000] {processor.py:826} INFO - Processing file /opt/airflow/dags/dag_etl_segmentacao_tim.py for tasks to queue
[2023-07-15T20:32:04.645+0000] {logging_mixin.py:150} INFO - [2023-07-15T20:32:04.645+0000] {dagbag.py:541} INFO - Filling up the DagBag from /opt/airflow/dags/dag_etl_segmentacao_tim.py
[2023-07-15T20:32:04.656+0000] {processor.py:836} INFO - DAG(s) dict_keys(['segmentacao_ranking_atendimento_tim']) retrieved from /opt/airflow/dags/dag_etl_segmentacao_tim.py
[2023-07-15T20:32:04.683+0000] {logging_mixin.py:150} INFO - [2023-07-15T20:32:04.683+0000] {dag.py:2742} INFO - Sync 1 DAGs
[2023-07-15T20:32:04.709+0000] {logging_mixin.py:150} INFO - [2023-07-15T20:32:04.709+0000] {dag.py:3508} INFO - Setting next_dagrun for segmentacao_ranking_atendimento_tim to None, run_after=None
[2023-07-15T20:32:04.732+0000] {processor.py:179} INFO - Processing /opt/airflow/dags/dag_etl_segmentacao_tim.py took 0.093 seconds
[2023-07-15T20:32:34.938+0000] {processor.py:157} INFO - Started process (PID=899) to work on /opt/airflow/dags/dag_etl_segmentacao_tim.py
[2023-07-15T20:32:34.939+0000] {processor.py:826} INFO - Processing file /opt/airflow/dags/dag_etl_segmentacao_tim.py for tasks to queue
[2023-07-15T20:32:34.940+0000] {logging_mixin.py:150} INFO - [2023-07-15T20:32:34.940+0000] {dagbag.py:541} INFO - Filling up the DagBag from /opt/airflow/dags/dag_etl_segmentacao_tim.py
[2023-07-15T20:32:34.949+0000] {processor.py:836} INFO - DAG(s) dict_keys(['segmentacao_ranking_atendimento_tim']) retrieved from /opt/airflow/dags/dag_etl_segmentacao_tim.py
[2023-07-15T20:32:34.975+0000] {logging_mixin.py:150} INFO - [2023-07-15T20:32:34.975+0000] {dag.py:2742} INFO - Sync 1 DAGs
[2023-07-15T20:32:34.999+0000] {logging_mixin.py:150} INFO - [2023-07-15T20:32:34.999+0000] {dag.py:3508} INFO - Setting next_dagrun for segmentacao_ranking_atendimento_tim to None, run_after=None
[2023-07-15T20:32:35.018+0000] {processor.py:179} INFO - Processing /opt/airflow/dags/dag_etl_segmentacao_tim.py took 0.084 seconds
[2023-07-15T20:33:05.180+0000] {processor.py:157} INFO - Started process (PID=937) to work on /opt/airflow/dags/dag_etl_segmentacao_tim.py
[2023-07-15T20:33:05.181+0000] {processor.py:826} INFO - Processing file /opt/airflow/dags/dag_etl_segmentacao_tim.py for tasks to queue
[2023-07-15T20:33:05.182+0000] {logging_mixin.py:150} INFO - [2023-07-15T20:33:05.182+0000] {dagbag.py:541} INFO - Filling up the DagBag from /opt/airflow/dags/dag_etl_segmentacao_tim.py
[2023-07-15T20:33:05.195+0000] {processor.py:836} INFO - DAG(s) dict_keys(['segmentacao_ranking_atendimento_tim']) retrieved from /opt/airflow/dags/dag_etl_segmentacao_tim.py
[2023-07-15T20:33:05.231+0000] {logging_mixin.py:150} INFO - [2023-07-15T20:33:05.231+0000] {dag.py:2742} INFO - Sync 1 DAGs
[2023-07-15T20:33:05.260+0000] {logging_mixin.py:150} INFO - [2023-07-15T20:33:05.260+0000] {dag.py:3508} INFO - Setting next_dagrun for segmentacao_ranking_atendimento_tim to None, run_after=None
[2023-07-15T20:33:05.280+0000] {processor.py:179} INFO - Processing /opt/airflow/dags/dag_etl_segmentacao_tim.py took 0.106 seconds
[2023-07-15T20:33:35.614+0000] {processor.py:157} INFO - Started process (PID=975) to work on /opt/airflow/dags/dag_etl_segmentacao_tim.py
[2023-07-15T20:33:35.615+0000] {processor.py:826} INFO - Processing file /opt/airflow/dags/dag_etl_segmentacao_tim.py for tasks to queue
[2023-07-15T20:33:35.616+0000] {logging_mixin.py:150} INFO - [2023-07-15T20:33:35.616+0000] {dagbag.py:541} INFO - Filling up the DagBag from /opt/airflow/dags/dag_etl_segmentacao_tim.py
[2023-07-15T20:33:35.626+0000] {processor.py:836} INFO - DAG(s) dict_keys(['segmentacao_ranking_atendimento_tim']) retrieved from /opt/airflow/dags/dag_etl_segmentacao_tim.py
[2023-07-15T20:33:35.652+0000] {logging_mixin.py:150} INFO - [2023-07-15T20:33:35.652+0000] {dag.py:2742} INFO - Sync 1 DAGs
[2023-07-15T20:33:35.676+0000] {logging_mixin.py:150} INFO - [2023-07-15T20:33:35.676+0000] {dag.py:3508} INFO - Setting next_dagrun for segmentacao_ranking_atendimento_tim to None, run_after=None
[2023-07-15T20:33:35.697+0000] {processor.py:179} INFO - Processing /opt/airflow/dags/dag_etl_segmentacao_tim.py took 0.086 seconds
[2023-07-15T20:34:06.016+0000] {processor.py:157} INFO - Started process (PID=1013) to work on /opt/airflow/dags/dag_etl_segmentacao_tim.py
[2023-07-15T20:34:06.018+0000] {processor.py:826} INFO - Processing file /opt/airflow/dags/dag_etl_segmentacao_tim.py for tasks to queue
[2023-07-15T20:34:06.019+0000] {logging_mixin.py:150} INFO - [2023-07-15T20:34:06.019+0000] {dagbag.py:541} INFO - Filling up the DagBag from /opt/airflow/dags/dag_etl_segmentacao_tim.py
[2023-07-15T20:34:06.031+0000] {processor.py:836} INFO - DAG(s) dict_keys(['segmentacao_ranking_atendimento_tim']) retrieved from /opt/airflow/dags/dag_etl_segmentacao_tim.py
[2023-07-15T20:34:06.067+0000] {logging_mixin.py:150} INFO - [2023-07-15T20:34:06.066+0000] {dag.py:2742} INFO - Sync 1 DAGs
[2023-07-15T20:34:06.100+0000] {logging_mixin.py:150} INFO - [2023-07-15T20:34:06.100+0000] {dag.py:3508} INFO - Setting next_dagrun for segmentacao_ranking_atendimento_tim to None, run_after=None
[2023-07-15T20:34:06.133+0000] {processor.py:179} INFO - Processing /opt/airflow/dags/dag_etl_segmentacao_tim.py took 0.121 seconds
[2023-07-15T20:34:36.594+0000] {processor.py:157} INFO - Started process (PID=1051) to work on /opt/airflow/dags/dag_etl_segmentacao_tim.py
[2023-07-15T20:34:36.595+0000] {processor.py:826} INFO - Processing file /opt/airflow/dags/dag_etl_segmentacao_tim.py for tasks to queue
[2023-07-15T20:34:36.596+0000] {logging_mixin.py:150} INFO - [2023-07-15T20:34:36.596+0000] {dagbag.py:541} INFO - Filling up the DagBag from /opt/airflow/dags/dag_etl_segmentacao_tim.py
[2023-07-15T20:34:36.609+0000] {processor.py:836} INFO - DAG(s) dict_keys(['segmentacao_ranking_atendimento_tim']) retrieved from /opt/airflow/dags/dag_etl_segmentacao_tim.py
[2023-07-15T20:34:36.643+0000] {logging_mixin.py:150} INFO - [2023-07-15T20:34:36.643+0000] {dag.py:2742} INFO - Sync 1 DAGs
[2023-07-15T20:34:36.675+0000] {logging_mixin.py:150} INFO - [2023-07-15T20:34:36.675+0000] {dag.py:3508} INFO - Setting next_dagrun for segmentacao_ranking_atendimento_tim to None, run_after=None
[2023-07-15T20:34:36.701+0000] {processor.py:179} INFO - Processing /opt/airflow/dags/dag_etl_segmentacao_tim.py took 0.111 seconds
[2023-07-15T20:35:07.013+0000] {processor.py:157} INFO - Started process (PID=1089) to work on /opt/airflow/dags/dag_etl_segmentacao_tim.py
[2023-07-15T20:35:07.014+0000] {processor.py:826} INFO - Processing file /opt/airflow/dags/dag_etl_segmentacao_tim.py for tasks to queue
[2023-07-15T20:35:07.015+0000] {logging_mixin.py:150} INFO - [2023-07-15T20:35:07.015+0000] {dagbag.py:541} INFO - Filling up the DagBag from /opt/airflow/dags/dag_etl_segmentacao_tim.py
[2023-07-15T20:35:07.025+0000] {processor.py:836} INFO - DAG(s) dict_keys(['segmentacao_ranking_atendimento_tim']) retrieved from /opt/airflow/dags/dag_etl_segmentacao_tim.py
[2023-07-15T20:35:07.055+0000] {logging_mixin.py:150} INFO - [2023-07-15T20:35:07.055+0000] {dag.py:2742} INFO - Sync 1 DAGs
[2023-07-15T20:35:07.079+0000] {logging_mixin.py:150} INFO - [2023-07-15T20:35:07.079+0000] {dag.py:3508} INFO - Setting next_dagrun for segmentacao_ranking_atendimento_tim to None, run_after=None
[2023-07-15T20:35:07.100+0000] {processor.py:179} INFO - Processing /opt/airflow/dags/dag_etl_segmentacao_tim.py took 0.091 seconds
