[2023-07-15T20:23:02.614+0000] {taskinstance.py:1103} INFO - Dependencies all met for dep_context=non-requeueable deps ti=<TaskInstance: spider_tim_vinculacao_sensor_taskflow_dag.ets_finalizando_branch_4 scheduled__2023-07-15T20:22:00+00:00 [queued]>
[2023-07-15T20:23:02.625+0000] {taskinstance.py:1103} INFO - Dependencies all met for dep_context=requeueable deps ti=<TaskInstance: spider_tim_vinculacao_sensor_taskflow_dag.ets_finalizando_branch_4 scheduled__2023-07-15T20:22:00+00:00 [queued]>
[2023-07-15T20:23:02.626+0000] {taskinstance.py:1308} INFO - Starting attempt 1 of 1
[2023-07-15T20:23:02.644+0000] {taskinstance.py:1327} INFO - Executing <Task(ExternalTaskSensor): ets_finalizando_branch_4> on 2023-07-15 20:22:00+00:00
[2023-07-15T20:23:02.650+0000] {standard_task_runner.py:57} INFO - Started process 121 to run task
[2023-07-15T20:23:02.654+0000] {standard_task_runner.py:84} INFO - Running: ['***', 'tasks', 'run', 'spider_tim_vinculacao_sensor_taskflow_dag', 'ets_finalizando_branch_4', 'scheduled__2023-07-15T20:22:00+00:00', '--job-id', '114', '--raw', '--subdir', 'DAGS_FOLDER/dag_tim_spider_vinculo_rev1.py', '--cfg-path', '/tmp/tmpwwjt2ekf']
[2023-07-15T20:23:02.657+0000] {standard_task_runner.py:85} INFO - Job 114: Subtask ets_finalizando_branch_4
[2023-07-15T20:23:02.709+0000] {task_command.py:410} INFO - Running <TaskInstance: spider_tim_vinculacao_sensor_taskflow_dag.ets_finalizando_branch_4 scheduled__2023-07-15T20:22:00+00:00 [running]> on host 21d8aa67b76e
[2023-07-15T20:23:02.808+0000] {taskinstance.py:1547} INFO - Exporting env vars: AIRFLOW_CTX_DAG_OWNER='***' AIRFLOW_CTX_DAG_ID='spider_tim_vinculacao_sensor_taskflow_dag' AIRFLOW_CTX_TASK_ID='ets_finalizando_branch_4' AIRFLOW_CTX_EXECUTION_DATE='2023-07-15T20:22:00+00:00' AIRFLOW_CTX_TRY_NUMBER='1' AIRFLOW_CTX_DAG_RUN_ID='scheduled__2023-07-15T20:22:00+00:00'
[2023-07-15T20:23:02.809+0000] {external_task.py:236} INFO - Poking for tasks ['my_task'] in dag upstream_finalizando_entrando_dag_4 on 2023-07-15T20:22:00+00:00 ... 
[2023-07-15T20:24:02.870+0000] {external_task.py:236} INFO - Poking for tasks ['my_task'] in dag upstream_finalizando_entrando_dag_4 on 2023-07-15T20:22:00+00:00 ... 
[2023-07-15T20:25:02.899+0000] {external_task.py:236} INFO - Poking for tasks ['my_task'] in dag upstream_finalizando_entrando_dag_4 on 2023-07-15T20:22:00+00:00 ... 
[2023-07-15T20:26:02.931+0000] {external_task.py:236} INFO - Poking for tasks ['my_task'] in dag upstream_finalizando_entrando_dag_4 on 2023-07-15T20:22:00+00:00 ... 
[2023-07-15T20:27:03.002+0000] {external_task.py:236} INFO - Poking for tasks ['my_task'] in dag upstream_finalizando_entrando_dag_4 on 2023-07-15T20:22:00+00:00 ... 
[2023-07-15T20:28:03.070+0000] {external_task.py:236} INFO - Poking for tasks ['my_task'] in dag upstream_finalizando_entrando_dag_4 on 2023-07-15T20:22:00+00:00 ... 
[2023-07-15T20:29:03.142+0000] {external_task.py:236} INFO - Poking for tasks ['my_task'] in dag upstream_finalizando_entrando_dag_4 on 2023-07-15T20:22:00+00:00 ... 
[2023-07-15T20:30:03.214+0000] {external_task.py:236} INFO - Poking for tasks ['my_task'] in dag upstream_finalizando_entrando_dag_4 on 2023-07-15T20:22:00+00:00 ... 
[2023-07-15T20:31:03.280+0000] {external_task.py:236} INFO - Poking for tasks ['my_task'] in dag upstream_finalizando_entrando_dag_4 on 2023-07-15T20:22:00+00:00 ... 
[2023-07-15T20:32:03.314+0000] {external_task.py:236} INFO - Poking for tasks ['my_task'] in dag upstream_finalizando_entrando_dag_4 on 2023-07-15T20:22:00+00:00 ... 
[2023-07-15T20:33:03.380+0000] {external_task.py:236} INFO - Poking for tasks ['my_task'] in dag upstream_finalizando_entrando_dag_4 on 2023-07-15T20:22:00+00:00 ... 
[2023-07-15T20:34:03.451+0000] {external_task.py:236} INFO - Poking for tasks ['my_task'] in dag upstream_finalizando_entrando_dag_4 on 2023-07-15T20:22:00+00:00 ... 
[2023-07-15T20:35:03.530+0000] {external_task.py:236} INFO - Poking for tasks ['my_task'] in dag upstream_finalizando_entrando_dag_4 on 2023-07-15T20:22:00+00:00 ... 
