[2023-07-15T19:35:58.641+0000] {processor.py:157} INFO - Started process (PID=45) to work on /opt/airflow/dags/include/hooks/apache_flink_hook.py
[2023-07-15T19:35:58.642+0000] {processor.py:826} INFO - Processing file /opt/airflow/dags/include/hooks/apache_flink_hook.py for tasks to queue
[2023-07-15T19:35:58.642+0000] {logging_mixin.py:150} INFO - [2023-07-15T19:35:58.642+0000] {dagbag.py:541} INFO - Filling up the DagBag from /opt/airflow/dags/include/hooks/apache_flink_hook.py
[2023-07-15T19:35:58.645+0000] {processor.py:838} WARNING - No viable dags retrieved from /opt/airflow/dags/include/hooks/apache_flink_hook.py
[2023-07-15T19:35:58.659+0000] {processor.py:179} INFO - Processing /opt/airflow/dags/include/hooks/apache_flink_hook.py took 0.022 seconds
[2023-07-15T19:36:29.052+0000] {processor.py:157} INFO - Started process (PID=115) to work on /opt/airflow/dags/include/hooks/apache_flink_hook.py
[2023-07-15T19:36:29.053+0000] {processor.py:826} INFO - Processing file /opt/airflow/dags/include/hooks/apache_flink_hook.py for tasks to queue
[2023-07-15T19:36:29.055+0000] {logging_mixin.py:150} INFO - [2023-07-15T19:36:29.055+0000] {dagbag.py:541} INFO - Filling up the DagBag from /opt/airflow/dags/include/hooks/apache_flink_hook.py
[2023-07-15T19:36:29.057+0000] {processor.py:838} WARNING - No viable dags retrieved from /opt/airflow/dags/include/hooks/apache_flink_hook.py
[2023-07-15T19:36:29.068+0000] {processor.py:179} INFO - Processing /opt/airflow/dags/include/hooks/apache_flink_hook.py took 0.020 seconds
[2023-07-15T19:36:59.585+0000] {processor.py:157} INFO - Started process (PID=153) to work on /opt/airflow/dags/include/hooks/apache_flink_hook.py
[2023-07-15T19:36:59.585+0000] {processor.py:826} INFO - Processing file /opt/airflow/dags/include/hooks/apache_flink_hook.py for tasks to queue
[2023-07-15T19:36:59.586+0000] {logging_mixin.py:150} INFO - [2023-07-15T19:36:59.586+0000] {dagbag.py:541} INFO - Filling up the DagBag from /opt/airflow/dags/include/hooks/apache_flink_hook.py
[2023-07-15T19:36:59.588+0000] {processor.py:838} WARNING - No viable dags retrieved from /opt/airflow/dags/include/hooks/apache_flink_hook.py
[2023-07-15T19:36:59.601+0000] {processor.py:179} INFO - Processing /opt/airflow/dags/include/hooks/apache_flink_hook.py took 0.019 seconds
[2023-07-15T19:37:29.832+0000] {processor.py:157} INFO - Started process (PID=197) to work on /opt/airflow/dags/include/hooks/apache_flink_hook.py
[2023-07-15T19:37:29.833+0000] {processor.py:826} INFO - Processing file /opt/airflow/dags/include/hooks/apache_flink_hook.py for tasks to queue
[2023-07-15T19:37:29.833+0000] {logging_mixin.py:150} INFO - [2023-07-15T19:37:29.833+0000] {dagbag.py:541} INFO - Filling up the DagBag from /opt/airflow/dags/include/hooks/apache_flink_hook.py
[2023-07-15T19:37:29.835+0000] {processor.py:838} WARNING - No viable dags retrieved from /opt/airflow/dags/include/hooks/apache_flink_hook.py
[2023-07-15T19:37:29.847+0000] {processor.py:179} INFO - Processing /opt/airflow/dags/include/hooks/apache_flink_hook.py took 0.019 seconds
[2023-07-15T19:38:00.104+0000] {processor.py:157} INFO - Started process (PID=235) to work on /opt/airflow/dags/include/hooks/apache_flink_hook.py
[2023-07-15T19:38:00.105+0000] {processor.py:826} INFO - Processing file /opt/airflow/dags/include/hooks/apache_flink_hook.py for tasks to queue
[2023-07-15T19:38:00.106+0000] {logging_mixin.py:150} INFO - [2023-07-15T19:38:00.106+0000] {dagbag.py:541} INFO - Filling up the DagBag from /opt/airflow/dags/include/hooks/apache_flink_hook.py
[2023-07-15T19:38:00.108+0000] {processor.py:838} WARNING - No viable dags retrieved from /opt/airflow/dags/include/hooks/apache_flink_hook.py
[2023-07-15T19:38:00.120+0000] {processor.py:179} INFO - Processing /opt/airflow/dags/include/hooks/apache_flink_hook.py took 0.019 seconds
[2023-07-15T19:38:30.299+0000] {processor.py:157} INFO - Started process (PID=279) to work on /opt/airflow/dags/include/hooks/apache_flink_hook.py
[2023-07-15T19:38:30.300+0000] {processor.py:826} INFO - Processing file /opt/airflow/dags/include/hooks/apache_flink_hook.py for tasks to queue
[2023-07-15T19:38:30.301+0000] {logging_mixin.py:150} INFO - [2023-07-15T19:38:30.301+0000] {dagbag.py:541} INFO - Filling up the DagBag from /opt/airflow/dags/include/hooks/apache_flink_hook.py
[2023-07-15T19:38:30.303+0000] {processor.py:838} WARNING - No viable dags retrieved from /opt/airflow/dags/include/hooks/apache_flink_hook.py
[2023-07-15T19:38:30.315+0000] {processor.py:179} INFO - Processing /opt/airflow/dags/include/hooks/apache_flink_hook.py took 0.020 seconds
[2023-07-15T19:39:00.490+0000] {processor.py:157} INFO - Started process (PID=317) to work on /opt/airflow/dags/include/hooks/apache_flink_hook.py
[2023-07-15T19:39:00.492+0000] {processor.py:826} INFO - Processing file /opt/airflow/dags/include/hooks/apache_flink_hook.py for tasks to queue
[2023-07-15T19:39:00.493+0000] {logging_mixin.py:150} INFO - [2023-07-15T19:39:00.492+0000] {dagbag.py:541} INFO - Filling up the DagBag from /opt/airflow/dags/include/hooks/apache_flink_hook.py
[2023-07-15T19:39:00.494+0000] {processor.py:838} WARNING - No viable dags retrieved from /opt/airflow/dags/include/hooks/apache_flink_hook.py
[2023-07-15T19:39:00.506+0000] {processor.py:179} INFO - Processing /opt/airflow/dags/include/hooks/apache_flink_hook.py took 0.019 seconds
[2023-07-15T19:39:30.719+0000] {processor.py:157} INFO - Started process (PID=355) to work on /opt/airflow/dags/include/hooks/apache_flink_hook.py
[2023-07-15T19:39:30.721+0000] {processor.py:826} INFO - Processing file /opt/airflow/dags/include/hooks/apache_flink_hook.py for tasks to queue
[2023-07-15T19:39:30.722+0000] {logging_mixin.py:150} INFO - [2023-07-15T19:39:30.721+0000] {dagbag.py:541} INFO - Filling up the DagBag from /opt/airflow/dags/include/hooks/apache_flink_hook.py
[2023-07-15T19:39:30.724+0000] {processor.py:838} WARNING - No viable dags retrieved from /opt/airflow/dags/include/hooks/apache_flink_hook.py
[2023-07-15T19:39:30.737+0000] {processor.py:179} INFO - Processing /opt/airflow/dags/include/hooks/apache_flink_hook.py took 0.022 seconds
[2023-07-15T20:21:27.102+0000] {processor.py:157} INFO - Started process (PID=45) to work on /opt/airflow/dags/include/hooks/apache_flink_hook.py
[2023-07-15T20:21:27.104+0000] {processor.py:826} INFO - Processing file /opt/airflow/dags/include/hooks/apache_flink_hook.py for tasks to queue
[2023-07-15T20:21:27.105+0000] {logging_mixin.py:150} INFO - [2023-07-15T20:21:27.105+0000] {dagbag.py:541} INFO - Filling up the DagBag from /opt/airflow/dags/include/hooks/apache_flink_hook.py
[2023-07-15T20:21:27.108+0000] {processor.py:838} WARNING - No viable dags retrieved from /opt/airflow/dags/include/hooks/apache_flink_hook.py
[2023-07-15T20:21:27.126+0000] {processor.py:179} INFO - Processing /opt/airflow/dags/include/hooks/apache_flink_hook.py took 0.027 seconds
[2023-07-15T20:21:57.949+0000] {processor.py:157} INFO - Started process (PID=115) to work on /opt/airflow/dags/include/hooks/apache_flink_hook.py
[2023-07-15T20:21:57.950+0000] {processor.py:826} INFO - Processing file /opt/airflow/dags/include/hooks/apache_flink_hook.py for tasks to queue
[2023-07-15T20:21:57.951+0000] {logging_mixin.py:150} INFO - [2023-07-15T20:21:57.951+0000] {dagbag.py:541} INFO - Filling up the DagBag from /opt/airflow/dags/include/hooks/apache_flink_hook.py
[2023-07-15T20:21:57.953+0000] {processor.py:838} WARNING - No viable dags retrieved from /opt/airflow/dags/include/hooks/apache_flink_hook.py
[2023-07-15T20:21:57.965+0000] {processor.py:179} INFO - Processing /opt/airflow/dags/include/hooks/apache_flink_hook.py took 0.019 seconds
[2023-07-15T20:22:28.559+0000] {processor.py:157} INFO - Started process (PID=159) to work on /opt/airflow/dags/include/hooks/apache_flink_hook.py
[2023-07-15T20:22:28.560+0000] {processor.py:826} INFO - Processing file /opt/airflow/dags/include/hooks/apache_flink_hook.py for tasks to queue
[2023-07-15T20:22:28.561+0000] {logging_mixin.py:150} INFO - [2023-07-15T20:22:28.560+0000] {dagbag.py:541} INFO - Filling up the DagBag from /opt/airflow/dags/include/hooks/apache_flink_hook.py
[2023-07-15T20:22:28.562+0000] {processor.py:838} WARNING - No viable dags retrieved from /opt/airflow/dags/include/hooks/apache_flink_hook.py
[2023-07-15T20:22:28.575+0000] {processor.py:179} INFO - Processing /opt/airflow/dags/include/hooks/apache_flink_hook.py took 0.018 seconds
[2023-07-15T20:22:58.785+0000] {processor.py:157} INFO - Started process (PID=197) to work on /opt/airflow/dags/include/hooks/apache_flink_hook.py
[2023-07-15T20:22:58.787+0000] {processor.py:826} INFO - Processing file /opt/airflow/dags/include/hooks/apache_flink_hook.py for tasks to queue
[2023-07-15T20:22:58.788+0000] {logging_mixin.py:150} INFO - [2023-07-15T20:22:58.788+0000] {dagbag.py:541} INFO - Filling up the DagBag from /opt/airflow/dags/include/hooks/apache_flink_hook.py
[2023-07-15T20:22:58.797+0000] {processor.py:838} WARNING - No viable dags retrieved from /opt/airflow/dags/include/hooks/apache_flink_hook.py
[2023-07-15T20:22:58.812+0000] {processor.py:179} INFO - Processing /opt/airflow/dags/include/hooks/apache_flink_hook.py took 0.031 seconds
[2023-07-15T20:23:29.104+0000] {processor.py:157} INFO - Started process (PID=241) to work on /opt/airflow/dags/include/hooks/apache_flink_hook.py
[2023-07-15T20:23:29.105+0000] {processor.py:826} INFO - Processing file /opt/airflow/dags/include/hooks/apache_flink_hook.py for tasks to queue
[2023-07-15T20:23:29.105+0000] {logging_mixin.py:150} INFO - [2023-07-15T20:23:29.105+0000] {dagbag.py:541} INFO - Filling up the DagBag from /opt/airflow/dags/include/hooks/apache_flink_hook.py
[2023-07-15T20:23:29.107+0000] {processor.py:838} WARNING - No viable dags retrieved from /opt/airflow/dags/include/hooks/apache_flink_hook.py
[2023-07-15T20:23:29.119+0000] {processor.py:179} INFO - Processing /opt/airflow/dags/include/hooks/apache_flink_hook.py took 0.019 seconds
[2023-07-15T20:23:59.539+0000] {processor.py:157} INFO - Started process (PID=279) to work on /opt/airflow/dags/include/hooks/apache_flink_hook.py
[2023-07-15T20:23:59.540+0000] {processor.py:826} INFO - Processing file /opt/airflow/dags/include/hooks/apache_flink_hook.py for tasks to queue
[2023-07-15T20:23:59.541+0000] {logging_mixin.py:150} INFO - [2023-07-15T20:23:59.541+0000] {dagbag.py:541} INFO - Filling up the DagBag from /opt/airflow/dags/include/hooks/apache_flink_hook.py
[2023-07-15T20:23:59.543+0000] {processor.py:838} WARNING - No viable dags retrieved from /opt/airflow/dags/include/hooks/apache_flink_hook.py
[2023-07-15T20:23:59.555+0000] {processor.py:179} INFO - Processing /opt/airflow/dags/include/hooks/apache_flink_hook.py took 0.019 seconds
[2023-07-15T20:24:29.877+0000] {processor.py:157} INFO - Started process (PID=317) to work on /opt/airflow/dags/include/hooks/apache_flink_hook.py
[2023-07-15T20:24:29.878+0000] {processor.py:826} INFO - Processing file /opt/airflow/dags/include/hooks/apache_flink_hook.py for tasks to queue
[2023-07-15T20:24:29.879+0000] {logging_mixin.py:150} INFO - [2023-07-15T20:24:29.879+0000] {dagbag.py:541} INFO - Filling up the DagBag from /opt/airflow/dags/include/hooks/apache_flink_hook.py
[2023-07-15T20:24:29.881+0000] {processor.py:838} WARNING - No viable dags retrieved from /opt/airflow/dags/include/hooks/apache_flink_hook.py
[2023-07-15T20:24:29.893+0000] {processor.py:179} INFO - Processing /opt/airflow/dags/include/hooks/apache_flink_hook.py took 0.021 seconds
[2023-07-15T20:25:00.213+0000] {processor.py:157} INFO - Started process (PID=355) to work on /opt/airflow/dags/include/hooks/apache_flink_hook.py
[2023-07-15T20:25:00.215+0000] {processor.py:826} INFO - Processing file /opt/airflow/dags/include/hooks/apache_flink_hook.py for tasks to queue
[2023-07-15T20:25:00.215+0000] {logging_mixin.py:150} INFO - [2023-07-15T20:25:00.215+0000] {dagbag.py:541} INFO - Filling up the DagBag from /opt/airflow/dags/include/hooks/apache_flink_hook.py
[2023-07-15T20:25:00.218+0000] {processor.py:838} WARNING - No viable dags retrieved from /opt/airflow/dags/include/hooks/apache_flink_hook.py
[2023-07-15T20:25:00.233+0000] {processor.py:179} INFO - Processing /opt/airflow/dags/include/hooks/apache_flink_hook.py took 0.023 seconds
[2023-07-15T20:25:30.778+0000] {processor.py:157} INFO - Started process (PID=393) to work on /opt/airflow/dags/include/hooks/apache_flink_hook.py
[2023-07-15T20:25:30.779+0000] {processor.py:826} INFO - Processing file /opt/airflow/dags/include/hooks/apache_flink_hook.py for tasks to queue
[2023-07-15T20:25:30.780+0000] {logging_mixin.py:150} INFO - [2023-07-15T20:25:30.780+0000] {dagbag.py:541} INFO - Filling up the DagBag from /opt/airflow/dags/include/hooks/apache_flink_hook.py
[2023-07-15T20:25:30.782+0000] {processor.py:838} WARNING - No viable dags retrieved from /opt/airflow/dags/include/hooks/apache_flink_hook.py
[2023-07-15T20:25:30.795+0000] {processor.py:179} INFO - Processing /opt/airflow/dags/include/hooks/apache_flink_hook.py took 0.021 seconds
[2023-07-15T20:26:01.217+0000] {processor.py:157} INFO - Started process (PID=431) to work on /opt/airflow/dags/include/hooks/apache_flink_hook.py
[2023-07-15T20:26:01.218+0000] {processor.py:826} INFO - Processing file /opt/airflow/dags/include/hooks/apache_flink_hook.py for tasks to queue
[2023-07-15T20:26:01.219+0000] {logging_mixin.py:150} INFO - [2023-07-15T20:26:01.219+0000] {dagbag.py:541} INFO - Filling up the DagBag from /opt/airflow/dags/include/hooks/apache_flink_hook.py
[2023-07-15T20:26:01.221+0000] {processor.py:838} WARNING - No viable dags retrieved from /opt/airflow/dags/include/hooks/apache_flink_hook.py
[2023-07-15T20:26:01.234+0000] {processor.py:179} INFO - Processing /opt/airflow/dags/include/hooks/apache_flink_hook.py took 0.020 seconds
[2023-07-15T20:26:31.509+0000] {processor.py:157} INFO - Started process (PID=469) to work on /opt/airflow/dags/include/hooks/apache_flink_hook.py
[2023-07-15T20:26:31.511+0000] {processor.py:826} INFO - Processing file /opt/airflow/dags/include/hooks/apache_flink_hook.py for tasks to queue
[2023-07-15T20:26:31.511+0000] {logging_mixin.py:150} INFO - [2023-07-15T20:26:31.511+0000] {dagbag.py:541} INFO - Filling up the DagBag from /opt/airflow/dags/include/hooks/apache_flink_hook.py
[2023-07-15T20:26:31.513+0000] {processor.py:838} WARNING - No viable dags retrieved from /opt/airflow/dags/include/hooks/apache_flink_hook.py
[2023-07-15T20:26:31.525+0000] {processor.py:179} INFO - Processing /opt/airflow/dags/include/hooks/apache_flink_hook.py took 0.020 seconds
[2023-07-15T20:27:01.778+0000] {processor.py:157} INFO - Started process (PID=507) to work on /opt/airflow/dags/include/hooks/apache_flink_hook.py
[2023-07-15T20:27:01.779+0000] {processor.py:826} INFO - Processing file /opt/airflow/dags/include/hooks/apache_flink_hook.py for tasks to queue
[2023-07-15T20:27:01.780+0000] {logging_mixin.py:150} INFO - [2023-07-15T20:27:01.779+0000] {dagbag.py:541} INFO - Filling up the DagBag from /opt/airflow/dags/include/hooks/apache_flink_hook.py
[2023-07-15T20:27:01.781+0000] {processor.py:838} WARNING - No viable dags retrieved from /opt/airflow/dags/include/hooks/apache_flink_hook.py
[2023-07-15T20:27:01.795+0000] {processor.py:179} INFO - Processing /opt/airflow/dags/include/hooks/apache_flink_hook.py took 0.021 seconds
[2023-07-15T20:27:32.391+0000] {processor.py:157} INFO - Started process (PID=545) to work on /opt/airflow/dags/include/hooks/apache_flink_hook.py
[2023-07-15T20:27:32.393+0000] {processor.py:826} INFO - Processing file /opt/airflow/dags/include/hooks/apache_flink_hook.py for tasks to queue
[2023-07-15T20:27:32.394+0000] {logging_mixin.py:150} INFO - [2023-07-15T20:27:32.393+0000] {dagbag.py:541} INFO - Filling up the DagBag from /opt/airflow/dags/include/hooks/apache_flink_hook.py
[2023-07-15T20:27:32.396+0000] {processor.py:838} WARNING - No viable dags retrieved from /opt/airflow/dags/include/hooks/apache_flink_hook.py
[2023-07-15T20:27:32.409+0000] {processor.py:179} INFO - Processing /opt/airflow/dags/include/hooks/apache_flink_hook.py took 0.021 seconds
[2023-07-15T20:28:02.859+0000] {processor.py:157} INFO - Started process (PID=583) to work on /opt/airflow/dags/include/hooks/apache_flink_hook.py
[2023-07-15T20:28:02.860+0000] {processor.py:826} INFO - Processing file /opt/airflow/dags/include/hooks/apache_flink_hook.py for tasks to queue
[2023-07-15T20:28:02.861+0000] {logging_mixin.py:150} INFO - [2023-07-15T20:28:02.861+0000] {dagbag.py:541} INFO - Filling up the DagBag from /opt/airflow/dags/include/hooks/apache_flink_hook.py
[2023-07-15T20:28:02.863+0000] {processor.py:838} WARNING - No viable dags retrieved from /opt/airflow/dags/include/hooks/apache_flink_hook.py
[2023-07-15T20:28:02.876+0000] {processor.py:179} INFO - Processing /opt/airflow/dags/include/hooks/apache_flink_hook.py took 0.020 seconds
[2023-07-15T20:28:33.745+0000] {processor.py:157} INFO - Started process (PID=608) to work on /opt/airflow/dags/include/hooks/apache_flink_hook.py
[2023-07-15T20:28:33.746+0000] {processor.py:826} INFO - Processing file /opt/airflow/dags/include/hooks/apache_flink_hook.py for tasks to queue
[2023-07-15T20:28:33.747+0000] {logging_mixin.py:150} INFO - [2023-07-15T20:28:33.746+0000] {dagbag.py:541} INFO - Filling up the DagBag from /opt/airflow/dags/include/hooks/apache_flink_hook.py
[2023-07-15T20:28:33.748+0000] {processor.py:838} WARNING - No viable dags retrieved from /opt/airflow/dags/include/hooks/apache_flink_hook.py
[2023-07-15T20:28:33.761+0000] {processor.py:179} INFO - Processing /opt/airflow/dags/include/hooks/apache_flink_hook.py took 0.020 seconds
[2023-07-15T20:29:04.052+0000] {processor.py:157} INFO - Started process (PID=646) to work on /opt/airflow/dags/include/hooks/apache_flink_hook.py
[2023-07-15T20:29:04.053+0000] {processor.py:826} INFO - Processing file /opt/airflow/dags/include/hooks/apache_flink_hook.py for tasks to queue
[2023-07-15T20:29:04.054+0000] {logging_mixin.py:150} INFO - [2023-07-15T20:29:04.054+0000] {dagbag.py:541} INFO - Filling up the DagBag from /opt/airflow/dags/include/hooks/apache_flink_hook.py
[2023-07-15T20:29:04.057+0000] {processor.py:838} WARNING - No viable dags retrieved from /opt/airflow/dags/include/hooks/apache_flink_hook.py
[2023-07-15T20:29:04.069+0000] {processor.py:179} INFO - Processing /opt/airflow/dags/include/hooks/apache_flink_hook.py took 0.020 seconds
[2023-07-15T20:29:34.400+0000] {processor.py:157} INFO - Started process (PID=684) to work on /opt/airflow/dags/include/hooks/apache_flink_hook.py
[2023-07-15T20:29:34.401+0000] {processor.py:826} INFO - Processing file /opt/airflow/dags/include/hooks/apache_flink_hook.py for tasks to queue
[2023-07-15T20:29:34.402+0000] {logging_mixin.py:150} INFO - [2023-07-15T20:29:34.402+0000] {dagbag.py:541} INFO - Filling up the DagBag from /opt/airflow/dags/include/hooks/apache_flink_hook.py
[2023-07-15T20:29:34.404+0000] {processor.py:838} WARNING - No viable dags retrieved from /opt/airflow/dags/include/hooks/apache_flink_hook.py
[2023-07-15T20:29:34.418+0000] {processor.py:179} INFO - Processing /opt/airflow/dags/include/hooks/apache_flink_hook.py took 0.021 seconds
[2023-07-15T20:30:04.864+0000] {processor.py:157} INFO - Started process (PID=722) to work on /opt/airflow/dags/include/hooks/apache_flink_hook.py
[2023-07-15T20:30:04.865+0000] {processor.py:826} INFO - Processing file /opt/airflow/dags/include/hooks/apache_flink_hook.py for tasks to queue
[2023-07-15T20:30:04.866+0000] {logging_mixin.py:150} INFO - [2023-07-15T20:30:04.866+0000] {dagbag.py:541} INFO - Filling up the DagBag from /opt/airflow/dags/include/hooks/apache_flink_hook.py
[2023-07-15T20:30:04.868+0000] {processor.py:838} WARNING - No viable dags retrieved from /opt/airflow/dags/include/hooks/apache_flink_hook.py
[2023-07-15T20:30:04.879+0000] {processor.py:179} INFO - Processing /opt/airflow/dags/include/hooks/apache_flink_hook.py took 0.019 seconds
[2023-07-15T20:30:35.177+0000] {processor.py:157} INFO - Started process (PID=760) to work on /opt/airflow/dags/include/hooks/apache_flink_hook.py
[2023-07-15T20:30:35.178+0000] {processor.py:826} INFO - Processing file /opt/airflow/dags/include/hooks/apache_flink_hook.py for tasks to queue
[2023-07-15T20:30:35.179+0000] {logging_mixin.py:150} INFO - [2023-07-15T20:30:35.179+0000] {dagbag.py:541} INFO - Filling up the DagBag from /opt/airflow/dags/include/hooks/apache_flink_hook.py
[2023-07-15T20:30:35.181+0000] {processor.py:838} WARNING - No viable dags retrieved from /opt/airflow/dags/include/hooks/apache_flink_hook.py
[2023-07-15T20:30:35.195+0000] {processor.py:179} INFO - Processing /opt/airflow/dags/include/hooks/apache_flink_hook.py took 0.022 seconds
[2023-07-15T20:31:05.527+0000] {processor.py:157} INFO - Started process (PID=798) to work on /opt/airflow/dags/include/hooks/apache_flink_hook.py
[2023-07-15T20:31:05.528+0000] {processor.py:826} INFO - Processing file /opt/airflow/dags/include/hooks/apache_flink_hook.py for tasks to queue
[2023-07-15T20:31:05.529+0000] {logging_mixin.py:150} INFO - [2023-07-15T20:31:05.528+0000] {dagbag.py:541} INFO - Filling up the DagBag from /opt/airflow/dags/include/hooks/apache_flink_hook.py
[2023-07-15T20:31:05.530+0000] {processor.py:838} WARNING - No viable dags retrieved from /opt/airflow/dags/include/hooks/apache_flink_hook.py
[2023-07-15T20:31:05.546+0000] {processor.py:179} INFO - Processing /opt/airflow/dags/include/hooks/apache_flink_hook.py took 0.024 seconds
[2023-07-15T20:31:35.827+0000] {processor.py:157} INFO - Started process (PID=836) to work on /opt/airflow/dags/include/hooks/apache_flink_hook.py
[2023-07-15T20:31:35.828+0000] {processor.py:826} INFO - Processing file /opt/airflow/dags/include/hooks/apache_flink_hook.py for tasks to queue
[2023-07-15T20:31:35.829+0000] {logging_mixin.py:150} INFO - [2023-07-15T20:31:35.829+0000] {dagbag.py:541} INFO - Filling up the DagBag from /opt/airflow/dags/include/hooks/apache_flink_hook.py
[2023-07-15T20:31:35.831+0000] {processor.py:838} WARNING - No viable dags retrieved from /opt/airflow/dags/include/hooks/apache_flink_hook.py
[2023-07-15T20:31:35.845+0000] {processor.py:179} INFO - Processing /opt/airflow/dags/include/hooks/apache_flink_hook.py took 0.021 seconds
[2023-07-15T20:32:06.183+0000] {processor.py:157} INFO - Started process (PID=874) to work on /opt/airflow/dags/include/hooks/apache_flink_hook.py
[2023-07-15T20:32:06.185+0000] {processor.py:826} INFO - Processing file /opt/airflow/dags/include/hooks/apache_flink_hook.py for tasks to queue
[2023-07-15T20:32:06.185+0000] {logging_mixin.py:150} INFO - [2023-07-15T20:32:06.185+0000] {dagbag.py:541} INFO - Filling up the DagBag from /opt/airflow/dags/include/hooks/apache_flink_hook.py
[2023-07-15T20:32:06.188+0000] {processor.py:838} WARNING - No viable dags retrieved from /opt/airflow/dags/include/hooks/apache_flink_hook.py
[2023-07-15T20:32:06.200+0000] {processor.py:179} INFO - Processing /opt/airflow/dags/include/hooks/apache_flink_hook.py took 0.020 seconds
[2023-07-15T20:32:36.469+0000] {processor.py:157} INFO - Started process (PID=912) to work on /opt/airflow/dags/include/hooks/apache_flink_hook.py
[2023-07-15T20:32:36.471+0000] {processor.py:826} INFO - Processing file /opt/airflow/dags/include/hooks/apache_flink_hook.py for tasks to queue
[2023-07-15T20:32:36.471+0000] {logging_mixin.py:150} INFO - [2023-07-15T20:32:36.471+0000] {dagbag.py:541} INFO - Filling up the DagBag from /opt/airflow/dags/include/hooks/apache_flink_hook.py
[2023-07-15T20:32:36.473+0000] {processor.py:838} WARNING - No viable dags retrieved from /opt/airflow/dags/include/hooks/apache_flink_hook.py
[2023-07-15T20:32:36.485+0000] {processor.py:179} INFO - Processing /opt/airflow/dags/include/hooks/apache_flink_hook.py took 0.020 seconds
[2023-07-15T20:33:06.794+0000] {processor.py:157} INFO - Started process (PID=950) to work on /opt/airflow/dags/include/hooks/apache_flink_hook.py
[2023-07-15T20:33:06.795+0000] {processor.py:826} INFO - Processing file /opt/airflow/dags/include/hooks/apache_flink_hook.py for tasks to queue
[2023-07-15T20:33:06.796+0000] {logging_mixin.py:150} INFO - [2023-07-15T20:33:06.796+0000] {dagbag.py:541} INFO - Filling up the DagBag from /opt/airflow/dags/include/hooks/apache_flink_hook.py
[2023-07-15T20:33:06.798+0000] {processor.py:838} WARNING - No viable dags retrieved from /opt/airflow/dags/include/hooks/apache_flink_hook.py
[2023-07-15T20:33:06.814+0000] {processor.py:179} INFO - Processing /opt/airflow/dags/include/hooks/apache_flink_hook.py took 0.023 seconds
[2023-07-15T20:33:37.208+0000] {processor.py:157} INFO - Started process (PID=988) to work on /opt/airflow/dags/include/hooks/apache_flink_hook.py
[2023-07-15T20:33:37.209+0000] {processor.py:826} INFO - Processing file /opt/airflow/dags/include/hooks/apache_flink_hook.py for tasks to queue
[2023-07-15T20:33:37.210+0000] {logging_mixin.py:150} INFO - [2023-07-15T20:33:37.209+0000] {dagbag.py:541} INFO - Filling up the DagBag from /opt/airflow/dags/include/hooks/apache_flink_hook.py
[2023-07-15T20:33:37.211+0000] {processor.py:838} WARNING - No viable dags retrieved from /opt/airflow/dags/include/hooks/apache_flink_hook.py
[2023-07-15T20:33:37.226+0000] {processor.py:179} INFO - Processing /opt/airflow/dags/include/hooks/apache_flink_hook.py took 0.022 seconds
[2023-07-15T20:34:07.702+0000] {processor.py:157} INFO - Started process (PID=1026) to work on /opt/airflow/dags/include/hooks/apache_flink_hook.py
[2023-07-15T20:34:07.703+0000] {processor.py:826} INFO - Processing file /opt/airflow/dags/include/hooks/apache_flink_hook.py for tasks to queue
[2023-07-15T20:34:07.704+0000] {logging_mixin.py:150} INFO - [2023-07-15T20:34:07.704+0000] {dagbag.py:541} INFO - Filling up the DagBag from /opt/airflow/dags/include/hooks/apache_flink_hook.py
[2023-07-15T20:34:07.707+0000] {processor.py:838} WARNING - No viable dags retrieved from /opt/airflow/dags/include/hooks/apache_flink_hook.py
[2023-07-15T20:34:07.725+0000] {processor.py:179} INFO - Processing /opt/airflow/dags/include/hooks/apache_flink_hook.py took 0.028 seconds
[2023-07-15T20:34:38.231+0000] {processor.py:157} INFO - Started process (PID=1064) to work on /opt/airflow/dags/include/hooks/apache_flink_hook.py
[2023-07-15T20:34:38.232+0000] {processor.py:826} INFO - Processing file /opt/airflow/dags/include/hooks/apache_flink_hook.py for tasks to queue
[2023-07-15T20:34:38.234+0000] {logging_mixin.py:150} INFO - [2023-07-15T20:34:38.233+0000] {dagbag.py:541} INFO - Filling up the DagBag from /opt/airflow/dags/include/hooks/apache_flink_hook.py
[2023-07-15T20:34:38.236+0000] {processor.py:838} WARNING - No viable dags retrieved from /opt/airflow/dags/include/hooks/apache_flink_hook.py
[2023-07-15T20:34:38.250+0000] {processor.py:179} INFO - Processing /opt/airflow/dags/include/hooks/apache_flink_hook.py took 0.022 seconds
[2023-07-15T20:35:08.606+0000] {processor.py:157} INFO - Started process (PID=1102) to work on /opt/airflow/dags/include/hooks/apache_flink_hook.py
[2023-07-15T20:35:08.607+0000] {processor.py:826} INFO - Processing file /opt/airflow/dags/include/hooks/apache_flink_hook.py for tasks to queue
[2023-07-15T20:35:08.609+0000] {logging_mixin.py:150} INFO - [2023-07-15T20:35:08.608+0000] {dagbag.py:541} INFO - Filling up the DagBag from /opt/airflow/dags/include/hooks/apache_flink_hook.py
[2023-07-15T20:35:08.612+0000] {processor.py:838} WARNING - No viable dags retrieved from /opt/airflow/dags/include/hooks/apache_flink_hook.py
[2023-07-15T20:35:08.627+0000] {processor.py:179} INFO - Processing /opt/airflow/dags/include/hooks/apache_flink_hook.py took 0.025 seconds
