[2023-07-15T19:35:58.530+0000] {processor.py:157} INFO - Started process (PID=42) to work on /opt/airflow/dags/include/hooks/sqlalchemy_hook.py
[2023-07-15T19:35:58.531+0000] {processor.py:826} INFO - Processing file /opt/airflow/dags/include/hooks/sqlalchemy_hook.py for tasks to queue
[2023-07-15T19:35:58.532+0000] {logging_mixin.py:150} INFO - [2023-07-15T19:35:58.532+0000] {dagbag.py:541} INFO - Filling up the DagBag from /opt/airflow/dags/include/hooks/sqlalchemy_hook.py
[2023-07-15T19:35:58.536+0000] {processor.py:838} WARNING - No viable dags retrieved from /opt/airflow/dags/include/hooks/sqlalchemy_hook.py
[2023-07-15T19:35:58.553+0000] {processor.py:179} INFO - Processing /opt/airflow/dags/include/hooks/sqlalchemy_hook.py took 0.027 seconds
[2023-07-15T19:36:28.995+0000] {processor.py:157} INFO - Started process (PID=112) to work on /opt/airflow/dags/include/hooks/sqlalchemy_hook.py
[2023-07-15T19:36:28.997+0000] {processor.py:826} INFO - Processing file /opt/airflow/dags/include/hooks/sqlalchemy_hook.py for tasks to queue
[2023-07-15T19:36:28.997+0000] {logging_mixin.py:150} INFO - [2023-07-15T19:36:28.997+0000] {dagbag.py:541} INFO - Filling up the DagBag from /opt/airflow/dags/include/hooks/sqlalchemy_hook.py
[2023-07-15T19:36:28.999+0000] {processor.py:838} WARNING - No viable dags retrieved from /opt/airflow/dags/include/hooks/sqlalchemy_hook.py
[2023-07-15T19:36:29.012+0000] {processor.py:179} INFO - Processing /opt/airflow/dags/include/hooks/sqlalchemy_hook.py took 0.020 seconds
[2023-07-15T19:36:59.524+0000] {processor.py:157} INFO - Started process (PID=150) to work on /opt/airflow/dags/include/hooks/sqlalchemy_hook.py
[2023-07-15T19:36:59.525+0000] {processor.py:826} INFO - Processing file /opt/airflow/dags/include/hooks/sqlalchemy_hook.py for tasks to queue
[2023-07-15T19:36:59.526+0000] {logging_mixin.py:150} INFO - [2023-07-15T19:36:59.526+0000] {dagbag.py:541} INFO - Filling up the DagBag from /opt/airflow/dags/include/hooks/sqlalchemy_hook.py
[2023-07-15T19:36:59.527+0000] {processor.py:838} WARNING - No viable dags retrieved from /opt/airflow/dags/include/hooks/sqlalchemy_hook.py
[2023-07-15T19:36:59.540+0000] {processor.py:179} INFO - Processing /opt/airflow/dags/include/hooks/sqlalchemy_hook.py took 0.019 seconds
[2023-07-15T19:37:29.774+0000] {processor.py:157} INFO - Started process (PID=194) to work on /opt/airflow/dags/include/hooks/sqlalchemy_hook.py
[2023-07-15T19:37:29.775+0000] {processor.py:826} INFO - Processing file /opt/airflow/dags/include/hooks/sqlalchemy_hook.py for tasks to queue
[2023-07-15T19:37:29.776+0000] {logging_mixin.py:150} INFO - [2023-07-15T19:37:29.776+0000] {dagbag.py:541} INFO - Filling up the DagBag from /opt/airflow/dags/include/hooks/sqlalchemy_hook.py
[2023-07-15T19:37:29.778+0000] {processor.py:838} WARNING - No viable dags retrieved from /opt/airflow/dags/include/hooks/sqlalchemy_hook.py
[2023-07-15T19:37:29.792+0000] {processor.py:179} INFO - Processing /opt/airflow/dags/include/hooks/sqlalchemy_hook.py took 0.021 seconds
[2023-07-15T19:38:00.047+0000] {processor.py:157} INFO - Started process (PID=232) to work on /opt/airflow/dags/include/hooks/sqlalchemy_hook.py
[2023-07-15T19:38:00.049+0000] {processor.py:826} INFO - Processing file /opt/airflow/dags/include/hooks/sqlalchemy_hook.py for tasks to queue
[2023-07-15T19:38:00.049+0000] {logging_mixin.py:150} INFO - [2023-07-15T19:38:00.049+0000] {dagbag.py:541} INFO - Filling up the DagBag from /opt/airflow/dags/include/hooks/sqlalchemy_hook.py
[2023-07-15T19:38:00.052+0000] {processor.py:838} WARNING - No viable dags retrieved from /opt/airflow/dags/include/hooks/sqlalchemy_hook.py
[2023-07-15T19:38:00.065+0000] {processor.py:179} INFO - Processing /opt/airflow/dags/include/hooks/sqlalchemy_hook.py took 0.020 seconds
[2023-07-15T19:38:30.246+0000] {processor.py:157} INFO - Started process (PID=276) to work on /opt/airflow/dags/include/hooks/sqlalchemy_hook.py
[2023-07-15T19:38:30.247+0000] {processor.py:826} INFO - Processing file /opt/airflow/dags/include/hooks/sqlalchemy_hook.py for tasks to queue
[2023-07-15T19:38:30.248+0000] {logging_mixin.py:150} INFO - [2023-07-15T19:38:30.248+0000] {dagbag.py:541} INFO - Filling up the DagBag from /opt/airflow/dags/include/hooks/sqlalchemy_hook.py
[2023-07-15T19:38:30.250+0000] {processor.py:838} WARNING - No viable dags retrieved from /opt/airflow/dags/include/hooks/sqlalchemy_hook.py
[2023-07-15T19:38:30.263+0000] {processor.py:179} INFO - Processing /opt/airflow/dags/include/hooks/sqlalchemy_hook.py took 0.020 seconds
[2023-07-15T19:39:00.436+0000] {processor.py:157} INFO - Started process (PID=314) to work on /opt/airflow/dags/include/hooks/sqlalchemy_hook.py
[2023-07-15T19:39:00.437+0000] {processor.py:826} INFO - Processing file /opt/airflow/dags/include/hooks/sqlalchemy_hook.py for tasks to queue
[2023-07-15T19:39:00.438+0000] {logging_mixin.py:150} INFO - [2023-07-15T19:39:00.437+0000] {dagbag.py:541} INFO - Filling up the DagBag from /opt/airflow/dags/include/hooks/sqlalchemy_hook.py
[2023-07-15T19:39:00.440+0000] {processor.py:838} WARNING - No viable dags retrieved from /opt/airflow/dags/include/hooks/sqlalchemy_hook.py
[2023-07-15T19:39:00.454+0000] {processor.py:179} INFO - Processing /opt/airflow/dags/include/hooks/sqlalchemy_hook.py took 0.021 seconds
[2023-07-15T19:39:30.659+0000] {processor.py:157} INFO - Started process (PID=352) to work on /opt/airflow/dags/include/hooks/sqlalchemy_hook.py
[2023-07-15T19:39:30.660+0000] {processor.py:826} INFO - Processing file /opt/airflow/dags/include/hooks/sqlalchemy_hook.py for tasks to queue
[2023-07-15T19:39:30.661+0000] {logging_mixin.py:150} INFO - [2023-07-15T19:39:30.661+0000] {dagbag.py:541} INFO - Filling up the DagBag from /opt/airflow/dags/include/hooks/sqlalchemy_hook.py
[2023-07-15T19:39:30.663+0000] {processor.py:838} WARNING - No viable dags retrieved from /opt/airflow/dags/include/hooks/sqlalchemy_hook.py
[2023-07-15T19:39:30.678+0000] {processor.py:179} INFO - Processing /opt/airflow/dags/include/hooks/sqlalchemy_hook.py took 0.023 seconds
[2023-07-15T20:21:27.035+0000] {processor.py:157} INFO - Started process (PID=42) to work on /opt/airflow/dags/include/hooks/sqlalchemy_hook.py
[2023-07-15T20:21:27.036+0000] {processor.py:826} INFO - Processing file /opt/airflow/dags/include/hooks/sqlalchemy_hook.py for tasks to queue
[2023-07-15T20:21:27.037+0000] {logging_mixin.py:150} INFO - [2023-07-15T20:21:27.037+0000] {dagbag.py:541} INFO - Filling up the DagBag from /opt/airflow/dags/include/hooks/sqlalchemy_hook.py
[2023-07-15T20:21:27.039+0000] {processor.py:838} WARNING - No viable dags retrieved from /opt/airflow/dags/include/hooks/sqlalchemy_hook.py
[2023-07-15T20:21:27.052+0000] {processor.py:179} INFO - Processing /opt/airflow/dags/include/hooks/sqlalchemy_hook.py took 0.022 seconds
[2023-07-15T20:21:57.888+0000] {processor.py:157} INFO - Started process (PID=112) to work on /opt/airflow/dags/include/hooks/sqlalchemy_hook.py
[2023-07-15T20:21:57.889+0000] {processor.py:826} INFO - Processing file /opt/airflow/dags/include/hooks/sqlalchemy_hook.py for tasks to queue
[2023-07-15T20:21:57.890+0000] {logging_mixin.py:150} INFO - [2023-07-15T20:21:57.889+0000] {dagbag.py:541} INFO - Filling up the DagBag from /opt/airflow/dags/include/hooks/sqlalchemy_hook.py
[2023-07-15T20:21:57.891+0000] {processor.py:838} WARNING - No viable dags retrieved from /opt/airflow/dags/include/hooks/sqlalchemy_hook.py
[2023-07-15T20:21:57.904+0000] {processor.py:179} INFO - Processing /opt/airflow/dags/include/hooks/sqlalchemy_hook.py took 0.020 seconds
[2023-07-15T20:22:28.500+0000] {processor.py:157} INFO - Started process (PID=156) to work on /opt/airflow/dags/include/hooks/sqlalchemy_hook.py
[2023-07-15T20:22:28.501+0000] {processor.py:826} INFO - Processing file /opt/airflow/dags/include/hooks/sqlalchemy_hook.py for tasks to queue
[2023-07-15T20:22:28.502+0000] {logging_mixin.py:150} INFO - [2023-07-15T20:22:28.501+0000] {dagbag.py:541} INFO - Filling up the DagBag from /opt/airflow/dags/include/hooks/sqlalchemy_hook.py
[2023-07-15T20:22:28.503+0000] {processor.py:838} WARNING - No viable dags retrieved from /opt/airflow/dags/include/hooks/sqlalchemy_hook.py
[2023-07-15T20:22:28.516+0000] {processor.py:179} INFO - Processing /opt/airflow/dags/include/hooks/sqlalchemy_hook.py took 0.018 seconds
[2023-07-15T20:22:58.730+0000] {processor.py:157} INFO - Started process (PID=194) to work on /opt/airflow/dags/include/hooks/sqlalchemy_hook.py
[2023-07-15T20:22:58.731+0000] {processor.py:826} INFO - Processing file /opt/airflow/dags/include/hooks/sqlalchemy_hook.py for tasks to queue
[2023-07-15T20:22:58.731+0000] {logging_mixin.py:150} INFO - [2023-07-15T20:22:58.731+0000] {dagbag.py:541} INFO - Filling up the DagBag from /opt/airflow/dags/include/hooks/sqlalchemy_hook.py
[2023-07-15T20:22:58.733+0000] {processor.py:838} WARNING - No viable dags retrieved from /opt/airflow/dags/include/hooks/sqlalchemy_hook.py
[2023-07-15T20:22:58.746+0000] {processor.py:179} INFO - Processing /opt/airflow/dags/include/hooks/sqlalchemy_hook.py took 0.020 seconds
[2023-07-15T20:23:29.044+0000] {processor.py:157} INFO - Started process (PID=238) to work on /opt/airflow/dags/include/hooks/sqlalchemy_hook.py
[2023-07-15T20:23:29.046+0000] {processor.py:826} INFO - Processing file /opt/airflow/dags/include/hooks/sqlalchemy_hook.py for tasks to queue
[2023-07-15T20:23:29.046+0000] {logging_mixin.py:150} INFO - [2023-07-15T20:23:29.046+0000] {dagbag.py:541} INFO - Filling up the DagBag from /opt/airflow/dags/include/hooks/sqlalchemy_hook.py
[2023-07-15T20:23:29.048+0000] {processor.py:838} WARNING - No viable dags retrieved from /opt/airflow/dags/include/hooks/sqlalchemy_hook.py
[2023-07-15T20:23:29.062+0000] {processor.py:179} INFO - Processing /opt/airflow/dags/include/hooks/sqlalchemy_hook.py took 0.020 seconds
[2023-07-15T20:23:59.487+0000] {processor.py:157} INFO - Started process (PID=276) to work on /opt/airflow/dags/include/hooks/sqlalchemy_hook.py
[2023-07-15T20:23:59.488+0000] {processor.py:826} INFO - Processing file /opt/airflow/dags/include/hooks/sqlalchemy_hook.py for tasks to queue
[2023-07-15T20:23:59.489+0000] {logging_mixin.py:150} INFO - [2023-07-15T20:23:59.489+0000] {dagbag.py:541} INFO - Filling up the DagBag from /opt/airflow/dags/include/hooks/sqlalchemy_hook.py
[2023-07-15T20:23:59.491+0000] {processor.py:838} WARNING - No viable dags retrieved from /opt/airflow/dags/include/hooks/sqlalchemy_hook.py
[2023-07-15T20:23:59.503+0000] {processor.py:179} INFO - Processing /opt/airflow/dags/include/hooks/sqlalchemy_hook.py took 0.019 seconds
[2023-07-15T20:24:29.803+0000] {processor.py:157} INFO - Started process (PID=314) to work on /opt/airflow/dags/include/hooks/sqlalchemy_hook.py
[2023-07-15T20:24:29.804+0000] {processor.py:826} INFO - Processing file /opt/airflow/dags/include/hooks/sqlalchemy_hook.py for tasks to queue
[2023-07-15T20:24:29.805+0000] {logging_mixin.py:150} INFO - [2023-07-15T20:24:29.805+0000] {dagbag.py:541} INFO - Filling up the DagBag from /opt/airflow/dags/include/hooks/sqlalchemy_hook.py
[2023-07-15T20:24:29.807+0000] {processor.py:838} WARNING - No viable dags retrieved from /opt/airflow/dags/include/hooks/sqlalchemy_hook.py
[2023-07-15T20:24:29.820+0000] {processor.py:179} INFO - Processing /opt/airflow/dags/include/hooks/sqlalchemy_hook.py took 0.019 seconds
[2023-07-15T20:25:00.146+0000] {processor.py:157} INFO - Started process (PID=352) to work on /opt/airflow/dags/include/hooks/sqlalchemy_hook.py
[2023-07-15T20:25:00.147+0000] {processor.py:826} INFO - Processing file /opt/airflow/dags/include/hooks/sqlalchemy_hook.py for tasks to queue
[2023-07-15T20:25:00.148+0000] {logging_mixin.py:150} INFO - [2023-07-15T20:25:00.148+0000] {dagbag.py:541} INFO - Filling up the DagBag from /opt/airflow/dags/include/hooks/sqlalchemy_hook.py
[2023-07-15T20:25:00.150+0000] {processor.py:838} WARNING - No viable dags retrieved from /opt/airflow/dags/include/hooks/sqlalchemy_hook.py
[2023-07-15T20:25:00.164+0000] {processor.py:179} INFO - Processing /opt/airflow/dags/include/hooks/sqlalchemy_hook.py took 0.021 seconds
[2023-07-15T20:25:30.714+0000] {processor.py:157} INFO - Started process (PID=390) to work on /opt/airflow/dags/include/hooks/sqlalchemy_hook.py
[2023-07-15T20:25:30.715+0000] {processor.py:826} INFO - Processing file /opt/airflow/dags/include/hooks/sqlalchemy_hook.py for tasks to queue
[2023-07-15T20:25:30.716+0000] {logging_mixin.py:150} INFO - [2023-07-15T20:25:30.716+0000] {dagbag.py:541} INFO - Filling up the DagBag from /opt/airflow/dags/include/hooks/sqlalchemy_hook.py
[2023-07-15T20:25:30.718+0000] {processor.py:838} WARNING - No viable dags retrieved from /opt/airflow/dags/include/hooks/sqlalchemy_hook.py
[2023-07-15T20:25:30.734+0000] {processor.py:179} INFO - Processing /opt/airflow/dags/include/hooks/sqlalchemy_hook.py took 0.024 seconds
[2023-07-15T20:26:01.158+0000] {processor.py:157} INFO - Started process (PID=428) to work on /opt/airflow/dags/include/hooks/sqlalchemy_hook.py
[2023-07-15T20:26:01.159+0000] {processor.py:826} INFO - Processing file /opt/airflow/dags/include/hooks/sqlalchemy_hook.py for tasks to queue
[2023-07-15T20:26:01.160+0000] {logging_mixin.py:150} INFO - [2023-07-15T20:26:01.160+0000] {dagbag.py:541} INFO - Filling up the DagBag from /opt/airflow/dags/include/hooks/sqlalchemy_hook.py
[2023-07-15T20:26:01.162+0000] {processor.py:838} WARNING - No viable dags retrieved from /opt/airflow/dags/include/hooks/sqlalchemy_hook.py
[2023-07-15T20:26:01.177+0000] {processor.py:179} INFO - Processing /opt/airflow/dags/include/hooks/sqlalchemy_hook.py took 0.023 seconds
[2023-07-15T20:26:31.451+0000] {processor.py:157} INFO - Started process (PID=466) to work on /opt/airflow/dags/include/hooks/sqlalchemy_hook.py
[2023-07-15T20:26:31.452+0000] {processor.py:826} INFO - Processing file /opt/airflow/dags/include/hooks/sqlalchemy_hook.py for tasks to queue
[2023-07-15T20:26:31.453+0000] {logging_mixin.py:150} INFO - [2023-07-15T20:26:31.453+0000] {dagbag.py:541} INFO - Filling up the DagBag from /opt/airflow/dags/include/hooks/sqlalchemy_hook.py
[2023-07-15T20:26:31.455+0000] {processor.py:838} WARNING - No viable dags retrieved from /opt/airflow/dags/include/hooks/sqlalchemy_hook.py
[2023-07-15T20:26:31.468+0000] {processor.py:179} INFO - Processing /opt/airflow/dags/include/hooks/sqlalchemy_hook.py took 0.020 seconds
[2023-07-15T20:27:01.714+0000] {processor.py:157} INFO - Started process (PID=504) to work on /opt/airflow/dags/include/hooks/sqlalchemy_hook.py
[2023-07-15T20:27:01.715+0000] {processor.py:826} INFO - Processing file /opt/airflow/dags/include/hooks/sqlalchemy_hook.py for tasks to queue
[2023-07-15T20:27:01.716+0000] {logging_mixin.py:150} INFO - [2023-07-15T20:27:01.715+0000] {dagbag.py:541} INFO - Filling up the DagBag from /opt/airflow/dags/include/hooks/sqlalchemy_hook.py
[2023-07-15T20:27:01.718+0000] {processor.py:838} WARNING - No viable dags retrieved from /opt/airflow/dags/include/hooks/sqlalchemy_hook.py
[2023-07-15T20:27:01.730+0000] {processor.py:179} INFO - Processing /opt/airflow/dags/include/hooks/sqlalchemy_hook.py took 0.020 seconds
[2023-07-15T20:27:32.322+0000] {processor.py:157} INFO - Started process (PID=542) to work on /opt/airflow/dags/include/hooks/sqlalchemy_hook.py
[2023-07-15T20:27:32.323+0000] {processor.py:826} INFO - Processing file /opt/airflow/dags/include/hooks/sqlalchemy_hook.py for tasks to queue
[2023-07-15T20:27:32.324+0000] {logging_mixin.py:150} INFO - [2023-07-15T20:27:32.324+0000] {dagbag.py:541} INFO - Filling up the DagBag from /opt/airflow/dags/include/hooks/sqlalchemy_hook.py
[2023-07-15T20:27:32.326+0000] {processor.py:838} WARNING - No viable dags retrieved from /opt/airflow/dags/include/hooks/sqlalchemy_hook.py
[2023-07-15T20:27:32.338+0000] {processor.py:179} INFO - Processing /opt/airflow/dags/include/hooks/sqlalchemy_hook.py took 0.019 seconds
[2023-07-15T20:28:02.794+0000] {processor.py:157} INFO - Started process (PID=580) to work on /opt/airflow/dags/include/hooks/sqlalchemy_hook.py
[2023-07-15T20:28:02.795+0000] {processor.py:826} INFO - Processing file /opt/airflow/dags/include/hooks/sqlalchemy_hook.py for tasks to queue
[2023-07-15T20:28:02.796+0000] {logging_mixin.py:150} INFO - [2023-07-15T20:28:02.796+0000] {dagbag.py:541} INFO - Filling up the DagBag from /opt/airflow/dags/include/hooks/sqlalchemy_hook.py
[2023-07-15T20:28:02.798+0000] {processor.py:838} WARNING - No viable dags retrieved from /opt/airflow/dags/include/hooks/sqlalchemy_hook.py
[2023-07-15T20:28:02.810+0000] {processor.py:179} INFO - Processing /opt/airflow/dags/include/hooks/sqlalchemy_hook.py took 0.020 seconds
[2023-07-15T20:28:33.689+0000] {processor.py:157} INFO - Started process (PID=605) to work on /opt/airflow/dags/include/hooks/sqlalchemy_hook.py
[2023-07-15T20:28:33.690+0000] {processor.py:826} INFO - Processing file /opt/airflow/dags/include/hooks/sqlalchemy_hook.py for tasks to queue
[2023-07-15T20:28:33.691+0000] {logging_mixin.py:150} INFO - [2023-07-15T20:28:33.691+0000] {dagbag.py:541} INFO - Filling up the DagBag from /opt/airflow/dags/include/hooks/sqlalchemy_hook.py
[2023-07-15T20:28:33.693+0000] {processor.py:838} WARNING - No viable dags retrieved from /opt/airflow/dags/include/hooks/sqlalchemy_hook.py
[2023-07-15T20:28:33.705+0000] {processor.py:179} INFO - Processing /opt/airflow/dags/include/hooks/sqlalchemy_hook.py took 0.020 seconds
[2023-07-15T20:29:03.917+0000] {processor.py:157} INFO - Started process (PID=643) to work on /opt/airflow/dags/include/hooks/sqlalchemy_hook.py
[2023-07-15T20:29:03.918+0000] {processor.py:826} INFO - Processing file /opt/airflow/dags/include/hooks/sqlalchemy_hook.py for tasks to queue
[2023-07-15T20:29:03.919+0000] {logging_mixin.py:150} INFO - [2023-07-15T20:29:03.918+0000] {dagbag.py:541} INFO - Filling up the DagBag from /opt/airflow/dags/include/hooks/sqlalchemy_hook.py
[2023-07-15T20:29:03.921+0000] {processor.py:838} WARNING - No viable dags retrieved from /opt/airflow/dags/include/hooks/sqlalchemy_hook.py
[2023-07-15T20:29:03.933+0000] {processor.py:179} INFO - Processing /opt/airflow/dags/include/hooks/sqlalchemy_hook.py took 0.019 seconds
[2023-07-15T20:29:34.334+0000] {processor.py:157} INFO - Started process (PID=681) to work on /opt/airflow/dags/include/hooks/sqlalchemy_hook.py
[2023-07-15T20:29:34.336+0000] {processor.py:826} INFO - Processing file /opt/airflow/dags/include/hooks/sqlalchemy_hook.py for tasks to queue
[2023-07-15T20:29:34.336+0000] {logging_mixin.py:150} INFO - [2023-07-15T20:29:34.336+0000] {dagbag.py:541} INFO - Filling up the DagBag from /opt/airflow/dags/include/hooks/sqlalchemy_hook.py
[2023-07-15T20:29:34.338+0000] {processor.py:838} WARNING - No viable dags retrieved from /opt/airflow/dags/include/hooks/sqlalchemy_hook.py
[2023-07-15T20:29:34.351+0000] {processor.py:179} INFO - Processing /opt/airflow/dags/include/hooks/sqlalchemy_hook.py took 0.020 seconds
[2023-07-15T20:30:04.812+0000] {processor.py:157} INFO - Started process (PID=719) to work on /opt/airflow/dags/include/hooks/sqlalchemy_hook.py
[2023-07-15T20:30:04.814+0000] {processor.py:826} INFO - Processing file /opt/airflow/dags/include/hooks/sqlalchemy_hook.py for tasks to queue
[2023-07-15T20:30:04.814+0000] {logging_mixin.py:150} INFO - [2023-07-15T20:30:04.814+0000] {dagbag.py:541} INFO - Filling up the DagBag from /opt/airflow/dags/include/hooks/sqlalchemy_hook.py
[2023-07-15T20:30:04.816+0000] {processor.py:838} WARNING - No viable dags retrieved from /opt/airflow/dags/include/hooks/sqlalchemy_hook.py
[2023-07-15T20:30:04.829+0000] {processor.py:179} INFO - Processing /opt/airflow/dags/include/hooks/sqlalchemy_hook.py took 0.019 seconds
[2023-07-15T20:30:35.119+0000] {processor.py:157} INFO - Started process (PID=757) to work on /opt/airflow/dags/include/hooks/sqlalchemy_hook.py
[2023-07-15T20:30:35.121+0000] {processor.py:826} INFO - Processing file /opt/airflow/dags/include/hooks/sqlalchemy_hook.py for tasks to queue
[2023-07-15T20:30:35.122+0000] {logging_mixin.py:150} INFO - [2023-07-15T20:30:35.122+0000] {dagbag.py:541} INFO - Filling up the DagBag from /opt/airflow/dags/include/hooks/sqlalchemy_hook.py
[2023-07-15T20:30:35.124+0000] {processor.py:838} WARNING - No viable dags retrieved from /opt/airflow/dags/include/hooks/sqlalchemy_hook.py
[2023-07-15T20:30:35.139+0000] {processor.py:179} INFO - Processing /opt/airflow/dags/include/hooks/sqlalchemy_hook.py took 0.024 seconds
[2023-07-15T20:31:05.464+0000] {processor.py:157} INFO - Started process (PID=795) to work on /opt/airflow/dags/include/hooks/sqlalchemy_hook.py
[2023-07-15T20:31:05.465+0000] {processor.py:826} INFO - Processing file /opt/airflow/dags/include/hooks/sqlalchemy_hook.py for tasks to queue
[2023-07-15T20:31:05.466+0000] {logging_mixin.py:150} INFO - [2023-07-15T20:31:05.466+0000] {dagbag.py:541} INFO - Filling up the DagBag from /opt/airflow/dags/include/hooks/sqlalchemy_hook.py
[2023-07-15T20:31:05.468+0000] {processor.py:838} WARNING - No viable dags retrieved from /opt/airflow/dags/include/hooks/sqlalchemy_hook.py
[2023-07-15T20:31:05.482+0000] {processor.py:179} INFO - Processing /opt/airflow/dags/include/hooks/sqlalchemy_hook.py took 0.021 seconds
[2023-07-15T20:31:35.768+0000] {processor.py:157} INFO - Started process (PID=833) to work on /opt/airflow/dags/include/hooks/sqlalchemy_hook.py
[2023-07-15T20:31:35.769+0000] {processor.py:826} INFO - Processing file /opt/airflow/dags/include/hooks/sqlalchemy_hook.py for tasks to queue
[2023-07-15T20:31:35.770+0000] {logging_mixin.py:150} INFO - [2023-07-15T20:31:35.770+0000] {dagbag.py:541} INFO - Filling up the DagBag from /opt/airflow/dags/include/hooks/sqlalchemy_hook.py
[2023-07-15T20:31:35.772+0000] {processor.py:838} WARNING - No viable dags retrieved from /opt/airflow/dags/include/hooks/sqlalchemy_hook.py
[2023-07-15T20:31:35.785+0000] {processor.py:179} INFO - Processing /opt/airflow/dags/include/hooks/sqlalchemy_hook.py took 0.020 seconds
[2023-07-15T20:32:06.117+0000] {processor.py:157} INFO - Started process (PID=871) to work on /opt/airflow/dags/include/hooks/sqlalchemy_hook.py
[2023-07-15T20:32:06.118+0000] {processor.py:826} INFO - Processing file /opt/airflow/dags/include/hooks/sqlalchemy_hook.py for tasks to queue
[2023-07-15T20:32:06.119+0000] {logging_mixin.py:150} INFO - [2023-07-15T20:32:06.119+0000] {dagbag.py:541} INFO - Filling up the DagBag from /opt/airflow/dags/include/hooks/sqlalchemy_hook.py
[2023-07-15T20:32:06.121+0000] {processor.py:838} WARNING - No viable dags retrieved from /opt/airflow/dags/include/hooks/sqlalchemy_hook.py
[2023-07-15T20:32:06.134+0000] {processor.py:179} INFO - Processing /opt/airflow/dags/include/hooks/sqlalchemy_hook.py took 0.020 seconds
[2023-07-15T20:32:36.415+0000] {processor.py:157} INFO - Started process (PID=909) to work on /opt/airflow/dags/include/hooks/sqlalchemy_hook.py
[2023-07-15T20:32:36.416+0000] {processor.py:826} INFO - Processing file /opt/airflow/dags/include/hooks/sqlalchemy_hook.py for tasks to queue
[2023-07-15T20:32:36.417+0000] {logging_mixin.py:150} INFO - [2023-07-15T20:32:36.417+0000] {dagbag.py:541} INFO - Filling up the DagBag from /opt/airflow/dags/include/hooks/sqlalchemy_hook.py
[2023-07-15T20:32:36.419+0000] {processor.py:838} WARNING - No viable dags retrieved from /opt/airflow/dags/include/hooks/sqlalchemy_hook.py
[2023-07-15T20:32:36.432+0000] {processor.py:179} INFO - Processing /opt/airflow/dags/include/hooks/sqlalchemy_hook.py took 0.020 seconds
[2023-07-15T20:33:06.738+0000] {processor.py:157} INFO - Started process (PID=947) to work on /opt/airflow/dags/include/hooks/sqlalchemy_hook.py
[2023-07-15T20:33:06.739+0000] {processor.py:826} INFO - Processing file /opt/airflow/dags/include/hooks/sqlalchemy_hook.py for tasks to queue
[2023-07-15T20:33:06.740+0000] {logging_mixin.py:150} INFO - [2023-07-15T20:33:06.739+0000] {dagbag.py:541} INFO - Filling up the DagBag from /opt/airflow/dags/include/hooks/sqlalchemy_hook.py
[2023-07-15T20:33:06.742+0000] {processor.py:838} WARNING - No viable dags retrieved from /opt/airflow/dags/include/hooks/sqlalchemy_hook.py
[2023-07-15T20:33:06.755+0000] {processor.py:179} INFO - Processing /opt/airflow/dags/include/hooks/sqlalchemy_hook.py took 0.022 seconds
[2023-07-15T20:33:37.129+0000] {processor.py:157} INFO - Started process (PID=985) to work on /opt/airflow/dags/include/hooks/sqlalchemy_hook.py
[2023-07-15T20:33:37.130+0000] {processor.py:826} INFO - Processing file /opt/airflow/dags/include/hooks/sqlalchemy_hook.py for tasks to queue
[2023-07-15T20:33:37.131+0000] {logging_mixin.py:150} INFO - [2023-07-15T20:33:37.131+0000] {dagbag.py:541} INFO - Filling up the DagBag from /opt/airflow/dags/include/hooks/sqlalchemy_hook.py
[2023-07-15T20:33:37.133+0000] {processor.py:838} WARNING - No viable dags retrieved from /opt/airflow/dags/include/hooks/sqlalchemy_hook.py
[2023-07-15T20:33:37.147+0000] {processor.py:179} INFO - Processing /opt/airflow/dags/include/hooks/sqlalchemy_hook.py took 0.022 seconds
[2023-07-15T20:34:07.509+0000] {processor.py:157} INFO - Started process (PID=1022) to work on /opt/airflow/dags/include/hooks/sqlalchemy_hook.py
[2023-07-15T20:34:07.510+0000] {processor.py:826} INFO - Processing file /opt/airflow/dags/include/hooks/sqlalchemy_hook.py for tasks to queue
[2023-07-15T20:34:07.511+0000] {logging_mixin.py:150} INFO - [2023-07-15T20:34:07.511+0000] {dagbag.py:541} INFO - Filling up the DagBag from /opt/airflow/dags/include/hooks/sqlalchemy_hook.py
[2023-07-15T20:34:07.513+0000] {processor.py:838} WARNING - No viable dags retrieved from /opt/airflow/dags/include/hooks/sqlalchemy_hook.py
[2023-07-15T20:34:07.529+0000] {processor.py:179} INFO - Processing /opt/airflow/dags/include/hooks/sqlalchemy_hook.py took 0.024 seconds
[2023-07-15T20:34:38.164+0000] {processor.py:157} INFO - Started process (PID=1061) to work on /opt/airflow/dags/include/hooks/sqlalchemy_hook.py
[2023-07-15T20:34:38.166+0000] {processor.py:826} INFO - Processing file /opt/airflow/dags/include/hooks/sqlalchemy_hook.py for tasks to queue
[2023-07-15T20:34:38.167+0000] {logging_mixin.py:150} INFO - [2023-07-15T20:34:38.167+0000] {dagbag.py:541} INFO - Filling up the DagBag from /opt/airflow/dags/include/hooks/sqlalchemy_hook.py
[2023-07-15T20:34:38.169+0000] {processor.py:838} WARNING - No viable dags retrieved from /opt/airflow/dags/include/hooks/sqlalchemy_hook.py
[2023-07-15T20:34:38.185+0000] {processor.py:179} INFO - Processing /opt/airflow/dags/include/hooks/sqlalchemy_hook.py took 0.024 seconds
[2023-07-15T20:35:08.515+0000] {processor.py:157} INFO - Started process (PID=1099) to work on /opt/airflow/dags/include/hooks/sqlalchemy_hook.py
[2023-07-15T20:35:08.517+0000] {processor.py:826} INFO - Processing file /opt/airflow/dags/include/hooks/sqlalchemy_hook.py for tasks to queue
[2023-07-15T20:35:08.518+0000] {logging_mixin.py:150} INFO - [2023-07-15T20:35:08.518+0000] {dagbag.py:541} INFO - Filling up the DagBag from /opt/airflow/dags/include/hooks/sqlalchemy_hook.py
[2023-07-15T20:35:08.521+0000] {processor.py:838} WARNING - No viable dags retrieved from /opt/airflow/dags/include/hooks/sqlalchemy_hook.py
[2023-07-15T20:35:08.541+0000] {processor.py:179} INFO - Processing /opt/airflow/dags/include/hooks/sqlalchemy_hook.py took 0.030 seconds
