[2023-07-15T20:22:02.234+0000] {taskinstance.py:1103} INFO - Dependencies all met for dep_context=non-requeueable deps ti=<TaskInstance: spider_tim_vinculacao_sensor_taskflow_dag.ets_segmentando_branch_3 scheduled__2023-07-15T20:21:00+00:00 [queued]>
[2023-07-15T20:22:02.246+0000] {taskinstance.py:1103} INFO - Dependencies all met for dep_context=requeueable deps ti=<TaskInstance: spider_tim_vinculacao_sensor_taskflow_dag.ets_segmentando_branch_3 scheduled__2023-07-15T20:21:00+00:00 [queued]>
[2023-07-15T20:22:02.246+0000] {taskinstance.py:1308} INFO - Starting attempt 1 of 1
[2023-07-15T20:22:02.261+0000] {taskinstance.py:1327} INFO - Executing <Task(ExternalTaskSensor): ets_segmentando_branch_3> on 2023-07-15 20:21:00+00:00
[2023-07-15T20:22:02.267+0000] {standard_task_runner.py:57} INFO - Started process 88 to run task
[2023-07-15T20:22:02.270+0000] {standard_task_runner.py:84} INFO - Running: ['***', 'tasks', 'run', 'spider_tim_vinculacao_sensor_taskflow_dag', 'ets_segmentando_branch_3', 'scheduled__2023-07-15T20:21:00+00:00', '--job-id', '107', '--raw', '--subdir', 'DAGS_FOLDER/dag_tim_spider_vinculo_rev1.py', '--cfg-path', '/tmp/tmprv9snygh']
[2023-07-15T20:22:02.273+0000] {standard_task_runner.py:85} INFO - Job 107: Subtask ets_segmentando_branch_3
[2023-07-15T20:22:02.327+0000] {task_command.py:410} INFO - Running <TaskInstance: spider_tim_vinculacao_sensor_taskflow_dag.ets_segmentando_branch_3 scheduled__2023-07-15T20:21:00+00:00 [running]> on host 21d8aa67b76e
[2023-07-15T20:22:02.494+0000] {taskinstance.py:1547} INFO - Exporting env vars: AIRFLOW_CTX_DAG_OWNER='***' AIRFLOW_CTX_DAG_ID='spider_tim_vinculacao_sensor_taskflow_dag' AIRFLOW_CTX_TASK_ID='ets_segmentando_branch_3' AIRFLOW_CTX_EXECUTION_DATE='2023-07-15T20:21:00+00:00' AIRFLOW_CTX_TRY_NUMBER='1' AIRFLOW_CTX_DAG_RUN_ID='scheduled__2023-07-15T20:21:00+00:00'
[2023-07-15T20:22:02.496+0000] {external_task.py:236} INFO - Poking for tasks ['my_task'] in dag upstream_dag_3 on 2023-07-15T20:21:00+00:00 ... 
[2023-07-15T20:23:02.561+0000] {external_task.py:236} INFO - Poking for tasks ['my_task'] in dag upstream_dag_3 on 2023-07-15T20:21:00+00:00 ... 
[2023-07-15T20:24:02.591+0000] {external_task.py:236} INFO - Poking for tasks ['my_task'] in dag upstream_dag_3 on 2023-07-15T20:21:00+00:00 ... 
[2023-07-15T20:25:02.619+0000] {external_task.py:236} INFO - Poking for tasks ['my_task'] in dag upstream_dag_3 on 2023-07-15T20:21:00+00:00 ... 
[2023-07-15T20:26:02.690+0000] {external_task.py:236} INFO - Poking for tasks ['my_task'] in dag upstream_dag_3 on 2023-07-15T20:21:00+00:00 ... 
[2023-07-15T20:27:02.747+0000] {external_task.py:236} INFO - Poking for tasks ['my_task'] in dag upstream_dag_3 on 2023-07-15T20:21:00+00:00 ... 
[2023-07-15T20:28:02.768+0000] {external_task.py:236} INFO - Poking for tasks ['my_task'] in dag upstream_dag_3 on 2023-07-15T20:21:00+00:00 ... 
[2023-07-15T20:29:02.810+0000] {external_task.py:236} INFO - Poking for tasks ['my_task'] in dag upstream_dag_3 on 2023-07-15T20:21:00+00:00 ... 
[2023-07-15T20:30:02.875+0000] {external_task.py:236} INFO - Poking for tasks ['my_task'] in dag upstream_dag_3 on 2023-07-15T20:21:00+00:00 ... 
[2023-07-15T20:31:02.942+0000] {external_task.py:236} INFO - Poking for tasks ['my_task'] in dag upstream_dag_3 on 2023-07-15T20:21:00+00:00 ... 
[2023-07-15T20:32:03.010+0000] {external_task.py:236} INFO - Poking for tasks ['my_task'] in dag upstream_dag_3 on 2023-07-15T20:21:00+00:00 ... 
[2023-07-15T20:33:03.040+0000] {external_task.py:236} INFO - Poking for tasks ['my_task'] in dag upstream_dag_3 on 2023-07-15T20:21:00+00:00 ... 
[2023-07-15T20:34:03.111+0000] {external_task.py:236} INFO - Poking for tasks ['my_task'] in dag upstream_dag_3 on 2023-07-15T20:21:00+00:00 ... 
[2023-07-15T20:35:03.172+0000] {external_task.py:236} INFO - Poking for tasks ['my_task'] in dag upstream_dag_3 on 2023-07-15T20:21:00+00:00 ... 
