[2023-07-15T20:22:02.290+0000] {taskinstance.py:1103} INFO - Dependencies all met for dep_context=non-requeueable deps ti=<TaskInstance: spider_tim_vinculacao_sensor_taskflow_dag.ets_checando_informacoe_branch_2 scheduled__2023-07-15T20:21:00+00:00 [queued]>
[2023-07-15T20:22:02.300+0000] {taskinstance.py:1103} INFO - Dependencies all met for dep_context=requeueable deps ti=<TaskInstance: spider_tim_vinculacao_sensor_taskflow_dag.ets_checando_informacoe_branch_2 scheduled__2023-07-15T20:21:00+00:00 [queued]>
[2023-07-15T20:22:02.300+0000] {taskinstance.py:1308} INFO - Starting attempt 1 of 1
[2023-07-15T20:22:02.315+0000] {taskinstance.py:1327} INFO - Executing <Task(ExternalTaskSensor): ets_checando_informacoe_branch_2> on 2023-07-15 20:21:00+00:00
[2023-07-15T20:22:02.321+0000] {standard_task_runner.py:57} INFO - Started process 91 to run task
[2023-07-15T20:22:02.330+0000] {standard_task_runner.py:84} INFO - Running: ['***', 'tasks', 'run', 'spider_tim_vinculacao_sensor_taskflow_dag', 'ets_checando_informacoe_branch_2', 'scheduled__2023-07-15T20:21:00+00:00', '--job-id', '110', '--raw', '--subdir', 'DAGS_FOLDER/dag_tim_spider_vinculo_rev1.py', '--cfg-path', '/tmp/tmpdsrj39ay']
[2023-07-15T20:22:02.350+0000] {standard_task_runner.py:85} INFO - Job 110: Subtask ets_checando_informacoe_branch_2
[2023-07-15T20:22:02.460+0000] {task_command.py:410} INFO - Running <TaskInstance: spider_tim_vinculacao_sensor_taskflow_dag.ets_checando_informacoe_branch_2 scheduled__2023-07-15T20:21:00+00:00 [running]> on host 21d8aa67b76e
[2023-07-15T20:22:02.556+0000] {taskinstance.py:1547} INFO - Exporting env vars: AIRFLOW_CTX_DAG_OWNER='***' AIRFLOW_CTX_DAG_ID='spider_tim_vinculacao_sensor_taskflow_dag' AIRFLOW_CTX_TASK_ID='ets_checando_informacoe_branch_2' AIRFLOW_CTX_EXECUTION_DATE='2023-07-15T20:21:00+00:00' AIRFLOW_CTX_TRY_NUMBER='1' AIRFLOW_CTX_DAG_RUN_ID='scheduled__2023-07-15T20:21:00+00:00'
[2023-07-15T20:22:02.557+0000] {external_task.py:236} INFO - Poking for tasks ['my_task'] in dag upstream_dag_2 on 2023-07-15T20:21:00+00:00 ... 
[2023-07-15T20:23:02.621+0000] {external_task.py:236} INFO - Poking for tasks ['my_task'] in dag upstream_dag_2 on 2023-07-15T20:21:00+00:00 ... 
[2023-07-15T20:24:02.691+0000] {external_task.py:236} INFO - Poking for tasks ['my_task'] in dag upstream_dag_2 on 2023-07-15T20:21:00+00:00 ... 
[2023-07-15T20:25:02.738+0000] {external_task.py:236} INFO - Poking for tasks ['my_task'] in dag upstream_dag_2 on 2023-07-15T20:21:00+00:00 ... 
[2023-07-15T20:26:02.810+0000] {external_task.py:236} INFO - Poking for tasks ['my_task'] in dag upstream_dag_2 on 2023-07-15T20:21:00+00:00 ... 
[2023-07-15T20:27:02.825+0000] {external_task.py:236} INFO - Poking for tasks ['my_task'] in dag upstream_dag_2 on 2023-07-15T20:21:00+00:00 ... 
[2023-07-15T20:28:02.890+0000] {external_task.py:236} INFO - Poking for tasks ['my_task'] in dag upstream_dag_2 on 2023-07-15T20:21:00+00:00 ... 
[2023-07-15T20:29:02.931+0000] {external_task.py:236} INFO - Poking for tasks ['my_task'] in dag upstream_dag_2 on 2023-07-15T20:21:00+00:00 ... 
[2023-07-15T20:30:03.015+0000] {external_task.py:236} INFO - Poking for tasks ['my_task'] in dag upstream_dag_2 on 2023-07-15T20:21:00+00:00 ... 
[2023-07-15T20:31:03.040+0000] {external_task.py:236} INFO - Poking for tasks ['my_task'] in dag upstream_dag_2 on 2023-07-15T20:21:00+00:00 ... 
[2023-07-15T20:32:03.090+0000] {external_task.py:236} INFO - Poking for tasks ['my_task'] in dag upstream_dag_2 on 2023-07-15T20:21:00+00:00 ... 
[2023-07-15T20:33:03.162+0000] {external_task.py:236} INFO - Poking for tasks ['my_task'] in dag upstream_dag_2 on 2023-07-15T20:21:00+00:00 ... 
[2023-07-15T20:34:03.230+0000] {external_task.py:236} INFO - Poking for tasks ['my_task'] in dag upstream_dag_2 on 2023-07-15T20:21:00+00:00 ... 
[2023-07-15T20:35:03.301+0000] {external_task.py:236} INFO - Poking for tasks ['my_task'] in dag upstream_dag_2 on 2023-07-15T20:21:00+00:00 ... 
