[2023-07-15T20:23:02.519+0000] {taskinstance.py:1103} INFO - Dependencies all met for dep_context=non-requeueable deps ti=<TaskInstance: spider_tim_vinculacao_sensor_taskflow_dag.ets_spider_login_branch_1 scheduled__2023-07-15T20:22:00+00:00 [queued]>
[2023-07-15T20:23:02.530+0000] {taskinstance.py:1103} INFO - Dependencies all met for dep_context=requeueable deps ti=<TaskInstance: spider_tim_vinculacao_sensor_taskflow_dag.ets_spider_login_branch_1 scheduled__2023-07-15T20:22:00+00:00 [queued]>
[2023-07-15T20:23:02.531+0000] {taskinstance.py:1308} INFO - Starting attempt 1 of 1
[2023-07-15T20:23:02.546+0000] {taskinstance.py:1327} INFO - Executing <Task(ExternalTaskSensor): ets_spider_login_branch_1> on 2023-07-15 20:22:00+00:00
[2023-07-15T20:23:02.552+0000] {standard_task_runner.py:57} INFO - Started process 118 to run task
[2023-07-15T20:23:02.557+0000] {standard_task_runner.py:84} INFO - Running: ['***', 'tasks', 'run', 'spider_tim_vinculacao_sensor_taskflow_dag', 'ets_spider_login_branch_1', 'scheduled__2023-07-15T20:22:00+00:00', '--job-id', '111', '--raw', '--subdir', 'DAGS_FOLDER/dag_tim_spider_vinculo_rev1.py', '--cfg-path', '/tmp/tmpqywfa3r6']
[2023-07-15T20:23:02.560+0000] {standard_task_runner.py:85} INFO - Job 111: Subtask ets_spider_login_branch_1
[2023-07-15T20:23:02.621+0000] {task_command.py:410} INFO - Running <TaskInstance: spider_tim_vinculacao_sensor_taskflow_dag.ets_spider_login_branch_1 scheduled__2023-07-15T20:22:00+00:00 [running]> on host 21d8aa67b76e
[2023-07-15T20:23:02.729+0000] {taskinstance.py:1547} INFO - Exporting env vars: AIRFLOW_CTX_DAG_OWNER='***' AIRFLOW_CTX_DAG_ID='spider_tim_vinculacao_sensor_taskflow_dag' AIRFLOW_CTX_TASK_ID='ets_spider_login_branch_1' AIRFLOW_CTX_EXECUTION_DATE='2023-07-15T20:22:00+00:00' AIRFLOW_CTX_TRY_NUMBER='1' AIRFLOW_CTX_DAG_RUN_ID='scheduled__2023-07-15T20:22:00+00:00'
[2023-07-15T20:23:02.731+0000] {external_task.py:236} INFO - Poking for tasks ['my_task'] in dag upstream_dag_1 on 2023-07-15T20:22:00+00:00 ... 
[2023-07-15T20:24:02.805+0000] {external_task.py:236} INFO - Poking for tasks ['my_task'] in dag upstream_dag_1 on 2023-07-15T20:22:00+00:00 ... 
[2023-07-15T20:25:02.880+0000] {external_task.py:236} INFO - Poking for tasks ['my_task'] in dag upstream_dag_1 on 2023-07-15T20:22:00+00:00 ... 
[2023-07-15T20:26:02.896+0000] {external_task.py:236} INFO - Poking for tasks ['my_task'] in dag upstream_dag_1 on 2023-07-15T20:22:00+00:00 ... 
[2023-07-15T20:27:02.944+0000] {external_task.py:236} INFO - Poking for tasks ['my_task'] in dag upstream_dag_1 on 2023-07-15T20:22:00+00:00 ... 
[2023-07-15T20:28:03.010+0000] {external_task.py:236} INFO - Poking for tasks ['my_task'] in dag upstream_dag_1 on 2023-07-15T20:22:00+00:00 ... 
[2023-07-15T20:29:03.084+0000] {external_task.py:236} INFO - Poking for tasks ['my_task'] in dag upstream_dag_1 on 2023-07-15T20:22:00+00:00 ... 
[2023-07-15T20:30:03.120+0000] {external_task.py:236} INFO - Poking for tasks ['my_task'] in dag upstream_dag_1 on 2023-07-15T20:22:00+00:00 ... 
[2023-07-15T20:31:03.184+0000] {external_task.py:236} INFO - Poking for tasks ['my_task'] in dag upstream_dag_1 on 2023-07-15T20:22:00+00:00 ... 
[2023-07-15T20:32:03.211+0000] {external_task.py:236} INFO - Poking for tasks ['my_task'] in dag upstream_dag_1 on 2023-07-15T20:22:00+00:00 ... 
[2023-07-15T20:33:03.286+0000] {external_task.py:236} INFO - Poking for tasks ['my_task'] in dag upstream_dag_1 on 2023-07-15T20:22:00+00:00 ... 
[2023-07-15T20:34:03.350+0000] {external_task.py:236} INFO - Poking for tasks ['my_task'] in dag upstream_dag_1 on 2023-07-15T20:22:00+00:00 ... 
[2023-07-15T20:35:03.411+0000] {external_task.py:236} INFO - Poking for tasks ['my_task'] in dag upstream_dag_1 on 2023-07-15T20:22:00+00:00 ... 
