[2023-07-15T20:23:02.544+0000] {taskinstance.py:1103} INFO - Dependencies all met for dep_context=non-requeueable deps ti=<TaskInstance: spider_tim_vinculacao_sensor_taskflow_dag.ets_segmentando_branch_3 scheduled__2023-07-15T20:22:00+00:00 [queued]>
[2023-07-15T20:23:02.559+0000] {taskinstance.py:1103} INFO - Dependencies all met for dep_context=requeueable deps ti=<TaskInstance: spider_tim_vinculacao_sensor_taskflow_dag.ets_segmentando_branch_3 scheduled__2023-07-15T20:22:00+00:00 [queued]>
[2023-07-15T20:23:02.559+0000] {taskinstance.py:1308} INFO - Starting attempt 1 of 1
[2023-07-15T20:23:02.581+0000] {taskinstance.py:1327} INFO - Executing <Task(ExternalTaskSensor): ets_segmentando_branch_3> on 2023-07-15 20:22:00+00:00
[2023-07-15T20:23:02.587+0000] {standard_task_runner.py:57} INFO - Started process 119 to run task
[2023-07-15T20:23:02.592+0000] {standard_task_runner.py:84} INFO - Running: ['***', 'tasks', 'run', 'spider_tim_vinculacao_sensor_taskflow_dag', 'ets_segmentando_branch_3', 'scheduled__2023-07-15T20:22:00+00:00', '--job-id', '112', '--raw', '--subdir', 'DAGS_FOLDER/dag_tim_spider_vinculo_rev1.py', '--cfg-path', '/tmp/tmpp2reoep3']
[2023-07-15T20:23:02.595+0000] {standard_task_runner.py:85} INFO - Job 112: Subtask ets_segmentando_branch_3
[2023-07-15T20:23:02.657+0000] {task_command.py:410} INFO - Running <TaskInstance: spider_tim_vinculacao_sensor_taskflow_dag.ets_segmentando_branch_3 scheduled__2023-07-15T20:22:00+00:00 [running]> on host 21d8aa67b76e
[2023-07-15T20:23:02.761+0000] {taskinstance.py:1547} INFO - Exporting env vars: AIRFLOW_CTX_DAG_OWNER='***' AIRFLOW_CTX_DAG_ID='spider_tim_vinculacao_sensor_taskflow_dag' AIRFLOW_CTX_TASK_ID='ets_segmentando_branch_3' AIRFLOW_CTX_EXECUTION_DATE='2023-07-15T20:22:00+00:00' AIRFLOW_CTX_TRY_NUMBER='1' AIRFLOW_CTX_DAG_RUN_ID='scheduled__2023-07-15T20:22:00+00:00'
[2023-07-15T20:23:02.762+0000] {external_task.py:236} INFO - Poking for tasks ['my_task'] in dag upstream_dag_3 on 2023-07-15T20:22:00+00:00 ... 
[2023-07-15T20:24:02.834+0000] {external_task.py:236} INFO - Poking for tasks ['my_task'] in dag upstream_dag_3 on 2023-07-15T20:22:00+00:00 ... 
[2023-07-15T20:25:02.859+0000] {external_task.py:236} INFO - Poking for tasks ['my_task'] in dag upstream_dag_3 on 2023-07-15T20:22:00+00:00 ... 
[2023-07-15T20:26:02.907+0000] {external_task.py:236} INFO - Poking for tasks ['my_task'] in dag upstream_dag_3 on 2023-07-15T20:22:00+00:00 ... 
[2023-07-15T20:27:02.978+0000] {external_task.py:236} INFO - Poking for tasks ['my_task'] in dag upstream_dag_3 on 2023-07-15T20:22:00+00:00 ... 
[2023-07-15T20:28:03.031+0000] {external_task.py:236} INFO - Poking for tasks ['my_task'] in dag upstream_dag_3 on 2023-07-15T20:22:00+00:00 ... 
[2023-07-15T20:29:03.100+0000] {external_task.py:236} INFO - Poking for tasks ['my_task'] in dag upstream_dag_3 on 2023-07-15T20:22:00+00:00 ... 
[2023-07-15T20:30:03.172+0000] {external_task.py:236} INFO - Poking for tasks ['my_task'] in dag upstream_dag_3 on 2023-07-15T20:22:00+00:00 ... 
[2023-07-15T20:31:03.241+0000] {external_task.py:236} INFO - Poking for tasks ['my_task'] in dag upstream_dag_3 on 2023-07-15T20:22:00+00:00 ... 
[2023-07-15T20:32:03.310+0000] {external_task.py:236} INFO - Poking for tasks ['my_task'] in dag upstream_dag_3 on 2023-07-15T20:22:00+00:00 ... 
[2023-07-15T20:33:03.381+0000] {external_task.py:236} INFO - Poking for tasks ['my_task'] in dag upstream_dag_3 on 2023-07-15T20:22:00+00:00 ... 
[2023-07-15T20:34:03.421+0000] {external_task.py:236} INFO - Poking for tasks ['my_task'] in dag upstream_dag_3 on 2023-07-15T20:22:00+00:00 ... 
[2023-07-15T20:35:03.510+0000] {external_task.py:236} INFO - Poking for tasks ['my_task'] in dag upstream_dag_3 on 2023-07-15T20:22:00+00:00 ... 
