[2023-07-15T19:35:58.701+0000] {processor.py:157} INFO - Started process (PID=48) to work on /opt/airflow/dags/include/operators/apache_livy_operator.py
[2023-07-15T19:35:58.703+0000] {processor.py:826} INFO - Processing file /opt/airflow/dags/include/operators/apache_livy_operator.py for tasks to queue
[2023-07-15T19:35:58.704+0000] {logging_mixin.py:150} INFO - [2023-07-15T19:35:58.704+0000] {dagbag.py:541} INFO - Filling up the DagBag from /opt/airflow/dags/include/operators/apache_livy_operator.py
[2023-07-15T19:35:58.709+0000] {processor.py:838} WARNING - No viable dags retrieved from /opt/airflow/dags/include/operators/apache_livy_operator.py
[2023-07-15T19:35:58.725+0000] {processor.py:179} INFO - Processing /opt/airflow/dags/include/operators/apache_livy_operator.py took 0.028 seconds
[2023-07-15T19:36:29.101+0000] {processor.py:157} INFO - Started process (PID=118) to work on /opt/airflow/dags/include/operators/apache_livy_operator.py
[2023-07-15T19:36:29.102+0000] {processor.py:826} INFO - Processing file /opt/airflow/dags/include/operators/apache_livy_operator.py for tasks to queue
[2023-07-15T19:36:29.102+0000] {logging_mixin.py:150} INFO - [2023-07-15T19:36:29.102+0000] {dagbag.py:541} INFO - Filling up the DagBag from /opt/airflow/dags/include/operators/apache_livy_operator.py
[2023-07-15T19:36:29.105+0000] {processor.py:838} WARNING - No viable dags retrieved from /opt/airflow/dags/include/operators/apache_livy_operator.py
[2023-07-15T19:36:29.117+0000] {processor.py:179} INFO - Processing /opt/airflow/dags/include/operators/apache_livy_operator.py took 0.019 seconds
[2023-07-15T19:36:59.646+0000] {processor.py:157} INFO - Started process (PID=156) to work on /opt/airflow/dags/include/operators/apache_livy_operator.py
[2023-07-15T19:36:59.646+0000] {processor.py:826} INFO - Processing file /opt/airflow/dags/include/operators/apache_livy_operator.py for tasks to queue
[2023-07-15T19:36:59.647+0000] {logging_mixin.py:150} INFO - [2023-07-15T19:36:59.647+0000] {dagbag.py:541} INFO - Filling up the DagBag from /opt/airflow/dags/include/operators/apache_livy_operator.py
[2023-07-15T19:36:59.649+0000] {processor.py:838} WARNING - No viable dags retrieved from /opt/airflow/dags/include/operators/apache_livy_operator.py
[2023-07-15T19:36:59.662+0000] {processor.py:179} INFO - Processing /opt/airflow/dags/include/operators/apache_livy_operator.py took 0.019 seconds
[2023-07-15T19:37:29.880+0000] {processor.py:157} INFO - Started process (PID=200) to work on /opt/airflow/dags/include/operators/apache_livy_operator.py
[2023-07-15T19:37:29.881+0000] {processor.py:826} INFO - Processing file /opt/airflow/dags/include/operators/apache_livy_operator.py for tasks to queue
[2023-07-15T19:37:29.882+0000] {logging_mixin.py:150} INFO - [2023-07-15T19:37:29.881+0000] {dagbag.py:541} INFO - Filling up the DagBag from /opt/airflow/dags/include/operators/apache_livy_operator.py
[2023-07-15T19:37:29.884+0000] {processor.py:838} WARNING - No viable dags retrieved from /opt/airflow/dags/include/operators/apache_livy_operator.py
[2023-07-15T19:37:29.897+0000] {processor.py:179} INFO - Processing /opt/airflow/dags/include/operators/apache_livy_operator.py took 0.020 seconds
[2023-07-15T19:38:00.152+0000] {processor.py:157} INFO - Started process (PID=238) to work on /opt/airflow/dags/include/operators/apache_livy_operator.py
[2023-07-15T19:38:00.153+0000] {processor.py:826} INFO - Processing file /opt/airflow/dags/include/operators/apache_livy_operator.py for tasks to queue
[2023-07-15T19:38:00.154+0000] {logging_mixin.py:150} INFO - [2023-07-15T19:38:00.154+0000] {dagbag.py:541} INFO - Filling up the DagBag from /opt/airflow/dags/include/operators/apache_livy_operator.py
[2023-07-15T19:38:00.156+0000] {processor.py:838} WARNING - No viable dags retrieved from /opt/airflow/dags/include/operators/apache_livy_operator.py
[2023-07-15T19:38:00.168+0000] {processor.py:179} INFO - Processing /opt/airflow/dags/include/operators/apache_livy_operator.py took 0.019 seconds
[2023-07-15T19:38:30.349+0000] {processor.py:157} INFO - Started process (PID=282) to work on /opt/airflow/dags/include/operators/apache_livy_operator.py
[2023-07-15T19:38:30.350+0000] {processor.py:826} INFO - Processing file /opt/airflow/dags/include/operators/apache_livy_operator.py for tasks to queue
[2023-07-15T19:38:30.351+0000] {logging_mixin.py:150} INFO - [2023-07-15T19:38:30.351+0000] {dagbag.py:541} INFO - Filling up the DagBag from /opt/airflow/dags/include/operators/apache_livy_operator.py
[2023-07-15T19:38:30.354+0000] {processor.py:838} WARNING - No viable dags retrieved from /opt/airflow/dags/include/operators/apache_livy_operator.py
[2023-07-15T19:38:30.366+0000] {processor.py:179} INFO - Processing /opt/airflow/dags/include/operators/apache_livy_operator.py took 0.020 seconds
[2023-07-15T19:39:00.540+0000] {processor.py:157} INFO - Started process (PID=320) to work on /opt/airflow/dags/include/operators/apache_livy_operator.py
[2023-07-15T19:39:00.541+0000] {processor.py:826} INFO - Processing file /opt/airflow/dags/include/operators/apache_livy_operator.py for tasks to queue
[2023-07-15T19:39:00.542+0000] {logging_mixin.py:150} INFO - [2023-07-15T19:39:00.542+0000] {dagbag.py:541} INFO - Filling up the DagBag from /opt/airflow/dags/include/operators/apache_livy_operator.py
[2023-07-15T19:39:00.544+0000] {processor.py:838} WARNING - No viable dags retrieved from /opt/airflow/dags/include/operators/apache_livy_operator.py
[2023-07-15T19:39:00.556+0000] {processor.py:179} INFO - Processing /opt/airflow/dags/include/operators/apache_livy_operator.py took 0.020 seconds
[2023-07-15T19:39:30.778+0000] {processor.py:157} INFO - Started process (PID=358) to work on /opt/airflow/dags/include/operators/apache_livy_operator.py
[2023-07-15T19:39:30.779+0000] {processor.py:826} INFO - Processing file /opt/airflow/dags/include/operators/apache_livy_operator.py for tasks to queue
[2023-07-15T19:39:30.780+0000] {logging_mixin.py:150} INFO - [2023-07-15T19:39:30.779+0000] {dagbag.py:541} INFO - Filling up the DagBag from /opt/airflow/dags/include/operators/apache_livy_operator.py
[2023-07-15T19:39:30.782+0000] {processor.py:838} WARNING - No viable dags retrieved from /opt/airflow/dags/include/operators/apache_livy_operator.py
[2023-07-15T19:39:30.796+0000] {processor.py:179} INFO - Processing /opt/airflow/dags/include/operators/apache_livy_operator.py took 0.023 seconds
[2023-07-15T20:21:27.176+0000] {processor.py:157} INFO - Started process (PID=48) to work on /opt/airflow/dags/include/operators/apache_livy_operator.py
[2023-07-15T20:21:27.177+0000] {processor.py:826} INFO - Processing file /opt/airflow/dags/include/operators/apache_livy_operator.py for tasks to queue
[2023-07-15T20:21:27.178+0000] {logging_mixin.py:150} INFO - [2023-07-15T20:21:27.178+0000] {dagbag.py:541} INFO - Filling up the DagBag from /opt/airflow/dags/include/operators/apache_livy_operator.py
[2023-07-15T20:21:27.180+0000] {processor.py:838} WARNING - No viable dags retrieved from /opt/airflow/dags/include/operators/apache_livy_operator.py
[2023-07-15T20:21:27.197+0000] {processor.py:179} INFO - Processing /opt/airflow/dags/include/operators/apache_livy_operator.py took 0.024 seconds
[2023-07-15T20:21:58.012+0000] {processor.py:157} INFO - Started process (PID=118) to work on /opt/airflow/dags/include/operators/apache_livy_operator.py
[2023-07-15T20:21:58.013+0000] {processor.py:826} INFO - Processing file /opt/airflow/dags/include/operators/apache_livy_operator.py for tasks to queue
[2023-07-15T20:21:58.014+0000] {logging_mixin.py:150} INFO - [2023-07-15T20:21:58.014+0000] {dagbag.py:541} INFO - Filling up the DagBag from /opt/airflow/dags/include/operators/apache_livy_operator.py
[2023-07-15T20:21:58.017+0000] {processor.py:838} WARNING - No viable dags retrieved from /opt/airflow/dags/include/operators/apache_livy_operator.py
[2023-07-15T20:21:58.029+0000] {processor.py:179} INFO - Processing /opt/airflow/dags/include/operators/apache_livy_operator.py took 0.020 seconds
[2023-07-15T20:22:28.620+0000] {processor.py:157} INFO - Started process (PID=162) to work on /opt/airflow/dags/include/operators/apache_livy_operator.py
[2023-07-15T20:22:28.621+0000] {processor.py:826} INFO - Processing file /opt/airflow/dags/include/operators/apache_livy_operator.py for tasks to queue
[2023-07-15T20:22:28.622+0000] {logging_mixin.py:150} INFO - [2023-07-15T20:22:28.621+0000] {dagbag.py:541} INFO - Filling up the DagBag from /opt/airflow/dags/include/operators/apache_livy_operator.py
[2023-07-15T20:22:28.624+0000] {processor.py:838} WARNING - No viable dags retrieved from /opt/airflow/dags/include/operators/apache_livy_operator.py
[2023-07-15T20:22:28.637+0000] {processor.py:179} INFO - Processing /opt/airflow/dags/include/operators/apache_livy_operator.py took 0.019 seconds
[2023-07-15T20:22:58.841+0000] {processor.py:157} INFO - Started process (PID=200) to work on /opt/airflow/dags/include/operators/apache_livy_operator.py
[2023-07-15T20:22:58.842+0000] {processor.py:826} INFO - Processing file /opt/airflow/dags/include/operators/apache_livy_operator.py for tasks to queue
[2023-07-15T20:22:58.843+0000] {logging_mixin.py:150} INFO - [2023-07-15T20:22:58.843+0000] {dagbag.py:541} INFO - Filling up the DagBag from /opt/airflow/dags/include/operators/apache_livy_operator.py
[2023-07-15T20:22:58.845+0000] {processor.py:838} WARNING - No viable dags retrieved from /opt/airflow/dags/include/operators/apache_livy_operator.py
[2023-07-15T20:22:58.858+0000] {processor.py:179} INFO - Processing /opt/airflow/dags/include/operators/apache_livy_operator.py took 0.020 seconds
[2023-07-15T20:23:29.165+0000] {processor.py:157} INFO - Started process (PID=244) to work on /opt/airflow/dags/include/operators/apache_livy_operator.py
[2023-07-15T20:23:29.167+0000] {processor.py:826} INFO - Processing file /opt/airflow/dags/include/operators/apache_livy_operator.py for tasks to queue
[2023-07-15T20:23:29.167+0000] {logging_mixin.py:150} INFO - [2023-07-15T20:23:29.167+0000] {dagbag.py:541} INFO - Filling up the DagBag from /opt/airflow/dags/include/operators/apache_livy_operator.py
[2023-07-15T20:23:29.170+0000] {processor.py:838} WARNING - No viable dags retrieved from /opt/airflow/dags/include/operators/apache_livy_operator.py
[2023-07-15T20:23:29.186+0000] {processor.py:179} INFO - Processing /opt/airflow/dags/include/operators/apache_livy_operator.py took 0.025 seconds
[2023-07-15T20:23:59.591+0000] {processor.py:157} INFO - Started process (PID=282) to work on /opt/airflow/dags/include/operators/apache_livy_operator.py
[2023-07-15T20:23:59.592+0000] {processor.py:826} INFO - Processing file /opt/airflow/dags/include/operators/apache_livy_operator.py for tasks to queue
[2023-07-15T20:23:59.593+0000] {logging_mixin.py:150} INFO - [2023-07-15T20:23:59.593+0000] {dagbag.py:541} INFO - Filling up the DagBag from /opt/airflow/dags/include/operators/apache_livy_operator.py
[2023-07-15T20:23:59.596+0000] {processor.py:838} WARNING - No viable dags retrieved from /opt/airflow/dags/include/operators/apache_livy_operator.py
[2023-07-15T20:23:59.609+0000] {processor.py:179} INFO - Processing /opt/airflow/dags/include/operators/apache_livy_operator.py took 0.021 seconds
[2023-07-15T20:24:29.923+0000] {processor.py:157} INFO - Started process (PID=320) to work on /opt/airflow/dags/include/operators/apache_livy_operator.py
[2023-07-15T20:24:29.924+0000] {processor.py:826} INFO - Processing file /opt/airflow/dags/include/operators/apache_livy_operator.py for tasks to queue
[2023-07-15T20:24:29.925+0000] {logging_mixin.py:150} INFO - [2023-07-15T20:24:29.925+0000] {dagbag.py:541} INFO - Filling up the DagBag from /opt/airflow/dags/include/operators/apache_livy_operator.py
[2023-07-15T20:24:29.927+0000] {processor.py:838} WARNING - No viable dags retrieved from /opt/airflow/dags/include/operators/apache_livy_operator.py
[2023-07-15T20:24:29.940+0000] {processor.py:179} INFO - Processing /opt/airflow/dags/include/operators/apache_livy_operator.py took 0.020 seconds
[2023-07-15T20:25:00.285+0000] {processor.py:157} INFO - Started process (PID=358) to work on /opt/airflow/dags/include/operators/apache_livy_operator.py
[2023-07-15T20:25:00.286+0000] {processor.py:826} INFO - Processing file /opt/airflow/dags/include/operators/apache_livy_operator.py for tasks to queue
[2023-07-15T20:25:00.287+0000] {logging_mixin.py:150} INFO - [2023-07-15T20:25:00.286+0000] {dagbag.py:541} INFO - Filling up the DagBag from /opt/airflow/dags/include/operators/apache_livy_operator.py
[2023-07-15T20:25:00.289+0000] {processor.py:838} WARNING - No viable dags retrieved from /opt/airflow/dags/include/operators/apache_livy_operator.py
[2023-07-15T20:25:00.302+0000] {processor.py:179} INFO - Processing /opt/airflow/dags/include/operators/apache_livy_operator.py took 0.022 seconds
[2023-07-15T20:25:30.830+0000] {processor.py:157} INFO - Started process (PID=396) to work on /opt/airflow/dags/include/operators/apache_livy_operator.py
[2023-07-15T20:25:30.831+0000] {processor.py:826} INFO - Processing file /opt/airflow/dags/include/operators/apache_livy_operator.py for tasks to queue
[2023-07-15T20:25:30.832+0000] {logging_mixin.py:150} INFO - [2023-07-15T20:25:30.832+0000] {dagbag.py:541} INFO - Filling up the DagBag from /opt/airflow/dags/include/operators/apache_livy_operator.py
[2023-07-15T20:25:30.835+0000] {processor.py:838} WARNING - No viable dags retrieved from /opt/airflow/dags/include/operators/apache_livy_operator.py
[2023-07-15T20:25:30.848+0000] {processor.py:179} INFO - Processing /opt/airflow/dags/include/operators/apache_livy_operator.py took 0.021 seconds
[2023-07-15T20:26:01.270+0000] {processor.py:157} INFO - Started process (PID=434) to work on /opt/airflow/dags/include/operators/apache_livy_operator.py
[2023-07-15T20:26:01.271+0000] {processor.py:826} INFO - Processing file /opt/airflow/dags/include/operators/apache_livy_operator.py for tasks to queue
[2023-07-15T20:26:01.272+0000] {logging_mixin.py:150} INFO - [2023-07-15T20:26:01.272+0000] {dagbag.py:541} INFO - Filling up the DagBag from /opt/airflow/dags/include/operators/apache_livy_operator.py
[2023-07-15T20:26:01.274+0000] {processor.py:838} WARNING - No viable dags retrieved from /opt/airflow/dags/include/operators/apache_livy_operator.py
[2023-07-15T20:26:01.285+0000] {processor.py:179} INFO - Processing /opt/airflow/dags/include/operators/apache_livy_operator.py took 0.019 seconds
[2023-07-15T20:26:31.557+0000] {processor.py:157} INFO - Started process (PID=472) to work on /opt/airflow/dags/include/operators/apache_livy_operator.py
[2023-07-15T20:26:31.558+0000] {processor.py:826} INFO - Processing file /opt/airflow/dags/include/operators/apache_livy_operator.py for tasks to queue
[2023-07-15T20:26:31.558+0000] {logging_mixin.py:150} INFO - [2023-07-15T20:26:31.558+0000] {dagbag.py:541} INFO - Filling up the DagBag from /opt/airflow/dags/include/operators/apache_livy_operator.py
[2023-07-15T20:26:31.561+0000] {processor.py:838} WARNING - No viable dags retrieved from /opt/airflow/dags/include/operators/apache_livy_operator.py
[2023-07-15T20:26:31.573+0000] {processor.py:179} INFO - Processing /opt/airflow/dags/include/operators/apache_livy_operator.py took 0.019 seconds
[2023-07-15T20:27:01.846+0000] {processor.py:157} INFO - Started process (PID=510) to work on /opt/airflow/dags/include/operators/apache_livy_operator.py
[2023-07-15T20:27:01.847+0000] {processor.py:826} INFO - Processing file /opt/airflow/dags/include/operators/apache_livy_operator.py for tasks to queue
[2023-07-15T20:27:01.848+0000] {logging_mixin.py:150} INFO - [2023-07-15T20:27:01.848+0000] {dagbag.py:541} INFO - Filling up the DagBag from /opt/airflow/dags/include/operators/apache_livy_operator.py
[2023-07-15T20:27:01.850+0000] {processor.py:838} WARNING - No viable dags retrieved from /opt/airflow/dags/include/operators/apache_livy_operator.py
[2023-07-15T20:27:01.863+0000] {processor.py:179} INFO - Processing /opt/airflow/dags/include/operators/apache_livy_operator.py took 0.020 seconds
[2023-07-15T20:27:32.459+0000] {processor.py:157} INFO - Started process (PID=548) to work on /opt/airflow/dags/include/operators/apache_livy_operator.py
[2023-07-15T20:27:32.460+0000] {processor.py:826} INFO - Processing file /opt/airflow/dags/include/operators/apache_livy_operator.py for tasks to queue
[2023-07-15T20:27:32.461+0000] {logging_mixin.py:150} INFO - [2023-07-15T20:27:32.461+0000] {dagbag.py:541} INFO - Filling up the DagBag from /opt/airflow/dags/include/operators/apache_livy_operator.py
[2023-07-15T20:27:32.464+0000] {processor.py:838} WARNING - No viable dags retrieved from /opt/airflow/dags/include/operators/apache_livy_operator.py
[2023-07-15T20:27:32.477+0000] {processor.py:179} INFO - Processing /opt/airflow/dags/include/operators/apache_livy_operator.py took 0.021 seconds
[2023-07-15T20:28:02.930+0000] {processor.py:157} INFO - Started process (PID=586) to work on /opt/airflow/dags/include/operators/apache_livy_operator.py
[2023-07-15T20:28:02.931+0000] {processor.py:826} INFO - Processing file /opt/airflow/dags/include/operators/apache_livy_operator.py for tasks to queue
[2023-07-15T20:28:02.932+0000] {logging_mixin.py:150} INFO - [2023-07-15T20:28:02.932+0000] {dagbag.py:541} INFO - Filling up the DagBag from /opt/airflow/dags/include/operators/apache_livy_operator.py
[2023-07-15T20:28:02.934+0000] {processor.py:838} WARNING - No viable dags retrieved from /opt/airflow/dags/include/operators/apache_livy_operator.py
[2023-07-15T20:28:02.947+0000] {processor.py:179} INFO - Processing /opt/airflow/dags/include/operators/apache_livy_operator.py took 0.021 seconds
[2023-07-15T20:28:33.795+0000] {processor.py:157} INFO - Started process (PID=611) to work on /opt/airflow/dags/include/operators/apache_livy_operator.py
[2023-07-15T20:28:33.796+0000] {processor.py:826} INFO - Processing file /opt/airflow/dags/include/operators/apache_livy_operator.py for tasks to queue
[2023-07-15T20:28:33.797+0000] {logging_mixin.py:150} INFO - [2023-07-15T20:28:33.797+0000] {dagbag.py:541} INFO - Filling up the DagBag from /opt/airflow/dags/include/operators/apache_livy_operator.py
[2023-07-15T20:28:33.799+0000] {processor.py:838} WARNING - No viable dags retrieved from /opt/airflow/dags/include/operators/apache_livy_operator.py
[2023-07-15T20:28:33.812+0000] {processor.py:179} INFO - Processing /opt/airflow/dags/include/operators/apache_livy_operator.py took 0.021 seconds
[2023-07-15T20:29:04.101+0000] {processor.py:157} INFO - Started process (PID=649) to work on /opt/airflow/dags/include/operators/apache_livy_operator.py
[2023-07-15T20:29:04.102+0000] {processor.py:826} INFO - Processing file /opt/airflow/dags/include/operators/apache_livy_operator.py for tasks to queue
[2023-07-15T20:29:04.103+0000] {logging_mixin.py:150} INFO - [2023-07-15T20:29:04.103+0000] {dagbag.py:541} INFO - Filling up the DagBag from /opt/airflow/dags/include/operators/apache_livy_operator.py
[2023-07-15T20:29:04.105+0000] {processor.py:838} WARNING - No viable dags retrieved from /opt/airflow/dags/include/operators/apache_livy_operator.py
[2023-07-15T20:29:04.119+0000] {processor.py:179} INFO - Processing /opt/airflow/dags/include/operators/apache_livy_operator.py took 0.021 seconds
[2023-07-15T20:29:34.466+0000] {processor.py:157} INFO - Started process (PID=687) to work on /opt/airflow/dags/include/operators/apache_livy_operator.py
[2023-07-15T20:29:34.467+0000] {processor.py:826} INFO - Processing file /opt/airflow/dags/include/operators/apache_livy_operator.py for tasks to queue
[2023-07-15T20:29:34.468+0000] {logging_mixin.py:150} INFO - [2023-07-15T20:29:34.467+0000] {dagbag.py:541} INFO - Filling up the DagBag from /opt/airflow/dags/include/operators/apache_livy_operator.py
[2023-07-15T20:29:34.470+0000] {processor.py:838} WARNING - No viable dags retrieved from /opt/airflow/dags/include/operators/apache_livy_operator.py
[2023-07-15T20:29:34.483+0000] {processor.py:179} INFO - Processing /opt/airflow/dags/include/operators/apache_livy_operator.py took 0.020 seconds
[2023-07-15T20:30:04.914+0000] {processor.py:157} INFO - Started process (PID=725) to work on /opt/airflow/dags/include/operators/apache_livy_operator.py
[2023-07-15T20:30:04.915+0000] {processor.py:826} INFO - Processing file /opt/airflow/dags/include/operators/apache_livy_operator.py for tasks to queue
[2023-07-15T20:30:04.916+0000] {logging_mixin.py:150} INFO - [2023-07-15T20:30:04.915+0000] {dagbag.py:541} INFO - Filling up the DagBag from /opt/airflow/dags/include/operators/apache_livy_operator.py
[2023-07-15T20:30:04.918+0000] {processor.py:838} WARNING - No viable dags retrieved from /opt/airflow/dags/include/operators/apache_livy_operator.py
[2023-07-15T20:30:04.930+0000] {processor.py:179} INFO - Processing /opt/airflow/dags/include/operators/apache_livy_operator.py took 0.020 seconds
[2023-07-15T20:30:35.235+0000] {processor.py:157} INFO - Started process (PID=763) to work on /opt/airflow/dags/include/operators/apache_livy_operator.py
[2023-07-15T20:30:35.237+0000] {processor.py:826} INFO - Processing file /opt/airflow/dags/include/operators/apache_livy_operator.py for tasks to queue
[2023-07-15T20:30:35.238+0000] {logging_mixin.py:150} INFO - [2023-07-15T20:30:35.238+0000] {dagbag.py:541} INFO - Filling up the DagBag from /opt/airflow/dags/include/operators/apache_livy_operator.py
[2023-07-15T20:30:35.240+0000] {processor.py:838} WARNING - No viable dags retrieved from /opt/airflow/dags/include/operators/apache_livy_operator.py
[2023-07-15T20:30:35.253+0000] {processor.py:179} INFO - Processing /opt/airflow/dags/include/operators/apache_livy_operator.py took 0.021 seconds
[2023-07-15T20:31:05.584+0000] {processor.py:157} INFO - Started process (PID=801) to work on /opt/airflow/dags/include/operators/apache_livy_operator.py
[2023-07-15T20:31:05.585+0000] {processor.py:826} INFO - Processing file /opt/airflow/dags/include/operators/apache_livy_operator.py for tasks to queue
[2023-07-15T20:31:05.586+0000] {logging_mixin.py:150} INFO - [2023-07-15T20:31:05.586+0000] {dagbag.py:541} INFO - Filling up the DagBag from /opt/airflow/dags/include/operators/apache_livy_operator.py
[2023-07-15T20:31:05.590+0000] {processor.py:838} WARNING - No viable dags retrieved from /opt/airflow/dags/include/operators/apache_livy_operator.py
[2023-07-15T20:31:05.605+0000] {processor.py:179} INFO - Processing /opt/airflow/dags/include/operators/apache_livy_operator.py took 0.024 seconds
[2023-07-15T20:31:35.884+0000] {processor.py:157} INFO - Started process (PID=839) to work on /opt/airflow/dags/include/operators/apache_livy_operator.py
[2023-07-15T20:31:35.886+0000] {processor.py:826} INFO - Processing file /opt/airflow/dags/include/operators/apache_livy_operator.py for tasks to queue
[2023-07-15T20:31:35.887+0000] {logging_mixin.py:150} INFO - [2023-07-15T20:31:35.886+0000] {dagbag.py:541} INFO - Filling up the DagBag from /opt/airflow/dags/include/operators/apache_livy_operator.py
[2023-07-15T20:31:35.889+0000] {processor.py:838} WARNING - No viable dags retrieved from /opt/airflow/dags/include/operators/apache_livy_operator.py
[2023-07-15T20:31:35.903+0000] {processor.py:179} INFO - Processing /opt/airflow/dags/include/operators/apache_livy_operator.py took 0.021 seconds
[2023-07-15T20:32:06.233+0000] {processor.py:157} INFO - Started process (PID=877) to work on /opt/airflow/dags/include/operators/apache_livy_operator.py
[2023-07-15T20:32:06.234+0000] {processor.py:826} INFO - Processing file /opt/airflow/dags/include/operators/apache_livy_operator.py for tasks to queue
[2023-07-15T20:32:06.235+0000] {logging_mixin.py:150} INFO - [2023-07-15T20:32:06.234+0000] {dagbag.py:541} INFO - Filling up the DagBag from /opt/airflow/dags/include/operators/apache_livy_operator.py
[2023-07-15T20:32:06.237+0000] {processor.py:838} WARNING - No viable dags retrieved from /opt/airflow/dags/include/operators/apache_livy_operator.py
[2023-07-15T20:32:06.250+0000] {processor.py:179} INFO - Processing /opt/airflow/dags/include/operators/apache_livy_operator.py took 0.020 seconds
[2023-07-15T20:32:36.521+0000] {processor.py:157} INFO - Started process (PID=915) to work on /opt/airflow/dags/include/operators/apache_livy_operator.py
[2023-07-15T20:32:36.522+0000] {processor.py:826} INFO - Processing file /opt/airflow/dags/include/operators/apache_livy_operator.py for tasks to queue
[2023-07-15T20:32:36.523+0000] {logging_mixin.py:150} INFO - [2023-07-15T20:32:36.523+0000] {dagbag.py:541} INFO - Filling up the DagBag from /opt/airflow/dags/include/operators/apache_livy_operator.py
[2023-07-15T20:32:36.525+0000] {processor.py:838} WARNING - No viable dags retrieved from /opt/airflow/dags/include/operators/apache_livy_operator.py
[2023-07-15T20:32:36.538+0000] {processor.py:179} INFO - Processing /opt/airflow/dags/include/operators/apache_livy_operator.py took 0.021 seconds
[2023-07-15T20:33:06.854+0000] {processor.py:157} INFO - Started process (PID=953) to work on /opt/airflow/dags/include/operators/apache_livy_operator.py
[2023-07-15T20:33:06.855+0000] {processor.py:826} INFO - Processing file /opt/airflow/dags/include/operators/apache_livy_operator.py for tasks to queue
[2023-07-15T20:33:06.856+0000] {logging_mixin.py:150} INFO - [2023-07-15T20:33:06.856+0000] {dagbag.py:541} INFO - Filling up the DagBag from /opt/airflow/dags/include/operators/apache_livy_operator.py
[2023-07-15T20:33:06.859+0000] {processor.py:838} WARNING - No viable dags retrieved from /opt/airflow/dags/include/operators/apache_livy_operator.py
[2023-07-15T20:33:06.873+0000] {processor.py:179} INFO - Processing /opt/airflow/dags/include/operators/apache_livy_operator.py took 0.024 seconds
[2023-07-15T20:33:37.262+0000] {processor.py:157} INFO - Started process (PID=991) to work on /opt/airflow/dags/include/operators/apache_livy_operator.py
[2023-07-15T20:33:37.264+0000] {processor.py:826} INFO - Processing file /opt/airflow/dags/include/operators/apache_livy_operator.py for tasks to queue
[2023-07-15T20:33:37.264+0000] {logging_mixin.py:150} INFO - [2023-07-15T20:33:37.264+0000] {dagbag.py:541} INFO - Filling up the DagBag from /opt/airflow/dags/include/operators/apache_livy_operator.py
[2023-07-15T20:33:37.267+0000] {processor.py:838} WARNING - No viable dags retrieved from /opt/airflow/dags/include/operators/apache_livy_operator.py
[2023-07-15T20:33:37.280+0000] {processor.py:179} INFO - Processing /opt/airflow/dags/include/operators/apache_livy_operator.py took 0.021 seconds
[2023-07-15T20:34:07.805+0000] {processor.py:157} INFO - Started process (PID=1029) to work on /opt/airflow/dags/include/operators/apache_livy_operator.py
[2023-07-15T20:34:07.812+0000] {processor.py:826} INFO - Processing file /opt/airflow/dags/include/operators/apache_livy_operator.py for tasks to queue
[2023-07-15T20:34:07.814+0000] {logging_mixin.py:150} INFO - [2023-07-15T20:34:07.813+0000] {dagbag.py:541} INFO - Filling up the DagBag from /opt/airflow/dags/include/operators/apache_livy_operator.py
[2023-07-15T20:34:07.817+0000] {processor.py:838} WARNING - No viable dags retrieved from /opt/airflow/dags/include/operators/apache_livy_operator.py
[2023-07-15T20:34:07.837+0000] {processor.py:179} INFO - Processing /opt/airflow/dags/include/operators/apache_livy_operator.py took 0.038 seconds
[2023-07-15T20:34:38.286+0000] {processor.py:157} INFO - Started process (PID=1067) to work on /opt/airflow/dags/include/operators/apache_livy_operator.py
[2023-07-15T20:34:38.287+0000] {processor.py:826} INFO - Processing file /opt/airflow/dags/include/operators/apache_livy_operator.py for tasks to queue
[2023-07-15T20:34:38.288+0000] {logging_mixin.py:150} INFO - [2023-07-15T20:34:38.287+0000] {dagbag.py:541} INFO - Filling up the DagBag from /opt/airflow/dags/include/operators/apache_livy_operator.py
[2023-07-15T20:34:38.290+0000] {processor.py:838} WARNING - No viable dags retrieved from /opt/airflow/dags/include/operators/apache_livy_operator.py
[2023-07-15T20:34:38.305+0000] {processor.py:179} INFO - Processing /opt/airflow/dags/include/operators/apache_livy_operator.py took 0.024 seconds
[2023-07-15T20:35:08.760+0000] {processor.py:157} INFO - Started process (PID=1105) to work on /opt/airflow/dags/include/operators/apache_livy_operator.py
[2023-07-15T20:35:08.763+0000] {processor.py:826} INFO - Processing file /opt/airflow/dags/include/operators/apache_livy_operator.py for tasks to queue
[2023-07-15T20:35:08.765+0000] {logging_mixin.py:150} INFO - [2023-07-15T20:35:08.764+0000] {dagbag.py:541} INFO - Filling up the DagBag from /opt/airflow/dags/include/operators/apache_livy_operator.py
[2023-07-15T20:35:08.768+0000] {processor.py:838} WARNING - No viable dags retrieved from /opt/airflow/dags/include/operators/apache_livy_operator.py
[2023-07-15T20:35:08.785+0000] {processor.py:179} INFO - Processing /opt/airflow/dags/include/operators/apache_livy_operator.py took 0.032 seconds
