[2023-07-15T19:35:58.440+0000] {processor.py:157} INFO - Started process (PID=40) to work on /opt/airflow/dags/include/operators/selenium_operator.py
[2023-07-15T19:35:58.442+0000] {processor.py:826} INFO - Processing file /opt/airflow/dags/include/operators/selenium_operator.py for tasks to queue
[2023-07-15T19:35:58.443+0000] {logging_mixin.py:150} INFO - [2023-07-15T19:35:58.443+0000] {dagbag.py:541} INFO - Filling up the DagBag from /opt/airflow/dags/include/operators/selenium_operator.py
[2023-07-15T19:35:58.448+0000] {processor.py:838} WARNING - No viable dags retrieved from /opt/airflow/dags/include/operators/selenium_operator.py
[2023-07-15T19:35:58.466+0000] {processor.py:179} INFO - Processing /opt/airflow/dags/include/operators/selenium_operator.py took 0.031 seconds
[2023-07-15T19:36:28.961+0000] {processor.py:157} INFO - Started process (PID=110) to work on /opt/airflow/dags/include/operators/selenium_operator.py
[2023-07-15T19:36:28.962+0000] {processor.py:826} INFO - Processing file /opt/airflow/dags/include/operators/selenium_operator.py for tasks to queue
[2023-07-15T19:36:28.963+0000] {logging_mixin.py:150} INFO - [2023-07-15T19:36:28.962+0000] {dagbag.py:541} INFO - Filling up the DagBag from /opt/airflow/dags/include/operators/selenium_operator.py
[2023-07-15T19:36:28.965+0000] {processor.py:838} WARNING - No viable dags retrieved from /opt/airflow/dags/include/operators/selenium_operator.py
[2023-07-15T19:36:28.977+0000] {processor.py:179} INFO - Processing /opt/airflow/dags/include/operators/selenium_operator.py took 0.020 seconds
[2023-07-15T19:36:59.469+0000] {processor.py:157} INFO - Started process (PID=148) to work on /opt/airflow/dags/include/operators/selenium_operator.py
[2023-07-15T19:36:59.470+0000] {processor.py:826} INFO - Processing file /opt/airflow/dags/include/operators/selenium_operator.py for tasks to queue
[2023-07-15T19:36:59.471+0000] {logging_mixin.py:150} INFO - [2023-07-15T19:36:59.471+0000] {dagbag.py:541} INFO - Filling up the DagBag from /opt/airflow/dags/include/operators/selenium_operator.py
[2023-07-15T19:36:59.473+0000] {processor.py:838} WARNING - No viable dags retrieved from /opt/airflow/dags/include/operators/selenium_operator.py
[2023-07-15T19:36:59.485+0000] {processor.py:179} INFO - Processing /opt/airflow/dags/include/operators/selenium_operator.py took 0.019 seconds
[2023-07-15T19:37:29.735+0000] {processor.py:157} INFO - Started process (PID=192) to work on /opt/airflow/dags/include/operators/selenium_operator.py
[2023-07-15T19:37:29.737+0000] {processor.py:826} INFO - Processing file /opt/airflow/dags/include/operators/selenium_operator.py for tasks to queue
[2023-07-15T19:37:29.738+0000] {logging_mixin.py:150} INFO - [2023-07-15T19:37:29.737+0000] {dagbag.py:541} INFO - Filling up the DagBag from /opt/airflow/dags/include/operators/selenium_operator.py
[2023-07-15T19:37:29.740+0000] {processor.py:838} WARNING - No viable dags retrieved from /opt/airflow/dags/include/operators/selenium_operator.py
[2023-07-15T19:37:29.755+0000] {processor.py:179} INFO - Processing /opt/airflow/dags/include/operators/selenium_operator.py took 0.023 seconds
[2023-07-15T19:38:00.003+0000] {processor.py:157} INFO - Started process (PID=230) to work on /opt/airflow/dags/include/operators/selenium_operator.py
[2023-07-15T19:38:00.004+0000] {processor.py:826} INFO - Processing file /opt/airflow/dags/include/operators/selenium_operator.py for tasks to queue
[2023-07-15T19:38:00.006+0000] {logging_mixin.py:150} INFO - [2023-07-15T19:38:00.005+0000] {dagbag.py:541} INFO - Filling up the DagBag from /opt/airflow/dags/include/operators/selenium_operator.py
[2023-07-15T19:38:00.009+0000] {processor.py:838} WARNING - No viable dags retrieved from /opt/airflow/dags/include/operators/selenium_operator.py
[2023-07-15T19:38:00.029+0000] {processor.py:179} INFO - Processing /opt/airflow/dags/include/operators/selenium_operator.py took 0.030 seconds
[2023-07-15T19:38:30.211+0000] {processor.py:157} INFO - Started process (PID=274) to work on /opt/airflow/dags/include/operators/selenium_operator.py
[2023-07-15T19:38:30.212+0000] {processor.py:826} INFO - Processing file /opt/airflow/dags/include/operators/selenium_operator.py for tasks to queue
[2023-07-15T19:38:30.213+0000] {logging_mixin.py:150} INFO - [2023-07-15T19:38:30.213+0000] {dagbag.py:541} INFO - Filling up the DagBag from /opt/airflow/dags/include/operators/selenium_operator.py
[2023-07-15T19:38:30.215+0000] {processor.py:838} WARNING - No viable dags retrieved from /opt/airflow/dags/include/operators/selenium_operator.py
[2023-07-15T19:38:30.228+0000] {processor.py:179} INFO - Processing /opt/airflow/dags/include/operators/selenium_operator.py took 0.020 seconds
[2023-07-15T19:39:00.397+0000] {processor.py:157} INFO - Started process (PID=312) to work on /opt/airflow/dags/include/operators/selenium_operator.py
[2023-07-15T19:39:00.398+0000] {processor.py:826} INFO - Processing file /opt/airflow/dags/include/operators/selenium_operator.py for tasks to queue
[2023-07-15T19:39:00.399+0000] {logging_mixin.py:150} INFO - [2023-07-15T19:39:00.399+0000] {dagbag.py:541} INFO - Filling up the DagBag from /opt/airflow/dags/include/operators/selenium_operator.py
[2023-07-15T19:39:00.402+0000] {processor.py:838} WARNING - No viable dags retrieved from /opt/airflow/dags/include/operators/selenium_operator.py
[2023-07-15T19:39:00.416+0000] {processor.py:179} INFO - Processing /opt/airflow/dags/include/operators/selenium_operator.py took 0.021 seconds
[2023-07-15T19:39:30.618+0000] {processor.py:157} INFO - Started process (PID=350) to work on /opt/airflow/dags/include/operators/selenium_operator.py
[2023-07-15T19:39:30.619+0000] {processor.py:826} INFO - Processing file /opt/airflow/dags/include/operators/selenium_operator.py for tasks to queue
[2023-07-15T19:39:30.620+0000] {logging_mixin.py:150} INFO - [2023-07-15T19:39:30.620+0000] {dagbag.py:541} INFO - Filling up the DagBag from /opt/airflow/dags/include/operators/selenium_operator.py
[2023-07-15T19:39:30.622+0000] {processor.py:838} WARNING - No viable dags retrieved from /opt/airflow/dags/include/operators/selenium_operator.py
[2023-07-15T19:39:30.638+0000] {processor.py:179} INFO - Processing /opt/airflow/dags/include/operators/selenium_operator.py took 0.024 seconds
[2023-07-15T20:21:26.963+0000] {processor.py:157} INFO - Started process (PID=40) to work on /opt/airflow/dags/include/operators/selenium_operator.py
[2023-07-15T20:21:26.965+0000] {processor.py:826} INFO - Processing file /opt/airflow/dags/include/operators/selenium_operator.py for tasks to queue
[2023-07-15T20:21:26.966+0000] {logging_mixin.py:150} INFO - [2023-07-15T20:21:26.966+0000] {dagbag.py:541} INFO - Filling up the DagBag from /opt/airflow/dags/include/operators/selenium_operator.py
[2023-07-15T20:21:26.970+0000] {processor.py:838} WARNING - No viable dags retrieved from /opt/airflow/dags/include/operators/selenium_operator.py
[2023-07-15T20:21:26.985+0000] {processor.py:179} INFO - Processing /opt/airflow/dags/include/operators/selenium_operator.py took 0.026 seconds
[2023-07-15T20:21:57.857+0000] {processor.py:157} INFO - Started process (PID=110) to work on /opt/airflow/dags/include/operators/selenium_operator.py
[2023-07-15T20:21:57.858+0000] {processor.py:826} INFO - Processing file /opt/airflow/dags/include/operators/selenium_operator.py for tasks to queue
[2023-07-15T20:21:57.859+0000] {logging_mixin.py:150} INFO - [2023-07-15T20:21:57.859+0000] {dagbag.py:541} INFO - Filling up the DagBag from /opt/airflow/dags/include/operators/selenium_operator.py
[2023-07-15T20:21:57.861+0000] {processor.py:838} WARNING - No viable dags retrieved from /opt/airflow/dags/include/operators/selenium_operator.py
[2023-07-15T20:21:57.873+0000] {processor.py:179} INFO - Processing /opt/airflow/dags/include/operators/selenium_operator.py took 0.019 seconds
[2023-07-15T20:22:28.469+0000] {processor.py:157} INFO - Started process (PID=154) to work on /opt/airflow/dags/include/operators/selenium_operator.py
[2023-07-15T20:22:28.470+0000] {processor.py:826} INFO - Processing file /opt/airflow/dags/include/operators/selenium_operator.py for tasks to queue
[2023-07-15T20:22:28.471+0000] {logging_mixin.py:150} INFO - [2023-07-15T20:22:28.471+0000] {dagbag.py:541} INFO - Filling up the DagBag from /opt/airflow/dags/include/operators/selenium_operator.py
[2023-07-15T20:22:28.473+0000] {processor.py:838} WARNING - No viable dags retrieved from /opt/airflow/dags/include/operators/selenium_operator.py
[2023-07-15T20:22:28.486+0000] {processor.py:179} INFO - Processing /opt/airflow/dags/include/operators/selenium_operator.py took 0.019 seconds
[2023-07-15T20:22:58.668+0000] {processor.py:157} INFO - Started process (PID=192) to work on /opt/airflow/dags/include/operators/selenium_operator.py
[2023-07-15T20:22:58.669+0000] {processor.py:826} INFO - Processing file /opt/airflow/dags/include/operators/selenium_operator.py for tasks to queue
[2023-07-15T20:22:58.670+0000] {logging_mixin.py:150} INFO - [2023-07-15T20:22:58.670+0000] {dagbag.py:541} INFO - Filling up the DagBag from /opt/airflow/dags/include/operators/selenium_operator.py
[2023-07-15T20:22:58.672+0000] {processor.py:838} WARNING - No viable dags retrieved from /opt/airflow/dags/include/operators/selenium_operator.py
[2023-07-15T20:22:58.684+0000] {processor.py:179} INFO - Processing /opt/airflow/dags/include/operators/selenium_operator.py took 0.019 seconds
[2023-07-15T20:23:28.982+0000] {processor.py:157} INFO - Started process (PID=236) to work on /opt/airflow/dags/include/operators/selenium_operator.py
[2023-07-15T20:23:28.983+0000] {processor.py:826} INFO - Processing file /opt/airflow/dags/include/operators/selenium_operator.py for tasks to queue
[2023-07-15T20:23:28.984+0000] {logging_mixin.py:150} INFO - [2023-07-15T20:23:28.983+0000] {dagbag.py:541} INFO - Filling up the DagBag from /opt/airflow/dags/include/operators/selenium_operator.py
[2023-07-15T20:23:28.986+0000] {processor.py:838} WARNING - No viable dags retrieved from /opt/airflow/dags/include/operators/selenium_operator.py
[2023-07-15T20:23:28.998+0000] {processor.py:179} INFO - Processing /opt/airflow/dags/include/operators/selenium_operator.py took 0.020 seconds
[2023-07-15T20:23:59.423+0000] {processor.py:157} INFO - Started process (PID=274) to work on /opt/airflow/dags/include/operators/selenium_operator.py
[2023-07-15T20:23:59.425+0000] {processor.py:826} INFO - Processing file /opt/airflow/dags/include/operators/selenium_operator.py for tasks to queue
[2023-07-15T20:23:59.425+0000] {logging_mixin.py:150} INFO - [2023-07-15T20:23:59.425+0000] {dagbag.py:541} INFO - Filling up the DagBag from /opt/airflow/dags/include/operators/selenium_operator.py
[2023-07-15T20:23:59.427+0000] {processor.py:838} WARNING - No viable dags retrieved from /opt/airflow/dags/include/operators/selenium_operator.py
[2023-07-15T20:23:59.440+0000] {processor.py:179} INFO - Processing /opt/airflow/dags/include/operators/selenium_operator.py took 0.020 seconds
[2023-07-15T20:24:29.739+0000] {processor.py:157} INFO - Started process (PID=311) to work on /opt/airflow/dags/include/operators/selenium_operator.py
[2023-07-15T20:24:29.740+0000] {processor.py:826} INFO - Processing file /opt/airflow/dags/include/operators/selenium_operator.py for tasks to queue
[2023-07-15T20:24:29.741+0000] {logging_mixin.py:150} INFO - [2023-07-15T20:24:29.740+0000] {dagbag.py:541} INFO - Filling up the DagBag from /opt/airflow/dags/include/operators/selenium_operator.py
[2023-07-15T20:24:29.743+0000] {processor.py:838} WARNING - No viable dags retrieved from /opt/airflow/dags/include/operators/selenium_operator.py
[2023-07-15T20:24:29.755+0000] {processor.py:179} INFO - Processing /opt/airflow/dags/include/operators/selenium_operator.py took 0.019 seconds
[2023-07-15T20:25:00.069+0000] {processor.py:157} INFO - Started process (PID=350) to work on /opt/airflow/dags/include/operators/selenium_operator.py
[2023-07-15T20:25:00.070+0000] {processor.py:826} INFO - Processing file /opt/airflow/dags/include/operators/selenium_operator.py for tasks to queue
[2023-07-15T20:25:00.071+0000] {logging_mixin.py:150} INFO - [2023-07-15T20:25:00.071+0000] {dagbag.py:541} INFO - Filling up the DagBag from /opt/airflow/dags/include/operators/selenium_operator.py
[2023-07-15T20:25:00.073+0000] {processor.py:838} WARNING - No viable dags retrieved from /opt/airflow/dags/include/operators/selenium_operator.py
[2023-07-15T20:25:00.089+0000] {processor.py:179} INFO - Processing /opt/airflow/dags/include/operators/selenium_operator.py took 0.023 seconds
[2023-07-15T20:25:30.600+0000] {processor.py:157} INFO - Started process (PID=388) to work on /opt/airflow/dags/include/operators/selenium_operator.py
[2023-07-15T20:25:30.601+0000] {processor.py:826} INFO - Processing file /opt/airflow/dags/include/operators/selenium_operator.py for tasks to queue
[2023-07-15T20:25:30.602+0000] {logging_mixin.py:150} INFO - [2023-07-15T20:25:30.601+0000] {dagbag.py:541} INFO - Filling up the DagBag from /opt/airflow/dags/include/operators/selenium_operator.py
[2023-07-15T20:25:30.604+0000] {processor.py:838} WARNING - No viable dags retrieved from /opt/airflow/dags/include/operators/selenium_operator.py
[2023-07-15T20:25:30.659+0000] {processor.py:179} INFO - Processing /opt/airflow/dags/include/operators/selenium_operator.py took 0.063 seconds
[2023-07-15T20:26:01.085+0000] {processor.py:157} INFO - Started process (PID=426) to work on /opt/airflow/dags/include/operators/selenium_operator.py
[2023-07-15T20:26:01.086+0000] {processor.py:826} INFO - Processing file /opt/airflow/dags/include/operators/selenium_operator.py for tasks to queue
[2023-07-15T20:26:01.087+0000] {logging_mixin.py:150} INFO - [2023-07-15T20:26:01.087+0000] {dagbag.py:541} INFO - Filling up the DagBag from /opt/airflow/dags/include/operators/selenium_operator.py
[2023-07-15T20:26:01.089+0000] {processor.py:838} WARNING - No viable dags retrieved from /opt/airflow/dags/include/operators/selenium_operator.py
[2023-07-15T20:26:01.103+0000] {processor.py:179} INFO - Processing /opt/airflow/dags/include/operators/selenium_operator.py took 0.021 seconds
[2023-07-15T20:26:31.384+0000] {processor.py:157} INFO - Started process (PID=464) to work on /opt/airflow/dags/include/operators/selenium_operator.py
[2023-07-15T20:26:31.385+0000] {processor.py:826} INFO - Processing file /opt/airflow/dags/include/operators/selenium_operator.py for tasks to queue
[2023-07-15T20:26:31.386+0000] {logging_mixin.py:150} INFO - [2023-07-15T20:26:31.386+0000] {dagbag.py:541} INFO - Filling up the DagBag from /opt/airflow/dags/include/operators/selenium_operator.py
[2023-07-15T20:26:31.388+0000] {processor.py:838} WARNING - No viable dags retrieved from /opt/airflow/dags/include/operators/selenium_operator.py
[2023-07-15T20:26:31.401+0000] {processor.py:179} INFO - Processing /opt/airflow/dags/include/operators/selenium_operator.py took 0.020 seconds
[2023-07-15T20:27:01.681+0000] {processor.py:157} INFO - Started process (PID=502) to work on /opt/airflow/dags/include/operators/selenium_operator.py
[2023-07-15T20:27:01.682+0000] {processor.py:826} INFO - Processing file /opt/airflow/dags/include/operators/selenium_operator.py for tasks to queue
[2023-07-15T20:27:01.683+0000] {logging_mixin.py:150} INFO - [2023-07-15T20:27:01.683+0000] {dagbag.py:541} INFO - Filling up the DagBag from /opt/airflow/dags/include/operators/selenium_operator.py
[2023-07-15T20:27:01.685+0000] {processor.py:838} WARNING - No viable dags retrieved from /opt/airflow/dags/include/operators/selenium_operator.py
[2023-07-15T20:27:01.698+0000] {processor.py:179} INFO - Processing /opt/airflow/dags/include/operators/selenium_operator.py took 0.020 seconds
[2023-07-15T20:27:32.288+0000] {processor.py:157} INFO - Started process (PID=540) to work on /opt/airflow/dags/include/operators/selenium_operator.py
[2023-07-15T20:27:32.289+0000] {processor.py:826} INFO - Processing file /opt/airflow/dags/include/operators/selenium_operator.py for tasks to queue
[2023-07-15T20:27:32.290+0000] {logging_mixin.py:150} INFO - [2023-07-15T20:27:32.289+0000] {dagbag.py:541} INFO - Filling up the DagBag from /opt/airflow/dags/include/operators/selenium_operator.py
[2023-07-15T20:27:32.293+0000] {processor.py:838} WARNING - No viable dags retrieved from /opt/airflow/dags/include/operators/selenium_operator.py
[2023-07-15T20:27:32.306+0000] {processor.py:179} INFO - Processing /opt/airflow/dags/include/operators/selenium_operator.py took 0.022 seconds
[2023-07-15T20:28:02.762+0000] {processor.py:157} INFO - Started process (PID=578) to work on /opt/airflow/dags/include/operators/selenium_operator.py
[2023-07-15T20:28:02.763+0000] {processor.py:826} INFO - Processing file /opt/airflow/dags/include/operators/selenium_operator.py for tasks to queue
[2023-07-15T20:28:02.763+0000] {logging_mixin.py:150} INFO - [2023-07-15T20:28:02.763+0000] {dagbag.py:541} INFO - Filling up the DagBag from /opt/airflow/dags/include/operators/selenium_operator.py
[2023-07-15T20:28:02.765+0000] {processor.py:838} WARNING - No viable dags retrieved from /opt/airflow/dags/include/operators/selenium_operator.py
[2023-07-15T20:28:02.778+0000] {processor.py:179} INFO - Processing /opt/airflow/dags/include/operators/selenium_operator.py took 0.020 seconds
[2023-07-15T20:28:33.619+0000] {processor.py:157} INFO - Started process (PID=603) to work on /opt/airflow/dags/include/operators/selenium_operator.py
[2023-07-15T20:28:33.621+0000] {processor.py:826} INFO - Processing file /opt/airflow/dags/include/operators/selenium_operator.py for tasks to queue
[2023-07-15T20:28:33.621+0000] {logging_mixin.py:150} INFO - [2023-07-15T20:28:33.621+0000] {dagbag.py:541} INFO - Filling up the DagBag from /opt/airflow/dags/include/operators/selenium_operator.py
[2023-07-15T20:28:33.624+0000] {processor.py:838} WARNING - No viable dags retrieved from /opt/airflow/dags/include/operators/selenium_operator.py
[2023-07-15T20:28:33.637+0000] {processor.py:179} INFO - Processing /opt/airflow/dags/include/operators/selenium_operator.py took 0.021 seconds
[2023-07-15T20:29:03.854+0000] {processor.py:157} INFO - Started process (PID=641) to work on /opt/airflow/dags/include/operators/selenium_operator.py
[2023-07-15T20:29:03.855+0000] {processor.py:826} INFO - Processing file /opt/airflow/dags/include/operators/selenium_operator.py for tasks to queue
[2023-07-15T20:29:03.856+0000] {logging_mixin.py:150} INFO - [2023-07-15T20:29:03.856+0000] {dagbag.py:541} INFO - Filling up the DagBag from /opt/airflow/dags/include/operators/selenium_operator.py
[2023-07-15T20:29:03.858+0000] {processor.py:838} WARNING - No viable dags retrieved from /opt/airflow/dags/include/operators/selenium_operator.py
[2023-07-15T20:29:03.870+0000] {processor.py:179} INFO - Processing /opt/airflow/dags/include/operators/selenium_operator.py took 0.019 seconds
[2023-07-15T20:29:34.300+0000] {processor.py:157} INFO - Started process (PID=679) to work on /opt/airflow/dags/include/operators/selenium_operator.py
[2023-07-15T20:29:34.301+0000] {processor.py:826} INFO - Processing file /opt/airflow/dags/include/operators/selenium_operator.py for tasks to queue
[2023-07-15T20:29:34.302+0000] {logging_mixin.py:150} INFO - [2023-07-15T20:29:34.302+0000] {dagbag.py:541} INFO - Filling up the DagBag from /opt/airflow/dags/include/operators/selenium_operator.py
[2023-07-15T20:29:34.304+0000] {processor.py:838} WARNING - No viable dags retrieved from /opt/airflow/dags/include/operators/selenium_operator.py
[2023-07-15T20:29:34.318+0000] {processor.py:179} INFO - Processing /opt/airflow/dags/include/operators/selenium_operator.py took 0.021 seconds
[2023-07-15T20:30:04.744+0000] {processor.py:157} INFO - Started process (PID=717) to work on /opt/airflow/dags/include/operators/selenium_operator.py
[2023-07-15T20:30:04.746+0000] {processor.py:826} INFO - Processing file /opt/airflow/dags/include/operators/selenium_operator.py for tasks to queue
[2023-07-15T20:30:04.746+0000] {logging_mixin.py:150} INFO - [2023-07-15T20:30:04.746+0000] {dagbag.py:541} INFO - Filling up the DagBag from /opt/airflow/dags/include/operators/selenium_operator.py
[2023-07-15T20:30:04.748+0000] {processor.py:838} WARNING - No viable dags retrieved from /opt/airflow/dags/include/operators/selenium_operator.py
[2023-07-15T20:30:04.762+0000] {processor.py:179} INFO - Processing /opt/airflow/dags/include/operators/selenium_operator.py took 0.021 seconds
[2023-07-15T20:30:35.047+0000] {processor.py:157} INFO - Started process (PID=755) to work on /opt/airflow/dags/include/operators/selenium_operator.py
[2023-07-15T20:30:35.048+0000] {processor.py:826} INFO - Processing file /opt/airflow/dags/include/operators/selenium_operator.py for tasks to queue
[2023-07-15T20:30:35.049+0000] {logging_mixin.py:150} INFO - [2023-07-15T20:30:35.048+0000] {dagbag.py:541} INFO - Filling up the DagBag from /opt/airflow/dags/include/operators/selenium_operator.py
[2023-07-15T20:30:35.051+0000] {processor.py:838} WARNING - No viable dags retrieved from /opt/airflow/dags/include/operators/selenium_operator.py
[2023-07-15T20:30:35.065+0000] {processor.py:179} INFO - Processing /opt/airflow/dags/include/operators/selenium_operator.py took 0.022 seconds
[2023-07-15T20:31:05.393+0000] {processor.py:157} INFO - Started process (PID=793) to work on /opt/airflow/dags/include/operators/selenium_operator.py
[2023-07-15T20:31:05.394+0000] {processor.py:826} INFO - Processing file /opt/airflow/dags/include/operators/selenium_operator.py for tasks to queue
[2023-07-15T20:31:05.395+0000] {logging_mixin.py:150} INFO - [2023-07-15T20:31:05.395+0000] {dagbag.py:541} INFO - Filling up the DagBag from /opt/airflow/dags/include/operators/selenium_operator.py
[2023-07-15T20:31:05.397+0000] {processor.py:838} WARNING - No viable dags retrieved from /opt/airflow/dags/include/operators/selenium_operator.py
[2023-07-15T20:31:05.412+0000] {processor.py:179} INFO - Processing /opt/airflow/dags/include/operators/selenium_operator.py took 0.022 seconds
[2023-07-15T20:31:35.700+0000] {processor.py:157} INFO - Started process (PID=831) to work on /opt/airflow/dags/include/operators/selenium_operator.py
[2023-07-15T20:31:35.702+0000] {processor.py:826} INFO - Processing file /opt/airflow/dags/include/operators/selenium_operator.py for tasks to queue
[2023-07-15T20:31:35.703+0000] {logging_mixin.py:150} INFO - [2023-07-15T20:31:35.702+0000] {dagbag.py:541} INFO - Filling up the DagBag from /opt/airflow/dags/include/operators/selenium_operator.py
[2023-07-15T20:31:35.705+0000] {processor.py:838} WARNING - No viable dags retrieved from /opt/airflow/dags/include/operators/selenium_operator.py
[2023-07-15T20:31:35.719+0000] {processor.py:179} INFO - Processing /opt/airflow/dags/include/operators/selenium_operator.py took 0.022 seconds
[2023-07-15T20:32:06.048+0000] {processor.py:157} INFO - Started process (PID=868) to work on /opt/airflow/dags/include/operators/selenium_operator.py
[2023-07-15T20:32:06.048+0000] {processor.py:826} INFO - Processing file /opt/airflow/dags/include/operators/selenium_operator.py for tasks to queue
[2023-07-15T20:32:06.049+0000] {logging_mixin.py:150} INFO - [2023-07-15T20:32:06.049+0000] {dagbag.py:541} INFO - Filling up the DagBag from /opt/airflow/dags/include/operators/selenium_operator.py
[2023-07-15T20:32:06.052+0000] {processor.py:838} WARNING - No viable dags retrieved from /opt/airflow/dags/include/operators/selenium_operator.py
[2023-07-15T20:32:06.064+0000] {processor.py:179} INFO - Processing /opt/airflow/dags/include/operators/selenium_operator.py took 0.019 seconds
[2023-07-15T20:32:36.350+0000] {processor.py:157} INFO - Started process (PID=907) to work on /opt/airflow/dags/include/operators/selenium_operator.py
[2023-07-15T20:32:36.352+0000] {processor.py:826} INFO - Processing file /opt/airflow/dags/include/operators/selenium_operator.py for tasks to queue
[2023-07-15T20:32:36.353+0000] {logging_mixin.py:150} INFO - [2023-07-15T20:32:36.353+0000] {dagbag.py:541} INFO - Filling up the DagBag from /opt/airflow/dags/include/operators/selenium_operator.py
[2023-07-15T20:32:36.355+0000] {processor.py:838} WARNING - No viable dags retrieved from /opt/airflow/dags/include/operators/selenium_operator.py
[2023-07-15T20:32:36.369+0000] {processor.py:179} INFO - Processing /opt/airflow/dags/include/operators/selenium_operator.py took 0.022 seconds
[2023-07-15T20:33:06.669+0000] {processor.py:157} INFO - Started process (PID=945) to work on /opt/airflow/dags/include/operators/selenium_operator.py
[2023-07-15T20:33:06.670+0000] {processor.py:826} INFO - Processing file /opt/airflow/dags/include/operators/selenium_operator.py for tasks to queue
[2023-07-15T20:33:06.671+0000] {logging_mixin.py:150} INFO - [2023-07-15T20:33:06.671+0000] {dagbag.py:541} INFO - Filling up the DagBag from /opt/airflow/dags/include/operators/selenium_operator.py
[2023-07-15T20:33:06.673+0000] {processor.py:838} WARNING - No viable dags retrieved from /opt/airflow/dags/include/operators/selenium_operator.py
[2023-07-15T20:33:06.687+0000] {processor.py:179} INFO - Processing /opt/airflow/dags/include/operators/selenium_operator.py took 0.023 seconds
[2023-07-15T20:33:37.053+0000] {processor.py:157} INFO - Started process (PID=982) to work on /opt/airflow/dags/include/operators/selenium_operator.py
[2023-07-15T20:33:37.054+0000] {processor.py:826} INFO - Processing file /opt/airflow/dags/include/operators/selenium_operator.py for tasks to queue
[2023-07-15T20:33:37.055+0000] {logging_mixin.py:150} INFO - [2023-07-15T20:33:37.055+0000] {dagbag.py:541} INFO - Filling up the DagBag from /opt/airflow/dags/include/operators/selenium_operator.py
[2023-07-15T20:33:37.057+0000] {processor.py:838} WARNING - No viable dags retrieved from /opt/airflow/dags/include/operators/selenium_operator.py
[2023-07-15T20:33:37.070+0000] {processor.py:179} INFO - Processing /opt/airflow/dags/include/operators/selenium_operator.py took 0.021 seconds
[2023-07-15T20:34:07.423+0000] {processor.py:157} INFO - Started process (PID=1020) to work on /opt/airflow/dags/include/operators/selenium_operator.py
[2023-07-15T20:34:07.424+0000] {processor.py:826} INFO - Processing file /opt/airflow/dags/include/operators/selenium_operator.py for tasks to queue
[2023-07-15T20:34:07.425+0000] {logging_mixin.py:150} INFO - [2023-07-15T20:34:07.425+0000] {dagbag.py:541} INFO - Filling up the DagBag from /opt/airflow/dags/include/operators/selenium_operator.py
[2023-07-15T20:34:07.428+0000] {processor.py:838} WARNING - No viable dags retrieved from /opt/airflow/dags/include/operators/selenium_operator.py
[2023-07-15T20:34:07.446+0000] {processor.py:179} INFO - Processing /opt/airflow/dags/include/operators/selenium_operator.py took 0.029 seconds
[2023-07-15T20:34:38.090+0000] {processor.py:157} INFO - Started process (PID=1059) to work on /opt/airflow/dags/include/operators/selenium_operator.py
[2023-07-15T20:34:38.092+0000] {processor.py:826} INFO - Processing file /opt/airflow/dags/include/operators/selenium_operator.py for tasks to queue
[2023-07-15T20:34:38.092+0000] {logging_mixin.py:150} INFO - [2023-07-15T20:34:38.092+0000] {dagbag.py:541} INFO - Filling up the DagBag from /opt/airflow/dags/include/operators/selenium_operator.py
[2023-07-15T20:34:38.095+0000] {processor.py:838} WARNING - No viable dags retrieved from /opt/airflow/dags/include/operators/selenium_operator.py
[2023-07-15T20:34:38.111+0000] {processor.py:179} INFO - Processing /opt/airflow/dags/include/operators/selenium_operator.py took 0.024 seconds
[2023-07-15T20:35:08.419+0000] {processor.py:157} INFO - Started process (PID=1096) to work on /opt/airflow/dags/include/operators/selenium_operator.py
[2023-07-15T20:35:08.420+0000] {processor.py:826} INFO - Processing file /opt/airflow/dags/include/operators/selenium_operator.py for tasks to queue
[2023-07-15T20:35:08.421+0000] {logging_mixin.py:150} INFO - [2023-07-15T20:35:08.421+0000] {dagbag.py:541} INFO - Filling up the DagBag from /opt/airflow/dags/include/operators/selenium_operator.py
[2023-07-15T20:35:08.424+0000] {processor.py:838} WARNING - No viable dags retrieved from /opt/airflow/dags/include/operators/selenium_operator.py
[2023-07-15T20:35:08.441+0000] {processor.py:179} INFO - Processing /opt/airflow/dags/include/operators/selenium_operator.py took 0.026 seconds
