[2023-07-15T19:35:58.679+0000] {processor.py:157} INFO - Started process (PID=47) to work on /opt/airflow/dags/include/operators/spark_operator.py
[2023-07-15T19:35:58.680+0000] {processor.py:826} INFO - Processing file /opt/airflow/dags/include/operators/spark_operator.py for tasks to queue
[2023-07-15T19:35:58.681+0000] {logging_mixin.py:150} INFO - [2023-07-15T19:35:58.681+0000] {dagbag.py:541} INFO - Filling up the DagBag from /opt/airflow/dags/include/operators/spark_operator.py
[2023-07-15T19:35:58.684+0000] {processor.py:838} WARNING - No viable dags retrieved from /opt/airflow/dags/include/operators/spark_operator.py
[2023-07-15T19:35:58.699+0000] {processor.py:179} INFO - Processing /opt/airflow/dags/include/operators/spark_operator.py took 0.024 seconds
[2023-07-15T19:36:29.086+0000] {processor.py:157} INFO - Started process (PID=117) to work on /opt/airflow/dags/include/operators/spark_operator.py
[2023-07-15T19:36:29.088+0000] {processor.py:826} INFO - Processing file /opt/airflow/dags/include/operators/spark_operator.py for tasks to queue
[2023-07-15T19:36:29.089+0000] {logging_mixin.py:150} INFO - [2023-07-15T19:36:29.089+0000] {dagbag.py:541} INFO - Filling up the DagBag from /opt/airflow/dags/include/operators/spark_operator.py
[2023-07-15T19:36:29.091+0000] {processor.py:838} WARNING - No viable dags retrieved from /opt/airflow/dags/include/operators/spark_operator.py
[2023-07-15T19:36:29.101+0000] {processor.py:179} INFO - Processing /opt/airflow/dags/include/operators/spark_operator.py took 0.018 seconds
[2023-07-15T19:36:59.615+0000] {processor.py:157} INFO - Started process (PID=155) to work on /opt/airflow/dags/include/operators/spark_operator.py
[2023-07-15T19:36:59.616+0000] {processor.py:826} INFO - Processing file /opt/airflow/dags/include/operators/spark_operator.py for tasks to queue
[2023-07-15T19:36:59.617+0000] {logging_mixin.py:150} INFO - [2023-07-15T19:36:59.617+0000] {dagbag.py:541} INFO - Filling up the DagBag from /opt/airflow/dags/include/operators/spark_operator.py
[2023-07-15T19:36:59.619+0000] {processor.py:838} WARNING - No viable dags retrieved from /opt/airflow/dags/include/operators/spark_operator.py
[2023-07-15T19:36:59.632+0000] {processor.py:179} INFO - Processing /opt/airflow/dags/include/operators/spark_operator.py took 0.019 seconds
[2023-07-15T19:37:29.864+0000] {processor.py:157} INFO - Started process (PID=199) to work on /opt/airflow/dags/include/operators/spark_operator.py
[2023-07-15T19:37:29.866+0000] {processor.py:826} INFO - Processing file /opt/airflow/dags/include/operators/spark_operator.py for tasks to queue
[2023-07-15T19:37:29.866+0000] {logging_mixin.py:150} INFO - [2023-07-15T19:37:29.866+0000] {dagbag.py:541} INFO - Filling up the DagBag from /opt/airflow/dags/include/operators/spark_operator.py
[2023-07-15T19:37:29.869+0000] {processor.py:838} WARNING - No viable dags retrieved from /opt/airflow/dags/include/operators/spark_operator.py
[2023-07-15T19:37:29.881+0000] {processor.py:179} INFO - Processing /opt/airflow/dags/include/operators/spark_operator.py took 0.020 seconds
[2023-07-15T19:38:00.136+0000] {processor.py:157} INFO - Started process (PID=237) to work on /opt/airflow/dags/include/operators/spark_operator.py
[2023-07-15T19:38:00.137+0000] {processor.py:826} INFO - Processing file /opt/airflow/dags/include/operators/spark_operator.py for tasks to queue
[2023-07-15T19:38:00.138+0000] {logging_mixin.py:150} INFO - [2023-07-15T19:38:00.138+0000] {dagbag.py:541} INFO - Filling up the DagBag from /opt/airflow/dags/include/operators/spark_operator.py
[2023-07-15T19:38:00.140+0000] {processor.py:838} WARNING - No viable dags retrieved from /opt/airflow/dags/include/operators/spark_operator.py
[2023-07-15T19:38:00.152+0000] {processor.py:179} INFO - Processing /opt/airflow/dags/include/operators/spark_operator.py took 0.019 seconds
[2023-07-15T19:38:30.333+0000] {processor.py:157} INFO - Started process (PID=281) to work on /opt/airflow/dags/include/operators/spark_operator.py
[2023-07-15T19:38:30.334+0000] {processor.py:826} INFO - Processing file /opt/airflow/dags/include/operators/spark_operator.py for tasks to queue
[2023-07-15T19:38:30.335+0000] {logging_mixin.py:150} INFO - [2023-07-15T19:38:30.334+0000] {dagbag.py:541} INFO - Filling up the DagBag from /opt/airflow/dags/include/operators/spark_operator.py
[2023-07-15T19:38:30.337+0000] {processor.py:838} WARNING - No viable dags retrieved from /opt/airflow/dags/include/operators/spark_operator.py
[2023-07-15T19:38:30.349+0000] {processor.py:179} INFO - Processing /opt/airflow/dags/include/operators/spark_operator.py took 0.019 seconds
[2023-07-15T19:39:00.523+0000] {processor.py:157} INFO - Started process (PID=319) to work on /opt/airflow/dags/include/operators/spark_operator.py
[2023-07-15T19:39:00.524+0000] {processor.py:826} INFO - Processing file /opt/airflow/dags/include/operators/spark_operator.py for tasks to queue
[2023-07-15T19:39:00.525+0000] {logging_mixin.py:150} INFO - [2023-07-15T19:39:00.525+0000] {dagbag.py:541} INFO - Filling up the DagBag from /opt/airflow/dags/include/operators/spark_operator.py
[2023-07-15T19:39:00.527+0000] {processor.py:838} WARNING - No viable dags retrieved from /opt/airflow/dags/include/operators/spark_operator.py
[2023-07-15T19:39:00.539+0000] {processor.py:179} INFO - Processing /opt/airflow/dags/include/operators/spark_operator.py took 0.020 seconds
[2023-07-15T19:39:30.758+0000] {processor.py:157} INFO - Started process (PID=357) to work on /opt/airflow/dags/include/operators/spark_operator.py
[2023-07-15T19:39:30.759+0000] {processor.py:826} INFO - Processing file /opt/airflow/dags/include/operators/spark_operator.py for tasks to queue
[2023-07-15T19:39:30.760+0000] {logging_mixin.py:150} INFO - [2023-07-15T19:39:30.760+0000] {dagbag.py:541} INFO - Filling up the DagBag from /opt/airflow/dags/include/operators/spark_operator.py
[2023-07-15T19:39:30.763+0000] {processor.py:838} WARNING - No viable dags retrieved from /opt/airflow/dags/include/operators/spark_operator.py
[2023-07-15T19:39:30.777+0000] {processor.py:179} INFO - Processing /opt/airflow/dags/include/operators/spark_operator.py took 0.023 seconds
[2023-07-15T20:21:27.142+0000] {processor.py:157} INFO - Started process (PID=47) to work on /opt/airflow/dags/include/operators/spark_operator.py
[2023-07-15T20:21:27.143+0000] {processor.py:826} INFO - Processing file /opt/airflow/dags/include/operators/spark_operator.py for tasks to queue
[2023-07-15T20:21:27.144+0000] {logging_mixin.py:150} INFO - [2023-07-15T20:21:27.144+0000] {dagbag.py:541} INFO - Filling up the DagBag from /opt/airflow/dags/include/operators/spark_operator.py
[2023-07-15T20:21:27.146+0000] {processor.py:838} WARNING - No viable dags retrieved from /opt/airflow/dags/include/operators/spark_operator.py
[2023-07-15T20:21:27.160+0000] {processor.py:179} INFO - Processing /opt/airflow/dags/include/operators/spark_operator.py took 0.021 seconds
[2023-07-15T20:21:57.984+0000] {processor.py:157} INFO - Started process (PID=117) to work on /opt/airflow/dags/include/operators/spark_operator.py
[2023-07-15T20:21:57.985+0000] {processor.py:826} INFO - Processing file /opt/airflow/dags/include/operators/spark_operator.py for tasks to queue
[2023-07-15T20:21:57.986+0000] {logging_mixin.py:150} INFO - [2023-07-15T20:21:57.985+0000] {dagbag.py:541} INFO - Filling up the DagBag from /opt/airflow/dags/include/operators/spark_operator.py
[2023-07-15T20:21:57.987+0000] {processor.py:838} WARNING - No viable dags retrieved from /opt/airflow/dags/include/operators/spark_operator.py
[2023-07-15T20:21:58.001+0000] {processor.py:179} INFO - Processing /opt/airflow/dags/include/operators/spark_operator.py took 0.020 seconds
[2023-07-15T20:22:28.592+0000] {processor.py:157} INFO - Started process (PID=161) to work on /opt/airflow/dags/include/operators/spark_operator.py
[2023-07-15T20:22:28.592+0000] {processor.py:826} INFO - Processing file /opt/airflow/dags/include/operators/spark_operator.py for tasks to queue
[2023-07-15T20:22:28.593+0000] {logging_mixin.py:150} INFO - [2023-07-15T20:22:28.593+0000] {dagbag.py:541} INFO - Filling up the DagBag from /opt/airflow/dags/include/operators/spark_operator.py
[2023-07-15T20:22:28.595+0000] {processor.py:838} WARNING - No viable dags retrieved from /opt/airflow/dags/include/operators/spark_operator.py
[2023-07-15T20:22:28.609+0000] {processor.py:179} INFO - Processing /opt/airflow/dags/include/operators/spark_operator.py took 0.020 seconds
[2023-07-15T20:22:58.829+0000] {processor.py:157} INFO - Started process (PID=199) to work on /opt/airflow/dags/include/operators/spark_operator.py
[2023-07-15T20:22:58.830+0000] {processor.py:826} INFO - Processing file /opt/airflow/dags/include/operators/spark_operator.py for tasks to queue
[2023-07-15T20:22:58.830+0000] {logging_mixin.py:150} INFO - [2023-07-15T20:22:58.830+0000] {dagbag.py:541} INFO - Filling up the DagBag from /opt/airflow/dags/include/operators/spark_operator.py
[2023-07-15T20:22:58.832+0000] {processor.py:838} WARNING - No viable dags retrieved from /opt/airflow/dags/include/operators/spark_operator.py
[2023-07-15T20:22:58.844+0000] {processor.py:179} INFO - Processing /opt/airflow/dags/include/operators/spark_operator.py took 0.019 seconds
[2023-07-15T20:23:29.160+0000] {processor.py:157} INFO - Started process (PID=243) to work on /opt/airflow/dags/include/operators/spark_operator.py
[2023-07-15T20:23:29.161+0000] {processor.py:826} INFO - Processing file /opt/airflow/dags/include/operators/spark_operator.py for tasks to queue
[2023-07-15T20:23:29.163+0000] {logging_mixin.py:150} INFO - [2023-07-15T20:23:29.162+0000] {dagbag.py:541} INFO - Filling up the DagBag from /opt/airflow/dags/include/operators/spark_operator.py
[2023-07-15T20:23:29.165+0000] {processor.py:838} WARNING - No viable dags retrieved from /opt/airflow/dags/include/operators/spark_operator.py
[2023-07-15T20:23:29.180+0000] {processor.py:179} INFO - Processing /opt/airflow/dags/include/operators/spark_operator.py took 0.023 seconds
[2023-07-15T20:23:59.574+0000] {processor.py:157} INFO - Started process (PID=281) to work on /opt/airflow/dags/include/operators/spark_operator.py
[2023-07-15T20:23:59.575+0000] {processor.py:826} INFO - Processing file /opt/airflow/dags/include/operators/spark_operator.py for tasks to queue
[2023-07-15T20:23:59.576+0000] {logging_mixin.py:150} INFO - [2023-07-15T20:23:59.576+0000] {dagbag.py:541} INFO - Filling up the DagBag from /opt/airflow/dags/include/operators/spark_operator.py
[2023-07-15T20:23:59.578+0000] {processor.py:838} WARNING - No viable dags retrieved from /opt/airflow/dags/include/operators/spark_operator.py
[2023-07-15T20:23:59.591+0000] {processor.py:179} INFO - Processing /opt/airflow/dags/include/operators/spark_operator.py took 0.021 seconds
[2023-07-15T20:24:29.909+0000] {processor.py:157} INFO - Started process (PID=319) to work on /opt/airflow/dags/include/operators/spark_operator.py
[2023-07-15T20:24:29.910+0000] {processor.py:826} INFO - Processing file /opt/airflow/dags/include/operators/spark_operator.py for tasks to queue
[2023-07-15T20:24:29.911+0000] {logging_mixin.py:150} INFO - [2023-07-15T20:24:29.911+0000] {dagbag.py:541} INFO - Filling up the DagBag from /opt/airflow/dags/include/operators/spark_operator.py
[2023-07-15T20:24:29.913+0000] {processor.py:838} WARNING - No viable dags retrieved from /opt/airflow/dags/include/operators/spark_operator.py
[2023-07-15T20:24:29.925+0000] {processor.py:179} INFO - Processing /opt/airflow/dags/include/operators/spark_operator.py took 0.019 seconds
[2023-07-15T20:25:00.280+0000] {processor.py:157} INFO - Started process (PID=357) to work on /opt/airflow/dags/include/operators/spark_operator.py
[2023-07-15T20:25:00.281+0000] {processor.py:826} INFO - Processing file /opt/airflow/dags/include/operators/spark_operator.py for tasks to queue
[2023-07-15T20:25:00.282+0000] {logging_mixin.py:150} INFO - [2023-07-15T20:25:00.282+0000] {dagbag.py:541} INFO - Filling up the DagBag from /opt/airflow/dags/include/operators/spark_operator.py
[2023-07-15T20:25:00.284+0000] {processor.py:838} WARNING - No viable dags retrieved from /opt/airflow/dags/include/operators/spark_operator.py
[2023-07-15T20:25:00.297+0000] {processor.py:179} INFO - Processing /opt/airflow/dags/include/operators/spark_operator.py took 0.022 seconds
[2023-07-15T20:25:30.813+0000] {processor.py:157} INFO - Started process (PID=395) to work on /opt/airflow/dags/include/operators/spark_operator.py
[2023-07-15T20:25:30.815+0000] {processor.py:826} INFO - Processing file /opt/airflow/dags/include/operators/spark_operator.py for tasks to queue
[2023-07-15T20:25:30.815+0000] {logging_mixin.py:150} INFO - [2023-07-15T20:25:30.815+0000] {dagbag.py:541} INFO - Filling up the DagBag from /opt/airflow/dags/include/operators/spark_operator.py
[2023-07-15T20:25:30.818+0000] {processor.py:838} WARNING - No viable dags retrieved from /opt/airflow/dags/include/operators/spark_operator.py
[2023-07-15T20:25:30.831+0000] {processor.py:179} INFO - Processing /opt/airflow/dags/include/operators/spark_operator.py took 0.022 seconds
[2023-07-15T20:26:01.252+0000] {processor.py:157} INFO - Started process (PID=433) to work on /opt/airflow/dags/include/operators/spark_operator.py
[2023-07-15T20:26:01.253+0000] {processor.py:826} INFO - Processing file /opt/airflow/dags/include/operators/spark_operator.py for tasks to queue
[2023-07-15T20:26:01.253+0000] {logging_mixin.py:150} INFO - [2023-07-15T20:26:01.253+0000] {dagbag.py:541} INFO - Filling up the DagBag from /opt/airflow/dags/include/operators/spark_operator.py
[2023-07-15T20:26:01.256+0000] {processor.py:838} WARNING - No viable dags retrieved from /opt/airflow/dags/include/operators/spark_operator.py
[2023-07-15T20:26:01.268+0000] {processor.py:179} INFO - Processing /opt/airflow/dags/include/operators/spark_operator.py took 0.020 seconds
[2023-07-15T20:26:31.542+0000] {processor.py:157} INFO - Started process (PID=471) to work on /opt/airflow/dags/include/operators/spark_operator.py
[2023-07-15T20:26:31.543+0000] {processor.py:826} INFO - Processing file /opt/airflow/dags/include/operators/spark_operator.py for tasks to queue
[2023-07-15T20:26:31.544+0000] {logging_mixin.py:150} INFO - [2023-07-15T20:26:31.543+0000] {dagbag.py:541} INFO - Filling up the DagBag from /opt/airflow/dags/include/operators/spark_operator.py
[2023-07-15T20:26:31.546+0000] {processor.py:838} WARNING - No viable dags retrieved from /opt/airflow/dags/include/operators/spark_operator.py
[2023-07-15T20:26:31.557+0000] {processor.py:179} INFO - Processing /opt/airflow/dags/include/operators/spark_operator.py took 0.019 seconds
[2023-07-15T20:27:01.816+0000] {processor.py:157} INFO - Started process (PID=509) to work on /opt/airflow/dags/include/operators/spark_operator.py
[2023-07-15T20:27:01.817+0000] {processor.py:826} INFO - Processing file /opt/airflow/dags/include/operators/spark_operator.py for tasks to queue
[2023-07-15T20:27:01.818+0000] {logging_mixin.py:150} INFO - [2023-07-15T20:27:01.818+0000] {dagbag.py:541} INFO - Filling up the DagBag from /opt/airflow/dags/include/operators/spark_operator.py
[2023-07-15T20:27:01.820+0000] {processor.py:838} WARNING - No viable dags retrieved from /opt/airflow/dags/include/operators/spark_operator.py
[2023-07-15T20:27:01.834+0000] {processor.py:179} INFO - Processing /opt/airflow/dags/include/operators/spark_operator.py took 0.022 seconds
[2023-07-15T20:27:32.429+0000] {processor.py:157} INFO - Started process (PID=547) to work on /opt/airflow/dags/include/operators/spark_operator.py
[2023-07-15T20:27:32.430+0000] {processor.py:826} INFO - Processing file /opt/airflow/dags/include/operators/spark_operator.py for tasks to queue
[2023-07-15T20:27:32.431+0000] {logging_mixin.py:150} INFO - [2023-07-15T20:27:32.430+0000] {dagbag.py:541} INFO - Filling up the DagBag from /opt/airflow/dags/include/operators/spark_operator.py
[2023-07-15T20:27:32.433+0000] {processor.py:838} WARNING - No viable dags retrieved from /opt/airflow/dags/include/operators/spark_operator.py
[2023-07-15T20:27:32.447+0000] {processor.py:179} INFO - Processing /opt/airflow/dags/include/operators/spark_operator.py took 0.022 seconds
[2023-07-15T20:28:02.897+0000] {processor.py:157} INFO - Started process (PID=585) to work on /opt/airflow/dags/include/operators/spark_operator.py
[2023-07-15T20:28:02.898+0000] {processor.py:826} INFO - Processing file /opt/airflow/dags/include/operators/spark_operator.py for tasks to queue
[2023-07-15T20:28:02.899+0000] {logging_mixin.py:150} INFO - [2023-07-15T20:28:02.899+0000] {dagbag.py:541} INFO - Filling up the DagBag from /opt/airflow/dags/include/operators/spark_operator.py
[2023-07-15T20:28:02.901+0000] {processor.py:838} WARNING - No viable dags retrieved from /opt/airflow/dags/include/operators/spark_operator.py
[2023-07-15T20:28:02.917+0000] {processor.py:179} INFO - Processing /opt/airflow/dags/include/operators/spark_operator.py took 0.024 seconds
[2023-07-15T20:28:33.778+0000] {processor.py:157} INFO - Started process (PID=610) to work on /opt/airflow/dags/include/operators/spark_operator.py
[2023-07-15T20:28:33.779+0000] {processor.py:826} INFO - Processing file /opt/airflow/dags/include/operators/spark_operator.py for tasks to queue
[2023-07-15T20:28:33.780+0000] {logging_mixin.py:150} INFO - [2023-07-15T20:28:33.780+0000] {dagbag.py:541} INFO - Filling up the DagBag from /opt/airflow/dags/include/operators/spark_operator.py
[2023-07-15T20:28:33.782+0000] {processor.py:838} WARNING - No viable dags retrieved from /opt/airflow/dags/include/operators/spark_operator.py
[2023-07-15T20:28:33.795+0000] {processor.py:179} INFO - Processing /opt/airflow/dags/include/operators/spark_operator.py took 0.020 seconds
[2023-07-15T20:29:04.087+0000] {processor.py:157} INFO - Started process (PID=648) to work on /opt/airflow/dags/include/operators/spark_operator.py
[2023-07-15T20:29:04.088+0000] {processor.py:826} INFO - Processing file /opt/airflow/dags/include/operators/spark_operator.py for tasks to queue
[2023-07-15T20:29:04.090+0000] {logging_mixin.py:150} INFO - [2023-07-15T20:29:04.089+0000] {dagbag.py:541} INFO - Filling up the DagBag from /opt/airflow/dags/include/operators/spark_operator.py
[2023-07-15T20:29:04.092+0000] {processor.py:838} WARNING - No viable dags retrieved from /opt/airflow/dags/include/operators/spark_operator.py
[2023-07-15T20:29:04.104+0000] {processor.py:179} INFO - Processing /opt/airflow/dags/include/operators/spark_operator.py took 0.021 seconds
[2023-07-15T20:29:34.437+0000] {processor.py:157} INFO - Started process (PID=686) to work on /opt/airflow/dags/include/operators/spark_operator.py
[2023-07-15T20:29:34.438+0000] {processor.py:826} INFO - Processing file /opt/airflow/dags/include/operators/spark_operator.py for tasks to queue
[2023-07-15T20:29:34.439+0000] {logging_mixin.py:150} INFO - [2023-07-15T20:29:34.439+0000] {dagbag.py:541} INFO - Filling up the DagBag from /opt/airflow/dags/include/operators/spark_operator.py
[2023-07-15T20:29:34.442+0000] {processor.py:838} WARNING - No viable dags retrieved from /opt/airflow/dags/include/operators/spark_operator.py
[2023-07-15T20:29:34.455+0000] {processor.py:179} INFO - Processing /opt/airflow/dags/include/operators/spark_operator.py took 0.022 seconds
[2023-07-15T20:30:04.897+0000] {processor.py:157} INFO - Started process (PID=724) to work on /opt/airflow/dags/include/operators/spark_operator.py
[2023-07-15T20:30:04.898+0000] {processor.py:826} INFO - Processing file /opt/airflow/dags/include/operators/spark_operator.py for tasks to queue
[2023-07-15T20:30:04.899+0000] {logging_mixin.py:150} INFO - [2023-07-15T20:30:04.898+0000] {dagbag.py:541} INFO - Filling up the DagBag from /opt/airflow/dags/include/operators/spark_operator.py
[2023-07-15T20:30:04.901+0000] {processor.py:838} WARNING - No viable dags retrieved from /opt/airflow/dags/include/operators/spark_operator.py
[2023-07-15T20:30:04.913+0000] {processor.py:179} INFO - Processing /opt/airflow/dags/include/operators/spark_operator.py took 0.020 seconds
[2023-07-15T20:30:35.215+0000] {processor.py:157} INFO - Started process (PID=762) to work on /opt/airflow/dags/include/operators/spark_operator.py
[2023-07-15T20:30:35.216+0000] {processor.py:826} INFO - Processing file /opt/airflow/dags/include/operators/spark_operator.py for tasks to queue
[2023-07-15T20:30:35.218+0000] {logging_mixin.py:150} INFO - [2023-07-15T20:30:35.217+0000] {dagbag.py:541} INFO - Filling up the DagBag from /opt/airflow/dags/include/operators/spark_operator.py
[2023-07-15T20:30:35.221+0000] {processor.py:838} WARNING - No viable dags retrieved from /opt/airflow/dags/include/operators/spark_operator.py
[2023-07-15T20:30:35.235+0000] {processor.py:179} INFO - Processing /opt/airflow/dags/include/operators/spark_operator.py took 0.023 seconds
[2023-07-15T20:31:05.565+0000] {processor.py:157} INFO - Started process (PID=800) to work on /opt/airflow/dags/include/operators/spark_operator.py
[2023-07-15T20:31:05.566+0000] {processor.py:826} INFO - Processing file /opt/airflow/dags/include/operators/spark_operator.py for tasks to queue
[2023-07-15T20:31:05.567+0000] {logging_mixin.py:150} INFO - [2023-07-15T20:31:05.567+0000] {dagbag.py:541} INFO - Filling up the DagBag from /opt/airflow/dags/include/operators/spark_operator.py
[2023-07-15T20:31:05.570+0000] {processor.py:838} WARNING - No viable dags retrieved from /opt/airflow/dags/include/operators/spark_operator.py
[2023-07-15T20:31:05.584+0000] {processor.py:179} INFO - Processing /opt/airflow/dags/include/operators/spark_operator.py took 0.022 seconds
[2023-07-15T20:31:35.866+0000] {processor.py:157} INFO - Started process (PID=838) to work on /opt/airflow/dags/include/operators/spark_operator.py
[2023-07-15T20:31:35.867+0000] {processor.py:826} INFO - Processing file /opt/airflow/dags/include/operators/spark_operator.py for tasks to queue
[2023-07-15T20:31:35.868+0000] {logging_mixin.py:150} INFO - [2023-07-15T20:31:35.867+0000] {dagbag.py:541} INFO - Filling up the DagBag from /opt/airflow/dags/include/operators/spark_operator.py
[2023-07-15T20:31:35.870+0000] {processor.py:838} WARNING - No viable dags retrieved from /opt/airflow/dags/include/operators/spark_operator.py
[2023-07-15T20:31:35.883+0000] {processor.py:179} INFO - Processing /opt/airflow/dags/include/operators/spark_operator.py took 0.021 seconds
[2023-07-15T20:32:06.217+0000] {processor.py:157} INFO - Started process (PID=876) to work on /opt/airflow/dags/include/operators/spark_operator.py
[2023-07-15T20:32:06.218+0000] {processor.py:826} INFO - Processing file /opt/airflow/dags/include/operators/spark_operator.py for tasks to queue
[2023-07-15T20:32:06.219+0000] {logging_mixin.py:150} INFO - [2023-07-15T20:32:06.219+0000] {dagbag.py:541} INFO - Filling up the DagBag from /opt/airflow/dags/include/operators/spark_operator.py
[2023-07-15T20:32:06.222+0000] {processor.py:838} WARNING - No viable dags retrieved from /opt/airflow/dags/include/operators/spark_operator.py
[2023-07-15T20:32:06.234+0000] {processor.py:179} INFO - Processing /opt/airflow/dags/include/operators/spark_operator.py took 0.020 seconds
[2023-07-15T20:32:36.505+0000] {processor.py:157} INFO - Started process (PID=914) to work on /opt/airflow/dags/include/operators/spark_operator.py
[2023-07-15T20:32:36.506+0000] {processor.py:826} INFO - Processing file /opt/airflow/dags/include/operators/spark_operator.py for tasks to queue
[2023-07-15T20:32:36.506+0000] {logging_mixin.py:150} INFO - [2023-07-15T20:32:36.506+0000] {dagbag.py:541} INFO - Filling up the DagBag from /opt/airflow/dags/include/operators/spark_operator.py
[2023-07-15T20:32:36.508+0000] {processor.py:838} WARNING - No viable dags retrieved from /opt/airflow/dags/include/operators/spark_operator.py
[2023-07-15T20:32:36.521+0000] {processor.py:179} INFO - Processing /opt/airflow/dags/include/operators/spark_operator.py took 0.021 seconds
[2023-07-15T20:33:06.835+0000] {processor.py:157} INFO - Started process (PID=952) to work on /opt/airflow/dags/include/operators/spark_operator.py
[2023-07-15T20:33:06.836+0000] {processor.py:826} INFO - Processing file /opt/airflow/dags/include/operators/spark_operator.py for tasks to queue
[2023-07-15T20:33:06.837+0000] {logging_mixin.py:150} INFO - [2023-07-15T20:33:06.837+0000] {dagbag.py:541} INFO - Filling up the DagBag from /opt/airflow/dags/include/operators/spark_operator.py
[2023-07-15T20:33:06.839+0000] {processor.py:838} WARNING - No viable dags retrieved from /opt/airflow/dags/include/operators/spark_operator.py
[2023-07-15T20:33:06.853+0000] {processor.py:179} INFO - Processing /opt/airflow/dags/include/operators/spark_operator.py took 0.023 seconds
[2023-07-15T20:33:37.244+0000] {processor.py:157} INFO - Started process (PID=990) to work on /opt/airflow/dags/include/operators/spark_operator.py
[2023-07-15T20:33:37.245+0000] {processor.py:826} INFO - Processing file /opt/airflow/dags/include/operators/spark_operator.py for tasks to queue
[2023-07-15T20:33:37.246+0000] {logging_mixin.py:150} INFO - [2023-07-15T20:33:37.245+0000] {dagbag.py:541} INFO - Filling up the DagBag from /opt/airflow/dags/include/operators/spark_operator.py
[2023-07-15T20:33:37.248+0000] {processor.py:838} WARNING - No viable dags retrieved from /opt/airflow/dags/include/operators/spark_operator.py
[2023-07-15T20:33:37.262+0000] {processor.py:179} INFO - Processing /opt/airflow/dags/include/operators/spark_operator.py took 0.022 seconds
[2023-07-15T20:34:07.753+0000] {processor.py:157} INFO - Started process (PID=1028) to work on /opt/airflow/dags/include/operators/spark_operator.py
[2023-07-15T20:34:07.755+0000] {processor.py:826} INFO - Processing file /opt/airflow/dags/include/operators/spark_operator.py for tasks to queue
[2023-07-15T20:34:07.759+0000] {logging_mixin.py:150} INFO - [2023-07-15T20:34:07.758+0000] {dagbag.py:541} INFO - Filling up the DagBag from /opt/airflow/dags/include/operators/spark_operator.py
[2023-07-15T20:34:07.767+0000] {processor.py:838} WARNING - No viable dags retrieved from /opt/airflow/dags/include/operators/spark_operator.py
[2023-07-15T20:34:07.790+0000] {processor.py:179} INFO - Processing /opt/airflow/dags/include/operators/spark_operator.py took 0.043 seconds
[2023-07-15T20:34:38.270+0000] {processor.py:157} INFO - Started process (PID=1066) to work on /opt/airflow/dags/include/operators/spark_operator.py
[2023-07-15T20:34:38.271+0000] {processor.py:826} INFO - Processing file /opt/airflow/dags/include/operators/spark_operator.py for tasks to queue
[2023-07-15T20:34:38.272+0000] {logging_mixin.py:150} INFO - [2023-07-15T20:34:38.272+0000] {dagbag.py:541} INFO - Filling up the DagBag from /opt/airflow/dags/include/operators/spark_operator.py
[2023-07-15T20:34:38.274+0000] {processor.py:838} WARNING - No viable dags retrieved from /opt/airflow/dags/include/operators/spark_operator.py
[2023-07-15T20:34:38.288+0000] {processor.py:179} INFO - Processing /opt/airflow/dags/include/operators/spark_operator.py took 0.022 seconds
[2023-07-15T20:35:08.652+0000] {processor.py:157} INFO - Started process (PID=1104) to work on /opt/airflow/dags/include/operators/spark_operator.py
[2023-07-15T20:35:08.654+0000] {processor.py:826} INFO - Processing file /opt/airflow/dags/include/operators/spark_operator.py for tasks to queue
[2023-07-15T20:35:08.655+0000] {logging_mixin.py:150} INFO - [2023-07-15T20:35:08.655+0000] {dagbag.py:541} INFO - Filling up the DagBag from /opt/airflow/dags/include/operators/spark_operator.py
[2023-07-15T20:35:08.658+0000] {processor.py:838} WARNING - No viable dags retrieved from /opt/airflow/dags/include/operators/spark_operator.py
[2023-07-15T20:35:08.747+0000] {processor.py:179} INFO - Processing /opt/airflow/dags/include/operators/spark_operator.py took 0.098 seconds
