[2023-07-15T19:35:58.662+0000] {processor.py:157} INFO - Started process (PID=46) to work on /opt/airflow/dags/include/operators/sqlserver_operator.py
[2023-07-15T19:35:58.663+0000] {processor.py:826} INFO - Processing file /opt/airflow/dags/include/operators/sqlserver_operator.py for tasks to queue
[2023-07-15T19:35:58.663+0000] {logging_mixin.py:150} INFO - [2023-07-15T19:35:58.663+0000] {dagbag.py:541} INFO - Filling up the DagBag from /opt/airflow/dags/include/operators/sqlserver_operator.py
[2023-07-15T19:35:58.666+0000] {processor.py:838} WARNING - No viable dags retrieved from /opt/airflow/dags/include/operators/sqlserver_operator.py
[2023-07-15T19:35:58.679+0000] {processor.py:179} INFO - Processing /opt/airflow/dags/include/operators/sqlserver_operator.py took 0.021 seconds
[2023-07-15T19:36:29.066+0000] {processor.py:157} INFO - Started process (PID=116) to work on /opt/airflow/dags/include/operators/sqlserver_operator.py
[2023-07-15T19:36:29.067+0000] {processor.py:826} INFO - Processing file /opt/airflow/dags/include/operators/sqlserver_operator.py for tasks to queue
[2023-07-15T19:36:29.068+0000] {logging_mixin.py:150} INFO - [2023-07-15T19:36:29.067+0000] {dagbag.py:541} INFO - Filling up the DagBag from /opt/airflow/dags/include/operators/sqlserver_operator.py
[2023-07-15T19:36:29.070+0000] {processor.py:838} WARNING - No viable dags retrieved from /opt/airflow/dags/include/operators/sqlserver_operator.py
[2023-07-15T19:36:29.083+0000] {processor.py:179} INFO - Processing /opt/airflow/dags/include/operators/sqlserver_operator.py took 0.021 seconds
[2023-07-15T19:36:59.589+0000] {processor.py:157} INFO - Started process (PID=154) to work on /opt/airflow/dags/include/operators/sqlserver_operator.py
[2023-07-15T19:36:59.590+0000] {processor.py:826} INFO - Processing file /opt/airflow/dags/include/operators/sqlserver_operator.py for tasks to queue
[2023-07-15T19:36:59.591+0000] {logging_mixin.py:150} INFO - [2023-07-15T19:36:59.590+0000] {dagbag.py:541} INFO - Filling up the DagBag from /opt/airflow/dags/include/operators/sqlserver_operator.py
[2023-07-15T19:36:59.593+0000] {processor.py:838} WARNING - No viable dags retrieved from /opt/airflow/dags/include/operators/sqlserver_operator.py
[2023-07-15T19:36:59.605+0000] {processor.py:179} INFO - Processing /opt/airflow/dags/include/operators/sqlserver_operator.py took 0.020 seconds
[2023-07-15T19:37:29.846+0000] {processor.py:157} INFO - Started process (PID=198) to work on /opt/airflow/dags/include/operators/sqlserver_operator.py
[2023-07-15T19:37:29.847+0000] {processor.py:826} INFO - Processing file /opt/airflow/dags/include/operators/sqlserver_operator.py for tasks to queue
[2023-07-15T19:37:29.847+0000] {logging_mixin.py:150} INFO - [2023-07-15T19:37:29.847+0000] {dagbag.py:541} INFO - Filling up the DagBag from /opt/airflow/dags/include/operators/sqlserver_operator.py
[2023-07-15T19:37:29.850+0000] {processor.py:838} WARNING - No viable dags retrieved from /opt/airflow/dags/include/operators/sqlserver_operator.py
[2023-07-15T19:37:29.862+0000] {processor.py:179} INFO - Processing /opt/airflow/dags/include/operators/sqlserver_operator.py took 0.020 seconds
[2023-07-15T19:38:00.119+0000] {processor.py:157} INFO - Started process (PID=236) to work on /opt/airflow/dags/include/operators/sqlserver_operator.py
[2023-07-15T19:38:00.120+0000] {processor.py:826} INFO - Processing file /opt/airflow/dags/include/operators/sqlserver_operator.py for tasks to queue
[2023-07-15T19:38:00.121+0000] {logging_mixin.py:150} INFO - [2023-07-15T19:38:00.121+0000] {dagbag.py:541} INFO - Filling up the DagBag from /opt/airflow/dags/include/operators/sqlserver_operator.py
[2023-07-15T19:38:00.123+0000] {processor.py:838} WARNING - No viable dags retrieved from /opt/airflow/dags/include/operators/sqlserver_operator.py
[2023-07-15T19:38:00.135+0000] {processor.py:179} INFO - Processing /opt/airflow/dags/include/operators/sqlserver_operator.py took 0.019 seconds
[2023-07-15T19:38:30.314+0000] {processor.py:157} INFO - Started process (PID=280) to work on /opt/airflow/dags/include/operators/sqlserver_operator.py
[2023-07-15T19:38:30.315+0000] {processor.py:826} INFO - Processing file /opt/airflow/dags/include/operators/sqlserver_operator.py for tasks to queue
[2023-07-15T19:38:30.316+0000] {logging_mixin.py:150} INFO - [2023-07-15T19:38:30.316+0000] {dagbag.py:541} INFO - Filling up the DagBag from /opt/airflow/dags/include/operators/sqlserver_operator.py
[2023-07-15T19:38:30.319+0000] {processor.py:838} WARNING - No viable dags retrieved from /opt/airflow/dags/include/operators/sqlserver_operator.py
[2023-07-15T19:38:30.332+0000] {processor.py:179} INFO - Processing /opt/airflow/dags/include/operators/sqlserver_operator.py took 0.021 seconds
[2023-07-15T19:39:00.506+0000] {processor.py:157} INFO - Started process (PID=318) to work on /opt/airflow/dags/include/operators/sqlserver_operator.py
[2023-07-15T19:39:00.507+0000] {processor.py:826} INFO - Processing file /opt/airflow/dags/include/operators/sqlserver_operator.py for tasks to queue
[2023-07-15T19:39:00.508+0000] {logging_mixin.py:150} INFO - [2023-07-15T19:39:00.508+0000] {dagbag.py:541} INFO - Filling up the DagBag from /opt/airflow/dags/include/operators/sqlserver_operator.py
[2023-07-15T19:39:00.510+0000] {processor.py:838} WARNING - No viable dags retrieved from /opt/airflow/dags/include/operators/sqlserver_operator.py
[2023-07-15T19:39:00.522+0000] {processor.py:179} INFO - Processing /opt/airflow/dags/include/operators/sqlserver_operator.py took 0.019 seconds
[2023-07-15T19:39:30.739+0000] {processor.py:157} INFO - Started process (PID=356) to work on /opt/airflow/dags/include/operators/sqlserver_operator.py
[2023-07-15T19:39:30.740+0000] {processor.py:826} INFO - Processing file /opt/airflow/dags/include/operators/sqlserver_operator.py for tasks to queue
[2023-07-15T19:39:30.741+0000] {logging_mixin.py:150} INFO - [2023-07-15T19:39:30.740+0000] {dagbag.py:541} INFO - Filling up the DagBag from /opt/airflow/dags/include/operators/sqlserver_operator.py
[2023-07-15T19:39:30.743+0000] {processor.py:838} WARNING - No viable dags retrieved from /opt/airflow/dags/include/operators/sqlserver_operator.py
[2023-07-15T19:39:30.758+0000] {processor.py:179} INFO - Processing /opt/airflow/dags/include/operators/sqlserver_operator.py took 0.023 seconds
[2023-07-15T20:21:27.109+0000] {processor.py:157} INFO - Started process (PID=46) to work on /opt/airflow/dags/include/operators/sqlserver_operator.py
[2023-07-15T20:21:27.111+0000] {processor.py:826} INFO - Processing file /opt/airflow/dags/include/operators/sqlserver_operator.py for tasks to queue
[2023-07-15T20:21:27.112+0000] {logging_mixin.py:150} INFO - [2023-07-15T20:21:27.112+0000] {dagbag.py:541} INFO - Filling up the DagBag from /opt/airflow/dags/include/operators/sqlserver_operator.py
[2023-07-15T20:21:27.115+0000] {processor.py:838} WARNING - No viable dags retrieved from /opt/airflow/dags/include/operators/sqlserver_operator.py
[2023-07-15T20:21:27.133+0000] {processor.py:179} INFO - Processing /opt/airflow/dags/include/operators/sqlserver_operator.py took 0.028 seconds
[2023-07-15T20:21:57.980+0000] {processor.py:157} INFO - Started process (PID=116) to work on /opt/airflow/dags/include/operators/sqlserver_operator.py
[2023-07-15T20:21:57.981+0000] {processor.py:826} INFO - Processing file /opt/airflow/dags/include/operators/sqlserver_operator.py for tasks to queue
[2023-07-15T20:21:57.982+0000] {logging_mixin.py:150} INFO - [2023-07-15T20:21:57.982+0000] {dagbag.py:541} INFO - Filling up the DagBag from /opt/airflow/dags/include/operators/sqlserver_operator.py
[2023-07-15T20:21:57.984+0000] {processor.py:838} WARNING - No viable dags retrieved from /opt/airflow/dags/include/operators/sqlserver_operator.py
[2023-07-15T20:21:57.998+0000] {processor.py:179} INFO - Processing /opt/airflow/dags/include/operators/sqlserver_operator.py took 0.021 seconds
[2023-07-15T20:22:28.588+0000] {processor.py:157} INFO - Started process (PID=160) to work on /opt/airflow/dags/include/operators/sqlserver_operator.py
[2023-07-15T20:22:28.588+0000] {processor.py:826} INFO - Processing file /opt/airflow/dags/include/operators/sqlserver_operator.py for tasks to queue
[2023-07-15T20:22:28.589+0000] {logging_mixin.py:150} INFO - [2023-07-15T20:22:28.589+0000] {dagbag.py:541} INFO - Filling up the DagBag from /opt/airflow/dags/include/operators/sqlserver_operator.py
[2023-07-15T20:22:28.591+0000] {processor.py:838} WARNING - No viable dags retrieved from /opt/airflow/dags/include/operators/sqlserver_operator.py
[2023-07-15T20:22:28.605+0000] {processor.py:179} INFO - Processing /opt/airflow/dags/include/operators/sqlserver_operator.py took 0.021 seconds
[2023-07-15T20:22:58.808+0000] {processor.py:157} INFO - Started process (PID=198) to work on /opt/airflow/dags/include/operators/sqlserver_operator.py
[2023-07-15T20:22:58.810+0000] {processor.py:826} INFO - Processing file /opt/airflow/dags/include/operators/sqlserver_operator.py for tasks to queue
[2023-07-15T20:22:58.810+0000] {logging_mixin.py:150} INFO - [2023-07-15T20:22:58.810+0000] {dagbag.py:541} INFO - Filling up the DagBag from /opt/airflow/dags/include/operators/sqlserver_operator.py
[2023-07-15T20:22:58.813+0000] {processor.py:838} WARNING - No viable dags retrieved from /opt/airflow/dags/include/operators/sqlserver_operator.py
[2023-07-15T20:22:58.825+0000] {processor.py:179} INFO - Processing /opt/airflow/dags/include/operators/sqlserver_operator.py took 0.020 seconds
[2023-07-15T20:23:29.130+0000] {processor.py:157} INFO - Started process (PID=242) to work on /opt/airflow/dags/include/operators/sqlserver_operator.py
[2023-07-15T20:23:29.132+0000] {processor.py:826} INFO - Processing file /opt/airflow/dags/include/operators/sqlserver_operator.py for tasks to queue
[2023-07-15T20:23:29.132+0000] {logging_mixin.py:150} INFO - [2023-07-15T20:23:29.132+0000] {dagbag.py:541} INFO - Filling up the DagBag from /opt/airflow/dags/include/operators/sqlserver_operator.py
[2023-07-15T20:23:29.134+0000] {processor.py:838} WARNING - No viable dags retrieved from /opt/airflow/dags/include/operators/sqlserver_operator.py
[2023-07-15T20:23:29.146+0000] {processor.py:179} INFO - Processing /opt/airflow/dags/include/operators/sqlserver_operator.py took 0.019 seconds
[2023-07-15T20:23:59.554+0000] {processor.py:157} INFO - Started process (PID=280) to work on /opt/airflow/dags/include/operators/sqlserver_operator.py
[2023-07-15T20:23:59.555+0000] {processor.py:826} INFO - Processing file /opt/airflow/dags/include/operators/sqlserver_operator.py for tasks to queue
[2023-07-15T20:23:59.556+0000] {logging_mixin.py:150} INFO - [2023-07-15T20:23:59.556+0000] {dagbag.py:541} INFO - Filling up the DagBag from /opt/airflow/dags/include/operators/sqlserver_operator.py
[2023-07-15T20:23:59.559+0000] {processor.py:838} WARNING - No viable dags retrieved from /opt/airflow/dags/include/operators/sqlserver_operator.py
[2023-07-15T20:23:59.573+0000] {processor.py:179} INFO - Processing /opt/airflow/dags/include/operators/sqlserver_operator.py took 0.022 seconds
[2023-07-15T20:24:29.889+0000] {processor.py:157} INFO - Started process (PID=318) to work on /opt/airflow/dags/include/operators/sqlserver_operator.py
[2023-07-15T20:24:29.890+0000] {processor.py:826} INFO - Processing file /opt/airflow/dags/include/operators/sqlserver_operator.py for tasks to queue
[2023-07-15T20:24:29.891+0000] {logging_mixin.py:150} INFO - [2023-07-15T20:24:29.891+0000] {dagbag.py:541} INFO - Filling up the DagBag from /opt/airflow/dags/include/operators/sqlserver_operator.py
[2023-07-15T20:24:29.893+0000] {processor.py:838} WARNING - No viable dags retrieved from /opt/airflow/dags/include/operators/sqlserver_operator.py
[2023-07-15T20:24:29.905+0000] {processor.py:179} INFO - Processing /opt/airflow/dags/include/operators/sqlserver_operator.py took 0.020 seconds
[2023-07-15T20:25:00.246+0000] {processor.py:157} INFO - Started process (PID=356) to work on /opt/airflow/dags/include/operators/sqlserver_operator.py
[2023-07-15T20:25:00.247+0000] {processor.py:826} INFO - Processing file /opt/airflow/dags/include/operators/sqlserver_operator.py for tasks to queue
[2023-07-15T20:25:00.248+0000] {logging_mixin.py:150} INFO - [2023-07-15T20:25:00.248+0000] {dagbag.py:541} INFO - Filling up the DagBag from /opt/airflow/dags/include/operators/sqlserver_operator.py
[2023-07-15T20:25:00.251+0000] {processor.py:838} WARNING - No viable dags retrieved from /opt/airflow/dags/include/operators/sqlserver_operator.py
[2023-07-15T20:25:00.264+0000] {processor.py:179} INFO - Processing /opt/airflow/dags/include/operators/sqlserver_operator.py took 0.021 seconds
[2023-07-15T20:25:30.792+0000] {processor.py:157} INFO - Started process (PID=394) to work on /opt/airflow/dags/include/operators/sqlserver_operator.py
[2023-07-15T20:25:30.793+0000] {processor.py:826} INFO - Processing file /opt/airflow/dags/include/operators/sqlserver_operator.py for tasks to queue
[2023-07-15T20:25:30.795+0000] {logging_mixin.py:150} INFO - [2023-07-15T20:25:30.794+0000] {dagbag.py:541} INFO - Filling up the DagBag from /opt/airflow/dags/include/operators/sqlserver_operator.py
[2023-07-15T20:25:30.797+0000] {processor.py:838} WARNING - No viable dags retrieved from /opt/airflow/dags/include/operators/sqlserver_operator.py
[2023-07-15T20:25:30.811+0000] {processor.py:179} INFO - Processing /opt/airflow/dags/include/operators/sqlserver_operator.py took 0.023 seconds
[2023-07-15T20:26:01.236+0000] {processor.py:157} INFO - Started process (PID=432) to work on /opt/airflow/dags/include/operators/sqlserver_operator.py
[2023-07-15T20:26:01.237+0000] {processor.py:826} INFO - Processing file /opt/airflow/dags/include/operators/sqlserver_operator.py for tasks to queue
[2023-07-15T20:26:01.237+0000] {logging_mixin.py:150} INFO - [2023-07-15T20:26:01.237+0000] {dagbag.py:541} INFO - Filling up the DagBag from /opt/airflow/dags/include/operators/sqlserver_operator.py
[2023-07-15T20:26:01.240+0000] {processor.py:838} WARNING - No viable dags retrieved from /opt/airflow/dags/include/operators/sqlserver_operator.py
[2023-07-15T20:26:01.251+0000] {processor.py:179} INFO - Processing /opt/airflow/dags/include/operators/sqlserver_operator.py took 0.019 seconds
[2023-07-15T20:26:31.523+0000] {processor.py:157} INFO - Started process (PID=470) to work on /opt/airflow/dags/include/operators/sqlserver_operator.py
[2023-07-15T20:26:31.524+0000] {processor.py:826} INFO - Processing file /opt/airflow/dags/include/operators/sqlserver_operator.py for tasks to queue
[2023-07-15T20:26:31.525+0000] {logging_mixin.py:150} INFO - [2023-07-15T20:26:31.525+0000] {dagbag.py:541} INFO - Filling up the DagBag from /opt/airflow/dags/include/operators/sqlserver_operator.py
[2023-07-15T20:26:31.527+0000] {processor.py:838} WARNING - No viable dags retrieved from /opt/airflow/dags/include/operators/sqlserver_operator.py
[2023-07-15T20:26:31.539+0000] {processor.py:179} INFO - Processing /opt/airflow/dags/include/operators/sqlserver_operator.py took 0.020 seconds
[2023-07-15T20:27:01.811+0000] {processor.py:157} INFO - Started process (PID=508) to work on /opt/airflow/dags/include/operators/sqlserver_operator.py
[2023-07-15T20:27:01.813+0000] {processor.py:826} INFO - Processing file /opt/airflow/dags/include/operators/sqlserver_operator.py for tasks to queue
[2023-07-15T20:27:01.813+0000] {logging_mixin.py:150} INFO - [2023-07-15T20:27:01.813+0000] {dagbag.py:541} INFO - Filling up the DagBag from /opt/airflow/dags/include/operators/sqlserver_operator.py
[2023-07-15T20:27:01.816+0000] {processor.py:838} WARNING - No viable dags retrieved from /opt/airflow/dags/include/operators/sqlserver_operator.py
[2023-07-15T20:27:01.830+0000] {processor.py:179} INFO - Processing /opt/airflow/dags/include/operators/sqlserver_operator.py took 0.023 seconds
[2023-07-15T20:27:32.424+0000] {processor.py:157} INFO - Started process (PID=546) to work on /opt/airflow/dags/include/operators/sqlserver_operator.py
[2023-07-15T20:27:32.425+0000] {processor.py:826} INFO - Processing file /opt/airflow/dags/include/operators/sqlserver_operator.py for tasks to queue
[2023-07-15T20:27:32.426+0000] {logging_mixin.py:150} INFO - [2023-07-15T20:27:32.425+0000] {dagbag.py:541} INFO - Filling up the DagBag from /opt/airflow/dags/include/operators/sqlserver_operator.py
[2023-07-15T20:27:32.428+0000] {processor.py:838} WARNING - No viable dags retrieved from /opt/airflow/dags/include/operators/sqlserver_operator.py
[2023-07-15T20:27:32.442+0000] {processor.py:179} INFO - Processing /opt/airflow/dags/include/operators/sqlserver_operator.py took 0.022 seconds
[2023-07-15T20:28:02.890+0000] {processor.py:157} INFO - Started process (PID=584) to work on /opt/airflow/dags/include/operators/sqlserver_operator.py
[2023-07-15T20:28:02.892+0000] {processor.py:826} INFO - Processing file /opt/airflow/dags/include/operators/sqlserver_operator.py for tasks to queue
[2023-07-15T20:28:02.893+0000] {logging_mixin.py:150} INFO - [2023-07-15T20:28:02.893+0000] {dagbag.py:541} INFO - Filling up the DagBag from /opt/airflow/dags/include/operators/sqlserver_operator.py
[2023-07-15T20:28:02.895+0000] {processor.py:838} WARNING - No viable dags retrieved from /opt/airflow/dags/include/operators/sqlserver_operator.py
[2023-07-15T20:28:02.911+0000] {processor.py:179} INFO - Processing /opt/airflow/dags/include/operators/sqlserver_operator.py took 0.024 seconds
[2023-07-15T20:28:33.760+0000] {processor.py:157} INFO - Started process (PID=609) to work on /opt/airflow/dags/include/operators/sqlserver_operator.py
[2023-07-15T20:28:33.761+0000] {processor.py:826} INFO - Processing file /opt/airflow/dags/include/operators/sqlserver_operator.py for tasks to queue
[2023-07-15T20:28:33.762+0000] {logging_mixin.py:150} INFO - [2023-07-15T20:28:33.761+0000] {dagbag.py:541} INFO - Filling up the DagBag from /opt/airflow/dags/include/operators/sqlserver_operator.py
[2023-07-15T20:28:33.764+0000] {processor.py:838} WARNING - No viable dags retrieved from /opt/airflow/dags/include/operators/sqlserver_operator.py
[2023-07-15T20:28:33.777+0000] {processor.py:179} INFO - Processing /opt/airflow/dags/include/operators/sqlserver_operator.py took 0.021 seconds
[2023-07-15T20:29:04.063+0000] {processor.py:157} INFO - Started process (PID=647) to work on /opt/airflow/dags/include/operators/sqlserver_operator.py
[2023-07-15T20:29:04.064+0000] {processor.py:826} INFO - Processing file /opt/airflow/dags/include/operators/sqlserver_operator.py for tasks to queue
[2023-07-15T20:29:04.065+0000] {logging_mixin.py:150} INFO - [2023-07-15T20:29:04.065+0000] {dagbag.py:541} INFO - Filling up the DagBag from /opt/airflow/dags/include/operators/sqlserver_operator.py
[2023-07-15T20:29:04.067+0000] {processor.py:838} WARNING - No viable dags retrieved from /opt/airflow/dags/include/operators/sqlserver_operator.py
[2023-07-15T20:29:04.080+0000] {processor.py:179} INFO - Processing /opt/airflow/dags/include/operators/sqlserver_operator.py took 0.020 seconds
[2023-07-15T20:29:34.432+0000] {processor.py:157} INFO - Started process (PID=685) to work on /opt/airflow/dags/include/operators/sqlserver_operator.py
[2023-07-15T20:29:34.434+0000] {processor.py:826} INFO - Processing file /opt/airflow/dags/include/operators/sqlserver_operator.py for tasks to queue
[2023-07-15T20:29:34.434+0000] {logging_mixin.py:150} INFO - [2023-07-15T20:29:34.434+0000] {dagbag.py:541} INFO - Filling up the DagBag from /opt/airflow/dags/include/operators/sqlserver_operator.py
[2023-07-15T20:29:34.436+0000] {processor.py:838} WARNING - No viable dags retrieved from /opt/airflow/dags/include/operators/sqlserver_operator.py
[2023-07-15T20:29:34.451+0000] {processor.py:179} INFO - Processing /opt/airflow/dags/include/operators/sqlserver_operator.py took 0.021 seconds
[2023-07-15T20:30:04.880+0000] {processor.py:157} INFO - Started process (PID=723) to work on /opt/airflow/dags/include/operators/sqlserver_operator.py
[2023-07-15T20:30:04.881+0000] {processor.py:826} INFO - Processing file /opt/airflow/dags/include/operators/sqlserver_operator.py for tasks to queue
[2023-07-15T20:30:04.882+0000] {logging_mixin.py:150} INFO - [2023-07-15T20:30:04.882+0000] {dagbag.py:541} INFO - Filling up the DagBag from /opt/airflow/dags/include/operators/sqlserver_operator.py
[2023-07-15T20:30:04.884+0000] {processor.py:838} WARNING - No viable dags retrieved from /opt/airflow/dags/include/operators/sqlserver_operator.py
[2023-07-15T20:30:04.897+0000] {processor.py:179} INFO - Processing /opt/airflow/dags/include/operators/sqlserver_operator.py took 0.020 seconds
[2023-07-15T20:30:35.197+0000] {processor.py:157} INFO - Started process (PID=761) to work on /opt/airflow/dags/include/operators/sqlserver_operator.py
[2023-07-15T20:30:35.198+0000] {processor.py:826} INFO - Processing file /opt/airflow/dags/include/operators/sqlserver_operator.py for tasks to queue
[2023-07-15T20:30:35.199+0000] {logging_mixin.py:150} INFO - [2023-07-15T20:30:35.199+0000] {dagbag.py:541} INFO - Filling up the DagBag from /opt/airflow/dags/include/operators/sqlserver_operator.py
[2023-07-15T20:30:35.202+0000] {processor.py:838} WARNING - No viable dags retrieved from /opt/airflow/dags/include/operators/sqlserver_operator.py
[2023-07-15T20:30:35.215+0000] {processor.py:179} INFO - Processing /opt/airflow/dags/include/operators/sqlserver_operator.py took 0.022 seconds
[2023-07-15T20:31:05.546+0000] {processor.py:157} INFO - Started process (PID=799) to work on /opt/airflow/dags/include/operators/sqlserver_operator.py
[2023-07-15T20:31:05.548+0000] {processor.py:826} INFO - Processing file /opt/airflow/dags/include/operators/sqlserver_operator.py for tasks to queue
[2023-07-15T20:31:05.549+0000] {logging_mixin.py:150} INFO - [2023-07-15T20:31:05.548+0000] {dagbag.py:541} INFO - Filling up the DagBag from /opt/airflow/dags/include/operators/sqlserver_operator.py
[2023-07-15T20:31:05.551+0000] {processor.py:838} WARNING - No viable dags retrieved from /opt/airflow/dags/include/operators/sqlserver_operator.py
[2023-07-15T20:31:05.565+0000] {processor.py:179} INFO - Processing /opt/airflow/dags/include/operators/sqlserver_operator.py took 0.023 seconds
[2023-07-15T20:31:35.845+0000] {processor.py:157} INFO - Started process (PID=837) to work on /opt/airflow/dags/include/operators/sqlserver_operator.py
[2023-07-15T20:31:35.846+0000] {processor.py:826} INFO - Processing file /opt/airflow/dags/include/operators/sqlserver_operator.py for tasks to queue
[2023-07-15T20:31:35.848+0000] {logging_mixin.py:150} INFO - [2023-07-15T20:31:35.847+0000] {dagbag.py:541} INFO - Filling up the DagBag from /opt/airflow/dags/include/operators/sqlserver_operator.py
[2023-07-15T20:31:35.850+0000] {processor.py:838} WARNING - No viable dags retrieved from /opt/airflow/dags/include/operators/sqlserver_operator.py
[2023-07-15T20:31:35.864+0000] {processor.py:179} INFO - Processing /opt/airflow/dags/include/operators/sqlserver_operator.py took 0.022 seconds
[2023-07-15T20:32:06.198+0000] {processor.py:157} INFO - Started process (PID=875) to work on /opt/airflow/dags/include/operators/sqlserver_operator.py
[2023-07-15T20:32:06.199+0000] {processor.py:826} INFO - Processing file /opt/airflow/dags/include/operators/sqlserver_operator.py for tasks to queue
[2023-07-15T20:32:06.200+0000] {logging_mixin.py:150} INFO - [2023-07-15T20:32:06.200+0000] {dagbag.py:541} INFO - Filling up the DagBag from /opt/airflow/dags/include/operators/sqlserver_operator.py
[2023-07-15T20:32:06.202+0000] {processor.py:838} WARNING - No viable dags retrieved from /opt/airflow/dags/include/operators/sqlserver_operator.py
[2023-07-15T20:32:06.215+0000] {processor.py:179} INFO - Processing /opt/airflow/dags/include/operators/sqlserver_operator.py took 0.020 seconds
[2023-07-15T20:32:36.484+0000] {processor.py:157} INFO - Started process (PID=913) to work on /opt/airflow/dags/include/operators/sqlserver_operator.py
[2023-07-15T20:32:36.486+0000] {processor.py:826} INFO - Processing file /opt/airflow/dags/include/operators/sqlserver_operator.py for tasks to queue
[2023-07-15T20:32:36.487+0000] {logging_mixin.py:150} INFO - [2023-07-15T20:32:36.487+0000] {dagbag.py:541} INFO - Filling up the DagBag from /opt/airflow/dags/include/operators/sqlserver_operator.py
[2023-07-15T20:32:36.489+0000] {processor.py:838} WARNING - No viable dags retrieved from /opt/airflow/dags/include/operators/sqlserver_operator.py
[2023-07-15T20:32:36.504+0000] {processor.py:179} INFO - Processing /opt/airflow/dags/include/operators/sqlserver_operator.py took 0.023 seconds
[2023-07-15T20:33:06.813+0000] {processor.py:157} INFO - Started process (PID=951) to work on /opt/airflow/dags/include/operators/sqlserver_operator.py
[2023-07-15T20:33:06.814+0000] {processor.py:826} INFO - Processing file /opt/airflow/dags/include/operators/sqlserver_operator.py for tasks to queue
[2023-07-15T20:33:06.815+0000] {logging_mixin.py:150} INFO - [2023-07-15T20:33:06.815+0000] {dagbag.py:541} INFO - Filling up the DagBag from /opt/airflow/dags/include/operators/sqlserver_operator.py
[2023-07-15T20:33:06.818+0000] {processor.py:838} WARNING - No viable dags retrieved from /opt/airflow/dags/include/operators/sqlserver_operator.py
[2023-07-15T20:33:06.833+0000] {processor.py:179} INFO - Processing /opt/airflow/dags/include/operators/sqlserver_operator.py took 0.024 seconds
[2023-07-15T20:33:37.224+0000] {processor.py:157} INFO - Started process (PID=989) to work on /opt/airflow/dags/include/operators/sqlserver_operator.py
[2023-07-15T20:33:37.225+0000] {processor.py:826} INFO - Processing file /opt/airflow/dags/include/operators/sqlserver_operator.py for tasks to queue
[2023-07-15T20:33:37.226+0000] {logging_mixin.py:150} INFO - [2023-07-15T20:33:37.226+0000] {dagbag.py:541} INFO - Filling up the DagBag from /opt/airflow/dags/include/operators/sqlserver_operator.py
[2023-07-15T20:33:37.228+0000] {processor.py:838} WARNING - No viable dags retrieved from /opt/airflow/dags/include/operators/sqlserver_operator.py
[2023-07-15T20:33:37.243+0000] {processor.py:179} INFO - Processing /opt/airflow/dags/include/operators/sqlserver_operator.py took 0.022 seconds
[2023-07-15T20:34:07.745+0000] {processor.py:157} INFO - Started process (PID=1027) to work on /opt/airflow/dags/include/operators/sqlserver_operator.py
[2023-07-15T20:34:07.746+0000] {processor.py:826} INFO - Processing file /opt/airflow/dags/include/operators/sqlserver_operator.py for tasks to queue
[2023-07-15T20:34:07.748+0000] {logging_mixin.py:150} INFO - [2023-07-15T20:34:07.747+0000] {dagbag.py:541} INFO - Filling up the DagBag from /opt/airflow/dags/include/operators/sqlserver_operator.py
[2023-07-15T20:34:07.757+0000] {processor.py:838} WARNING - No viable dags retrieved from /opt/airflow/dags/include/operators/sqlserver_operator.py
[2023-07-15T20:34:07.782+0000] {processor.py:179} INFO - Processing /opt/airflow/dags/include/operators/sqlserver_operator.py took 0.041 seconds
[2023-07-15T20:34:38.245+0000] {processor.py:157} INFO - Started process (PID=1065) to work on /opt/airflow/dags/include/operators/sqlserver_operator.py
[2023-07-15T20:34:38.246+0000] {processor.py:826} INFO - Processing file /opt/airflow/dags/include/operators/sqlserver_operator.py for tasks to queue
[2023-07-15T20:34:38.247+0000] {logging_mixin.py:150} INFO - [2023-07-15T20:34:38.247+0000] {dagbag.py:541} INFO - Filling up the DagBag from /opt/airflow/dags/include/operators/sqlserver_operator.py
[2023-07-15T20:34:38.250+0000] {processor.py:838} WARNING - No viable dags retrieved from /opt/airflow/dags/include/operators/sqlserver_operator.py
[2023-07-15T20:34:38.265+0000] {processor.py:179} INFO - Processing /opt/airflow/dags/include/operators/sqlserver_operator.py took 0.023 seconds
[2023-07-15T20:35:08.621+0000] {processor.py:157} INFO - Started process (PID=1103) to work on /opt/airflow/dags/include/operators/sqlserver_operator.py
[2023-07-15T20:35:08.623+0000] {processor.py:826} INFO - Processing file /opt/airflow/dags/include/operators/sqlserver_operator.py for tasks to queue
[2023-07-15T20:35:08.623+0000] {logging_mixin.py:150} INFO - [2023-07-15T20:35:08.623+0000] {dagbag.py:541} INFO - Filling up the DagBag from /opt/airflow/dags/include/operators/sqlserver_operator.py
[2023-07-15T20:35:08.627+0000] {processor.py:838} WARNING - No viable dags retrieved from /opt/airflow/dags/include/operators/sqlserver_operator.py
[2023-07-15T20:35:08.647+0000] {processor.py:179} INFO - Processing /opt/airflow/dags/include/operators/sqlserver_operator.py took 0.030 seconds
