[2023-07-15T20:21:52.051+0000] {taskinstance.py:1103} INFO - Dependencies all met for dep_context=non-requeueable deps ti=<TaskInstance: spider_tim_vinculacao_sensor_taskflow_dag.ets_checando_informacoe_branch_2 scheduled__2023-07-15T20:20:00+00:00 [queued]>
[2023-07-15T20:21:52.061+0000] {taskinstance.py:1103} INFO - Dependencies all met for dep_context=requeueable deps ti=<TaskInstance: spider_tim_vinculacao_sensor_taskflow_dag.ets_checando_informacoe_branch_2 scheduled__2023-07-15T20:20:00+00:00 [queued]>
[2023-07-15T20:21:52.061+0000] {taskinstance.py:1308} INFO - Starting attempt 1 of 1
[2023-07-15T20:21:52.079+0000] {taskinstance.py:1327} INFO - Executing <Task(ExternalTaskSensor): ets_checando_informacoe_branch_2> on 2023-07-15 20:20:00+00:00
[2023-07-15T20:21:52.084+0000] {standard_task_runner.py:57} INFO - Started process 78 to run task
[2023-07-15T20:21:52.088+0000] {standard_task_runner.py:84} INFO - Running: ['***', 'tasks', 'run', 'spider_tim_vinculacao_sensor_taskflow_dag', 'ets_checando_informacoe_branch_2', 'scheduled__2023-07-15T20:20:00+00:00', '--job-id', '104', '--raw', '--subdir', 'DAGS_FOLDER/dag_tim_spider_vinculo_rev1.py', '--cfg-path', '/tmp/tmp2h52p_ac']
[2023-07-15T20:21:52.093+0000] {standard_task_runner.py:85} INFO - Job 104: Subtask ets_checando_informacoe_branch_2
[2023-07-15T20:21:52.143+0000] {task_command.py:410} INFO - Running <TaskInstance: spider_tim_vinculacao_sensor_taskflow_dag.ets_checando_informacoe_branch_2 scheduled__2023-07-15T20:20:00+00:00 [running]> on host 21d8aa67b76e
[2023-07-15T20:21:52.240+0000] {taskinstance.py:1547} INFO - Exporting env vars: AIRFLOW_CTX_DAG_OWNER='***' AIRFLOW_CTX_DAG_ID='spider_tim_vinculacao_sensor_taskflow_dag' AIRFLOW_CTX_TASK_ID='ets_checando_informacoe_branch_2' AIRFLOW_CTX_EXECUTION_DATE='2023-07-15T20:20:00+00:00' AIRFLOW_CTX_TRY_NUMBER='1' AIRFLOW_CTX_DAG_RUN_ID='scheduled__2023-07-15T20:20:00+00:00'
[2023-07-15T20:21:52.241+0000] {external_task.py:236} INFO - Poking for tasks ['my_task'] in dag upstream_dag_2 on 2023-07-15T20:20:00+00:00 ... 
[2023-07-15T20:22:52.316+0000] {external_task.py:236} INFO - Poking for tasks ['my_task'] in dag upstream_dag_2 on 2023-07-15T20:20:00+00:00 ... 
[2023-07-15T20:23:52.383+0000] {external_task.py:236} INFO - Poking for tasks ['my_task'] in dag upstream_dag_2 on 2023-07-15T20:20:00+00:00 ... 
[2023-07-15T20:24:52.408+0000] {external_task.py:236} INFO - Poking for tasks ['my_task'] in dag upstream_dag_2 on 2023-07-15T20:20:00+00:00 ... 
[2023-07-15T20:25:52.442+0000] {external_task.py:236} INFO - Poking for tasks ['my_task'] in dag upstream_dag_2 on 2023-07-15T20:20:00+00:00 ... 
[2023-07-15T20:26:52.510+0000] {external_task.py:236} INFO - Poking for tasks ['my_task'] in dag upstream_dag_2 on 2023-07-15T20:20:00+00:00 ... 
[2023-07-15T20:27:52.573+0000] {external_task.py:236} INFO - Poking for tasks ['my_task'] in dag upstream_dag_2 on 2023-07-15T20:20:00+00:00 ... 
[2023-07-15T20:28:52.640+0000] {external_task.py:236} INFO - Poking for tasks ['my_task'] in dag upstream_dag_2 on 2023-07-15T20:20:00+00:00 ... 
[2023-07-15T20:29:52.700+0000] {external_task.py:236} INFO - Poking for tasks ['my_task'] in dag upstream_dag_2 on 2023-07-15T20:20:00+00:00 ... 
[2023-07-15T20:30:52.770+0000] {external_task.py:236} INFO - Poking for tasks ['my_task'] in dag upstream_dag_2 on 2023-07-15T20:20:00+00:00 ... 
[2023-07-15T20:31:52.848+0000] {external_task.py:236} INFO - Poking for tasks ['my_task'] in dag upstream_dag_2 on 2023-07-15T20:20:00+00:00 ... 
[2023-07-15T20:32:52.904+0000] {external_task.py:236} INFO - Poking for tasks ['my_task'] in dag upstream_dag_2 on 2023-07-15T20:20:00+00:00 ... 
[2023-07-15T20:33:52.937+0000] {external_task.py:236} INFO - Poking for tasks ['my_task'] in dag upstream_dag_2 on 2023-07-15T20:20:00+00:00 ... 
[2023-07-15T20:34:53.000+0000] {external_task.py:236} INFO - Poking for tasks ['my_task'] in dag upstream_dag_2 on 2023-07-15T20:20:00+00:00 ... 
