[2023-07-15T20:21:52.052+0000] {taskinstance.py:1103} INFO - Dependencies all met for dep_context=non-requeueable deps ti=<TaskInstance: spider_tim_vinculacao_sensor_taskflow_dag.ets_finalizando_branch_4 scheduled__2023-07-15T20:20:00+00:00 [queued]>
[2023-07-15T20:21:52.062+0000] {taskinstance.py:1103} INFO - Dependencies all met for dep_context=requeueable deps ti=<TaskInstance: spider_tim_vinculacao_sensor_taskflow_dag.ets_finalizando_branch_4 scheduled__2023-07-15T20:20:00+00:00 [queued]>
[2023-07-15T20:21:52.062+0000] {taskinstance.py:1308} INFO - Starting attempt 1 of 1
[2023-07-15T20:21:52.076+0000] {taskinstance.py:1327} INFO - Executing <Task(ExternalTaskSensor): ets_finalizando_branch_4> on 2023-07-15 20:20:00+00:00
[2023-07-15T20:21:52.082+0000] {standard_task_runner.py:57} INFO - Started process 76 to run task
[2023-07-15T20:21:52.085+0000] {standard_task_runner.py:84} INFO - Running: ['***', 'tasks', 'run', 'spider_tim_vinculacao_sensor_taskflow_dag', 'ets_finalizando_branch_4', 'scheduled__2023-07-15T20:20:00+00:00', '--job-id', '105', '--raw', '--subdir', 'DAGS_FOLDER/dag_tim_spider_vinculo_rev1.py', '--cfg-path', '/tmp/tmpszn4lpji']
[2023-07-15T20:21:52.088+0000] {standard_task_runner.py:85} INFO - Job 105: Subtask ets_finalizando_branch_4
[2023-07-15T20:21:52.143+0000] {task_command.py:410} INFO - Running <TaskInstance: spider_tim_vinculacao_sensor_taskflow_dag.ets_finalizando_branch_4 scheduled__2023-07-15T20:20:00+00:00 [running]> on host 21d8aa67b76e
[2023-07-15T20:21:52.244+0000] {taskinstance.py:1547} INFO - Exporting env vars: AIRFLOW_CTX_DAG_OWNER='***' AIRFLOW_CTX_DAG_ID='spider_tim_vinculacao_sensor_taskflow_dag' AIRFLOW_CTX_TASK_ID='ets_finalizando_branch_4' AIRFLOW_CTX_EXECUTION_DATE='2023-07-15T20:20:00+00:00' AIRFLOW_CTX_TRY_NUMBER='1' AIRFLOW_CTX_DAG_RUN_ID='scheduled__2023-07-15T20:20:00+00:00'
[2023-07-15T20:21:52.246+0000] {external_task.py:236} INFO - Poking for tasks ['my_task'] in dag upstream_finalizando_entrando_dag_4 on 2023-07-15T20:20:00+00:00 ... 
[2023-07-15T20:22:52.321+0000] {external_task.py:236} INFO - Poking for tasks ['my_task'] in dag upstream_finalizando_entrando_dag_4 on 2023-07-15T20:20:00+00:00 ... 
[2023-07-15T20:23:52.390+0000] {external_task.py:236} INFO - Poking for tasks ['my_task'] in dag upstream_finalizando_entrando_dag_4 on 2023-07-15T20:20:00+00:00 ... 
[2023-07-15T20:24:52.460+0000] {external_task.py:236} INFO - Poking for tasks ['my_task'] in dag upstream_finalizando_entrando_dag_4 on 2023-07-15T20:20:00+00:00 ... 
[2023-07-15T20:25:52.723+0000] {external_task.py:236} INFO - Poking for tasks ['my_task'] in dag upstream_finalizando_entrando_dag_4 on 2023-07-15T20:20:00+00:00 ... 
[2023-07-15T20:26:52.784+0000] {external_task.py:236} INFO - Poking for tasks ['my_task'] in dag upstream_finalizando_entrando_dag_4 on 2023-07-15T20:20:00+00:00 ... 
[2023-07-15T20:27:52.851+0000] {external_task.py:236} INFO - Poking for tasks ['my_task'] in dag upstream_finalizando_entrando_dag_4 on 2023-07-15T20:20:00+00:00 ... 
[2023-07-15T20:28:52.927+0000] {external_task.py:236} INFO - Poking for tasks ['my_task'] in dag upstream_finalizando_entrando_dag_4 on 2023-07-15T20:20:00+00:00 ... 
[2023-07-15T20:29:52.967+0000] {external_task.py:236} INFO - Poking for tasks ['my_task'] in dag upstream_finalizando_entrando_dag_4 on 2023-07-15T20:20:00+00:00 ... 
[2023-07-15T20:30:53.029+0000] {external_task.py:236} INFO - Poking for tasks ['my_task'] in dag upstream_finalizando_entrando_dag_4 on 2023-07-15T20:20:00+00:00 ... 
[2023-07-15T20:31:53.101+0000] {external_task.py:236} INFO - Poking for tasks ['my_task'] in dag upstream_finalizando_entrando_dag_4 on 2023-07-15T20:20:00+00:00 ... 
[2023-07-15T20:32:53.166+0000] {external_task.py:236} INFO - Poking for tasks ['my_task'] in dag upstream_finalizando_entrando_dag_4 on 2023-07-15T20:20:00+00:00 ... 
[2023-07-15T20:33:53.231+0000] {external_task.py:236} INFO - Poking for tasks ['my_task'] in dag upstream_finalizando_entrando_dag_4 on 2023-07-15T20:20:00+00:00 ... 
[2023-07-15T20:34:53.301+0000] {external_task.py:236} INFO - Poking for tasks ['my_task'] in dag upstream_finalizando_entrando_dag_4 on 2023-07-15T20:20:00+00:00 ... 
