[2023-07-15T20:21:52.051+0000] {taskinstance.py:1103} INFO - Dependencies all met for dep_context=non-requeueable deps ti=<TaskInstance: spider_tim_vinculacao_sensor_taskflow_dag.ets_segmentando_branch_3 scheduled__2023-07-15T20:20:00+00:00 [queued]>
[2023-07-15T20:21:52.061+0000] {taskinstance.py:1103} INFO - Dependencies all met for dep_context=requeueable deps ti=<TaskInstance: spider_tim_vinculacao_sensor_taskflow_dag.ets_segmentando_branch_3 scheduled__2023-07-15T20:20:00+00:00 [queued]>
[2023-07-15T20:21:52.061+0000] {taskinstance.py:1308} INFO - Starting attempt 1 of 1
[2023-07-15T20:21:52.077+0000] {taskinstance.py:1327} INFO - Executing <Task(ExternalTaskSensor): ets_segmentando_branch_3> on 2023-07-15 20:20:00+00:00
[2023-07-15T20:21:52.083+0000] {standard_task_runner.py:57} INFO - Started process 77 to run task
[2023-07-15T20:21:52.088+0000] {standard_task_runner.py:84} INFO - Running: ['***', 'tasks', 'run', 'spider_tim_vinculacao_sensor_taskflow_dag', 'ets_segmentando_branch_3', 'scheduled__2023-07-15T20:20:00+00:00', '--job-id', '106', '--raw', '--subdir', 'DAGS_FOLDER/dag_tim_spider_vinculo_rev1.py', '--cfg-path', '/tmp/tmp4jz1vfij']
[2023-07-15T20:21:52.091+0000] {standard_task_runner.py:85} INFO - Job 106: Subtask ets_segmentando_branch_3
[2023-07-15T20:21:52.143+0000] {task_command.py:410} INFO - Running <TaskInstance: spider_tim_vinculacao_sensor_taskflow_dag.ets_segmentando_branch_3 scheduled__2023-07-15T20:20:00+00:00 [running]> on host 21d8aa67b76e
[2023-07-15T20:21:52.238+0000] {taskinstance.py:1547} INFO - Exporting env vars: AIRFLOW_CTX_DAG_OWNER='***' AIRFLOW_CTX_DAG_ID='spider_tim_vinculacao_sensor_taskflow_dag' AIRFLOW_CTX_TASK_ID='ets_segmentando_branch_3' AIRFLOW_CTX_EXECUTION_DATE='2023-07-15T20:20:00+00:00' AIRFLOW_CTX_TRY_NUMBER='1' AIRFLOW_CTX_DAG_RUN_ID='scheduled__2023-07-15T20:20:00+00:00'
[2023-07-15T20:21:52.239+0000] {external_task.py:236} INFO - Poking for tasks ['my_task'] in dag upstream_dag_3 on 2023-07-15T20:20:00+00:00 ... 
[2023-07-15T20:22:52.296+0000] {external_task.py:236} INFO - Poking for tasks ['my_task'] in dag upstream_dag_3 on 2023-07-15T20:20:00+00:00 ... 
[2023-07-15T20:23:52.310+0000] {external_task.py:236} INFO - Poking for tasks ['my_task'] in dag upstream_dag_3 on 2023-07-15T20:20:00+00:00 ... 
[2023-07-15T20:24:52.328+0000] {external_task.py:236} INFO - Poking for tasks ['my_task'] in dag upstream_dag_3 on 2023-07-15T20:20:00+00:00 ... 
[2023-07-15T20:25:52.408+0000] {external_task.py:236} INFO - Poking for tasks ['my_task'] in dag upstream_dag_3 on 2023-07-15T20:20:00+00:00 ... 
[2023-07-15T20:26:52.497+0000] {external_task.py:236} INFO - Poking for tasks ['my_task'] in dag upstream_dag_3 on 2023-07-15T20:20:00+00:00 ... 
[2023-07-15T20:27:52.533+0000] {external_task.py:236} INFO - Poking for tasks ['my_task'] in dag upstream_dag_3 on 2023-07-15T20:20:00+00:00 ... 
[2023-07-15T20:28:52.602+0000] {external_task.py:236} INFO - Poking for tasks ['my_task'] in dag upstream_dag_3 on 2023-07-15T20:20:00+00:00 ... 
[2023-07-15T20:29:52.628+0000] {external_task.py:236} INFO - Poking for tasks ['my_task'] in dag upstream_dag_3 on 2023-07-15T20:20:00+00:00 ... 
[2023-07-15T20:30:52.700+0000] {external_task.py:236} INFO - Poking for tasks ['my_task'] in dag upstream_dag_3 on 2023-07-15T20:20:00+00:00 ... 
[2023-07-15T20:31:52.771+0000] {external_task.py:236} INFO - Poking for tasks ['my_task'] in dag upstream_dag_3 on 2023-07-15T20:20:00+00:00 ... 
[2023-07-15T20:32:52.841+0000] {external_task.py:236} INFO - Poking for tasks ['my_task'] in dag upstream_dag_3 on 2023-07-15T20:20:00+00:00 ... 
[2023-07-15T20:33:52.912+0000] {external_task.py:236} INFO - Poking for tasks ['my_task'] in dag upstream_dag_3 on 2023-07-15T20:20:00+00:00 ... 
[2023-07-15T20:34:52.982+0000] {external_task.py:236} INFO - Poking for tasks ['my_task'] in dag upstream_dag_3 on 2023-07-15T20:20:00+00:00 ... 
